<?xml version="1.0" encoding="UTF-8"?>
<testsuites name="Mocha Tests" time="1107.749" tests="23" failures="13">
  <testsuite name="Root Suite" timestamp="2026-02-11T03:20:11" tests="0" file="cypress\e2e\generated\30_integrity.contracts.cy.ts" time="0.000" failures="0">
  </testsuite>
  <testsuite name="Generated: Structural Integrity" timestamp="2026-02-11T03:20:11" tests="23" time="1107.516" failures="13">
    <testcase name="Generated: Structural Integrity [ADMIN_DASHBOARD] contains all required structural components" time="13.280" classname="[ADMIN_DASHBOARD] contains all required structural components">
    </testcase>
    <testcase name="Generated: Structural Integrity [USER_LIST] contains all required structural components" time="6.563" classname="[USER_LIST] contains all required structural components">
    </testcase>
    <testcase name="Generated: Structural Integrity [SCHEDULE] contains all required structural components" time="8.205" classname="[SCHEDULE] contains all required structural components">
    </testcase>
    <testcase name="Generated: Structural Integrity [LEADS] contains all required structural components" time="8.152" classname="[LEADS] contains all required structural components">
    </testcase>
    <testcase name="Generated: Structural Integrity [SETTINGS] contains all required structural components" time="6.911" classname="[SETTINGS] contains all required structural components">
    </testcase>
    <testcase name="Generated: Structural Integrity [MANAGER_DASHBOARD] contains all required structural components" time="8.930" classname="[MANAGER_DASHBOARD] contains all required structural components">
    </testcase>
    <testcase name="Generated: Structural Integrity [MANAGER_DAILY_ENTRY] contains all required structural components" time="6.951" classname="[MANAGER_DAILY_ENTRY] contains all required structural components">
    </testcase>
    <testcase name="Generated: Structural Integrity [PSW_SHIFTS] contains all required structural components" time="8.395" classname="[PSW_SHIFTS] contains all required structural components">
    </testcase>
    <testcase name="Generated: Structural Integrity [CLIENT_BOOKINGS] contains all required structural components" time="18.986" classname="[CLIENT_BOOKINGS] contains all required structural components">
      <failure message="Timed out retrying after 10000ms: Expected to find element: `[data-cy=&quot;tbl.bookings&quot;]`, but never found it." type="AssertionError"><![CDATA[AssertionError: Timed out retrying after 10000ms: Expected to find element: `[data-cy="tbl.bookings"]`, but never found it.
    at eval (webpack://@primecare/cypress-test/./cypress/e2e/generated/30_integrity.contracts.cy.ts:13:0)
at Array.forEach (<anonymous>)
    at Context.eval (webpack://@primecare/cypress-test/./cypress/e2e/generated/30_integrity.contracts.cy.ts:11:0)]]></failure>
    </testcase>
    <testcase name="Generated: Structural Integrity [PROFILE] contains all required structural components" time="7.215" classname="[PROFILE] contains all required structural components">
    </testcase>
    <testcase name="Generated: Structural Integrity [HOME] contains all required structural components" time="12.957" classname="[HOME] contains all required structural components">
      <failure message="Timed out retrying after 10000ms: Expected to find element: `[data-cy=&quot;hero&quot;]`, but never found it." type="AssertionError"><![CDATA[AssertionError: Timed out retrying after 10000ms: Expected to find element: `[data-cy="hero"]`, but never found it.
    at eval (webpack://@primecare/cypress-test/./cypress/e2e/generated/30_integrity.contracts.cy.ts:13:0)
at Array.forEach (<anonymous>)
    at Context.eval (webpack://@primecare/cypress-test/./cypress/e2e/generated/30_integrity.contracts.cy.ts:11:0)]]></failure>
    </testcase>
    <testcase name="Generated: Structural Integrity [INCIDENT_ENTRY] contains all required structural components" time="20.463" classname="[INCIDENT_ENTRY] contains all required structural components">
      <failure message="Timed out retrying after 10000ms: Expected to find element: `[data-cy=&quot;page.container&quot;]`, but never found it." type="AssertionError"><![CDATA[AssertionError: Timed out retrying after 10000ms: Expected to find element: `[data-cy="page.container"]`, but never found it.
    at eval (webpack://@primecare/cypress-test/./cypress/e2e/generated/30_integrity.contracts.cy.ts:13:0)
at Array.forEach (<anonymous>)
    at Context.eval (webpack://@primecare/cypress-test/./cypress/e2e/generated/30_integrity.contracts.cy.ts:11:0)]]></failure>
    </testcase>
    <testcase name="Generated: Structural Integrity [TIMESHEET_ADJ] contains all required structural components" time="21.190" classname="[TIMESHEET_ADJ] contains all required structural components">
      <failure message="Timed out retrying after 10000ms: Expected to find element: `[data-cy=&quot;page.container&quot;]`, but never found it." type="AssertionError"><![CDATA[AssertionError: Timed out retrying after 10000ms: Expected to find element: `[data-cy="page.container"]`, but never found it.
    at eval (webpack://@primecare/cypress-test/./cypress/e2e/generated/30_integrity.contracts.cy.ts:13:0)
at Array.forEach (<anonymous>)
    at Context.eval (webpack://@primecare/cypress-test/./cypress/e2e/generated/30_integrity.contracts.cy.ts:11:0)]]></failure>
    </testcase>
    <testcase name="Generated: Structural Integrity [LEAD_ENTRY] contains all required structural components" time="26.144" classname="[LEAD_ENTRY] contains all required structural components">
      <failure message="Timed out retrying after 10000ms: Expected to find element: `[data-cy=&quot;page.container&quot;]`, but never found it." type="AssertionError"><![CDATA[AssertionError: Timed out retrying after 10000ms: Expected to find element: `[data-cy="page.container"]`, but never found it.
    at eval (webpack://@primecare/cypress-test/./cypress/e2e/generated/30_integrity.contracts.cy.ts:13:0)
at Array.forEach (<anonymous>)
    at Context.eval (webpack://@primecare/cypress-test/./cypress/e2e/generated/30_integrity.contracts.cy.ts:11:0)]]></failure>
    </testcase>
    <testcase name="Generated: Structural Integrity [ROLE_EDITOR] contains all required structural components" time="32.614" classname="[ROLE_EDITOR] contains all required structural components">
      <failure message="Timed out retrying after 10000ms: Expected to find element: `[data-cy=&quot;page.container&quot;]`, but never found it." type="AssertionError"><![CDATA[AssertionError: Timed out retrying after 10000ms: Expected to find element: `[data-cy="page.container"]`, but never found it.
    at eval (webpack://@primecare/cypress-test/./cypress/e2e/generated/30_integrity.contracts.cy.ts:13:0)
at Array.forEach (<anonymous>)
    at Context.eval (webpack://@primecare/cypress-test/./cypress/e2e/generated/30_integrity.contracts.cy.ts:11:0)]]></failure>
    </testcase>
    <testcase name="Generated: Structural Integrity [TEMPLATE_EDITOR] contains all required structural components" time="23.860" classname="[TEMPLATE_EDITOR] contains all required structural components">
      <failure message="Timed out retrying after 10000ms: Expected to find element: `[data-cy=&quot;page.container&quot;]`, but never found it." type="AssertionError"><![CDATA[AssertionError: Timed out retrying after 10000ms: Expected to find element: `[data-cy="page.container"]`, but never found it.
    at eval (webpack://@primecare/cypress-test/./cypress/e2e/generated/30_integrity.contracts.cy.ts:13:0)
at Array.forEach (<anonymous>)
    at Context.eval (webpack://@primecare/cypress-test/./cypress/e2e/generated/30_integrity.contracts.cy.ts:11:0)]]></failure>
    </testcase>
    <testcase name="Generated: Structural Integrity [INVOICE_ENTRY] contains all required structural components" time="29.788" classname="[INVOICE_ENTRY] contains all required structural components">
      <failure message="Timed out retrying after 10000ms: Expected to find element: `[data-cy=&quot;page.container&quot;]`, but never found it." type="AssertionError"><![CDATA[AssertionError: Timed out retrying after 10000ms: Expected to find element: `[data-cy="page.container"]`, but never found it.
    at eval (webpack://@primecare/cypress-test/./cypress/e2e/generated/30_integrity.contracts.cy.ts:13:0)
at Array.forEach (<anonymous>)
    at Context.eval (webpack://@primecare/cypress-test/./cypress/e2e/generated/30_integrity.contracts.cy.ts:11:0)]]></failure>
    </testcase>
    <testcase name="Generated: Structural Integrity [VISIT_COMPLETION] contains all required structural components" time="24.764" classname="[VISIT_COMPLETION] contains all required structural components">
      <failure message="Timed out retrying after 10000ms: Expected to find element: `[data-cy=&quot;page.container&quot;]`, but never found it." type="AssertionError"><![CDATA[AssertionError: Timed out retrying after 10000ms: Expected to find element: `[data-cy="page.container"]`, but never found it.
    at eval (webpack://@primecare/cypress-test/./cypress/e2e/generated/30_integrity.contracts.cy.ts:13:0)
at Array.forEach (<anonymous>)
    at Context.eval (webpack://@primecare/cypress-test/./cypress/e2e/generated/30_integrity.contracts.cy.ts:11:0)]]></failure>
    </testcase>
    <testcase name="Generated: Structural Integrity [BOOKING_REQUEST] contains all required structural components" time="26.886" classname="[BOOKING_REQUEST] contains all required structural components">
      <failure message="Timed out retrying after 10000ms: Expected to find element: `[data-cy=&quot;page.container&quot;]`, but never found it." type="AssertionError"><![CDATA[AssertionError: Timed out retrying after 10000ms: Expected to find element: `[data-cy="page.container"]`, but never found it.
    at eval (webpack://@primecare/cypress-test/./cypress/e2e/generated/30_integrity.contracts.cy.ts:13:0)
at Array.forEach (<anonymous>)
    at Context.eval (webpack://@primecare/cypress-test/./cypress/e2e/generated/30_integrity.contracts.cy.ts:11:0)]]></failure>
    </testcase>
    <testcase name="Generated: Structural Integrity [SUPPORT_TICKET] contains all required structural components" time="33.359" classname="[SUPPORT_TICKET] contains all required structural components">
      <failure message="Timed out retrying after 10000ms: Expected to find element: `[data-cy=&quot;page.container&quot;]`, but never found it." type="AssertionError"><![CDATA[AssertionError: Timed out retrying after 10000ms: Expected to find element: `[data-cy="page.container"]`, but never found it.
    at eval (webpack://@primecare/cypress-test/./cypress/e2e/generated/30_integrity.contracts.cy.ts:13:0)
at Array.forEach (<anonymous>)
    at Context.eval (webpack://@primecare/cypress-test/./cypress/e2e/generated/30_integrity.contracts.cy.ts:11:0)]]></failure>
    </testcase>
    <testcase name="Generated: Structural Integrity [SHIFT_CONFIRMATION] contains all required structural components" time="22.555" classname="[SHIFT_CONFIRMATION] contains all required structural components">
    </testcase>
    <testcase name="Generated: Structural Integrity [EVALUATION_FORM] contains all required structural components" time="36.540" classname="[EVALUATION_FORM] contains all required structural components">
      <failure message="Timed out retrying after 10000ms: Expected to find element: `[data-cy=&quot;page.container&quot;]`, but never found it." type="AssertionError"><![CDATA[AssertionError: Timed out retrying after 10000ms: Expected to find element: `[data-cy="page.container"]`, but never found it.
    at eval (webpack://@primecare/cypress-test/./cypress/e2e/generated/30_integrity.contracts.cy.ts:13:0)
at Array.forEach (<anonymous>)
    at Context.eval (webpack://@primecare/cypress-test/./cypress/e2e/generated/30_integrity.contracts.cy.ts:11:0)]]></failure>
    </testcase>
    <testcase name="Generated: Structural Integrity [USER_ENTRY] contains all required structural components" time="34.844" classname="[USER_ENTRY] contains all required structural components">
      <failure message="Timed out retrying after 10000ms: Expected to find element: `[data-cy=&quot;page.container&quot;]`, but never found it." type="AssertionError"><![CDATA[AssertionError: Timed out retrying after 10000ms: Expected to find element: `[data-cy="page.container"]`, but never found it.
    at eval (webpack://@primecare/cypress-test/./cypress/e2e/generated/30_integrity.contracts.cy.ts:13:0)
at Array.forEach (<anonymous>)
    at Context.eval (webpack://@primecare/cypress-test/./cypress/e2e/generated/30_integrity.contracts.cy.ts:11:0)]]></failure>
    </testcase>
  </testsuite>
</testsuites>