<?xml version="1.0" encoding="UTF-8"?>
<testsuites name="Mocha Tests" time="57.885" tests="3" failures="3">
  <testsuite name="Root Suite" timestamp="2026-02-10T22:17:57" tests="0" file="cypress\e2e\30_reliability\state-resilience.cy.ts" time="0.000" failures="0">
  </testsuite>
  <testsuite name="State Resilience &amp; Routing" timestamp="2026-02-10T22:17:57" tests="3" time="57.867" failures="3">
    <testcase name="State Resilience &amp; Routing State: Dashboard handles 500 server error gracefully" time="6.741" classname="State: Dashboard handles 500 server error gracefully">
      <failure message="Timed out retrying after 5000ms: `cy.wait()` timed out waiting `5000ms` for the 1st request to the route: `getDashError`. No request ever occurred.

https://on.cypress.io/wait" type="CypressError"><![CDATA[CypressError: Timed out retrying after 5000ms: `cy.wait()` timed out waiting `5000ms` for the 1st request to the route: `getDashError`. No request ever occurred.

https://on.cypress.io/wait
    at cypressErr (http://localhost:5173/__cypress/runner/cypress_runner.js:76065:18)
    at Object.errByPath (http://localhost:5173/__cypress/runner/cypress_runner.js:76119:10)
    at checkForXhr (http://localhost:5173/__cypress/runner/cypress_runner.js:135342:84)
    at <unknown> (http://localhost:5173/__cypress/runner/cypress_runner.js:135368:28)
    at tryCatcher (http://localhost:5173/__cypress/runner/cypress_runner.js:1830:23)
    at Promise.attempt.Promise.try (http://localhost:5173/__cypress/runner/cypress_runner.js:4338:29)
    at whenStable (http://localhost:5173/__cypress/runner/cypress_runner.js:143744:68)
    at <unknown> (http://localhost:5173/__cypress/runner/cypress_runner.js:143685:14)
    at tryCatcher (http://localhost:5173/__cypress/runner/cypress_runner.js:1830:23)
    at Promise._settlePromiseFromHandler (http://localhost:5173/__cypress/runner/cypress_runner.js:1542:31)
    at Promise._settlePromise (http://localhost:5173/__cypress/runner/cypress_runner.js:1599:18)
    at Promise._settlePromise0 (http://localhost:5173/__cypress/runner/cypress_runner.js:1644:10)
    at Promise._settlePromises (http://localhost:5173/__cypress/runner/cypress_runner.js:1724:18)
    at Promise._fulfill (http://localhost:5173/__cypress/runner/cypress_runner.js:1668:18)
    at <unknown> (http://localhost:5173/__cypress/runner/cypress_runner.js:5473:46)
From Your Spec Code:
    at Context.eval (webpack://@primecare/cypress-test/./cypress/support/commands/auth.ts:28:0)]]></failure>
    </testcase>
    <testcase name="State Resilience &amp; Routing State: Dashboard handles empty data state" time="0.468" classname="State: Dashboard handles empty data state">
      <failure message="An error was thrown while processing a network event: A fixture file could not be found at any of the following paths:

    &gt; cypress\fixtures\stubs\dashboard.empty.json
    &gt; cypress\fixtures\stubs\dashboard.empty.json.[ext]

Cypress looked for these file extensions at the provided path:

    &gt; .json, .js, .coffee, .html, .txt, .csv, .png, .jpg, .jpeg, .gif, .tif, .tiff, .zip

Provide a path to an existing fixture file." type="Error"><![CDATA[Error: An error was thrown while processing a network event: A fixture file could not be found at any of the following paths:

    > cypress\fixtures\stubs\dashboard.empty.json
    > cypress\fixtures\stubs\dashboard.empty.json.[ext]

Cypress looked for these file extensions at the provided path:

    > .json, .js, .coffee, .html, .txt, .csv, .png, .jpg, .jpeg, .gif, .tif, .tiff, .zip

Provide a path to an existing fixture file.
    at Object.<anonymous> (<embedded>:2771:115826)
    at Object.tryCatcher (C:\Users\User\AppData\Local\Cypress\Cache\13.17.0\Cypress\resources\app\node_modules\bluebird\js\release\util.js:16:23)
    at Promise._settlePromiseFromHandler (C:\Users\User\AppData\Local\Cypress\Cache\13.17.0\Cypress\resources\app\node_modules\bluebird\js\release\promise.js:512:31)
    at Promise._settlePromise (C:\Users\User\AppData\Local\Cypress\Cache\13.17.0\Cypress\resources\app\node_modules\bluebird\js\release\promise.js:569:18)
    at Promise._settlePromise0 (C:\Users\User\AppData\Local\Cypress\Cache\13.17.0\Cypress\resources\app\node_modules\bluebird\js\release\promise.js:614:10)
    at Promise._settlePromises (C:\Users\User\AppData\Local\Cypress\Cache\13.17.0\Cypress\resources\app\node_modules\bluebird\js\release\promise.js:694:18)
    at Promise._fulfill (C:\Users\User\AppData\Local\Cypress\Cache\13.17.0\Cypress\resources\app\node_modules\bluebird\js\release\promise.js:638:18)
    at <unknown> (C:\Users\User\AppData\Local\Cypress\Cache\13.17.0\Cypress\resources\app\node_modules\bluebird\js\release\nodeback.js:42:21)
    at s (<embedded>:227:106085)
    at T.<anonymous> (<embedded>:2771:105530)
    at T.emit (node:events:514:28)
    at T._finish (<embedded>:2771:106397)
    at i (<embedded>:2771:105793)
    at T._processSimple2 (<embedded>:2771:111554)
    at <unknown> (<embedded>:2771:111407)
    at T._stat2 (<embedded>:2771:112472)
    at <unknown> (<embedded>:2771:112319)
    at s (<embedded>:846:24236)
    at s (<embedded>:227:106085)
    at r (<embedded>:3031:13485)
    at FSReqCallback.oncomplete (node:fs:210:21)]]></failure>
    </testcase>
    <testcase name="State Resilience &amp; Routing Routing: Unknown route displays Not Found UI" time="11.597" classname="Routing: Unknown route displays Not Found UI">
      <failure message="Timed out retrying after 10000ms: Expected to find element: `h1, h2`, but never found it." type="AssertionError"><![CDATA[AssertionError: Timed out retrying after 10000ms: Expected to find element: `h1, h2`, but never found it.
    at Context.eval (webpack://@primecare/cypress-test/./cypress/e2e/30_reliability/state-resilience.cy.ts:35:0)]]></failure>
    </testcase>
  </testsuite>
</testsuites>