<?xml version="1.0" encoding="UTF-8"?>
<testsuites name="Mocha Tests" time="79.433" tests="3" failures="2">
  <testsuite name="Root Suite" timestamp="2026-02-10T22:49:46" tests="0" file="cypress\e2e\30_reliability\auth-flows.cy.ts" time="0.000" failures="0">
  </testsuite>
  <testsuite name="Authentication Reliability Flows" timestamp="2026-02-10T22:49:46" tests="3" time="79.411" failures="2">
    <testcase name="Authentication Reliability Flows Redirection: Guest accessing protected route is sent to /login" time="2.332" classname="Redirection: Guest accessing protected route is sent to /login">
    </testcase>
    <testcase name="Authentication Reliability Flows Deep-Linking: Redirects back to intended page after login" time="13.073" classname="Deep-Linking: Redirects back to intended page after login">
      <failure message="Timed out retrying after 10000ms: expected &apos;http://localhost:5173/dashboard&apos; to include &apos;/users&apos;" type="AssertionError"><![CDATA[AssertionError: Timed out retrying after 10000ms: expected 'http://localhost:5173/dashboard' to include '/users'
    at Context.eval (webpack://@primecare/cypress-test/./cypress/e2e/30_reliability/auth-flows.cy.ts:31:0)]]></failure>
    </testcase>
    <testcase name="Authentication Reliability Flows Security: Logout clears session and blocks access" time="12.099" classname="Security: Logout clears session and blocks access">
      <failure message="Timed out retrying after 10000ms: Expected to find element: `[data-cy=&quot;btn-logout&quot;]`, but never found it." type="AssertionError"><![CDATA[AssertionError: Timed out retrying after 10000ms: Expected to find element: `[data-cy="btn-logout"]`, but never found it.
    at Context.eval (webpack://@primecare/cypress-test/./cypress/support/commands/selectors.ts:16:0)]]></failure>
    </testcase>
  </testsuite>
</testsuites>