<?xml version="1.0" encoding="UTF-8"?>
<testsuites name="Mocha Tests" time="8.513" tests="1" failures="0">
  <testsuite name="Root Suite" timestamp="2026-02-12T21:47:15" tests="0" file="cypress\e2e\admin\smoke\marketing.cy.ts" time="0.000" failures="0">
  </testsuite>
  <testsuite name="Marketing Routes Smoke" timestamp="2026-02-12T21:47:15" tests="1" time="8.489" failures="0">
    <testcase name="Marketing Routes Smoke loads every marketing page without blank screen" time="4.787" classname="loads every marketing page without blank screen">
    </testcase>
  </testsuite>
</testsuites>