<?xml version="1.0" encoding="UTF-8"?>
<testsuites name="Mocha Tests" time="6.954" tests="1" failures="0">
  <testsuite name="Root Suite" timestamp="2026-02-11T00:21:20" tests="0" file="cypress\e2e\00_smoke\marketing.routes.cy.ts" time="0.000" failures="0">
  </testsuite>
  <testsuite name="Marketing Routes Smoke" timestamp="2026-02-11T00:21:20" tests="1" time="6.942" failures="0">
    <testcase name="Marketing Routes Smoke loads every marketing page without blank screen" time="4.725" classname="loads every marketing page without blank screen">
    </testcase>
  </testsuite>
</testsuites>