<?xml version="1.0" encoding="UTF-8"?>
<testsuites name="Mocha Tests" time="37.037" tests="1" failures="1">
  <testsuite name="Root Suite" timestamp="2026-02-10T23:18:33" tests="0" file="cypress\e2e\00_smoke\marketing.routes.cy.ts" time="0.000" failures="0">
  </testsuite>
  <testsuite name="Marketing Routes Smoke" timestamp="2026-02-10T23:18:33" tests="1" time="37.021" failures="1">
    <testcase name="Marketing Routes Smoke loads every marketing page without blank screen" time="10.872" classname="loads every marketing page without blank screen">
      <failure message="Timed out retrying after 10000ms: Expected to find element: `[data-cy=&quot;logo-link&quot;]`, but never found it." type="AssertionError"><![CDATA[AssertionError: Timed out retrying after 10000ms: Expected to find element: `[data-cy="logo-link"]`, but never found it.
    at eval (webpack://@primecare/cypress-test/./cypress/e2e/00_smoke/marketing.routes.cy.ts:13:0)
    at Context.eval (webpack://@primecare/cypress-test/./cypress/e2e/00_smoke/marketing.routes.cy.ts:5:0)]]></failure>
    </testcase>
  </testsuite>
</testsuites>