<?xml version="1.0" encoding="UTF-8"?>
<testsuites name="Mocha Tests" time="87.736" tests="2" failures="1">
  <testsuite name="Root Suite" timestamp="2026-02-13T00:29:11" tests="0" file="cypress\e2e\admin\smoke\admin.routes.cy.ts" time="0.000" failures="0">
  </testsuite>
  <testsuite name="Admin/Portal Routes Smoke" timestamp="2026-02-13T00:29:11" tests="2" time="87.692" failures="1">
    <testcase name="Admin/Portal Routes Smoke loads core routes as guest" time="1.797" classname="loads core routes as guest">
    </testcase>
    <testcase name="Admin/Portal Routes Smoke loads core routes as staff" time="32.426" classname="loads core routes as staff">
      <failure message="Timed out retrying after 10000ms: Expected to find element: `[data-cy=&quot;sidebar&quot;]`, but never found it." type="AssertionError"><![CDATA[AssertionError: Timed out retrying after 10000ms: Expected to find element: `[data-cy="sidebar"]`, but never found it.
    at eval (webpack://@primecare/cypress-test/./cypress/e2e/admin/smoke/admin.routes.cy.ts:19:0)
    at Context.eval (webpack://@primecare/cypress-test/./cypress/e2e/admin/smoke/admin.routes.cy.ts:13:0)]]></failure>
    </testcase>
  </testsuite>
</testsuites>