<?xml version="1.0" encoding="UTF-8"?>
<testsuites name="Mocha Tests" time="3.101" tests="2" failures="0">
  <testsuite name="Root Suite" timestamp="2026-02-11T00:22:26" tests="0" file="cypress\e2e\30_reliability\auth-flows.cy.ts" time="0.000" failures="0">
  </testsuite>
  <testsuite name="Authentication Reliability Flows" timestamp="2026-02-11T00:22:26" tests="2" time="3.085" failures="0">
    <testcase name="Authentication Reliability Flows Redirection: Guest accessing protected route is sent to /login" time="0.598" classname="Redirection: Guest accessing protected route is sent to /login">
    </testcase>
    <testcase name="Authentication Reliability Flows Deep-Linking: Redirects back to intended page after login" time="2.378" classname="Deep-Linking: Redirects back to intended page after login">
    </testcase>
  </testsuite>
</testsuites>