<?xml version="1.0" encoding="UTF-8"?>
<testsuites name="Mocha Tests" time="8.965" tests="1" failures="0">
  <testsuite name="Root Suite" timestamp="2026-02-13T00:49:56" tests="0" file="cypress\e2e\admin\smoke\marketing.cy.ts" time="0.000" failures="0">
  </testsuite>
  <testsuite name="Marketing Routes Smoke" timestamp="2026-02-13T00:49:56" tests="1" time="8.949" failures="0">
    <testcase name="Marketing Routes Smoke loads every marketing page without blank screen" time="5.066" classname="loads every marketing page without blank screen">
    </testcase>
  </testsuite>
</testsuites>