<?xml version="1.0" encoding="UTF-8"?>
<testsuites name="Mocha Tests" time="1.543" tests="1" failures="0">
  <testsuite name="Root Suite" timestamp="2026-02-12T19:07:30" tests="0" file="cypress\e2e\debug\auth_check.cy.ts" time="0.000" failures="0">
  </testsuite>
  <testsuite name="Auth Debug" timestamp="2026-02-12T19:07:30" tests="1" time="1.531" failures="0">
    <testcase name="Auth Debug tries to login with seeded credentials" time="1.484" classname="tries to login with seeded credentials">
    </testcase>
  </testsuite>
</testsuites>