<?xml version="1.0" encoding="UTF-8"?>
<testsuites name="Mocha Tests" time="101.569" tests="3" failures="3">
  <testsuite name="Root Suite" timestamp="2026-02-10T23:19:15" tests="0" file="cypress\e2e\30_reliability\auth-flows.cy.ts" time="0.000" failures="0">
  </testsuite>
  <testsuite name="Authentication Reliability Flows" timestamp="2026-02-10T23:19:15" tests="3" time="101.547" failures="3">
    <testcase name="Authentication Reliability Flows Redirection: Guest accessing protected route is sent to /login" time="11.264" classname="Redirection: Guest accessing protected route is sent to /login">
      <failure message="Timed out retrying after 10000ms: Expected to find element: `[data-cy=&quot;inp-email&quot;]`, but never found it." type="AssertionError"><![CDATA[AssertionError: Timed out retrying after 10000ms: Expected to find element: `[data-cy="inp-email"]`, but never found it.
    at Context.eval (webpack://@primecare/cypress-test/./cypress/e2e/30_reliability/auth-flows.cy.ts:15:0)]]></failure>
    </testcase>
    <testcase name="Authentication Reliability Flows Deep-Linking: Redirects back to intended page after login" time="10.909" classname="Deep-Linking: Redirects back to intended page after login">
      <failure message="Timed out retrying after 10000ms: Expected to find element: `[data-cy=&quot;inp-email&quot;]`, but never found it." type="AssertionError"><![CDATA[AssertionError: Timed out retrying after 10000ms: Expected to find element: `[data-cy="inp-email"]`, but never found it.
    at Context.eval (webpack://@primecare/cypress-test/./cypress/support/commands/selectors.ts:16:0)]]></failure>
    </testcase>
    <testcase name="Authentication Reliability Flows Security: Logout clears session and blocks access" time="10.992" classname="Security: Logout clears session and blocks access">
      <failure message="Timed out retrying after 10000ms: Expected to find element: `[data-cy=&quot;sidebar&quot;]`, but never found it." type="AssertionError"><![CDATA[AssertionError: Timed out retrying after 10000ms: Expected to find element: `[data-cy="sidebar"]`, but never found it.
    at Context.eval (webpack://@primecare/cypress-test/./cypress/e2e/30_reliability/auth-flows.cy.ts:40:0)]]></failure>
    </testcase>
  </testsuite>
</testsuites>