<?xml version="1.0" encoding="UTF-8"?>
<testsuites name="Mocha Tests" time="47.026" tests="3" failures="2">
  <testsuite name="Root Suite" timestamp="2026-02-10T22:16:45" tests="0" file="cypress\e2e\10_security\waf-hardening.cy.ts" time="0.000" failures="0">
  </testsuite>
  <testsuite name="Security &amp; WAF Hardening" timestamp="2026-02-10T22:16:45" tests="3" time="47.002" failures="2">
    <testcase name="Security &amp; WAF Hardening WAF: Verify Security Headers in server response" time="1.660" classname="WAF: Verify Security Headers in server response">
      <failure message="expected { Object (vary, content-type, ...) } to have property &apos;x-content-type-options&apos;" type="AssertionError"><![CDATA[AssertionError: expected { Object (vary, content-type, ...) } to have property 'x-content-type-options'
    at Context.eval (webpack://@primecare/cypress-test/./cypress/e2e/10_security/waf-hardening.cy.ts:16:0)]]></failure>
    </testcase>
    <testcase name="Security &amp; WAF Hardening Security: Auth inputs resist basic SQL Injection attempts" time="12.651" classname="Security: Auth inputs resist basic SQL Injection attempts">
      <failure message="Timed out retrying after 10000ms: Expected to find element: `[data-cy=&quot;toast&quot;]`, but never found it." type="AssertionError"><![CDATA[AssertionError: Timed out retrying after 10000ms: Expected to find element: `[data-cy="toast"]`, but never found it.
    at Context.eval (webpack://@primecare/cypress-test/./cypress/e2e/10_security/waf-hardening.cy.ts:28:0)]]></failure>
    </testcase>
    <testcase name="Security &amp; WAF Hardening Security: Search params resist basic XSS Injection" time="2.632" classname="Security: Search params resist basic XSS Injection">
    </testcase>
  </testsuite>
</testsuites>