<?xml version="1.0" encoding="UTF-8"?>
<testsuites name="Mocha Tests" time="6.076" tests="2" failures="0">
  <testsuite name="Root Suite" timestamp="2026-02-10T22:06:38" tests="0" file="cypress\e2e\debug\api-check.cy.ts" time="0.000" failures="0">
  </testsuite>
  <testsuite name="API Connectivity Check" timestamp="2026-02-10T22:06:38" tests="2" time="6.070" failures="0">
    <testcase name="API Connectivity Check can reach the API root" time="0.059" classname="can reach the API root">
    </testcase>
    <testcase name="API Connectivity Check verifies VITE_API_URL usage in app" time="3.868" classname="verifies VITE_API_URL usage in app">
    </testcase>
  </testsuite>
</testsuites>