<?xml version="1.0" encoding="UTF-8"?>
<testsuites name="Mocha Tests" time="132.225" tests="5" failures="3">
  <testsuite name="Root Suite" timestamp="2026-02-13T23:37:14" tests="0" file="cypress\e2e\steps\0100-psw-lifecycle.cy.ts" time="0.000" failures="0">
  </testsuite>
  <testsuite name="PSW Micro Steps" timestamp="2026-02-13T23:37:14" tests="5" time="0.000" failures="3">
    <testcase name="PSW Micro Steps [0101] PSW Login - Page Loads" time="9.585" classname="[0101] PSW Login - Page Loads">
      <failure message="The application redirected to `https://primecare-admin.pages.dev/login` more than 20 times. Please check if it&apos;s an intended behavior.

If so, increase `redirectionLimit` value in configuration." type="CypressError"><![CDATA[CypressError: The application redirected to `https://primecare-admin.pages.dev/login` more than 20 times. Please check if it's an intended behavior.

If so, increase `redirectionLimit` value in configuration.
    at onWindowLoad (https://primecare-admin.pages.dev/__cypress/runner/cypress_runner.js:130888:72)
    at $Cy.onInternalWindowLoad (https://primecare-admin.pages.dev/__cypress/runner/cypress_runner.js:130923:20)
    at $Cy.listener (https://primecare-admin.pages.dev/__cypress/runner/cypress_runner.js:141112:17)
    at EventEmitter.emit (https://primecare-admin.pages.dev/__cypress/runner/cypress_runner.js:141192:19)
    at parent.<computed> [as emit] (https://primecare-admin.pages.dev/__cypress/runner/cypress_runner.js:140105:32)
    at $Cypress.action (https://primecare-admin.pages.dev/__cypress/runner/cypress_runner.js:41611:14)
    at HTMLIFrameElement.<anonymous> (https://primecare-admin.pages.dev/__cypress/runner/cypress_runner.js:137975:24)
From Your Spec Code:
    at Object.run (webpack://@primecare/cypress-test/./cypress/e2e/steps/0100-psw-lifecycle.cy.ts:7:0)
    at Context.eval (webpack://@primecare/cypress-test/./cypress/e2e/steps/0100-psw-lifecycle.cy.ts:54:0)]]></failure>
    </testcase>
    <testcase name="PSW Micro Steps [0102] PSW Login - Authentication Flow" time="15.231" classname="[0102] PSW Login - Authentication Flow">
      <failure message="Timed out retrying after 15000ms: Expected to find element: `[data-testid=&quot;login-email&quot;]`, but never found it." type="AssertionError"><![CDATA[AssertionError: Timed out retrying after 15000ms: Expected to find element: `[data-testid="login-email"]`, but never found it.
    at Object.run (webpack://@primecare/cypress-test/./cypress/e2e/steps/0100-psw-lifecycle.cy.ts:18:0)
    at Context.eval (webpack://@primecare/cypress-test/./cypress/e2e/steps/0100-psw-lifecycle.cy.ts:54:0)]]></failure>
    </testcase>
    <testcase name="PSW Micro Steps [0103] PSW Dashboard - Stats Visibility" time="15.269" classname="[0103] PSW Dashboard - Stats Visibility">
      <failure message="Timed out retrying after 15000ms: Expected to find element: `[data-testid=&quot;dashboard-stats&quot;]`, but never found it." type="AssertionError"><![CDATA[AssertionError: Timed out retrying after 15000ms: Expected to find element: `[data-testid="dashboard-stats"]`, but never found it.
    at Object.run (webpack://@primecare/cypress-test/./cypress/e2e/steps/0100-psw-lifecycle.cy.ts:28:0)
    at Context.eval (webpack://@primecare/cypress-test/./cypress/e2e/steps/0100-psw-lifecycle.cy.ts:54:0)]]></failure>
    </testcase>
  </testsuite>
</testsuites>