<?xml version="1.0" encoding="UTF-8"?>
<testsuites name="Mocha Tests" time="22.236" tests="2" failures="0">
  <testsuite name="Root Suite" timestamp="2026-02-10T22:47:46" tests="0" file="cypress\e2e\00_smoke\admin.routes.cy.ts" time="0.000" failures="0">
  </testsuite>
  <testsuite name="Admin/Portal Routes Smoke" timestamp="2026-02-10T22:47:46" tests="2" time="22.212" failures="0">
    <testcase name="Admin/Portal Routes Smoke loads core routes as guest" time="3.367" classname="loads core routes as guest">
    </testcase>
    <testcase name="Admin/Portal Routes Smoke loads core routes as staff" time="18.281" classname="loads core routes as staff">
    </testcase>
  </testsuite>
</testsuites>