<?xml version="1.0" encoding="UTF-8"?>
<testsuites name="Mocha Tests" time="3.261" tests="1" failures="1">
  <testsuite name="Root Suite" timestamp="2026-02-10T22:48:25" tests="0" file="cypress\e2e\00_smoke\marketing.routes.cy.ts" time="0.000" failures="0">
  </testsuite>
  <testsuite name="Marketing Routes Smoke" timestamp="2026-02-10T22:48:25" tests="1" time="3.246" failures="1">
    <testcase name="Marketing Routes Smoke loads every marketing page without blank screen" time="0.925" classname="loads every marketing page without blank screen">
      <failure message="`cy.visit()` failed trying to load:

http://localhost:5174/

We attempted to make an http request to this URL but the request failed without a response.

We received this error at the network level:

  &gt; Error: connect ECONNREFUSED 127.0.0.1:5174

Common situations why this would fail:
  - you don&apos;t have internet access
  - you forgot to run / boot your web server
  - your web server isn&apos;t accessible
  - you have weird network configuration settings on your computer" type="CypressError"><![CDATA[CypressError: `cy.visit()` failed trying to load:

http://localhost:5174/

We attempted to make an http request to this URL but the request failed without a response.

We received this error at the network level:

  > Error: connect ECONNREFUSED 127.0.0.1:5174

Common situations why this would fail:
  - you don't have internet access
  - you forgot to run / boot your web server
  - your web server isn't accessible
  - you have weird network configuration settings on your computer
    at <unknown> (http://localhost:5173/__cypress/runner/cypress_runner.js:131607:74)
    at visitFailedByErr (http://localhost:5173/__cypress/runner/cypress_runner.js:131006:12)
    at <unknown> (http://localhost:5173/__cypress/runner/cypress_runner.js:131606:11)
    at tryCatcher (http://localhost:5173/__cypress/runner/cypress_runner.js:1830:23)
    at Promise._settlePromiseFromHandler (http://localhost:5173/__cypress/runner/cypress_runner.js:1542:31)
    at Promise._settlePromise (http://localhost:5173/__cypress/runner/cypress_runner.js:1599:18)
    at Promise._settlePromise0 (http://localhost:5173/__cypress/runner/cypress_runner.js:1644:10)
    at Promise._settlePromises (http://localhost:5173/__cypress/runner/cypress_runner.js:1720:18)
    at _drainQueueStep (http://localhost:5173/__cypress/runner/cypress_runner.js:2430:12)
    at _drainQueue (http://localhost:5173/__cypress/runner/cypress_runner.js:2423:9)
    at Async._drainQueues (http://localhost:5173/__cypress/runner/cypress_runner.js:2439:5)
    at Async.drainQueues (http://localhost:5173/__cypress/runner/cypress_runner.js:2309:14)
From Your Spec Code:
    at Context.eval (webpack://@primecare/cypress-test/./cypress/support/commands/route.ts:7:0)

From Node.js Internals:
  Error: connect ECONNREFUSED 127.0.0.1:5174
      at TCPConnectWrap.afterConnect [as oncomplete] (node:net:1495:16)]]></failure>
    </testcase>
  </testsuite>
</testsuites>