<?xml version="1.0" encoding="UTF-8"?>
<testsuites name="Mocha Tests" time="1.641" tests="2" failures="1">
  <testsuite name="Root Suite" timestamp="2026-02-11T00:01:57" tests="0" file="cypress\e2e\20_contracts\api.contracts.cy.ts" time="0.000" failures="0">
  </testsuite>
  <testsuite name="API Contract Verification (UI-less)" timestamp="2026-02-11T00:01:57" tests="2" time="1.620" failures="1">
    <testcase name="API Contract Verification (UI-less) GET /user/profile returns correct identity shape" time="0.200" classname="GET /user/profile returns correct identity shape">
    </testcase>
    <testcase name="API Contract Verification (UI-less) GET /admin/stats returns expected keys" time="0.343" classname="GET /admin/stats returns expected keys">
      <failure message="`cy.request()` failed on:

https://primecare-api.itpro-mohammed.workers.dev/v1/admin/stats

The response we received from your web server was:

  &gt; 500: Internal Server Error

This was considered a failure because the status code was not `2xx` or `3xx`.

If you do not want status codes to cause failures pass the option: `failOnStatusCode: false`

-----------------------------------------------------------

The request we sent was:

Method: GET
URL: https://primecare-api.itpro-mohammed.workers.dev/v1/admin/stats
Headers: {
  &quot;Connection&quot;: &quot;keep-alive&quot;,
  &quot;Authorization&quot;: &quot;Bearer eyJhbGciOiJIUzI1NiIsInR5cCI6IkpXVCJ9.eyJzdWIiOiJtb2NrLXV1aWQtYWRtaW4ucHJpbWUiLCJyb2xlIjoiYWRtaW4iLCJleHAiOjE3NzA4NTQ1MTh9.wySEWFOaZcUg7U0gmP9Y298axehMJmx4NJIhvDPxQHE&quot;,
  &quot;user-agent&quot;: &quot;Mozilla/5.0 (Windows NT 10.0; Win64; x64) AppleWebKit/537.36 (KHTML, like Gecko) Cypress/13.17.0 Chrome/118.0.5993.159 Electron/27.3.10 Safari/537.36&quot;,
  &quot;accept&quot;: &quot;*/*&quot;,
  &quot;accept-encoding&quot;: &quot;gzip, deflate&quot;
}

-----------------------------------------------------------

The response we got was:

Status: 500 - Internal Server Error
Headers: {
  &quot;date&quot;: &quot;Wed, 11 Feb 2026 00:01:58 GMT&quot;,
  &quot;content-type&quot;: &quot;text/plain; charset=UTF-8&quot;,
  &quot;content-length&quot;: &quot;21&quot;,
  &quot;connection&quot;: &quot;keep-alive&quot;,
  &quot;access-control-allow-origin&quot;: &quot;*&quot;,
  &quot;access-control-allow-credentials&quot;: &quot;true&quot;,
  &quot;access-control-expose-headers&quot;: &quot;Content-Length&quot;,
  &quot;report-to&quot;: &quot;{\&quot;group\&quot;:\&quot;cf-nel\&quot;,\&quot;max_age\&quot;:604800,\&quot;endpoints\&quot;:[{\&quot;url\&quot;:\&quot;https://a.nel.cloudflare.com/report/v4?s=MMeUytSzcMRnwGyBx5tR%2BwdoGLE6ni03uNEdfaP%2BiswE4FZxFFXM3lTczO5F1CvvruXt9ootVRHmzVvQAxL0%2BCY%2B85KXR5qHbcYKsak8Iof6GXJtgVr9gAa9YtSi1AFeilWUM6MCSjNpkkLHp5Qyz3x82sU%3D\&quot;}]}&quot;,
  &quot;nel&quot;: &quot;{\&quot;report_to\&quot;:\&quot;cf-nel\&quot;,\&quot;success_fraction\&quot;:0.0,\&quot;max_age\&quot;:604800}&quot;,
  &quot;server&quot;: &quot;cloudflare&quot;,
  &quot;cf-ray&quot;: &quot;9cbf93244cb15905-YYZ&quot;,
  &quot;alt-svc&quot;: &quot;h3=\&quot;:443\&quot;; ma=86400&quot;
}
Body: Internal Server Error


https://on.cypress.io/request" type="CypressError"><![CDATA[CypressError: `cy.request()` failed on:

https://primecare-api.itpro-mohammed.workers.dev/v1/admin/stats

The response we received from your web server was:

  > 500: Internal Server Error

This was considered a failure because the status code was not `2xx` or `3xx`.

If you do not want status codes to cause failures pass the option: `failOnStatusCode: false`

-----------------------------------------------------------

The request we sent was:

Method: GET
URL: https://primecare-api.itpro-mohammed.workers.dev/v1/admin/stats
Headers: {
  "Connection": "keep-alive",
  "Authorization": "Bearer eyJhbGciOiJIUzI1NiIsInR5cCI6IkpXVCJ9.eyJzdWIiOiJtb2NrLXV1aWQtYWRtaW4ucHJpbWUiLCJyb2xlIjoiYWRtaW4iLCJleHAiOjE3NzA4NTQ1MTh9.wySEWFOaZcUg7U0gmP9Y298axehMJmx4NJIhvDPxQHE",
  "user-agent": "Mozilla/5.0 (Windows NT 10.0; Win64; x64) AppleWebKit/537.36 (KHTML, like Gecko) Cypress/13.17.0 Chrome/118.0.5993.159 Electron/27.3.10 Safari/537.36",
  "accept": "*/*",
  "accept-encoding": "gzip, deflate"
}

-----------------------------------------------------------

The response we got was:

Status: 500 - Internal Server Error
Headers: {
  "date": "Wed, 11 Feb 2026 00:01:58 GMT",
  "content-type": "text/plain; charset=UTF-8",
  "content-length": "21",
  "connection": "keep-alive",
  "access-control-allow-origin": "*",
  "access-control-allow-credentials": "true",
  "access-control-expose-headers": "Content-Length",
  "report-to": "{\"group\":\"cf-nel\",\"max_age\":604800,\"endpoints\":[{\"url\":\"https://a.nel.cloudflare.com/report/v4?s=MMeUytSzcMRnwGyBx5tR%2BwdoGLE6ni03uNEdfaP%2BiswE4FZxFFXM3lTczO5F1CvvruXt9ootVRHmzVvQAxL0%2BCY%2B85KXR5qHbcYKsak8Iof6GXJtgVr9gAa9YtSi1AFeilWUM6MCSjNpkkLHp5Qyz3x82sU%3D\"}]}",
  "nel": "{\"report_to\":\"cf-nel\",\"success_fraction\":0.0,\"max_age\":604800}",
  "server": "cloudflare",
  "cf-ray": "9cbf93244cb15905-YYZ",
  "alt-svc": "h3=\":443\"; ma=86400"
}
Body: Internal Server Error


https://on.cypress.io/request
    at <unknown> (https://primecare-admin.pages.dev/__cypress/runner/cypress_runner.js:132876:72)
    at tryCatcher (https://primecare-admin.pages.dev/__cypress/runner/cypress_runner.js:1830:23)
    at Promise._settlePromiseFromHandler (https://primecare-admin.pages.dev/__cypress/runner/cypress_runner.js:1542:31)
    at Promise._settlePromise (https://primecare-admin.pages.dev/__cypress/runner/cypress_runner.js:1599:18)
    at Promise._settlePromise0 (https://primecare-admin.pages.dev/__cypress/runner/cypress_runner.js:1644:10)
    at Promise._settlePromises (https://primecare-admin.pages.dev/__cypress/runner/cypress_runner.js:1724:18)
    at _drainQueueStep (https://primecare-admin.pages.dev/__cypress/runner/cypress_runner.js:2430:12)
    at _drainQueue (https://primecare-admin.pages.dev/__cypress/runner/cypress_runner.js:2423:9)
    at Async._drainQueues (https://primecare-admin.pages.dev/__cypress/runner/cypress_runner.js:2439:5)
    at Async.drainQueues (https://primecare-admin.pages.dev/__cypress/runner/cypress_runner.js:2309:14)
From Your Spec Code:
    at Context.eval (webpack://@primecare/cypress-test/./cypress/e2e/20_contracts/api.contracts.cy.ts:31:0)]]></failure>
    </testcase>
  </testsuite>
</testsuites>