<?xml version="1.0" encoding="UTF-8"?>
<testsuites name="Mocha Tests" time="3.514" tests="74" failures="1">
  <testsuite name="Root Suite" timestamp="2026-02-14T01:07:04" tests="0" file="cypress\e2e\steps\0100-psw-structured.cy.ts" time="0.000" failures="0">
  </testsuite>
  <testsuite name="PSW Mathematical Micro-Steps (Full Suite)" timestamp="2026-02-14T01:07:04" tests="74" time="3.476" failures="1">
    <testcase name="PSW Mathematical Micro-Steps (Full Suite) &quot;before all&quot; hook for &quot;01.01.01  PSW__Login__PageLoad__SUCCESS&quot;" time="0.000" classname="&quot;before all&quot; hook for &quot;01.01.01  PSW__Login__PageLoad__SUCCESS&quot;">
      <failure message="`cy.click()` can only be called on a single element. Your subject contained 2 elements. Pass `{ multiple: true }` if you want to serially click each element.

https://on.cypress.io/click

Because this error occurred during a `before all` hook we are skipping the remaining tests in the current suite: `PSW Mathematical Micro-Step...`

Although you have test retries enabled, we do not retry tests when `before all` or `after all` hooks fail" type="CypressError"><![CDATA[CypressError: `cy.click()` can only be called on a single element. Your subject contained 2 elements. Pass `{ multiple: true }` if you want to serially click each element.

https://on.cypress.io/click

Because this error occurred during a `before all` hook we are skipping the remaining tests in the current suite: `PSW Mathematical Micro-Step...`

Although you have test retries enabled, we do not retry tests when `before all` or `after all` hooks fail
    at mouseAction (https://primecare-admin.pages.dev/__cypress/runner/cypress_runner.js:112508:68)
    at Context.click (https://primecare-admin.pages.dev/__cypress/runner/cypress_runner.js:112675:14)
    at wrapped (https://primecare-admin.pages.dev/__cypress/runner/cypress_runner.js:138092:19)
From Your Spec Code:
    at Context.eval (webpack://@primecare/cypress-test/./cypress/e2e/steps/0100-psw-structured.cy.ts:137:0)]]></failure>
    </testcase>
  </testsuite>
</testsuites>