<?xml version="1.0" encoding="UTF-8"?>
<testsuites name="Mocha Tests" time="8.167" tests="1" failures="0">
  <testsuite name="Root Suite" timestamp="2026-02-10T23:52:19" tests="0" file="cypress\e2e\00_smoke\marketing.routes.cy.ts" time="0.000" failures="0">
  </testsuite>
  <testsuite name="Marketing Routes Smoke" timestamp="2026-02-10T23:52:19" tests="1" time="8.150" failures="0">
    <testcase name="Marketing Routes Smoke loads every marketing page without blank screen" time="5.426" classname="loads every marketing page without blank screen">
    </testcase>
  </testsuite>
</testsuites>