<?xml version="1.0" encoding="UTF-8"?>
<testsuites name="Mocha Tests" time="53.715" tests="2" failures="1">
  <testsuite name="Root Suite" timestamp="2026-02-12T21:44:26" tests="0" file="cypress\e2e\admin\smoke\admin.routes.cy.ts" time="0.000" failures="0">
  </testsuite>
  <testsuite name="Admin/Portal Routes Smoke" timestamp="2026-02-12T21:44:26" tests="2" time="53.700" failures="1">
    <testcase name="Admin/Portal Routes Smoke loads core routes as guest" time="0.946" classname="loads core routes as guest">
    </testcase>
    <testcase name="Admin/Portal Routes Smoke loads core routes as staff" time="17.393" classname="loads core routes as staff">
      <failure message="Timed out retrying after 15000ms: expected &apos;https://primecare-admin.pages.dev/login&apos; to not include &apos;/login&apos;" type="AssertionError"><![CDATA[AssertionError: Timed out retrying after 15000ms: expected 'https://primecare-admin.pages.dev/login' to not include '/login'
    at Context.eval (webpack://@primecare/cypress-test/./cypress/support/commands/auth.ts:29:33)]]></failure>
    </testcase>
  </testsuite>
</testsuites>