<?xml version="1.0" encoding="UTF-8"?>
<testsuites name="Mocha Tests" time="2.355" tests="2" failures="1">
  <testsuite name="Root Suite" timestamp="2026-02-13T00:41:49" tests="0" file="cypress\e2e\admin\smoke\admin.routes.cy.ts" time="0.000" failures="0">
  </testsuite>
  <testsuite name="Admin/Portal Routes Smoke" timestamp="2026-02-13T00:41:49" tests="2" time="2.346" failures="1">
    <testcase name="Admin/Portal Routes Smoke loads core routes as guest" time="0.996" classname="loads core routes as guest">
    </testcase>
    <testcase name="Admin/Portal Routes Smoke loads core routes as staff" time="0.352" classname="loads core routes as staff">
      <failure message="cy.handleCookieConsent is not a function" type="TypeError"><![CDATA[TypeError: cy.handleCookieConsent is not a function
    at Context.eval (webpack://@primecare/cypress-test/./cypress/support/commands/auth.ts:17:0)]]></failure>
    </testcase>
  </testsuite>
</testsuites>