<?xml version="1.0" encoding="UTF-8"?>
<testsuites name="Mocha Tests" time="999.722" tests="23" failures="16">
  <testsuite name="Root Suite" timestamp="2026-02-11T03:05:38" tests="0" file="cypress\e2e\generated\30_integrity.contracts.cy.ts" time="0.000" failures="0">
  </testsuite>
  <testsuite name="Generated: Structural Integrity" timestamp="2026-02-11T03:05:38" tests="23" time="999.686" failures="16">
    <testcase name="Generated: Structural Integrity [ADMIN_DASHBOARD] contains all required structural components" time="4.893" classname="[ADMIN_DASHBOARD] contains all required structural components">
    </testcase>
    <testcase name="Generated: Structural Integrity [USER_LIST] contains all required structural components" time="14.668" classname="[USER_LIST] contains all required structural components">
      <failure message="Timed out retrying after 10000ms: Expected to find element: `[data-cy=&quot;btn.addUser&quot;]`, but never found it." type="AssertionError"><![CDATA[AssertionError: Timed out retrying after 10000ms: Expected to find element: `[data-cy="btn.addUser"]`, but never found it.
    at eval (webpack://@primecare/cypress-test/./cypress/e2e/generated/30_integrity.contracts.cy.ts:13:0)
at Array.forEach (<anonymous>)
    at Context.eval (webpack://@primecare/cypress-test/./cypress/e2e/generated/30_integrity.contracts.cy.ts:11:0)]]></failure>
    </testcase>
    <testcase name="Generated: Structural Integrity [SCHEDULE] contains all required structural components" time="3.940" classname="[SCHEDULE] contains all required structural components">
    </testcase>
    <testcase name="Generated: Structural Integrity [LEADS] contains all required structural components" time="2.827" classname="[LEADS] contains all required structural components">
    </testcase>
    <testcase name="Generated: Structural Integrity [SETTINGS] contains all required structural components" time="3.985" classname="[SETTINGS] contains all required structural components">
    </testcase>
    <testcase name="Generated: Structural Integrity [MANAGER_DASHBOARD] contains all required structural components" time="3.071" classname="[MANAGER_DASHBOARD] contains all required structural components">
    </testcase>
    <testcase name="Generated: Structural Integrity [MANAGER_DAILY_ENTRY] contains all required structural components" time="14.949" classname="[MANAGER_DAILY_ENTRY] contains all required structural components">
      <failure message="Timed out retrying after 10000ms: Expected to find element: `[data-cy=&quot;page.title&quot;]`, but never found it." type="AssertionError"><![CDATA[AssertionError: Timed out retrying after 10000ms: Expected to find element: `[data-cy="page.title"]`, but never found it.
    at eval (webpack://@primecare/cypress-test/./cypress/e2e/generated/30_integrity.contracts.cy.ts:13:0)
at Array.forEach (<anonymous>)
    at Context.eval (webpack://@primecare/cypress-test/./cypress/e2e/generated/30_integrity.contracts.cy.ts:11:0)]]></failure>
    </testcase>
    <testcase name="Generated: Structural Integrity [PSW_SHIFTS] contains all required structural components" time="5.681" classname="[PSW_SHIFTS] contains all required structural components">
    </testcase>
    <testcase name="Generated: Structural Integrity [CLIENT_BOOKINGS] contains all required structural components" time="15.836" classname="[CLIENT_BOOKINGS] contains all required structural components">
      <failure message="Timed out retrying after 10000ms: Expected to find element: `[data-cy=&quot;page.container&quot;]`, but never found it." type="AssertionError"><![CDATA[AssertionError: Timed out retrying after 10000ms: Expected to find element: `[data-cy="page.container"]`, but never found it.
    at eval (webpack://@primecare/cypress-test/./cypress/e2e/generated/30_integrity.contracts.cy.ts:13:0)
at Array.forEach (<anonymous>)
    at Context.eval (webpack://@primecare/cypress-test/./cypress/e2e/generated/30_integrity.contracts.cy.ts:11:0)]]></failure>
    </testcase>
    <testcase name="Generated: Structural Integrity [PROFILE] contains all required structural components" time="19.067" classname="[PROFILE] contains all required structural components">
      <failure message="Timed out retrying after 10000ms: Expected to find element: `[data-cy=&quot;form.profile.page&quot;]`, but never found it." type="AssertionError"><![CDATA[AssertionError: Timed out retrying after 10000ms: Expected to find element: `[data-cy="form.profile.page"]`, but never found it.
    at eval (webpack://@primecare/cypress-test/./cypress/e2e/generated/30_integrity.contracts.cy.ts:13:0)
at Array.forEach (<anonymous>)
    at Context.eval (webpack://@primecare/cypress-test/./cypress/e2e/generated/30_integrity.contracts.cy.ts:11:0)]]></failure>
    </testcase>
    <testcase name="Generated: Structural Integrity [HOME] contains all required structural components" time="12.625" classname="[HOME] contains all required structural components">
      <failure message="Timed out retrying after 10000ms: Expected to find element: `[data-cy=&quot;hero&quot;]`, but never found it." type="AssertionError"><![CDATA[AssertionError: Timed out retrying after 10000ms: Expected to find element: `[data-cy="hero"]`, but never found it.
    at eval (webpack://@primecare/cypress-test/./cypress/e2e/generated/30_integrity.contracts.cy.ts:13:0)
at Array.forEach (<anonymous>)
    at Context.eval (webpack://@primecare/cypress-test/./cypress/e2e/generated/30_integrity.contracts.cy.ts:11:0)]]></failure>
    </testcase>
    <testcase name="Generated: Structural Integrity [INCIDENT_ENTRY] contains all required structural components" time="18.736" classname="[INCIDENT_ENTRY] contains all required structural components">
      <failure message="Timed out retrying after 10000ms: Expected to find element: `[data-cy=&quot;page.container&quot;]`, but never found it." type="AssertionError"><![CDATA[AssertionError: Timed out retrying after 10000ms: Expected to find element: `[data-cy="page.container"]`, but never found it.
    at eval (webpack://@primecare/cypress-test/./cypress/e2e/generated/30_integrity.contracts.cy.ts:13:0)
at Array.forEach (<anonymous>)
    at Context.eval (webpack://@primecare/cypress-test/./cypress/e2e/generated/30_integrity.contracts.cy.ts:11:0)]]></failure>
    </testcase>
    <testcase name="Generated: Structural Integrity [TIMESHEET_ADJ] contains all required structural components" time="18.319" classname="[TIMESHEET_ADJ] contains all required structural components">
      <failure message="Timed out retrying after 10000ms: Expected to find element: `[data-cy=&quot;page.container&quot;]`, but never found it." type="AssertionError"><![CDATA[AssertionError: Timed out retrying after 10000ms: Expected to find element: `[data-cy="page.container"]`, but never found it.
    at eval (webpack://@primecare/cypress-test/./cypress/e2e/generated/30_integrity.contracts.cy.ts:13:0)
at Array.forEach (<anonymous>)
    at Context.eval (webpack://@primecare/cypress-test/./cypress/e2e/generated/30_integrity.contracts.cy.ts:11:0)]]></failure>
    </testcase>
    <testcase name="Generated: Structural Integrity [LEAD_ENTRY] contains all required structural components" time="20.681" classname="[LEAD_ENTRY] contains all required structural components">
      <failure message="Timed out retrying after 10000ms: Expected to find element: `[data-cy=&quot;page.container&quot;]`, but never found it." type="AssertionError"><![CDATA[AssertionError: Timed out retrying after 10000ms: Expected to find element: `[data-cy="page.container"]`, but never found it.
    at eval (webpack://@primecare/cypress-test/./cypress/e2e/generated/30_integrity.contracts.cy.ts:13:0)
at Array.forEach (<anonymous>)
    at Context.eval (webpack://@primecare/cypress-test/./cypress/e2e/generated/30_integrity.contracts.cy.ts:11:0)]]></failure>
    </testcase>
    <testcase name="Generated: Structural Integrity [ROLE_EDITOR] contains all required structural components" time="23.236" classname="[ROLE_EDITOR] contains all required structural components">
      <failure message="Timed out retrying after 10000ms: Expected to find element: `[data-cy=&quot;page.container&quot;]`, but never found it." type="AssertionError"><![CDATA[AssertionError: Timed out retrying after 10000ms: Expected to find element: `[data-cy="page.container"]`, but never found it.
    at eval (webpack://@primecare/cypress-test/./cypress/e2e/generated/30_integrity.contracts.cy.ts:13:0)
at Array.forEach (<anonymous>)
    at Context.eval (webpack://@primecare/cypress-test/./cypress/e2e/generated/30_integrity.contracts.cy.ts:11:0)]]></failure>
    </testcase>
    <testcase name="Generated: Structural Integrity [TEMPLATE_EDITOR] contains all required structural components" time="23.069" classname="[TEMPLATE_EDITOR] contains all required structural components">
      <failure message="Timed out retrying after 10000ms: Expected to find element: `[data-cy=&quot;page.container&quot;]`, but never found it." type="AssertionError"><![CDATA[AssertionError: Timed out retrying after 10000ms: Expected to find element: `[data-cy="page.container"]`, but never found it.
    at eval (webpack://@primecare/cypress-test/./cypress/e2e/generated/30_integrity.contracts.cy.ts:13:0)
at Array.forEach (<anonymous>)
    at Context.eval (webpack://@primecare/cypress-test/./cypress/e2e/generated/30_integrity.contracts.cy.ts:11:0)]]></failure>
    </testcase>
    <testcase name="Generated: Structural Integrity [INVOICE_ENTRY] contains all required structural components" time="23.646" classname="[INVOICE_ENTRY] contains all required structural components">
      <failure message="Timed out retrying after 10000ms: Expected to find element: `[data-cy=&quot;page.container&quot;]`, but never found it." type="AssertionError"><![CDATA[AssertionError: Timed out retrying after 10000ms: Expected to find element: `[data-cy="page.container"]`, but never found it.
    at eval (webpack://@primecare/cypress-test/./cypress/e2e/generated/30_integrity.contracts.cy.ts:13:0)
at Array.forEach (<anonymous>)
    at Context.eval (webpack://@primecare/cypress-test/./cypress/e2e/generated/30_integrity.contracts.cy.ts:11:0)]]></failure>
    </testcase>
    <testcase name="Generated: Structural Integrity [VISIT_COMPLETION] contains all required structural components" time="20.995" classname="[VISIT_COMPLETION] contains all required structural components">
      <failure message="Timed out retrying after 10000ms: Expected to find element: `[data-cy=&quot;page.container&quot;]`, but never found it." type="AssertionError"><![CDATA[AssertionError: Timed out retrying after 10000ms: Expected to find element: `[data-cy="page.container"]`, but never found it.
    at eval (webpack://@primecare/cypress-test/./cypress/e2e/generated/30_integrity.contracts.cy.ts:13:0)
at Array.forEach (<anonymous>)
    at Context.eval (webpack://@primecare/cypress-test/./cypress/e2e/generated/30_integrity.contracts.cy.ts:11:0)]]></failure>
    </testcase>
    <testcase name="Generated: Structural Integrity [BOOKING_REQUEST] contains all required structural components" time="19.937" classname="[BOOKING_REQUEST] contains all required structural components">
      <failure message="Timed out retrying after 10000ms: Expected to find element: `[data-cy=&quot;page.container&quot;]`, but never found it." type="AssertionError"><![CDATA[AssertionError: Timed out retrying after 10000ms: Expected to find element: `[data-cy="page.container"]`, but never found it.
    at eval (webpack://@primecare/cypress-test/./cypress/e2e/generated/30_integrity.contracts.cy.ts:13:0)
at Array.forEach (<anonymous>)
    at Context.eval (webpack://@primecare/cypress-test/./cypress/e2e/generated/30_integrity.contracts.cy.ts:11:0)]]></failure>
    </testcase>
    <testcase name="Generated: Structural Integrity [SUPPORT_TICKET] contains all required structural components" time="18.698" classname="[SUPPORT_TICKET] contains all required structural components">
      <failure message="Timed out retrying after 10000ms: Expected to find element: `[data-cy=&quot;page.container&quot;]`, but never found it." type="AssertionError"><![CDATA[AssertionError: Timed out retrying after 10000ms: Expected to find element: `[data-cy="page.container"]`, but never found it.
    at eval (webpack://@primecare/cypress-test/./cypress/e2e/generated/30_integrity.contracts.cy.ts:13:0)
at Array.forEach (<anonymous>)
    at Context.eval (webpack://@primecare/cypress-test/./cypress/e2e/generated/30_integrity.contracts.cy.ts:11:0)]]></failure>
    </testcase>
    <testcase name="Generated: Structural Integrity [SHIFT_CONFIRMATION] contains all required structural components" time="11.544" classname="[SHIFT_CONFIRMATION] contains all required structural components">
    </testcase>
    <testcase name="Generated: Structural Integrity [EVALUATION_FORM] contains all required structural components" time="25.480" classname="[EVALUATION_FORM] contains all required structural components">
      <failure message="Timed out retrying after 10000ms: Expected to find element: `[data-cy=&quot;page.container&quot;]`, but never found it." type="AssertionError"><![CDATA[AssertionError: Timed out retrying after 10000ms: Expected to find element: `[data-cy="page.container"]`, but never found it.
    at eval (webpack://@primecare/cypress-test/./cypress/e2e/generated/30_integrity.contracts.cy.ts:13:0)
at Array.forEach (<anonymous>)
    at Context.eval (webpack://@primecare/cypress-test/./cypress/e2e/generated/30_integrity.contracts.cy.ts:11:0)]]></failure>
    </testcase>
    <testcase name="Generated: Structural Integrity [USER_ENTRY] contains all required structural components" time="25.879" classname="[USER_ENTRY] contains all required structural components">
      <failure message="Timed out retrying after 10000ms: Expected to find element: `[data-cy=&quot;page.container&quot;]`, but never found it." type="AssertionError"><![CDATA[AssertionError: Timed out retrying after 10000ms: Expected to find element: `[data-cy="page.container"]`, but never found it.
    at eval (webpack://@primecare/cypress-test/./cypress/e2e/generated/30_integrity.contracts.cy.ts:13:0)
at Array.forEach (<anonymous>)
    at Context.eval (webpack://@primecare/cypress-test/./cypress/e2e/generated/30_integrity.contracts.cy.ts:11:0)]]></failure>
    </testcase>
  </testsuite>
</testsuites>