<?xml version="1.0" encoding="UTF-8"?>
<testsuites name="Mocha Tests" time="21.741" tests="1" failures="0">
  <testsuite name="Root Suite" timestamp="2026-02-13T02:44:47" tests="0" file="cypress\e2e\admin\smoke\marketing.cy.ts" time="0.000" failures="0">
  </testsuite>
  <testsuite name="Marketing Routes Smoke" timestamp="2026-02-13T02:44:47" tests="1" time="21.703" failures="0">
    <testcase name="Marketing Routes Smoke loads every marketing page without blank screen" time="11.809" classname="loads every marketing page without blank screen">
    </testcase>
  </testsuite>
</testsuites>