<?xml version="1.0" encoding="UTF-8"?>
<testsuites name="Mocha Tests" time="14.675" tests="2" failures="0">
  <testsuite name="Root Suite" timestamp="2026-02-10T23:25:22" tests="0" file="cypress\e2e\00_smoke\admin.routes.cy.ts" time="0.000" failures="0">
  </testsuite>
  <testsuite name="Admin/Portal Routes Smoke" timestamp="2026-02-10T23:25:22" tests="2" time="14.648" failures="0">
    <testcase name="Admin/Portal Routes Smoke loads core routes as guest" time="1.050" classname="loads core routes as guest">
    </testcase>
    <testcase name="Admin/Portal Routes Smoke loads core routes as staff" time="10.470" classname="loads core routes as staff">
    </testcase>
  </testsuite>
</testsuites>