<?xml version="1.0" encoding="UTF-8"?>
<testsuites name="Mocha Tests" time="38.440" tests="1" failures="1">
  <testsuite name="Root Suite" timestamp="2026-02-10T15:10:03" tests="0" file="cypress\e2e\manager\regression\daily-entry-flow.cy.ts" time="0.000" failures="0">
  </testsuite>
  <testsuite name="[REGRESSION] Manager Daily Entry Flow" timestamp="2026-02-10T15:10:03" tests="1" time="38.421" failures="1">
    <testcase name="[REGRESSION] Manager Daily Entry Flow &quot;before each&quot; hook for &quot;creates daily entry via Quick Actions&quot;" time="11.882" classname="&quot;before each&quot; hook for &quot;creates daily entry via Quick Actions&quot;">
      <failure message="Timed out retrying after 10000ms: Expected to find element: `[data-cy=&quot;inp-email&quot;]`, but never found it.

Because this error occurred during a `before each` hook we are skipping the remaining tests in the current suite: `[REGRESSION] Manager Daily ...`" type="AssertionError"><![CDATA[AssertionError: Timed out retrying after 10000ms: Expected to find element: `[data-cy="inp-email"]`, but never found it.

Because this error occurred during a `before each` hook we are skipping the remaining tests in the current suite: `[REGRESSION] Manager Daily ...`
    at Context.eval (webpack://@primecare/cypress-test/./cypress/support/commands/actions.ts:10:0)]]></failure>
    </testcase>
  </testsuite>
</testsuites>