<?xml version="1.0" encoding="UTF-8"?>
<testsuites name="Mocha Tests" time="73.299" tests="3" failures="3">
  <testsuite name="Root Suite" timestamp="2026-02-10T23:27:38" tests="0" file="cypress\e2e\30_reliability\resilience.cy.ts" time="0.000" failures="0">
  </testsuite>
  <testsuite name="UI Resilience &amp; Error Handling" timestamp="2026-02-10T23:27:38" tests="3" time="73.267" failures="3">
    <testcase name="UI Resilience &amp; Error Handling Resilience: API 500 shows error toast" time="5.850" classname="Resilience: API 500 shows error toast">
      <failure message="Timed out retrying after 5000ms: `cy.wait()` timed out waiting `5000ms` for the 1st request to the route: `getUsersError`. No request ever occurred.

https://on.cypress.io/wait" type="CypressError"><![CDATA[CypressError: Timed out retrying after 5000ms: `cy.wait()` timed out waiting `5000ms` for the 1st request to the route: `getUsersError`. No request ever occurred.

https://on.cypress.io/wait
    at cypressErr (https://primecare-admin.pages.dev/__cypress/runner/cypress_runner.js:76065:18)
    at Object.errByPath (https://primecare-admin.pages.dev/__cypress/runner/cypress_runner.js:76119:10)
    at checkForXhr (https://primecare-admin.pages.dev/__cypress/runner/cypress_runner.js:135342:84)
    at <unknown> (https://primecare-admin.pages.dev/__cypress/runner/cypress_runner.js:135368:28)
    at tryCatcher (https://primecare-admin.pages.dev/__cypress/runner/cypress_runner.js:1830:23)
    at Promise.attempt.Promise.try (https://primecare-admin.pages.dev/__cypress/runner/cypress_runner.js:4338:29)
    at whenStable (https://primecare-admin.pages.dev/__cypress/runner/cypress_runner.js:143744:68)
    at <unknown> (https://primecare-admin.pages.dev/__cypress/runner/cypress_runner.js:143685:14)
    at tryCatcher (https://primecare-admin.pages.dev/__cypress/runner/cypress_runner.js:1830:23)
    at Promise._settlePromiseFromHandler (https://primecare-admin.pages.dev/__cypress/runner/cypress_runner.js:1542:31)
    at Promise._settlePromise (https://primecare-admin.pages.dev/__cypress/runner/cypress_runner.js:1599:18)
    at Promise._settlePromise0 (https://primecare-admin.pages.dev/__cypress/runner/cypress_runner.js:1644:10)
    at Promise._settlePromises (https://primecare-admin.pages.dev/__cypress/runner/cypress_runner.js:1724:18)
    at Promise._fulfill (https://primecare-admin.pages.dev/__cypress/runner/cypress_runner.js:1668:18)
    at <unknown> (https://primecare-admin.pages.dev/__cypress/runner/cypress_runner.js:5473:46)
From Your Spec Code:
    at Context.eval (webpack://@primecare/cypress-test/./cypress/support/commands/auth.ts:28:0)]]></failure>
    </testcase>
    <testcase name="UI Resilience &amp; Error Handling UX: Slow API shows loader/spinner" time="11.130" classname="UX: Slow API shows loader/spinner">
      <failure message="Timed out retrying after 10000ms: expected &apos;&lt;body&gt;&apos; to contain &apos;Loading users...&apos;" type="AssertionError"><![CDATA[AssertionError: Timed out retrying after 10000ms: expected '<body>' to contain 'Loading users...'
    at Context.eval (webpack://@primecare/cypress-test/./cypress/e2e/30_reliability/resilience.cy.ts:29:0)]]></failure>
    </testcase>
    <testcase name="UI Resilience &amp; Error Handling UX: Empty data shows &apos;No results&apos; state" time="6.368" classname="UX: Empty data shows &apos;No results&apos; state">
      <failure message="Timed out retrying after 5000ms: `cy.wait()` timed out waiting `5000ms` for the 1st request to the route: `getUsersEmpty`. No request ever occurred.

https://on.cypress.io/wait" type="CypressError"><![CDATA[CypressError: Timed out retrying after 5000ms: `cy.wait()` timed out waiting `5000ms` for the 1st request to the route: `getUsersEmpty`. No request ever occurred.

https://on.cypress.io/wait
    at cypressErr (https://primecare-admin.pages.dev/__cypress/runner/cypress_runner.js:76065:18)
    at Object.errByPath (https://primecare-admin.pages.dev/__cypress/runner/cypress_runner.js:76119:10)
    at checkForXhr (https://primecare-admin.pages.dev/__cypress/runner/cypress_runner.js:135342:84)
    at <unknown> (https://primecare-admin.pages.dev/__cypress/runner/cypress_runner.js:135368:28)
    at tryCatcher (https://primecare-admin.pages.dev/__cypress/runner/cypress_runner.js:1830:23)
    at Promise.attempt.Promise.try (https://primecare-admin.pages.dev/__cypress/runner/cypress_runner.js:4338:29)
    at whenStable (https://primecare-admin.pages.dev/__cypress/runner/cypress_runner.js:143744:68)
    at <unknown> (https://primecare-admin.pages.dev/__cypress/runner/cypress_runner.js:143685:14)
    at tryCatcher (https://primecare-admin.pages.dev/__cypress/runner/cypress_runner.js:1830:23)
    at Promise._settlePromiseFromHandler (https://primecare-admin.pages.dev/__cypress/runner/cypress_runner.js:1542:31)
    at Promise._settlePromise (https://primecare-admin.pages.dev/__cypress/runner/cypress_runner.js:1599:18)
    at Promise._settlePromise0 (https://primecare-admin.pages.dev/__cypress/runner/cypress_runner.js:1644:10)
    at Promise._settlePromises (https://primecare-admin.pages.dev/__cypress/runner/cypress_runner.js:1724:18)
    at Promise._fulfill (https://primecare-admin.pages.dev/__cypress/runner/cypress_runner.js:1668:18)
    at <unknown> (https://primecare-admin.pages.dev/__cypress/runner/cypress_runner.js:5473:46)
From Your Spec Code:
    at Context.eval (webpack://@primecare/cypress-test/./cypress/support/commands/auth.ts:28:0)]]></failure>
    </testcase>
  </testsuite>
</testsuites>