<?xml version="1.0" encoding="UTF-8"?>
<testsuites name="Mocha Tests" time="33.698" tests="2" failures="1">
  <testsuite name="Root Suite" timestamp="2026-02-11T00:02:07" tests="0" file="cypress\e2e\30_reliability\auth-flows.cy.ts" time="0.000" failures="0">
  </testsuite>
  <testsuite name="Authentication Reliability Flows" timestamp="2026-02-11T00:02:08" tests="2" time="33.669" failures="1">
    <testcase name="Authentication Reliability Flows Redirection: Guest accessing protected route is sent to /login" time="0.535" classname="Redirection: Guest accessing protected route is sent to /login">
    </testcase>
    <testcase name="Authentication Reliability Flows Deep-Linking: Redirects back to intended page after login" time="11.174" classname="Deep-Linking: Redirects back to intended page after login">
      <failure message="Timed out retrying after 10000ms: Expected to find element: `[data-cy=&quot;btn-logout&quot;]`, but never found it." type="AssertionError"><![CDATA[AssertionError: Timed out retrying after 10000ms: Expected to find element: `[data-cy="btn-logout"]`, but never found it.
    at Context.eval (webpack://@primecare/cypress-test/./cypress/support/commands/selectors.ts:16:0)]]></failure>
    </testcase>
  </testsuite>
</testsuites>