<?xml version="1.0" encoding="UTF-8"?>
<testsuites name="Mocha Tests" time="4.128" tests="2" failures="1">
  <testsuite name="Root Suite" timestamp="2026-02-10T23:17:40" tests="0" file="cypress\e2e\00_smoke\admin.routes.cy.ts" time="0.000" failures="0">
  </testsuite>
  <testsuite name="Admin/Portal Routes Smoke" timestamp="2026-02-10T23:17:40" tests="2" time="4.105" failures="1">
    <testcase name="Admin/Portal Routes Smoke loads core routes as guest" time="2.357" classname="loads core routes as guest">
    </testcase>
    <testcase name="Admin/Portal Routes Smoke loads core routes as staff" time="0.457" classname="loads core routes as staff">
      <failure message="Login failed for staff: &quot;Internal Server Error&quot;" type="Error"><![CDATA[Error: Login failed for staff: "Internal Server Error"
    at Context.eval (webpack://@primecare/cypress-test/./cypress/support/commands/auth.ts:25:0)]]></failure>
    </testcase>
  </testsuite>
</testsuites>