<?xml version="1.0" encoding="UTF-8"?>
<testsuites name="Mocha Tests" time="105.157" tests="2" failures="2">
  <testsuite name="Root Suite" timestamp="2026-02-12T21:45:24" tests="0" file="cypress\e2e\admin\smoke\components.cy.ts" time="0.000" failures="0">
  </testsuite>
  <testsuite name="Global Components &amp; Interactions" timestamp="2026-02-12T21:45:24" tests="2" time="105.136" failures="2">
    <testcase name="Global Components &amp; Interactions Notifications: Toast stacking and dismissal" time="17.513" classname="Notifications: Toast stacking and dismissal">
      <failure message="Timed out retrying after 15000ms: expected &apos;https://primecare-admin.pages.dev/login&apos; to not include &apos;/login&apos;" type="AssertionError"><![CDATA[AssertionError: Timed out retrying after 15000ms: expected 'https://primecare-admin.pages.dev/login' to not include '/login'
    at Context.eval (webpack://@primecare/cypress-test/./cypress/support/commands/auth.ts:29:33)]]></failure>
    </testcase>
    <testcase name="Global Components &amp; Interactions QuickActions: Role-based visibility in Topbar" time="17.266" classname="QuickActions: Role-based visibility in Topbar">
      <failure message="Timed out retrying after 15000ms: expected &apos;https://primecare-admin.pages.dev/login&apos; to not include &apos;/login&apos;" type="AssertionError"><![CDATA[AssertionError: Timed out retrying after 15000ms: expected 'https://primecare-admin.pages.dev/login' to not include '/login'
    at Context.eval (webpack://@primecare/cypress-test/./cypress/support/commands/auth.ts:29:33)]]></failure>
    </testcase>
  </testsuite>
</testsuites>