<?xml version="1.0" encoding="UTF-8"?>
<testsuites name="Mocha Tests" time="35.987" tests="3" failures="1">
  <testsuite name="Root Suite" timestamp="2026-02-10T23:52:37" tests="0" file="cypress\e2e\10_security\waf-hardening.cy.ts" time="0.000" failures="0">
  </testsuite>
  <testsuite name="Security &amp; WAF Hardening" timestamp="2026-02-10T23:52:37" tests="3" time="35.969" failures="1">
    <testcase name="Security &amp; WAF Hardening WAF: Verify Security Headers in server response" time="0.557" classname="WAF: Verify Security Headers in server response">
    </testcase>
    <testcase name="Security &amp; WAF Hardening Security: Auth inputs resist basic SQL Injection attempts" time="11.287" classname="Security: Auth inputs resist basic SQL Injection attempts">
      <failure message="Timed out retrying after 10000ms: Expected to find element: `[data-cy=&quot;toast&quot;]`, but never found it." type="AssertionError"><![CDATA[AssertionError: Timed out retrying after 10000ms: Expected to find element: `[data-cy="toast"]`, but never found it.
    at Context.eval (webpack://@primecare/cypress-test/./cypress/e2e/10_security/waf-hardening.cy.ts:28:0)]]></failure>
    </testcase>
    <testcase name="Security &amp; WAF Hardening Security: Search params resist basic XSS Injection" time="0.744" classname="Security: Search params resist basic XSS Injection">
    </testcase>
  </testsuite>
</testsuites>