<?xml version="1.0" encoding="UTF-8"?>
<testsuites name="Mocha Tests" time="76.764" tests="2" failures="2">
  <testsuite name="Root Suite" timestamp="2026-02-11T00:30:00" tests="0" file="cypress\e2e\40_features\global-components.cy.ts" time="0.000" failures="0">
  </testsuite>
  <testsuite name="Global Components &amp; Interactions" timestamp="2026-02-11T00:30:00" tests="2" time="76.753" failures="2">
    <testcase name="Global Components &amp; Interactions Notifications: Toast stacking and dismissal" time="12.932" classname="Notifications: Toast stacking and dismissal">
      <failure message="Timed out retrying after 10000ms: Expected to find element: `[data-cy=&quot;toast&quot;]`, but never found it." type="AssertionError"><![CDATA[AssertionError: Timed out retrying after 10000ms: Expected to find element: `[data-cy="toast"]`, but never found it.
    at Context.eval (webpack://@primecare/cypress-test/./cypress/e2e/40_features/global-components.cy.ts:16:0)]]></failure>
    </testcase>
    <testcase name="Global Components &amp; Interactions QuickActions: Role-based visibility in Topbar" time="12.670" classname="QuickActions: Role-based visibility in Topbar">
      <failure message="Timed out retrying after 10000ms: Expected to find element: `[data-cy=&quot;btn-quick-add-user&quot;]`, but never found it." type="AssertionError"><![CDATA[AssertionError: Timed out retrying after 10000ms: Expected to find element: `[data-cy="btn-quick-add-user"]`, but never found it.
    at eval (webpack://@primecare/cypress-test/./cypress/e2e/40_features/global-components.cy.ts:26:0)
at Array.forEach (<anonymous>)
    at Context.eval (webpack://@primecare/cypress-test/./cypress/e2e/40_features/global-components.cy.ts:22:0)]]></failure>
    </testcase>
  </testsuite>
</testsuites>