<?xml version="1.0" encoding="UTF-8"?>
<testsuites name="Mocha Tests" time="2489.502" tests="44" failures="36">
  <testsuite name="Root Suite" timestamp="2026-02-12T23:43:00" tests="0" file="cypress\e2e\admin\regression\forms.cy.ts" time="0.000" failures="0">
  </testsuite>
  <testsuite name="Global Enterprise Form Audit" timestamp="2026-02-12T23:43:00" tests="0" time="0.000" failures="0">
  </testsuite>
  <testsuite name="Form Audit: Profile Update" timestamp="2026-02-12T23:43:00" tests="2" time="111.788" failures="2">
    <testcase name="Global Enterprise Form Audit Form Audit: Profile Update Layer 1 &amp; 2: Structural &amp; Contract Integrity" time="17.821" classname="Layer 1 &amp; 2: Structural &amp; Contract Integrity">
      <failure message="Timed out retrying after 15000ms: Expected to find element: `[data-cy=&quot;form.profile.page&quot;]`, but never found it." type="AssertionError"><![CDATA[AssertionError: Timed out retrying after 15000ms: Expected to find element: `[data-cy="form.profile.page"]`, but never found it.
    at Context.eval (webpack://@primecare/cypress-test/./cypress/e2e/admin/regression/forms.cy.ts:227:0)]]></failure>
    </testcase>
    <testcase name="Global Enterprise Form Audit Form Audit: Profile Update Layer 6: Unsaved Changes Guard Verification" time="18.297" classname="Layer 6: Unsaved Changes Guard Verification">
      <failure message="Timed out retrying after 15000ms: Expected to find element: `[data-cy=&quot;form.profile.fullname&quot;]`, but never found it." type="AssertionError"><![CDATA[AssertionError: Timed out retrying after 15000ms: Expected to find element: `[data-cy="form.profile.fullname"]`, but never found it.
    at Context.eval (webpack://@primecare/cypress-test/./cypress/e2e/admin/regression/forms.cy.ts:231:0)]]></failure>
    </testcase>
  </testsuite>
  <testsuite name="Form Audit: Daily Care Entry" timestamp="2026-02-12T23:44:52" tests="2" time="114.287" failures="2">
    <testcase name="Global Enterprise Form Audit Form Audit: Daily Care Entry Layer 1 &amp; 2: Structural &amp; Contract Integrity" time="18.699" classname="Layer 1 &amp; 2: Structural &amp; Contract Integrity">
      <failure message="Timed out retrying after 15000ms: Expected to find element: `[data-cy=&quot;form.daily.page&quot;]`, but never found it." type="AssertionError"><![CDATA[AssertionError: Timed out retrying after 15000ms: Expected to find element: `[data-cy="form.daily.page"]`, but never found it.
    at Context.eval (webpack://@primecare/cypress-test/./cypress/e2e/admin/regression/forms.cy.ts:227:0)]]></failure>
    </testcase>
    <testcase name="Global Enterprise Form Audit Form Audit: Daily Care Entry Layer 6: Unsaved Changes Guard Verification" time="20.144" classname="Layer 6: Unsaved Changes Guard Verification">
      <failure message="Timed out retrying after 15000ms: Expected to find element: `[data-cy=&quot;guard.unsaved.dialog&quot;]`, but never found it." type="AssertionError"><![CDATA[AssertionError: Timed out retrying after 15000ms: Expected to find element: `[data-cy="guard.unsaved.dialog"]`, but never found it.
    at Context.eval (webpack://@primecare/cypress-test/./cypress/e2e/admin/regression/forms.cy.ts:241:0)]]></failure>
    </testcase>
  </testsuite>
  <testsuite name="Form Audit: Service Configuration" timestamp="2026-02-12T23:46:46" tests="2" time="55.056" failures="1">
    <testcase name="Global Enterprise Form Audit Form Audit: Service Configuration &quot;before each&quot; hook for &quot;Layer 1 &amp; 2: Structural &amp; Contract Integrity&quot;" time="18.478" classname="&quot;before each&quot; hook for &quot;Layer 1 &amp; 2: Structural &amp; Contract Integrity&quot;">
      <failure message="Timed out retrying after 15000ms: Expected to find element: `[data-cy=&quot;btn.service.add&quot;]`, but never found it.

Because this error occurred during a `before each` hook we are skipping the remaining tests in the current suite: `Form Audit: Service Configu...`" type="AssertionError"><![CDATA[AssertionError: Timed out retrying after 15000ms: Expected to find element: `[data-cy="btn.service.add"]`, but never found it.

Because this error occurred during a `before each` hook we are skipping the remaining tests in the current suite: `Form Audit: Service Configu...`
    at Context.eval (webpack://@primecare/cypress-test/./cypress/e2e/admin/regression/forms.cy.ts:222:0)]]></failure>
    </testcase>
  </testsuite>
  <testsuite name="Form Audit: Client Admission" timestamp="2026-02-12T23:47:41" tests="2" time="113.269" failures="2">
    <testcase name="Global Enterprise Form Audit Form Audit: Client Admission Layer 1 &amp; 2: Structural &amp; Contract Integrity" time="19.083" classname="Layer 1 &amp; 2: Structural &amp; Contract Integrity">
      <failure message="Timed out retrying after 15000ms: Expected to find element: `[data-cy=&quot;form.client.page&quot;]`, but never found it." type="AssertionError"><![CDATA[AssertionError: Timed out retrying after 15000ms: Expected to find element: `[data-cy="form.client.page"]`, but never found it.
    at Context.eval (webpack://@primecare/cypress-test/./cypress/e2e/admin/regression/forms.cy.ts:227:0)]]></failure>
    </testcase>
    <testcase name="Global Enterprise Form Audit Form Audit: Client Admission Layer 6: Unsaved Changes Guard Verification" time="18.974" classname="Layer 6: Unsaved Changes Guard Verification">
      <failure message="Timed out retrying after 15000ms: Expected to find element: `[data-cy=&quot;form.client.fullname&quot;]`, but never found it." type="AssertionError"><![CDATA[AssertionError: Timed out retrying after 15000ms: Expected to find element: `[data-cy="form.client.fullname"]`, but never found it.
    at Context.eval (webpack://@primecare/cypress-test/./cypress/e2e/admin/regression/forms.cy.ts:231:0)]]></failure>
    </testcase>
  </testsuite>
  <testsuite name="Form Audit: Staff Evaluation" timestamp="2026-02-12T23:49:35" tests="2" time="114.751" failures="2">
    <testcase name="Global Enterprise Form Audit Form Audit: Staff Evaluation Layer 1 &amp; 2: Structural &amp; Contract Integrity" time="18.288" classname="Layer 1 &amp; 2: Structural &amp; Contract Integrity">
      <failure message="Timed out retrying after 15000ms: Expected to find element: `[data-cy=&quot;form.evaluation.page&quot;]`, but never found it." type="AssertionError"><![CDATA[AssertionError: Timed out retrying after 15000ms: Expected to find element: `[data-cy="form.evaluation.page"]`, but never found it.
    at Context.eval (webpack://@primecare/cypress-test/./cypress/e2e/admin/regression/forms.cy.ts:227:0)]]></failure>
    </testcase>
    <testcase name="Global Enterprise Form Audit Form Audit: Staff Evaluation Layer 6: Unsaved Changes Guard Verification" time="19.647" classname="Layer 6: Unsaved Changes Guard Verification">
      <failure message="Timed out retrying after 15000ms: Expected to find element: `[data-cy=&quot;guard.unsaved.dialog&quot;]`, but never found it." type="AssertionError"><![CDATA[AssertionError: Timed out retrying after 15000ms: Expected to find element: `[data-cy="guard.unsaved.dialog"]`, but never found it.
    at Context.eval (webpack://@primecare/cypress-test/./cypress/e2e/admin/regression/forms.cy.ts:241:0)]]></failure>
    </testcase>
  </testsuite>
  <testsuite name="Form Audit: Service Review" timestamp="2026-02-12T23:51:29" tests="2" time="69.137" failures="1">
    <testcase name="Global Enterprise Form Audit Form Audit: Service Review Layer 1 &amp; 2: Structural &amp; Contract Integrity" time="2.131" classname="Layer 1 &amp; 2: Structural &amp; Contract Integrity">
    </testcase>
    <testcase name="Global Enterprise Form Audit Form Audit: Service Review Layer 6: Unsaved Changes Guard Verification" time="20.162" classname="Layer 6: Unsaved Changes Guard Verification">
      <failure message="Timed out retrying after 15000ms: Expected to find element: `[data-cy=&quot;guard.unsaved.dialog&quot;]`, but never found it." type="AssertionError"><![CDATA[AssertionError: Timed out retrying after 15000ms: Expected to find element: `[data-cy="guard.unsaved.dialog"]`, but never found it.
    at Context.eval (webpack://@primecare/cypress-test/./cypress/e2e/admin/regression/forms.cy.ts:241:0)]]></failure>
    </testcase>
  </testsuite>
  <testsuite name="Form Audit: Expense Report" timestamp="2026-02-12T23:52:38" tests="2" time="61.370" failures="1">
    <testcase name="Global Enterprise Form Audit Form Audit: Expense Report &quot;before each&quot; hook for &quot;Layer 1 &amp; 2: Structural &amp; Contract Integrity&quot;" time="20.461" classname="&quot;before each&quot; hook for &quot;Layer 1 &amp; 2: Structural &amp; Contract Integrity&quot;">
      <failure message="Timed out retrying after 15000ms: expected &apos;https://primecare-admin.pages.dev/login&apos; to not include &apos;/login&apos;

Because this error occurred during a `before each` hook we are skipping the remaining tests in the current suite: `Form Audit: Expense Report`" type="AssertionError"><![CDATA[AssertionError: Timed out retrying after 15000ms: expected 'https://primecare-admin.pages.dev/login' to not include '/login'

Because this error occurred during a `before each` hook we are skipping the remaining tests in the current suite: `Form Audit: Expense Report`
    at Context.eval (webpack://@primecare/cypress-test/./cypress/support/commands/auth.ts:29:33)]]></failure>
    </testcase>
  </testsuite>
  <testsuite name="Form Audit: Availability Update" timestamp="2026-02-12T23:53:40" tests="2" time="111.893" failures="1">
    <testcase name="Global Enterprise Form Audit Form Audit: Availability Update Layer 1 &amp; 2: Structural &amp; Contract Integrity" time="19.398" classname="Layer 1 &amp; 2: Structural &amp; Contract Integrity">
    </testcase>
    <testcase name="Global Enterprise Form Audit Form Audit: Availability Update &quot;before each&quot; hook for &quot;Layer 6: Unsaved Changes Guard Verification&quot;" time="27.788" classname="&quot;before each&quot; hook for &quot;Layer 6: Unsaved Changes Guard Verification&quot;">
      <failure message="Timed out retrying after 15000ms: expected &apos;https://primecare-admin.pages.dev/login&apos; to not include &apos;/login&apos;

Because this error occurred during a `before each` hook we are skipping the remaining tests in the current suite: `Form Audit: Availability Up...`" type="AssertionError"><![CDATA[AssertionError: Timed out retrying after 15000ms: expected 'https://primecare-admin.pages.dev/login' to not include '/login'

Because this error occurred during a `before each` hook we are skipping the remaining tests in the current suite: `Form Audit: Availability Up...`
    at Context.eval (webpack://@primecare/cypress-test/./cypress/support/commands/auth.ts:29:33)]]></failure>
    </testcase>
  </testsuite>
  <testsuite name="Form Audit: Client Feedback" timestamp="2026-02-12T23:55:32" tests="2" time="73.928" failures="1">
    <testcase name="Global Enterprise Form Audit Form Audit: Client Feedback &quot;before each&quot; hook for &quot;Layer 1 &amp; 2: Structural &amp; Contract Integrity&quot;" time="26.680" classname="&quot;before each&quot; hook for &quot;Layer 1 &amp; 2: Structural &amp; Contract Integrity&quot;">
      <failure message="Timed out retrying after 15000ms: expected &apos;https://primecare-admin.pages.dev/login&apos; to not include &apos;/login&apos;

Because this error occurred during a `before each` hook we are skipping the remaining tests in the current suite: `Form Audit: Client Feedback`" type="AssertionError"><![CDATA[AssertionError: Timed out retrying after 15000ms: expected 'https://primecare-admin.pages.dev/login' to not include '/login'

Because this error occurred during a `before each` hook we are skipping the remaining tests in the current suite: `Form Audit: Client Feedback`
    at Context.eval (webpack://@primecare/cypress-test/./cypress/support/commands/auth.ts:29:33)]]></failure>
    </testcase>
  </testsuite>
  <testsuite name="Form Audit: Visit Completion" timestamp="2026-02-12T23:56:46" tests="2" time="137.102" failures="2">
    <testcase name="Global Enterprise Form Audit Form Audit: Visit Completion Layer 1 &amp; 2: Structural &amp; Contract Integrity" time="21.857" classname="Layer 1 &amp; 2: Structural &amp; Contract Integrity">
      <failure message="Timed out retrying after 15000ms: Expected to find element: `[data-cy=&quot;form.visitComplete.page&quot;]`, but never found it." type="AssertionError"><![CDATA[AssertionError: Timed out retrying after 15000ms: Expected to find element: `[data-cy="form.visitComplete.page"]`, but never found it.
    at Context.eval (webpack://@primecare/cypress-test/./cypress/e2e/admin/regression/forms.cy.ts:227:0)]]></failure>
    </testcase>
    <testcase name="Global Enterprise Form Audit Form Audit: Visit Completion &quot;before each&quot; hook for &quot;Layer 6: Unsaved Changes Guard Verification&quot;" time="23.749" classname="&quot;before each&quot; hook for &quot;Layer 6: Unsaved Changes Guard Verification&quot;">
      <failure message="Timed out retrying after 15000ms: expected &apos;https://primecare-admin.pages.dev/login&apos; to not include &apos;/login&apos;

Because this error occurred during a `before each` hook we are skipping the remaining tests in the current suite: `Form Audit: Visit Completion`" type="AssertionError"><![CDATA[AssertionError: Timed out retrying after 15000ms: expected 'https://primecare-admin.pages.dev/login' to not include '/login'

Because this error occurred during a `before each` hook we are skipping the remaining tests in the current suite: `Form Audit: Visit Completion`
    at Context.eval (webpack://@primecare/cypress-test/./cypress/support/commands/auth.ts:29:33)]]></failure>
    </testcase>
  </testsuite>
  <testsuite name="Form Audit: Booking Request" timestamp="2026-02-12T23:59:03" tests="2" time="60.896" failures="1">
    <testcase name="Global Enterprise Form Audit Form Audit: Booking Request &quot;before each&quot; hook for &quot;Layer 1 &amp; 2: Structural &amp; Contract Integrity&quot;" time="19.954" classname="&quot;before each&quot; hook for &quot;Layer 1 &amp; 2: Structural &amp; Contract Integrity&quot;">
      <failure message="Timed out retrying after 15000ms: expected &apos;https://primecare-admin.pages.dev/login&apos; to not include &apos;/login&apos;

Because this error occurred during a `before each` hook we are skipping the remaining tests in the current suite: `Form Audit: Booking Request`" type="AssertionError"><![CDATA[AssertionError: Timed out retrying after 15000ms: expected 'https://primecare-admin.pages.dev/login' to not include '/login'

Because this error occurred during a `before each` hook we are skipping the remaining tests in the current suite: `Form Audit: Booking Request`
    at Context.eval (webpack://@primecare/cypress-test/./cypress/support/commands/auth.ts:29:33)]]></failure>
    </testcase>
  </testsuite>
  <testsuite name="Form Audit: Support Ticket" timestamp="2026-02-13T00:00:04" tests="2" time="134.275" failures="2">
    <testcase name="Global Enterprise Form Audit Form Audit: Support Ticket Layer 1 &amp; 2: Structural &amp; Contract Integrity" time="24.447" classname="Layer 1 &amp; 2: Structural &amp; Contract Integrity">
      <failure message="Timed out retrying after 15000ms: Expected to find element: `[data-cy=&quot;form.supportTicket.page&quot;]`, but never found it." type="AssertionError"><![CDATA[AssertionError: Timed out retrying after 15000ms: Expected to find element: `[data-cy="form.supportTicket.page"]`, but never found it.
    at Context.eval (webpack://@primecare/cypress-test/./cypress/e2e/admin/regression/forms.cy.ts:227:0)]]></failure>
    </testcase>
    <testcase name="Global Enterprise Form Audit Form Audit: Support Ticket Layer 6: Unsaved Changes Guard Verification" time="21.754" classname="Layer 6: Unsaved Changes Guard Verification">
      <failure message="Timed out retrying after 15000ms: Expected to find element: `[data-cy=&quot;form.supportTicket.subject&quot;]`, but never found it." type="AssertionError"><![CDATA[AssertionError: Timed out retrying after 15000ms: Expected to find element: `[data-cy="form.supportTicket.subject"]`, but never found it.
    at Context.eval (webpack://@primecare/cypress-test/./cypress/e2e/admin/regression/forms.cy.ts:231:0)]]></failure>
    </testcase>
  </testsuite>
  <testsuite name="Form Audit: Location Mgmt" timestamp="2026-02-13T00:02:18" tests="2" time="140.004" failures="2">
    <testcase name="Global Enterprise Form Audit Form Audit: Location Mgmt Layer 1 &amp; 2: Structural &amp; Contract Integrity" time="24.040" classname="Layer 1 &amp; 2: Structural &amp; Contract Integrity">
      <failure message="Timed out retrying after 15000ms: Expected to find element: `[data-cy=&quot;form.location.page&quot;]`, but never found it." type="AssertionError"><![CDATA[AssertionError: Timed out retrying after 15000ms: Expected to find element: `[data-cy="form.location.page"]`, but never found it.
    at Context.eval (webpack://@primecare/cypress-test/./cypress/e2e/admin/regression/forms.cy.ts:227:0)]]></failure>
    </testcase>
    <testcase name="Global Enterprise Form Audit Form Audit: Location Mgmt Layer 6: Unsaved Changes Guard Verification" time="23.790" classname="Layer 6: Unsaved Changes Guard Verification">
      <failure message="Timed out retrying after 15000ms: Expected to find element: `[data-cy=&quot;form.location.name&quot;]`, but never found it." type="AssertionError"><![CDATA[AssertionError: Timed out retrying after 15000ms: Expected to find element: `[data-cy="form.location.name"]`, but never found it.
    at Context.eval (webpack://@primecare/cypress-test/./cypress/e2e/admin/regression/forms.cy.ts:231:0)]]></failure>
    </testcase>
  </testsuite>
  <testsuite name="Form Audit: Billing Portal" timestamp="2026-02-13T00:04:38" tests="2" time="61.609" failures="1">
    <testcase name="Global Enterprise Form Audit Form Audit: Billing Portal &quot;before each&quot; hook for &quot;Layer 1 &amp; 2: Structural &amp; Contract Integrity&quot;" time="20.774" classname="&quot;before each&quot; hook for &quot;Layer 1 &amp; 2: Structural &amp; Contract Integrity&quot;">
      <failure message="Timed out retrying after 15000ms: expected &apos;https://primecare-admin.pages.dev/login&apos; to not include &apos;/login&apos;

Because this error occurred during a `before each` hook we are skipping the remaining tests in the current suite: `Form Audit: Billing Portal`" type="AssertionError"><![CDATA[AssertionError: Timed out retrying after 15000ms: expected 'https://primecare-admin.pages.dev/login' to not include '/login'

Because this error occurred during a `before each` hook we are skipping the remaining tests in the current suite: `Form Audit: Billing Portal`
    at Context.eval (webpack://@primecare/cypress-test/./cypress/support/commands/auth.ts:29:33)]]></failure>
    </testcase>
  </testsuite>
  <testsuite name="Form Audit: User Entry" timestamp="2026-02-13T00:05:40" tests="2" time="143.989" failures="2">
    <testcase name="Global Enterprise Form Audit Form Audit: User Entry Layer 1 &amp; 2: Structural &amp; Contract Integrity" time="23.260" classname="Layer 1 &amp; 2: Structural &amp; Contract Integrity">
      <failure message="Timed out retrying after 15000ms: Expected to find element: `[data-cy=&quot;form.user.page&quot;]`, but never found it." type="AssertionError"><![CDATA[AssertionError: Timed out retrying after 15000ms: Expected to find element: `[data-cy="form.user.page"]`, but never found it.
    at Context.eval (webpack://@primecare/cypress-test/./cypress/e2e/admin/regression/forms.cy.ts:227:0)]]></failure>
    </testcase>
    <testcase name="Global Enterprise Form Audit Form Audit: User Entry Layer 6: Unsaved Changes Guard Verification" time="24.050" classname="Layer 6: Unsaved Changes Guard Verification">
      <failure message="Timed out retrying after 15000ms: Expected to find element: `[data-cy=&quot;form.user.fullName&quot;]`, but never found it." type="AssertionError"><![CDATA[AssertionError: Timed out retrying after 15000ms: Expected to find element: `[data-cy="form.user.fullName"]`, but never found it.
    at Context.eval (webpack://@primecare/cypress-test/./cypress/e2e/admin/regression/forms.cy.ts:231:0)]]></failure>
    </testcase>
  </testsuite>
  <testsuite name="Form Audit: Incident Report" timestamp="2026-02-13T00:08:04" tests="2" time="138.139" failures="2">
    <testcase name="Global Enterprise Form Audit Form Audit: Incident Report Layer 1 &amp; 2: Structural &amp; Contract Integrity" time="22.804" classname="Layer 1 &amp; 2: Structural &amp; Contract Integrity">
      <failure message="Timed out retrying after 15000ms: Expected to find element: `[data-cy=&quot;form.incident.page&quot;]`, but never found it." type="AssertionError"><![CDATA[AssertionError: Timed out retrying after 15000ms: Expected to find element: `[data-cy="form.incident.page"]`, but never found it.
    at Context.eval (webpack://@primecare/cypress-test/./cypress/e2e/admin/regression/forms.cy.ts:227:0)]]></failure>
    </testcase>
    <testcase name="Global Enterprise Form Audit Form Audit: Incident Report Layer 6: Unsaved Changes Guard Verification" time="23.944" classname="Layer 6: Unsaved Changes Guard Verification">
      <failure message="Timed out retrying after 15000ms: Expected to find element: `[data-cy=&quot;form.incident.description&quot;]`, but never found it." type="AssertionError"><![CDATA[AssertionError: Timed out retrying after 15000ms: Expected to find element: `[data-cy="form.incident.description"]`, but never found it.
    at Context.eval (webpack://@primecare/cypress-test/./cypress/e2e/admin/regression/forms.cy.ts:231:0)]]></failure>
    </testcase>
  </testsuite>
  <testsuite name="Form Audit: Timesheet Adjustment" timestamp="2026-02-13T00:10:22" tests="2" time="147.893" failures="2">
    <testcase name="Global Enterprise Form Audit Form Audit: Timesheet Adjustment Layer 1 &amp; 2: Structural &amp; Contract Integrity" time="25.314" classname="Layer 1 &amp; 2: Structural &amp; Contract Integrity">
      <failure message="Timed out retrying after 15000ms: Expected to find element: `[data-cy=&quot;form.timesheet.page&quot;]`, but never found it." type="AssertionError"><![CDATA[AssertionError: Timed out retrying after 15000ms: Expected to find element: `[data-cy="form.timesheet.page"]`, but never found it.
    at Context.eval (webpack://@primecare/cypress-test/./cypress/e2e/admin/regression/forms.cy.ts:227:0)]]></failure>
    </testcase>
    <testcase name="Global Enterprise Form Audit Form Audit: Timesheet Adjustment Layer 6: Unsaved Changes Guard Verification" time="23.438" classname="Layer 6: Unsaved Changes Guard Verification">
      <failure message="Timed out retrying after 15000ms: Expected to find element: `[data-cy=&quot;form.timesheet.hours&quot;]`, but never found it." type="AssertionError"><![CDATA[AssertionError: Timed out retrying after 15000ms: Expected to find element: `[data-cy="form.timesheet.hours"]`, but never found it.
    at Context.eval (webpack://@primecare/cypress-test/./cypress/e2e/admin/regression/forms.cy.ts:231:0)]]></failure>
    </testcase>
  </testsuite>
  <testsuite name="Form Audit: Lead Entry" timestamp="2026-02-13T00:12:50" tests="2" time="143.403" failures="2">
    <testcase name="Global Enterprise Form Audit Form Audit: Lead Entry Layer 1 &amp; 2: Structural &amp; Contract Integrity" time="26.632" classname="Layer 1 &amp; 2: Structural &amp; Contract Integrity">
      <failure message="Timed out retrying after 15000ms: Expected to find element: `[data-cy=&quot;form.lead.page&quot;]`, but never found it." type="AssertionError"><![CDATA[AssertionError: Timed out retrying after 15000ms: Expected to find element: `[data-cy="form.lead.page"]`, but never found it.
    at Context.eval (webpack://@primecare/cypress-test/./cypress/e2e/admin/regression/forms.cy.ts:227:0)]]></failure>
    </testcase>
    <testcase name="Global Enterprise Form Audit Form Audit: Lead Entry Layer 6: Unsaved Changes Guard Verification" time="24.113" classname="Layer 6: Unsaved Changes Guard Verification">
      <failure message="Timed out retrying after 15000ms: Expected to find element: `[data-cy=&quot;form.lead.fullName&quot;]`, but never found it." type="AssertionError"><![CDATA[AssertionError: Timed out retrying after 15000ms: Expected to find element: `[data-cy="form.lead.fullName"]`, but never found it.
    at Context.eval (webpack://@primecare/cypress-test/./cypress/e2e/admin/regression/forms.cy.ts:231:0)]]></failure>
    </testcase>
  </testsuite>
  <testsuite name="Form Audit: Role Permissions" timestamp="2026-02-13T00:15:13" tests="2" time="165.915" failures="2">
    <testcase name="Global Enterprise Form Audit Form Audit: Role Permissions Layer 1 &amp; 2: Structural &amp; Contract Integrity" time="25.777" classname="Layer 1 &amp; 2: Structural &amp; Contract Integrity">
      <failure message="Timed out retrying after 15000ms: Expected to find element: `[data-cy=&quot;form.role.page&quot;]`, but never found it." type="AssertionError"><![CDATA[AssertionError: Timed out retrying after 15000ms: Expected to find element: `[data-cy="form.role.page"]`, but never found it.
    at Context.eval (webpack://@primecare/cypress-test/./cypress/e2e/admin/regression/forms.cy.ts:227:0)]]></failure>
    </testcase>
    <testcase name="Global Enterprise Form Audit Form Audit: Role Permissions Layer 6: Unsaved Changes Guard Verification" time="23.720" classname="Layer 6: Unsaved Changes Guard Verification">
      <failure message="Timed out retrying after 15000ms: Expected to find element: `[data-cy=&quot;form.role.grid&quot;]`, but never found it." type="AssertionError"><![CDATA[AssertionError: Timed out retrying after 15000ms: Expected to find element: `[data-cy="form.role.grid"]`, but never found it.
    at Context.eval (webpack://@primecare/cypress-test/./cypress/e2e/admin/regression/forms.cy.ts:231:0)]]></failure>
    </testcase>
  </testsuite>
  <testsuite name="Form Audit: Message Templates" timestamp="2026-02-13T00:17:59" tests="2" time="171.187" failures="2">
    <testcase name="Global Enterprise Form Audit Form Audit: Message Templates Layer 1 &amp; 2: Structural &amp; Contract Integrity" time="27.854" classname="Layer 1 &amp; 2: Structural &amp; Contract Integrity">
      <failure message="Timed out retrying after 15000ms: Expected to find element: `[data-cy=&quot;form.template.page&quot;]`, but never found it." type="AssertionError"><![CDATA[AssertionError: Timed out retrying after 15000ms: Expected to find element: `[data-cy="form.template.page"]`, but never found it.
    at Context.eval (webpack://@primecare/cypress-test/./cypress/e2e/admin/regression/forms.cy.ts:227:0)]]></failure>
    </testcase>
    <testcase name="Global Enterprise Form Audit Form Audit: Message Templates Layer 6: Unsaved Changes Guard Verification" time="28.129" classname="Layer 6: Unsaved Changes Guard Verification">
      <failure message="Timed out retrying after 15000ms: Expected to find element: `[data-cy=&quot;form.template.body&quot;]`, but never found it." type="AssertionError"><![CDATA[AssertionError: Timed out retrying after 15000ms: Expected to find element: `[data-cy="form.template.body"]`, but never found it.
    at Context.eval (webpack://@primecare/cypress-test/./cypress/e2e/admin/regression/forms.cy.ts:231:0)]]></failure>
    </testcase>
  </testsuite>
  <testsuite name="Form Audit: Invoice Creation" timestamp="2026-02-13T00:20:50" tests="2" time="150.579" failures="2">
    <testcase name="Global Enterprise Form Audit Form Audit: Invoice Creation Layer 1 &amp; 2: Structural &amp; Contract Integrity" time="28.026" classname="Layer 1 &amp; 2: Structural &amp; Contract Integrity">
      <failure message="Timed out retrying after 15000ms: Expected to find element: `[data-cy=&quot;form.invoice.page&quot;]`, but never found it." type="AssertionError"><![CDATA[AssertionError: Timed out retrying after 15000ms: Expected to find element: `[data-cy="form.invoice.page"]`, but never found it.
    at Context.eval (webpack://@primecare/cypress-test/./cypress/e2e/admin/regression/forms.cy.ts:227:0)]]></failure>
    </testcase>
    <testcase name="Global Enterprise Form Audit Form Audit: Invoice Creation Layer 6: Unsaved Changes Guard Verification" time="25.461" classname="Layer 6: Unsaved Changes Guard Verification">
      <failure message="Timed out retrying after 15000ms: Expected to find element: `[data-cy=&quot;&quot;]`, but never found it." type="AssertionError"><![CDATA[AssertionError: Timed out retrying after 15000ms: Expected to find element: `[data-cy=""]`, but never found it.
    at Context.eval (webpack://@primecare/cypress-test/./cypress/e2e/admin/regression/forms.cy.ts:231:0)]]></failure>
    </testcase>
  </testsuite>
  <testsuite name="Form Audit: Shift Confirmation" timestamp="2026-02-13T00:23:21" tests="2" time="68.983" failures="1">
    <testcase name="Global Enterprise Form Audit Form Audit: Shift Confirmation &quot;before each&quot; hook for &quot;Layer 1 &amp; 2: Structural &amp; Contract Integrity&quot;" time="23.862" classname="&quot;before each&quot; hook for &quot;Layer 1 &amp; 2: Structural &amp; Contract Integrity&quot;">
      <failure message="Timed out retrying after 15000ms: expected &apos;https://primecare-admin.pages.dev/login&apos; to not include &apos;/login&apos;

Because this error occurred during a `before each` hook we are skipping the remaining tests in the current suite: `Form Audit: Shift Confirmation`" type="AssertionError"><![CDATA[AssertionError: Timed out retrying after 15000ms: expected 'https://primecare-admin.pages.dev/login' to not include '/login'

Because this error occurred during a `before each` hook we are skipping the remaining tests in the current suite: `Form Audit: Shift Confirmation`
    at Context.eval (webpack://@primecare/cypress-test/./cypress/support/commands/auth.ts:29:33)]]></failure>
    </testcase>
  </testsuite>
</testsuites>