<?xml version="1.0" encoding="UTF-8"?>
<testsuites name="Mocha Tests" time="3.987" tests="2" failures="2">
  <testsuite name="Root Suite" timestamp="2026-02-10T23:17:24" tests="0" file="cypress\e2e\20_contracts\api.contracts.cy.ts" time="0.000" failures="0">
  </testsuite>
  <testsuite name="API Contract Verification (UI-less)" timestamp="2026-02-10T23:17:24" tests="2" time="3.971" failures="2">
    <testcase name="API Contract Verification (UI-less) GET /user/profile returns correct identity shape" time="0.682" classname="GET /user/profile returns correct identity shape">
      <failure message="`cy.request()` failed on:

https://primecare-api.itpro-mohammed.workers.dev/v1/auth/login

The response we received from your web server was:

  &gt; 500: Internal Server Error

This was considered a failure because the status code was not `2xx` or `3xx`.

If you do not want status codes to cause failures pass the option: `failOnStatusCode: false`

-----------------------------------------------------------

The request we sent was:

Method: POST
URL: https://primecare-api.itpro-mohammed.workers.dev/v1/auth/login
Headers: {
  &quot;Connection&quot;: &quot;keep-alive&quot;,
  &quot;user-agent&quot;: &quot;Mozilla/5.0 (Windows NT 10.0; Win64; x64) AppleWebKit/537.36 (KHTML, like Gecko) Cypress/13.17.0 Chrome/118.0.5993.159 Electron/27.3.10 Safari/537.36&quot;,
  &quot;accept&quot;: &quot;*/*&quot;,
  &quot;accept-encoding&quot;: &quot;gzip, deflate&quot;,
  &quot;content-type&quot;: &quot;application/json&quot;,
  &quot;content-length&quot;: 62
}
Body: {&quot;email&quot;:&quot;admin.prime@primecare.ca&quot;,&quot;password&quot;:&quot;Password123!&quot;}

-----------------------------------------------------------

The response we got was:

Status: 500 - Internal Server Error
Headers: {
  &quot;date&quot;: &quot;Tue, 10 Feb 2026 23:17:26 GMT&quot;,
  &quot;content-type&quot;: &quot;text/plain; charset=UTF-8&quot;,
  &quot;content-length&quot;: &quot;21&quot;,
  &quot;connection&quot;: &quot;keep-alive&quot;,
  &quot;access-control-allow-origin&quot;: &quot;*&quot;,
  &quot;access-control-allow-credentials&quot;: &quot;true&quot;,
  &quot;access-control-expose-headers&quot;: &quot;Content-Length&quot;,
  &quot;report-to&quot;: &quot;{\&quot;group\&quot;:\&quot;cf-nel\&quot;,\&quot;max_age\&quot;:604800,\&quot;endpoints\&quot;:[{\&quot;url\&quot;:\&quot;https://a.nel.cloudflare.com/report/v4?s=EWJiRBFYHoO0FDmOLDiExI%2B%2Ff46NMBcbDfnRDUsslzgbCvHmgNdSirzrd%2FeejM%2BW8dgv3G%2BRvMyEU3AQdzsgiHTGQ9axgB9A7AMBk%2F7lS4OZBoFUx%2FDrwKpnNZ%2F9FBhzSXDoWSu8ySdIbqHtmJ%2FWDIThJ7w%3D\&quot;}]}&quot;,
  &quot;nel&quot;: &quot;{\&quot;report_to\&quot;:\&quot;cf-nel\&quot;,\&quot;success_fraction\&quot;:0.0,\&quot;max_age\&quot;:604800}&quot;,
  &quot;server&quot;: &quot;cloudflare&quot;,
  &quot;cf-ray&quot;: &quot;9cbf51e7e8e7e21a-YYZ&quot;,
  &quot;alt-svc&quot;: &quot;h3=\&quot;:443\&quot;; ma=86400&quot;
}
Body: Internal Server Error


https://on.cypress.io/request" type="CypressError"><![CDATA[CypressError: `cy.request()` failed on:

https://primecare-api.itpro-mohammed.workers.dev/v1/auth/login

The response we received from your web server was:

  > 500: Internal Server Error

This was considered a failure because the status code was not `2xx` or `3xx`.

If you do not want status codes to cause failures pass the option: `failOnStatusCode: false`

-----------------------------------------------------------

The request we sent was:

Method: POST
URL: https://primecare-api.itpro-mohammed.workers.dev/v1/auth/login
Headers: {
  "Connection": "keep-alive",
  "user-agent": "Mozilla/5.0 (Windows NT 10.0; Win64; x64) AppleWebKit/537.36 (KHTML, like Gecko) Cypress/13.17.0 Chrome/118.0.5993.159 Electron/27.3.10 Safari/537.36",
  "accept": "*/*",
  "accept-encoding": "gzip, deflate",
  "content-type": "application/json",
  "content-length": 62
}
Body: {"email":"admin.prime@primecare.ca","password":"Password123!"}

-----------------------------------------------------------

The response we got was:

Status: 500 - Internal Server Error
Headers: {
  "date": "Tue, 10 Feb 2026 23:17:26 GMT",
  "content-type": "text/plain; charset=UTF-8",
  "content-length": "21",
  "connection": "keep-alive",
  "access-control-allow-origin": "*",
  "access-control-allow-credentials": "true",
  "access-control-expose-headers": "Content-Length",
  "report-to": "{\"group\":\"cf-nel\",\"max_age\":604800,\"endpoints\":[{\"url\":\"https://a.nel.cloudflare.com/report/v4?s=EWJiRBFYHoO0FDmOLDiExI%2B%2Ff46NMBcbDfnRDUsslzgbCvHmgNdSirzrd%2FeejM%2BW8dgv3G%2BRvMyEU3AQdzsgiHTGQ9axgB9A7AMBk%2F7lS4OZBoFUx%2FDrwKpnNZ%2F9FBhzSXDoWSu8ySdIbqHtmJ%2FWDIThJ7w%3D\"}]}",
  "nel": "{\"report_to\":\"cf-nel\",\"success_fraction\":0.0,\"max_age\":604800}",
  "server": "cloudflare",
  "cf-ray": "9cbf51e7e8e7e21a-YYZ",
  "alt-svc": "h3=\":443\"; ma=86400"
}
Body: Internal Server Error


https://on.cypress.io/request
    at <unknown> (https://primecare-admin.pages.dev/__cypress/runner/cypress_runner.js:132876:72)
    at tryCatcher (https://primecare-admin.pages.dev/__cypress/runner/cypress_runner.js:1830:23)
    at Promise._settlePromiseFromHandler (https://primecare-admin.pages.dev/__cypress/runner/cypress_runner.js:1542:31)
    at Promise._settlePromise (https://primecare-admin.pages.dev/__cypress/runner/cypress_runner.js:1599:18)
    at Promise._settlePromise0 (https://primecare-admin.pages.dev/__cypress/runner/cypress_runner.js:1644:10)
    at Promise._settlePromises (https://primecare-admin.pages.dev/__cypress/runner/cypress_runner.js:1724:18)
    at _drainQueueStep (https://primecare-admin.pages.dev/__cypress/runner/cypress_runner.js:2430:12)
    at _drainQueue (https://primecare-admin.pages.dev/__cypress/runner/cypress_runner.js:2423:9)
    at Async._drainQueues (https://primecare-admin.pages.dev/__cypress/runner/cypress_runner.js:2439:5)
    at Async.drainQueues (https://primecare-admin.pages.dev/__cypress/runner/cypress_runner.js:2309:14)
From Your Spec Code:
    at Context.eval (webpack://@primecare/cypress-test/./cypress/e2e/20_contracts/api.contracts.cy.ts:7:0)]]></failure>
    </testcase>
    <testcase name="API Contract Verification (UI-less) GET /admin/stats returns expected keys" time="0.432" classname="GET /admin/stats returns expected keys">
      <failure message="`cy.request()` failed on:

https://primecare-api.itpro-mohammed.workers.dev/v1/auth/login

The response we received from your web server was:

  &gt; 500: Internal Server Error

This was considered a failure because the status code was not `2xx` or `3xx`.

If you do not want status codes to cause failures pass the option: `failOnStatusCode: false`

-----------------------------------------------------------

The request we sent was:

Method: POST
URL: https://primecare-api.itpro-mohammed.workers.dev/v1/auth/login
Headers: {
  &quot;Connection&quot;: &quot;keep-alive&quot;,
  &quot;user-agent&quot;: &quot;Mozilla/5.0 (Windows NT 10.0; Win64; x64) AppleWebKit/537.36 (KHTML, like Gecko) Cypress/13.17.0 Chrome/118.0.5993.159 Electron/27.3.10 Safari/537.36&quot;,
  &quot;accept&quot;: &quot;*/*&quot;,
  &quot;accept-encoding&quot;: &quot;gzip, deflate&quot;,
  &quot;content-type&quot;: &quot;application/json&quot;,
  &quot;content-length&quot;: 62
}
Body: {&quot;email&quot;:&quot;admin.prime@primecare.ca&quot;,&quot;password&quot;:&quot;Password123!&quot;}

-----------------------------------------------------------

The response we got was:

Status: 500 - Internal Server Error
Headers: {
  &quot;date&quot;: &quot;Tue, 10 Feb 2026 23:17:28 GMT&quot;,
  &quot;content-type&quot;: &quot;text/plain; charset=UTF-8&quot;,
  &quot;content-length&quot;: &quot;21&quot;,
  &quot;connection&quot;: &quot;keep-alive&quot;,
  &quot;access-control-allow-origin&quot;: &quot;*&quot;,
  &quot;access-control-allow-credentials&quot;: &quot;true&quot;,
  &quot;access-control-expose-headers&quot;: &quot;Content-Length&quot;,
  &quot;report-to&quot;: &quot;{\&quot;group\&quot;:\&quot;cf-nel\&quot;,\&quot;max_age\&quot;:604800,\&quot;endpoints\&quot;:[{\&quot;url\&quot;:\&quot;https://a.nel.cloudflare.com/report/v4?s=KkZHl%2FEW1ZirsEPyqAMbZTkG5j3TZcLbneaaJqjrI%2BkfyrulwuHF6lO95ssZUvnh%2FvlVnB8PBGRbv0amKGp%2BnbL3RlfH%2Bq4JIN1By5P7Gj%2FajxUQo8AwflDppOJLH%2BhgaQnmCcJCAPtvJIYaXxzIpp4vWbs%3D\&quot;}]}&quot;,
  &quot;nel&quot;: &quot;{\&quot;report_to\&quot;:\&quot;cf-nel\&quot;,\&quot;success_fraction\&quot;:0.0,\&quot;max_age\&quot;:604800}&quot;,
  &quot;server&quot;: &quot;cloudflare&quot;,
  &quot;cf-ray&quot;: &quot;9cbf51f1fa5ae21a-YYZ&quot;,
  &quot;alt-svc&quot;: &quot;h3=\&quot;:443\&quot;; ma=86400&quot;
}
Body: Internal Server Error


https://on.cypress.io/request" type="CypressError"><![CDATA[CypressError: `cy.request()` failed on:

https://primecare-api.itpro-mohammed.workers.dev/v1/auth/login

The response we received from your web server was:

  > 500: Internal Server Error

This was considered a failure because the status code was not `2xx` or `3xx`.

If you do not want status codes to cause failures pass the option: `failOnStatusCode: false`

-----------------------------------------------------------

The request we sent was:

Method: POST
URL: https://primecare-api.itpro-mohammed.workers.dev/v1/auth/login
Headers: {
  "Connection": "keep-alive",
  "user-agent": "Mozilla/5.0 (Windows NT 10.0; Win64; x64) AppleWebKit/537.36 (KHTML, like Gecko) Cypress/13.17.0 Chrome/118.0.5993.159 Electron/27.3.10 Safari/537.36",
  "accept": "*/*",
  "accept-encoding": "gzip, deflate",
  "content-type": "application/json",
  "content-length": 62
}
Body: {"email":"admin.prime@primecare.ca","password":"Password123!"}

-----------------------------------------------------------

The response we got was:

Status: 500 - Internal Server Error
Headers: {
  "date": "Tue, 10 Feb 2026 23:17:28 GMT",
  "content-type": "text/plain; charset=UTF-8",
  "content-length": "21",
  "connection": "keep-alive",
  "access-control-allow-origin": "*",
  "access-control-allow-credentials": "true",
  "access-control-expose-headers": "Content-Length",
  "report-to": "{\"group\":\"cf-nel\",\"max_age\":604800,\"endpoints\":[{\"url\":\"https://a.nel.cloudflare.com/report/v4?s=KkZHl%2FEW1ZirsEPyqAMbZTkG5j3TZcLbneaaJqjrI%2BkfyrulwuHF6lO95ssZUvnh%2FvlVnB8PBGRbv0amKGp%2BnbL3RlfH%2Bq4JIN1By5P7Gj%2FajxUQo8AwflDppOJLH%2BhgaQnmCcJCAPtvJIYaXxzIpp4vWbs%3D\"}]}",
  "nel": "{\"report_to\":\"cf-nel\",\"success_fraction\":0.0,\"max_age\":604800}",
  "server": "cloudflare",
  "cf-ray": "9cbf51f1fa5ae21a-YYZ",
  "alt-svc": "h3=\":443\"; ma=86400"
}
Body: Internal Server Error


https://on.cypress.io/request
    at <unknown> (https://primecare-admin.pages.dev/__cypress/runner/cypress_runner.js:132876:72)
    at tryCatcher (https://primecare-admin.pages.dev/__cypress/runner/cypress_runner.js:1830:23)
    at Promise._settlePromiseFromHandler (https://primecare-admin.pages.dev/__cypress/runner/cypress_runner.js:1542:31)
    at Promise._settlePromise (https://primecare-admin.pages.dev/__cypress/runner/cypress_runner.js:1599:18)
    at Promise._settlePromise0 (https://primecare-admin.pages.dev/__cypress/runner/cypress_runner.js:1644:10)
    at Promise._settlePromises (https://primecare-admin.pages.dev/__cypress/runner/cypress_runner.js:1724:18)
    at _drainQueueStep (https://primecare-admin.pages.dev/__cypress/runner/cypress_runner.js:2430:12)
    at _drainQueue (https://primecare-admin.pages.dev/__cypress/runner/cypress_runner.js:2423:9)
    at Async._drainQueues (https://primecare-admin.pages.dev/__cypress/runner/cypress_runner.js:2439:5)
    at Async.drainQueues (https://primecare-admin.pages.dev/__cypress/runner/cypress_runner.js:2309:14)
From Your Spec Code:
    at Context.eval (webpack://@primecare/cypress-test/./cypress/e2e/20_contracts/api.contracts.cy.ts:29:0)]]></failure>
    </testcase>
  </testsuite>
</testsuites>