<?xml version="1.0" encoding="UTF-8"?>
<testsuites name="Mocha Tests" time="42.621" tests="1" failures="1">
  <testsuite name="Root Suite" timestamp="2026-02-11T00:10:31" tests="0" file="cypress\e2e\generated\20_contracts.cy.ts" time="0.000" failures="0">
  </testsuite>
  <testsuite name="Generated: Contracts" timestamp="2026-02-11T00:10:31" tests="1" time="42.614" failures="1">
    <testcase name="Generated: Contracts staff pages contain required data-cy elements" time="13.913" classname="staff pages contain required data-cy elements">
      <failure message="Timed out retrying after 10000ms: Expected to find element: `[data-cy=&quot;adm-dashboard&quot;]`, but never found it." type="AssertionError"><![CDATA[AssertionError: Timed out retrying after 10000ms: Expected to find element: `[data-cy="adm-dashboard"]`, but never found it.
    at eval (webpack://@primecare/cypress-test/./cypress/support/commands/contract.ts:6:65)
    at Context.eval (webpack://@primecare/cypress-test/./cypress/support/commands/contract.ts:4:0)]]></failure>
    </testcase>
  </testsuite>
</testsuites>