<?xml version="1.0" encoding="UTF-8"?>
<testsuites name="Mocha Tests" time="2.662" tests="2" failures="1">
  <testsuite name="Root Suite" timestamp="2026-02-10T22:16:23" tests="0" file="cypress\e2e\20_contracts\api.contracts.cy.ts" time="0.000" failures="0">
  </testsuite>
  <testsuite name="API Contract Verification (UI-less)" timestamp="2026-02-10T22:16:23" tests="2" time="2.646" failures="1">
    <testcase name="API Contract Verification (UI-less) GET /user/profile returns correct identity shape" time="0.156" classname="GET /user/profile returns correct identity shape">
    </testcase>
    <testcase name="API Contract Verification (UI-less) GET /admin/stats returns expected keys" time="0.548" classname="GET /admin/stats returns expected keys">
      <failure message="expected { Object (totalUsers, totalVisits, ...) } to have property &apos;userCount&apos;" type="AssertionError"><![CDATA[AssertionError: expected { Object (totalUsers, totalVisits, ...) } to have property 'userCount'
    at Context.eval (webpack://@primecare/cypress-test/./cypress/e2e/20_contracts/api.contracts.cy.ts:38:0)]]></failure>
    </testcase>
  </testsuite>
</testsuites>