<?xml version="1.0" encoding="UTF-8"?>
<testsuites name="Mocha Tests" time="10.796" tests="2" failures="0">
  <testsuite name="Root Suite" timestamp="2026-02-11T00:09:30" tests="0" file="cypress\e2e\00_smoke\admin.routes.cy.ts" time="0.000" failures="0">
  </testsuite>
  <testsuite name="Admin/Portal Routes Smoke" timestamp="2026-02-11T00:09:30" tests="2" time="10.771" failures="0">
    <testcase name="Admin/Portal Routes Smoke loads core routes as guest" time="1.271" classname="loads core routes as guest">
    </testcase>
    <testcase name="Admin/Portal Routes Smoke loads core routes as staff" time="9.097" classname="loads core routes as staff">
    </testcase>
  </testsuite>
</testsuites>