<?xml version="1.0" encoding="UTF-8"?>
<testsuites name="Mocha Tests" time="11.528" tests="1" failures="0">
  <testsuite name="Root Suite" timestamp="2026-02-10T23:29:28" tests="0" file="cypress\e2e\generated\00_marketing.smoke.cy.ts" time="0.000" failures="0">
  </testsuite>
  <testsuite name="Generated: Marketing Smoke" timestamp="2026-02-10T23:29:28" tests="1" time="11.497" failures="0">
    <testcase name="Generated: Marketing Smoke loads all marketing routes" time="6.573" classname="loads all marketing routes">
    </testcase>
  </testsuite>
</testsuites>