<?xml version="1.0" encoding="UTF-8"?>
<testsuites name="Mocha Tests" time="5.299" tests="2" failures="1">
  <testsuite name="Root Suite" timestamp="2026-02-13T02:43:32" tests="0" file="cypress\e2e\admin\regression\tables.cy.ts" time="0.000" failures="0">
  </testsuite>
  <testsuite name="Admin Table Interactions" timestamp="2026-02-13T02:43:32" tests="2" time="5.257" failures="1">
    <testcase name="Admin Table Interactions &quot;before each&quot; hook for &quot;Leads Table: Status update transition&quot;" time="1.354" classname="&quot;before each&quot; hook for &quot;Leads Table: Status update transition&quot;">
      <failure message="Browser Console Error: {}

Because this error occurred during a `before each` hook we are skipping the remaining tests in the current suite: `Admin Table Interactions`" type="Error"><![CDATA[Error: Browser Console Error: {}

Because this error occurred during a `before each` hook we are skipping the remaining tests in the current suite: `Admin Table Interactions`
    at console.eval (https://primecare-admin.pages.dev/__cypress/tests?p=cypress\support\e2e.ts:359:15)]]></failure>
    </testcase>
  </testsuite>
</testsuites>