<?xml version="1.0" encoding="UTF-8"?>
<testsuites name="Mocha Tests" time="59.223" tests="2" failures="2">
  <testsuite name="Root Suite" timestamp="2026-02-10T23:58:15" tests="0" file="cypress\e2e\40_features\form-validation.cy.ts" time="0.000" failures="0">
  </testsuite>
  <testsuite name="Form Validation Micro-tests" timestamp="2026-02-10T23:58:15" tests="2" time="59.207" failures="2">
    <testcase name="Form Validation Micro-tests Login Form: Required fields and email format" time="7.084" classname="Login Form: Required fields and email format">
      <failure message="Timed out retrying after 5000ms: `cy.wait()` timed out waiting `5000ms` for the 1st request to the route: `loginAttempt`. No request ever occurred.

https://on.cypress.io/wait" type="CypressError"><![CDATA[CypressError: Timed out retrying after 5000ms: `cy.wait()` timed out waiting `5000ms` for the 1st request to the route: `loginAttempt`. No request ever occurred.

https://on.cypress.io/wait
    at cypressErr (https://primecare-admin.pages.dev/__cypress/runner/cypress_runner.js:76065:18)
    at Object.errByPath (https://primecare-admin.pages.dev/__cypress/runner/cypress_runner.js:76119:10)
    at checkForXhr (https://primecare-admin.pages.dev/__cypress/runner/cypress_runner.js:135342:84)
    at <unknown> (https://primecare-admin.pages.dev/__cypress/runner/cypress_runner.js:135368:28)
    at tryCatcher (https://primecare-admin.pages.dev/__cypress/runner/cypress_runner.js:1830:23)
    at Promise.attempt.Promise.try (https://primecare-admin.pages.dev/__cypress/runner/cypress_runner.js:4338:29)
    at whenStable (https://primecare-admin.pages.dev/__cypress/runner/cypress_runner.js:143744:68)
    at <unknown> (https://primecare-admin.pages.dev/__cypress/runner/cypress_runner.js:143685:14)
    at tryCatcher (https://primecare-admin.pages.dev/__cypress/runner/cypress_runner.js:1830:23)
    at Promise._settlePromiseFromHandler (https://primecare-admin.pages.dev/__cypress/runner/cypress_runner.js:1542:31)
    at Promise._settlePromise (https://primecare-admin.pages.dev/__cypress/runner/cypress_runner.js:1599:18)
    at Promise._settlePromise0 (https://primecare-admin.pages.dev/__cypress/runner/cypress_runner.js:1644:10)
    at Promise._settlePromises (https://primecare-admin.pages.dev/__cypress/runner/cypress_runner.js:1724:18)
    at Promise._fulfill (https://primecare-admin.pages.dev/__cypress/runner/cypress_runner.js:1668:18)
    at <unknown> (https://primecare-admin.pages.dev/__cypress/runner/cypress_runner.js:5473:46)
From Your Spec Code:
    at Context.eval (webpack://@primecare/cypress-test/./cypress/e2e/40_features/form-validation.cy.ts:26:0)]]></failure>
    </testcase>
    <testcase name="Form Validation Micro-tests Register Form: Password mismatch validation" time="12.135" classname="Register Form: Password mismatch validation">
      <failure message="Timed out retrying after 10000ms: Expected to find element: `[data-cy=&quot;toast&quot;]`, but never found it." type="AssertionError"><![CDATA[AssertionError: Timed out retrying after 10000ms: Expected to find element: `[data-cy="toast"]`, but never found it.
    at Context.eval (webpack://@primecare/cypress-test/./cypress/e2e/40_features/form-validation.cy.ts:36:0)]]></failure>
    </testcase>
  </testsuite>
</testsuites>