<?xml version="1.0" encoding="UTF-8"?>
<testsuites name="Mocha Tests" time="23.180" tests="1" failures="1">
  <testsuite name="Root Suite" timestamp="2026-02-10T15:13:38" tests="0" file="cypress\e2e\manager\regression\daily-entry-flow.cy.ts" time="0.000" failures="0">
  </testsuite>
  <testsuite name="[REGRESSION] Manager Daily Entry Flow" timestamp="2026-02-10T15:13:38" tests="1" time="23.170" failures="1">
    <testcase name="[REGRESSION] Manager Daily Entry Flow &quot;before each&quot; hook for &quot;creates daily entry via Quick Actions&quot;" time="7.480" classname="&quot;before each&quot; hook for &quot;creates daily entry via Quick Actions&quot;">
      <failure message="Timed out retrying after 5000ms: `cy.wait()` timed out waiting `5000ms` for the 1st request to the route: `getDashboard`. No request ever occurred.

https://on.cypress.io/wait

Because this error occurred during a `before each` hook we are skipping the remaining tests in the current suite: `[REGRESSION] Manager Daily ...`" type="CypressError"><![CDATA[CypressError: Timed out retrying after 5000ms: `cy.wait()` timed out waiting `5000ms` for the 1st request to the route: `getDashboard`. No request ever occurred.

https://on.cypress.io/wait

Because this error occurred during a `before each` hook we are skipping the remaining tests in the current suite: `[REGRESSION] Manager Daily ...`
    at cypressErr (http://localhost:5173/__cypress/runner/cypress_runner.js:76065:18)
    at Object.errByPath (http://localhost:5173/__cypress/runner/cypress_runner.js:76119:10)
    at checkForXhr (http://localhost:5173/__cypress/runner/cypress_runner.js:135342:84)
    at <unknown> (http://localhost:5173/__cypress/runner/cypress_runner.js:135368:28)
    at tryCatcher (http://localhost:5173/__cypress/runner/cypress_runner.js:1830:23)
    at Promise.attempt.Promise.try (http://localhost:5173/__cypress/runner/cypress_runner.js:4338:29)
    at whenStable (http://localhost:5173/__cypress/runner/cypress_runner.js:143744:68)
    at <unknown> (http://localhost:5173/__cypress/runner/cypress_runner.js:143685:14)
    at tryCatcher (http://localhost:5173/__cypress/runner/cypress_runner.js:1830:23)
    at Promise._settlePromiseFromHandler (http://localhost:5173/__cypress/runner/cypress_runner.js:1542:31)
    at Promise._settlePromise (http://localhost:5173/__cypress/runner/cypress_runner.js:1599:18)
    at Promise._settlePromise0 (http://localhost:5173/__cypress/runner/cypress_runner.js:1644:10)
    at Promise._settlePromises (http://localhost:5173/__cypress/runner/cypress_runner.js:1724:18)
    at Promise._fulfill (http://localhost:5173/__cypress/runner/cypress_runner.js:1668:18)
    at <unknown> (http://localhost:5173/__cypress/runner/cypress_runner.js:5473:46)
From Your Spec Code:
    at Context.eval (webpack://@primecare/cypress-test/./cypress/e2e/manager/regression/daily-entry-flow.cy.ts:17:0)]]></failure>
    </testcase>
  </testsuite>
</testsuites>