<?xml version="1.0" encoding="UTF-8"?>
<testsuites name="Mocha Tests" time="9.359" tests="2" failures="2">
  <testsuite name="Root Suite" timestamp="2026-02-13T02:44:07" tests="0" file="cypress\e2e\admin\smoke\admin.routes.cy.ts" time="0.000" failures="0">
  </testsuite>
  <testsuite name="Admin/Portal Routes Smoke" timestamp="2026-02-13T02:44:07" tests="2" time="9.317" failures="2">
    <testcase name="Admin/Portal Routes Smoke loads core routes as guest" time="1.404" classname="loads core routes as guest">
      <failure message="Browser Console Error: {}" type="Error"><![CDATA[Error: Browser Console Error: {}
    at console.eval (https://primecare-admin.pages.dev/__cypress/tests?p=cypress\support\e2e.ts:359:15)]]></failure>
    </testcase>
    <testcase name="Admin/Portal Routes Smoke loads core routes as staff" time="1.364" classname="loads core routes as staff">
      <failure message="Browser Console Error: {}" type="Error"><![CDATA[Error: Browser Console Error: {}
    at console.eval (https://primecare-admin.pages.dev/__cypress/tests?p=cypress\support\e2e.ts:359:15)]]></failure>
    </testcase>
  </testsuite>
</testsuites>