<?xml version="1.0" encoding="UTF-8"?>
<testsuites name="Mocha Tests" time="100.391" tests="2" failures="2">
  <testsuite name="Root Suite" timestamp="2026-02-13T00:40:05" tests="0" file="cypress\e2e\admin\regression\validation.cy.ts" time="0.000" failures="0">
  </testsuite>
  <testsuite name="Form Validation Micro-tests" timestamp="2026-02-13T00:40:05" tests="2" time="100.378" failures="2">
    <testcase name="Form Validation Micro-tests Login Form: Required fields and email format" time="16.084" classname="Login Form: Required fields and email format">
      <failure message="Timed out retrying after 15050ms: `cy.click()` failed because this element:

`&lt;button data-cy=&quot;btn-login&quot; type=&quot;submit&quot; style=&quot;width: 100%; padding: 0.75rem; background-color: rgb(5, 150, 105); color: white; border: none; border-radius: 4px; font-weight: 500; cursor: pointer;&quot;&gt;Sign In...&lt;/button&gt;`

is being covered by another element:

`&lt;p style=&quot;margin: 0.25rem 0px 0px; font-size: 0.875rem; color: rgb(75, 85, 99); line-height: 1.5;&quot;&gt;We use ...&lt;/p&gt;`

Fix this problem, or use {force: true} to disable error checking.

https://on.cypress.io/element-cannot-be-interacted-with" type="CypressError"><![CDATA[CypressError: Timed out retrying after 15050ms: `cy.click()` failed because this element:

`<button data-cy="btn-login" type="submit" style="width: 100%; padding: 0.75rem; background-color: rgb(5, 150, 105); color: white; border: none; border-radius: 4px; font-weight: 500; cursor: pointer;">Sign In...</button>`

is being covered by another element:

`<p style="margin: 0.25rem 0px 0px; font-size: 0.875rem; color: rgb(75, 85, 99); line-height: 1.5;">We use ...</p>`

Fix this problem, or use {force: true} to disable error checking.

https://on.cypress.io/element-cannot-be-interacted-with
    at ensureIsDescendent (https://primecare-admin.pages.dev/__cypress/runner/cypress_runner.js:112915:68)
    at ensureDescendents (https://primecare-admin.pages.dev/__cypress/runner/cypress_runner.js:112966:5)
    at ensureDescendentsAndScroll (https://primecare-admin.pages.dev/__cypress/runner/cypress_runner.js:112972:14)
    at ensureElIsNotCovered (https://primecare-admin.pages.dev/__cypress/runner/cypress_runner.js:113103:5)
    at runAllChecks (https://primecare-admin.pages.dev/__cypress/runner/cypress_runner.js:113302:52)
    at retryActionability (https://primecare-admin.pages.dev/__cypress/runner/cypress_runner.js:113339:16)
    at tryCatcher (https://primecare-admin.pages.dev/__cypress/runner/cypress_runner.js:1830:23)
    at Promise.attempt.Promise.try (https://primecare-admin.pages.dev/__cypress/runner/cypress_runner.js:4338:29)
    at whenStable (https://primecare-admin.pages.dev/__cypress/runner/cypress_runner.js:143744:68)
    at <unknown> (https://primecare-admin.pages.dev/__cypress/runner/cypress_runner.js:143685:14)
    at tryCatcher (https://primecare-admin.pages.dev/__cypress/runner/cypress_runner.js:1830:23)
    at Promise._settlePromiseFromHandler (https://primecare-admin.pages.dev/__cypress/runner/cypress_runner.js:1542:31)
    at Promise._settlePromise (https://primecare-admin.pages.dev/__cypress/runner/cypress_runner.js:1599:18)
    at Promise._settlePromise0 (https://primecare-admin.pages.dev/__cypress/runner/cypress_runner.js:1644:10)
    at Promise._settlePromises (https://primecare-admin.pages.dev/__cypress/runner/cypress_runner.js:1724:18)
    at Promise._fulfill (https://primecare-admin.pages.dev/__cypress/runner/cypress_runner.js:1668:18)
    at <unknown> (https://primecare-admin.pages.dev/__cypress/runner/cypress_runner.js:5473:46)
From Your Spec Code:
    at Context.eval (webpack://@primecare/cypress-test/./cypress/e2e/admin/regression/validation.cy.ts:11:0)]]></failure>
    </testcase>
    <testcase name="Form Validation Micro-tests Register Form: Password mismatch validation" time="17.340" classname="Register Form: Password mismatch validation">
      <failure message="Timed out retrying after 15050ms: `cy.click()` failed because this element:

`&lt;button data-cy=&quot;btn-register&quot; type=&quot;submit&quot; style=&quot;width: 100%; padding: 0.75rem; background-color: rgb(5, 150, 105); color: white; border: none; border-radius: 4px; font-weight: 500; cursor: pointer;&quot;&gt;Sign up&lt;/button&gt;`

is being covered by another element:

`&lt;p style=&quot;margin: 0.25rem 0px 0px; font-size: 0.875rem; color: rgb(75, 85, 99); line-height: 1.5;&quot;&gt;We use ...&lt;/p&gt;`

Fix this problem, or use {force: true} to disable error checking.

https://on.cypress.io/element-cannot-be-interacted-with" type="CypressError"><![CDATA[CypressError: Timed out retrying after 15050ms: `cy.click()` failed because this element:

`<button data-cy="btn-register" type="submit" style="width: 100%; padding: 0.75rem; background-color: rgb(5, 150, 105); color: white; border: none; border-radius: 4px; font-weight: 500; cursor: pointer;">Sign up</button>`

is being covered by another element:

`<p style="margin: 0.25rem 0px 0px; font-size: 0.875rem; color: rgb(75, 85, 99); line-height: 1.5;">We use ...</p>`

Fix this problem, or use {force: true} to disable error checking.

https://on.cypress.io/element-cannot-be-interacted-with
    at ensureIsDescendent (https://primecare-admin.pages.dev/__cypress/runner/cypress_runner.js:112915:68)
    at ensureDescendents (https://primecare-admin.pages.dev/__cypress/runner/cypress_runner.js:112966:5)
    at ensureDescendentsAndScroll (https://primecare-admin.pages.dev/__cypress/runner/cypress_runner.js:112972:14)
    at ensureElIsNotCovered (https://primecare-admin.pages.dev/__cypress/runner/cypress_runner.js:113103:5)
    at runAllChecks (https://primecare-admin.pages.dev/__cypress/runner/cypress_runner.js:113302:52)
    at retryActionability (https://primecare-admin.pages.dev/__cypress/runner/cypress_runner.js:113339:16)
    at tryCatcher (https://primecare-admin.pages.dev/__cypress/runner/cypress_runner.js:1830:23)
    at Promise.attempt.Promise.try (https://primecare-admin.pages.dev/__cypress/runner/cypress_runner.js:4338:29)
    at whenStable (https://primecare-admin.pages.dev/__cypress/runner/cypress_runner.js:143744:68)
    at <unknown> (https://primecare-admin.pages.dev/__cypress/runner/cypress_runner.js:143685:14)
    at tryCatcher (https://primecare-admin.pages.dev/__cypress/runner/cypress_runner.js:1830:23)
    at Promise._settlePromiseFromHandler (https://primecare-admin.pages.dev/__cypress/runner/cypress_runner.js:1542:31)
    at Promise._settlePromise (https://primecare-admin.pages.dev/__cypress/runner/cypress_runner.js:1599:18)
    at Promise._settlePromise0 (https://primecare-admin.pages.dev/__cypress/runner/cypress_runner.js:1644:10)
    at Promise._settlePromises (https://primecare-admin.pages.dev/__cypress/runner/cypress_runner.js:1724:18)
    at Promise._fulfill (https://primecare-admin.pages.dev/__cypress/runner/cypress_runner.js:1668:18)
    at <unknown> (https://primecare-admin.pages.dev/__cypress/runner/cypress_runner.js:5473:46)
From Your Spec Code:
    at Context.eval (webpack://@primecare/cypress-test/./cypress/e2e/admin/regression/validation.cy.ts:35:0)]]></failure>
    </testcase>
  </testsuite>
</testsuites>