<?xml version="1.0" encoding="UTF-8"?>
<testsuites name="Mocha Tests" time="670.879" tests="11" failures="11">
  <testsuite name="Root Suite" timestamp="2026-02-11T02:50:39" tests="0" file="cypress\e2e\generated\30_integrity.contracts.cy.ts" time="0.000" failures="0">
  </testsuite>
  <testsuite name="Generated: Structural Integrity" timestamp="2026-02-11T02:50:39" tests="11" time="670.839" failures="11">
    <testcase name="Generated: Structural Integrity [ADMIN_DASHBOARD] contains all required structural components" time="27.099" classname="[ADMIN_DASHBOARD] contains all required structural components">
      <failure message="Timed out retrying after 15000ms: expected &apos;http://localhost:5173/login&apos; to not include &apos;/login&apos;" type="AssertionError"><![CDATA[AssertionError: Timed out retrying after 15000ms: expected 'http://localhost:5173/login' to not include '/login'
    at Context.eval (webpack://@primecare/cypress-test/./cypress/support/commands/auth.ts:21:33)]]></failure>
    </testcase>
    <testcase name="Generated: Structural Integrity [USER_LIST] contains all required structural components" time="25.231" classname="[USER_LIST] contains all required structural components">
      <failure message="Timed out retrying after 15000ms: expected &apos;http://localhost:5173/login&apos; to not include &apos;/login&apos;" type="AssertionError"><![CDATA[AssertionError: Timed out retrying after 15000ms: expected 'http://localhost:5173/login' to not include '/login'
    at Context.eval (webpack://@primecare/cypress-test/./cypress/support/commands/auth.ts:21:33)]]></failure>
    </testcase>
    <testcase name="Generated: Structural Integrity [SCHEDULE] contains all required structural components" time="23.262" classname="[SCHEDULE] contains all required structural components">
      <failure message="Timed out retrying after 15000ms: expected &apos;http://localhost:5173/login&apos; to not include &apos;/login&apos;" type="AssertionError"><![CDATA[AssertionError: Timed out retrying after 15000ms: expected 'http://localhost:5173/login' to not include '/login'
    at Context.eval (webpack://@primecare/cypress-test/./cypress/support/commands/auth.ts:21:33)]]></failure>
    </testcase>
    <testcase name="Generated: Structural Integrity [LEADS] contains all required structural components" time="19.835" classname="[LEADS] contains all required structural components">
      <failure message="Timed out retrying after 15000ms: expected &apos;http://localhost:5173/login&apos; to not include &apos;/login&apos;" type="AssertionError"><![CDATA[AssertionError: Timed out retrying after 15000ms: expected 'http://localhost:5173/login' to not include '/login'
    at Context.eval (webpack://@primecare/cypress-test/./cypress/support/commands/auth.ts:21:33)]]></failure>
    </testcase>
    <testcase name="Generated: Structural Integrity [SETTINGS] contains all required structural components" time="19.779" classname="[SETTINGS] contains all required structural components">
      <failure message="Timed out retrying after 15000ms: expected &apos;http://localhost:5173/login&apos; to not include &apos;/login&apos;" type="AssertionError"><![CDATA[AssertionError: Timed out retrying after 15000ms: expected 'http://localhost:5173/login' to not include '/login'
    at Context.eval (webpack://@primecare/cypress-test/./cypress/support/commands/auth.ts:21:33)]]></failure>
    </testcase>
    <testcase name="Generated: Structural Integrity [MANAGER_DASHBOARD] contains all required structural components" time="18.950" classname="[MANAGER_DASHBOARD] contains all required structural components">
      <failure message="Timed out retrying after 15000ms: expected &apos;http://localhost:5173/login&apos; to not include &apos;/login&apos;" type="AssertionError"><![CDATA[AssertionError: Timed out retrying after 15000ms: expected 'http://localhost:5173/login' to not include '/login'
    at Context.eval (webpack://@primecare/cypress-test/./cypress/support/commands/auth.ts:21:33)]]></failure>
    </testcase>
    <testcase name="Generated: Structural Integrity [MANAGER_DAILY_ENTRY] contains all required structural components" time="19.364" classname="[MANAGER_DAILY_ENTRY] contains all required structural components">
      <failure message="Timed out retrying after 15000ms: expected &apos;http://localhost:5173/login&apos; to not include &apos;/login&apos;" type="AssertionError"><![CDATA[AssertionError: Timed out retrying after 15000ms: expected 'http://localhost:5173/login' to not include '/login'
    at Context.eval (webpack://@primecare/cypress-test/./cypress/support/commands/auth.ts:21:33)]]></failure>
    </testcase>
    <testcase name="Generated: Structural Integrity [PSW_SHIFTS] contains all required structural components" time="18.661" classname="[PSW_SHIFTS] contains all required structural components">
      <failure message="Timed out retrying after 15000ms: expected &apos;http://localhost:5173/login&apos; to not include &apos;/login&apos;" type="AssertionError"><![CDATA[AssertionError: Timed out retrying after 15000ms: expected 'http://localhost:5173/login' to not include '/login'
    at Context.eval (webpack://@primecare/cypress-test/./cypress/support/commands/auth.ts:21:33)]]></failure>
    </testcase>
    <testcase name="Generated: Structural Integrity [CLIENT_BOOKINGS] contains all required structural components" time="19.605" classname="[CLIENT_BOOKINGS] contains all required structural components">
      <failure message="Timed out retrying after 15000ms: expected &apos;http://localhost:5173/login&apos; to not include &apos;/login&apos;" type="AssertionError"><![CDATA[AssertionError: Timed out retrying after 15000ms: expected 'http://localhost:5173/login' to not include '/login'
    at Context.eval (webpack://@primecare/cypress-test/./cypress/support/commands/auth.ts:21:33)]]></failure>
    </testcase>
    <testcase name="Generated: Structural Integrity [PROFILE] contains all required structural components" time="18.713" classname="[PROFILE] contains all required structural components">
      <failure message="Timed out retrying after 15000ms: expected &apos;http://localhost:5173/login&apos; to not include &apos;/login&apos;" type="AssertionError"><![CDATA[AssertionError: Timed out retrying after 15000ms: expected 'http://localhost:5173/login' to not include '/login'
    at Context.eval (webpack://@primecare/cypress-test/./cypress/support/commands/auth.ts:21:33)]]></failure>
    </testcase>
    <testcase name="Generated: Structural Integrity [HOME] contains all required structural components" time="12.014" classname="[HOME] contains all required structural components">
      <failure message="Timed out retrying after 10000ms: Expected to find element: `[data-cy=&quot;hero&quot;]`, but never found it." type="AssertionError"><![CDATA[AssertionError: Timed out retrying after 10000ms: Expected to find element: `[data-cy="hero"]`, but never found it.
    at eval (webpack://@primecare/cypress-test/./cypress/e2e/generated/30_integrity.contracts.cy.ts:13:0)
at Array.forEach (<anonymous>)
    at Context.eval (webpack://@primecare/cypress-test/./cypress/e2e/generated/30_integrity.contracts.cy.ts:11:0)]]></failure>
    </testcase>
  </testsuite>
</testsuites>