<?xml version="1.0" encoding="UTF-8"?>
<testsuites name="Mocha Tests" time="7.102" tests="2" failures="0">
  <testsuite name="Root Suite" timestamp="2026-02-10T23:25:43" tests="0" file="cypress\e2e\00_smoke\health.cy.ts" time="0.000" failures="0">
  </testsuite>
  <testsuite name="Platform Health &amp; Console Integrity" timestamp="2026-02-10T23:25:43" tests="2" time="7.071" failures="0">
    <testcase name="Platform Health &amp; Console Integrity Boot: Admin app boot check" time="0.795" classname="Boot: Admin app boot check">
    </testcase>
    <testcase name="Platform Health &amp; Console Integrity Boot: Marketing app boot check" time="1.459" classname="Boot: Marketing app boot check">
    </testcase>
  </testsuite>
</testsuites>