<?xml version="1.0" encoding="UTF-8"?>
<testsuites name="Mocha Tests" time="236.849" tests="5" failures="5">
  <testsuite name="Root Suite" timestamp="2026-02-10T15:28:19" tests="0" file="cypress\e2e\auth\role-based-auth.cy.ts" time="0.000" failures="0">
  </testsuite>
  <testsuite name="[AUTH] Role-Based Authentication" timestamp="2026-02-10T15:28:19" tests="5" time="236.822" failures="5">
    <testcase name="[AUTH] Role-Based Authentication registers a new Client and redirects to Dashboard" time="13.805" classname="registers a new Client and redirects to Dashboard">
      <failure message="Timed out retrying after 10000ms: expected &apos;http://localhost:5173/register?role=client&apos; to include &apos;/dashboard&apos;" type="AssertionError"><![CDATA[AssertionError: Timed out retrying after 10000ms: expected 'http://localhost:5173/register?role=client' to include '/dashboard'
    at Context.eval (webpack://@primecare/cypress-test/./cypress/e2e/auth/role-based-auth.cy.ts:14:0)]]></failure>
    </testcase>
    <testcase name="[AUTH] Role-Based Authentication registers a new PSW and redirects to Dashboard" time="13.484" classname="registers a new PSW and redirects to Dashboard">
      <failure message="Timed out retrying after 10000ms: expected &apos;http://localhost:5173/register?role=psw&apos; to include &apos;/dashboard&apos;" type="AssertionError"><![CDATA[AssertionError: Timed out retrying after 10000ms: expected 'http://localhost:5173/register?role=psw' to include '/dashboard'
    at Context.eval (webpack://@primecare/cypress-test/./cypress/e2e/auth/role-based-auth.cy.ts:21:0)]]></failure>
    </testcase>
    <testcase name="[AUTH] Role-Based Authentication registers a new Staff and redirects to Dashboard" time="13.737" classname="registers a new Staff and redirects to Dashboard">
      <failure message="Timed out retrying after 10000ms: expected &apos;http://localhost:5173/register?role=staff&apos; to include &apos;/dashboard&apos;" type="AssertionError"><![CDATA[AssertionError: Timed out retrying after 10000ms: expected 'http://localhost:5173/register?role=staff' to include '/dashboard'
    at Context.eval (webpack://@primecare/cypress-test/./cypress/e2e/auth/role-based-auth.cy.ts:28:0)]]></failure>
    </testcase>
    <testcase name="[AUTH] Role-Based Authentication logs in as Manager" time="23.341" classname="logs in as Manager">
      <failure message="Timed out retrying after 20000ms: Expected to find element: `[data-cy=&quot;mgr-dashboard&quot;]`, but never found it." type="AssertionError"><![CDATA[AssertionError: Timed out retrying after 20000ms: Expected to find element: `[data-cy="mgr-dashboard"]`, but never found it.
    at Context.eval (webpack://@primecare/cypress-test/./cypress/support/commands/waits.ts:4:47)]]></failure>
    </testcase>
    <testcase name="[AUTH] Role-Based Authentication logs in as Admin" time="13.470" classname="logs in as Admin">
      <failure message="Timed out retrying after 10000ms: expected &apos;http://localhost:5173/login&apos; to include &apos;/dashboard&apos;" type="AssertionError"><![CDATA[AssertionError: Timed out retrying after 10000ms: expected 'http://localhost:5173/login' to include '/dashboard'
    at Context.eval (webpack://@primecare/cypress-test/./cypress/e2e/auth/role-based-auth.cy.ts:41:0)]]></failure>
    </testcase>
  </testsuite>
</testsuites>