<?xml version="1.0" encoding="UTF-8"?>
<testsuites name="Mocha Tests" time="37.431" tests="2" failures="1">
  <testsuite name="Root Suite" timestamp="2026-02-10T21:21:25" tests="0" file="cypress\e2e\00_smoke\admin.routes.cy.ts" time="0.000" failures="0">
  </testsuite>
  <testsuite name="Admin/Portal Routes Smoke" timestamp="2026-02-10T21:21:25" tests="2" time="37.418" failures="1">
    <testcase name="Admin/Portal Routes Smoke loads core routes as guest" time="2.127" classname="loads core routes as guest">
    </testcase>
    <testcase name="Admin/Portal Routes Smoke loads core routes as staff" time="11.159" classname="loads core routes as staff">
      <failure message="The following error originated from your application code, not from Cypress.

  &gt; Cannot read properties of null (reading &apos;fullName&apos;)

When Cypress detects uncaught errors originating from your application it will automatically fail the current test.

This behavior is configurable, and you can choose to turn this off by listening to the `uncaught:exception` event.

https://on.cypress.io/uncaught-exception-from-application" type="TypeError"><![CDATA[TypeError: The following error originated from your application code, not from Cypress.

  > Cannot read properties of null (reading 'fullName')

When Cypress detects uncaught errors originating from your application it will automatically fail the current test.

This behavior is configurable, and you can choose to turn this off by listening to the `uncaught:exception` event.

https://on.cypress.io/uncaught-exception-from-application
    at ProfilePage (http://localhost:5173/src/pages/shared/ProfilePage.tsx:109:30)
    at renderWithHooks (http://localhost:5173/node_modules/.vite/deps/chunk-L2GCM37S.js?v=cd01fb38:11548:26)
    at updateFunctionComponent (http://localhost:5173/node_modules/.vite/deps/chunk-L2GCM37S.js?v=cd01fb38:14582:28)
    at beginWork (http://localhost:5173/node_modules/.vite/deps/chunk-L2GCM37S.js?v=cd01fb38:15924:22)
    at HTMLUnknownElement.callCallback2 (http://localhost:5173/node_modules/.vite/deps/chunk-L2GCM37S.js?v=cd01fb38:3674:22)
    at Object.invokeGuardedCallbackDev (http://localhost:5173/node_modules/.vite/deps/chunk-L2GCM37S.js?v=cd01fb38:3699:24)
    at invokeGuardedCallback (http://localhost:5173/node_modules/.vite/deps/chunk-L2GCM37S.js?v=cd01fb38:3733:39)
    at beginWork$1 (http://localhost:5173/node_modules/.vite/deps/chunk-L2GCM37S.js?v=cd01fb38:19765:15)
    at performUnitOfWork (http://localhost:5173/node_modules/.vite/deps/chunk-L2GCM37S.js?v=cd01fb38:19198:20)
    at workLoopSync (http://localhost:5173/node_modules/.vite/deps/chunk-L2GCM37S.js?v=cd01fb38:19137:13)]]></failure>
    </testcase>
  </testsuite>
</testsuites>