<?xml version="1.0" encoding="UTF-8"?>
<testsuites name="Mocha Tests" time="84.041" tests="2" failures="2">
  <testsuite name="Root Suite" timestamp="2026-02-13T00:24:35" tests="0" file="cypress\e2e\admin\regression\seo.cy.ts" time="0.000" failures="0">
  </testsuite>
  <testsuite name="SEO &amp; Responsive Verification" timestamp="2026-02-13T00:24:35" tests="2" time="84.021" failures="2">
    <testcase name="SEO &amp; Responsive Verification SEO: Verify Title, Meta Description and H1 tags" time="15.661" classname="SEO: Verify Title, Meta Description and H1 tags">
      <failure message="Timed out retrying after 15000ms: expected &apos;PrimeCare Health Services - Compassionate Healthcare at Home&apos; to equal &apos;PrimeCare - Compassionate Care Solutions&apos;" type="AssertionError"><![CDATA[AssertionError: Timed out retrying after 15000ms: expected 'PrimeCare Health Services - Compassionate Healthcare at Home' to equal 'PrimeCare - Compassionate Care Solutions'
    at eval (webpack://@primecare/cypress-test/./cypress/e2e/admin/regression/seo.cy.ts:17:0)
at Array.forEach (<anonymous>)
    at Context.eval (webpack://@primecare/cypress-test/./cypress/e2e/admin/regression/seo.cy.ts:14:0)

      + expected - actual

      -'PrimeCare Health Services - Compassionate Healthcare at Home'
      +'PrimeCare - Compassionate Care Solutions'
      ]]></failure>
    </testcase>
    <testcase name="SEO &amp; Responsive Verification Responsive: Mobile menu visibility at 375x667" time="10.987" classname="Responsive: Mobile menu visibility at 375x667">
      <failure message="Timed out retrying after 10000ms: Expected to find element: `[data-cy=&quot;desktop-nav&quot;]`, but never found it." type="AssertionError"><![CDATA[AssertionError: Timed out retrying after 10000ms: Expected to find element: `[data-cy="desktop-nav"]`, but never found it.
    at Context.eval (webpack://@primecare/cypress-test/./cypress/e2e/admin/regression/seo.cy.ts:30:0)]]></failure>
    </testcase>
  </testsuite>
</testsuites>