<?xml version="1.0" encoding="UTF-8"?>
<testsuites name="Mocha Tests" time="56.507" tests="74" failures="0">
  <testsuite name="Root Suite" timestamp="2026-02-14T00:40:43" tests="0" file="cypress\e2e\steps\0100-psw-structured.cy.ts" time="0.000" failures="0">
  </testsuite>
  <testsuite name="PSW Mathematical Micro-Steps (Full Suite)" timestamp="2026-02-14T00:40:43" tests="74" time="0.000" failures="0">
    <testcase name="PSW Mathematical Micro-Steps (Full Suite) 01.01.01  PSW__Login__PageLoad__SUCCESS" time="2.587" classname="01.01.01  PSW__Login__PageLoad__SUCCESS">
    </testcase>
    <testcase name="PSW Mathematical Micro-Steps (Full Suite) 01.01.02  PSW__Login__Logo__VISIBLE" time="0.103" classname="01.01.02  PSW__Login__Logo__VISIBLE">
    </testcase>
    <testcase name="PSW Mathematical Micro-Steps (Full Suite) 01.01.03  PSW__Login__EmailInput__VISIBLE" time="0.052" classname="01.01.03  PSW__Login__EmailInput__VISIBLE">
    </testcase>
    <testcase name="PSW Mathematical Micro-Steps (Full Suite) 01.01.04  PSW__Login__PasswordInput__VISIBLE" time="0.059" classname="01.01.04  PSW__Login__PasswordInput__VISIBLE">
    </testcase>
    <testcase name="PSW Mathematical Micro-Steps (Full Suite) 01.01.06  PSW__Login__LoginButton__CLICKABLE" time="0.068" classname="01.01.06  PSW__Login__LoginButton__CLICKABLE">
    </testcase>
    <testcase name="PSW Mathematical Micro-Steps (Full Suite) 01.01.07  PSW__Login__ForgotPassword__VISIBLE" time="0.047" classname="01.01.07  PSW__Login__ForgotPassword__VISIBLE">
    </testcase>
    <testcase name="PSW Mathematical Micro-Steps (Full Suite) 01.01.08  PSW__Login__EmptyForm__ERROR" time="0.146" classname="01.01.08  PSW__Login__EmptyForm__ERROR">
    </testcase>
  </testsuite>
</testsuites>