<?xml version="1.0" encoding="UTF-8"?>
<testsuites name="Mocha Tests" time="401.921" tests="11" failures="7">
  <testsuite name="Root Suite" timestamp="2026-02-11T02:47:28" tests="0" file="cypress\e2e\generated\30_integrity.contracts.cy.ts" time="0.000" failures="0">
  </testsuite>
  <testsuite name="Generated: Structural Integrity" timestamp="2026-02-11T02:47:28" tests="11" time="401.877" failures="7">
    <testcase name="Generated: Structural Integrity [ADMIN_DASHBOARD] contains all required structural components" time="12.696" classname="[ADMIN_DASHBOARD] contains all required structural components">
      <failure message="Timed out retrying after 10000ms: Expected to find element: `[data-cy=&quot;inp-email&quot;]`, but never found it." type="AssertionError"><![CDATA[AssertionError: Timed out retrying after 10000ms: Expected to find element: `[data-cy="inp-email"]`, but never found it.
    at Context.eval (webpack://@primecare/cypress-test/./cypress/support/commands/selectors.ts:16:0)]]></failure>
    </testcase>
    <testcase name="Generated: Structural Integrity [USER_LIST] contains all required structural components" time="12.013" classname="[USER_LIST] contains all required structural components">
      <failure message="Timed out retrying after 10000ms: Expected to find element: `[data-cy=&quot;inp-email&quot;]`, but never found it." type="AssertionError"><![CDATA[AssertionError: Timed out retrying after 10000ms: Expected to find element: `[data-cy="inp-email"]`, but never found it.
    at Context.eval (webpack://@primecare/cypress-test/./cypress/support/commands/selectors.ts:16:0)]]></failure>
    </testcase>
    <testcase name="Generated: Structural Integrity [SCHEDULE] contains all required structural components" time="19.360" classname="[SCHEDULE] contains all required structural components">
    </testcase>
    <testcase name="Generated: Structural Integrity [LEADS] contains all required structural components" time="6.579" classname="[LEADS] contains all required structural components">
    </testcase>
    <testcase name="Generated: Structural Integrity [SETTINGS] contains all required structural components" time="18.106" classname="[SETTINGS] contains all required structural components">
      <failure message="Timed out retrying after 10000ms: Expected to find element: `[data-cy=&quot;form.settings&quot;]`, but never found it." type="AssertionError"><![CDATA[AssertionError: Timed out retrying after 10000ms: Expected to find element: `[data-cy="form.settings"]`, but never found it.
    at eval (webpack://@primecare/cypress-test/./cypress/e2e/generated/30_integrity.contracts.cy.ts:13:0)
at Array.forEach (<anonymous>)
    at Context.eval (webpack://@primecare/cypress-test/./cypress/e2e/generated/30_integrity.contracts.cy.ts:11:0)]]></failure>
    </testcase>
    <testcase name="Generated: Structural Integrity [MANAGER_DASHBOARD] contains all required structural components" time="7.245" classname="[MANAGER_DASHBOARD] contains all required structural components">
    </testcase>
    <testcase name="Generated: Structural Integrity [MANAGER_DAILY_ENTRY] contains all required structural components" time="19.475" classname="[MANAGER_DAILY_ENTRY] contains all required structural components">
      <failure message="Timed out retrying after 10000ms: Expected to find element: `[data-cy=&quot;page.title&quot;]`, but never found it." type="AssertionError"><![CDATA[AssertionError: Timed out retrying after 10000ms: Expected to find element: `[data-cy="page.title"]`, but never found it.
    at eval (webpack://@primecare/cypress-test/./cypress/e2e/generated/30_integrity.contracts.cy.ts:13:0)
at Array.forEach (<anonymous>)
    at Context.eval (webpack://@primecare/cypress-test/./cypress/e2e/generated/30_integrity.contracts.cy.ts:11:0)]]></failure>
    </testcase>
    <testcase name="Generated: Structural Integrity [PSW_SHIFTS] contains all required structural components" time="8.574" classname="[PSW_SHIFTS] contains all required structural components">
    </testcase>
    <testcase name="Generated: Structural Integrity [CLIENT_BOOKINGS] contains all required structural components" time="19.430" classname="[CLIENT_BOOKINGS] contains all required structural components">
      <failure message="Timed out retrying after 10000ms: Expected to find element: `[data-cy=&quot;page.container&quot;]`, but never found it." type="AssertionError"><![CDATA[AssertionError: Timed out retrying after 10000ms: Expected to find element: `[data-cy="page.container"]`, but never found it.
    at eval (webpack://@primecare/cypress-test/./cypress/e2e/generated/30_integrity.contracts.cy.ts:13:0)
at Array.forEach (<anonymous>)
    at Context.eval (webpack://@primecare/cypress-test/./cypress/e2e/generated/30_integrity.contracts.cy.ts:11:0)]]></failure>
    </testcase>
    <testcase name="Generated: Structural Integrity [PROFILE] contains all required structural components" time="20.415" classname="[PROFILE] contains all required structural components">
      <failure message="Timed out retrying after 10000ms: Expected to find element: `[data-cy=&quot;form.profile.page&quot;]`, but never found it." type="AssertionError"><![CDATA[AssertionError: Timed out retrying after 10000ms: Expected to find element: `[data-cy="form.profile.page"]`, but never found it.
    at eval (webpack://@primecare/cypress-test/./cypress/e2e/generated/30_integrity.contracts.cy.ts:13:0)
at Array.forEach (<anonymous>)
    at Context.eval (webpack://@primecare/cypress-test/./cypress/e2e/generated/30_integrity.contracts.cy.ts:11:0)]]></failure>
    </testcase>
    <testcase name="Generated: Structural Integrity [HOME] contains all required structural components" time="13.676" classname="[HOME] contains all required structural components">
      <failure message="Timed out retrying after 10000ms: Expected to find element: `[data-cy=&quot;hero&quot;]`, but never found it." type="AssertionError"><![CDATA[AssertionError: Timed out retrying after 10000ms: Expected to find element: `[data-cy="hero"]`, but never found it.
    at eval (webpack://@primecare/cypress-test/./cypress/e2e/generated/30_integrity.contracts.cy.ts:13:0)
at Array.forEach (<anonymous>)
    at Context.eval (webpack://@primecare/cypress-test/./cypress/e2e/generated/30_integrity.contracts.cy.ts:11:0)]]></failure>
    </testcase>
  </testsuite>
</testsuites>