<?xml version="1.0" encoding="UTF-8"?>
<testsuites name="Mocha Tests" time="4.679" tests="2" failures="0">
  <testsuite name="Root Suite" timestamp="2026-02-11T00:00:46" tests="0" file="cypress\e2e\00_smoke\health.cy.ts" time="0.000" failures="0">
  </testsuite>
  <testsuite name="Platform Health &amp; Console Integrity" timestamp="2026-02-11T00:00:46" tests="2" time="4.664" failures="0">
    <testcase name="Platform Health &amp; Console Integrity Boot: Admin app boot check" time="0.745" classname="Boot: Admin app boot check">
    </testcase>
    <testcase name="Platform Health &amp; Console Integrity Boot: Marketing app boot check" time="0.681" classname="Boot: Marketing app boot check">
    </testcase>
  </testsuite>
</testsuites>