<?xml version="1.0" encoding="UTF-8"?>
<testsuites name="Mocha Tests" time="4.600" tests="1" failures="0">
  <testsuite name="Root Suite" timestamp="2026-02-11T00:33:38" tests="0" file="cypress\e2e\generated\00_marketing.smoke.cy.ts" time="0.000" failures="0">
  </testsuite>
  <testsuite name="Generated: Marketing Smoke" timestamp="2026-02-11T00:33:38" tests="1" time="4.588" failures="0">
    <testcase name="Generated: Marketing Smoke loads all marketing routes" time="2.737" classname="loads all marketing routes">
    </testcase>
  </testsuite>
</testsuites>