{
  "stats": {
    "suites": 1,
    "tests": 2,
    "passes": 0,
    "pending": 0,
    "failures": 2,
    "start": "2026-02-10T22:54:32.003Z",
    "end": "2026-02-10T22:55:43.374Z",
    "duration": 71371,
    "testsRegistered": 2,
    "passPercent": 0,
    "pendingPercent": 0,
    "other": 0,
    "hasOther": false,
    "skipped": 0,
    "hasSkipped": false
  },
  "results": [
    {
      "uuid": "7c7f1d66-e046-4cea-9272-cc54bd3d956a",
      "title": "",
      "fullFile": "cypress\\e2e\\40_features\\form-validation.cy.ts",
      "file": "cypress\\e2e\\40_features\\form-validation.cy.ts",
      "beforeHooks": [],
      "afterHooks": [],
      "tests": [],
      "suites": [
        {
          "uuid": "da4540a8-b151-4667-89b7-375a360265ac",
          "title": "Form Validation Micro-tests",
          "fullFile": "",
          "file": "",
          "beforeHooks": [],
          "afterHooks": [],
          "tests": [
            {
              "title": "Login Form: Required fields and email format",
              "fullTitle": "Form Validation Micro-tests Login Form: Required fields and email format",
              "timedOut": null,
              "duration": 9757,
              "state": "failed",
              "speed": null,
              "pass": false,
              "fail": true,
              "pending": false,
              "context": null,
              "code": "cy.visitAppRoute(\"ADMIN_BASE_URL\", \"/login\");\n// 1. Submit empty form\ncy.getByCy(\"btn-login\").click();\n// Check for browser validation or custom error\n// Since it's using standard HTML5 input required in most cases\ncy.get('input[type=\"email\"]:invalid').should('exist');\n// 2. Invalid email format\ncy.getByCy(\"inp-email\").type(\"not-an-email\");\ncy.getByCy(\"inp-password\").type(\"password\");\ncy.getByCy(\"btn-login\").click();\ncy.get('input[type=\"email\"]:invalid').should('exist');\n// 3. Valid but incorrect credentials (401 handled)\ncy.intercept(\"POST\", \"**/api/auth/login\", {\n    statusCode: 401,\n    body: { message: \"Invalid credentials\" }\n}).as(\"loginAttempt\");\ncy.getByCy(\"inp-email\").clear().type(\"test@example.com\");\ncy.getByCy(\"btn-login\").click();\ncy.wait(\"@loginAttempt\");\ncy.getByCy(\"toast\").should(\"be.visible\").and(\"contain\", \"Invalid credentials\");",
              "err": {
                "message": "CypressError: Timed out retrying after 5000ms: `cy.wait()` timed out waiting `5000ms` for the 1st request to the route: `loginAttempt`. No request ever occurred.\n\nhttps://on.cypress.io/wait",
                "estack": "CypressError: Timed out retrying after 5000ms: `cy.wait()` timed out waiting `5000ms` for the 1st request to the route: `loginAttempt`. No request ever occurred.\n\nhttps://on.cypress.io/wait\n    at cypressErr (http://localhost:5173/__cypress/runner/cypress_runner.js:76065:18)\n    at Object.errByPath (http://localhost:5173/__cypress/runner/cypress_runner.js:76119:10)\n    at checkForXhr (http://localhost:5173/__cypress/runner/cypress_runner.js:135342:84)\n    at <unknown> (http://localhost:5173/__cypress/runner/cypress_runner.js:135368:28)\n    at tryCatcher (http://localhost:5173/__cypress/runner/cypress_runner.js:1830:23)\n    at Promise.attempt.Promise.try (http://localhost:5173/__cypress/runner/cypress_runner.js:4338:29)\n    at whenStable (http://localhost:5173/__cypress/runner/cypress_runner.js:143744:68)\n    at <unknown> (http://localhost:5173/__cypress/runner/cypress_runner.js:143685:14)\n    at tryCatcher (http://localhost:5173/__cypress/runner/cypress_runner.js:1830:23)\n    at Promise._settlePromiseFromHandler (http://localhost:5173/__cypress/runner/cypress_runner.js:1542:31)\n    at Promise._settlePromise (http://localhost:5173/__cypress/runner/cypress_runner.js:1599:18)\n    at Promise._settlePromise0 (http://localhost:5173/__cypress/runner/cypress_runner.js:1644:10)\n    at Promise._settlePromises (http://localhost:5173/__cypress/runner/cypress_runner.js:1724:18)\n    at Promise._fulfill (http://localhost:5173/__cypress/runner/cypress_runner.js:1668:18)\n    at <unknown> (http://localhost:5173/__cypress/runner/cypress_runner.js:5473:46)\nFrom Your Spec Code:\n    at Context.eval (webpack://@primecare/cypress-test/./cypress/e2e/40_features/form-validation.cy.ts:26:0)",
                "diff": null
              },
              "uuid": "6fdcac8a-8723-4470-9776-8c7debc23c09",
              "parentUUID": "da4540a8-b151-4667-89b7-375a360265ac",
              "isHook": false,
              "skipped": false
            },
            {
              "title": "Register Form: Password mismatch validation",
              "fullTitle": "Form Validation Micro-tests Register Form: Password mismatch validation",
              "timedOut": null,
              "duration": 14122,
              "state": "failed",
              "speed": null,
              "pass": false,
              "fail": true,
              "pending": false,
              "context": null,
              "code": "cy.visitAppRoute(\"ADMIN_BASE_URL\", \"/register\");\ncy.getByCy(\"inp-email\").type(\"newuser@test.com\");\ncy.getByCy(\"inp-password\").type(\"Password123!\");\ncy.getByCy(\"inp-confirm-password\").type(\"MismatchingPassword!\");\ncy.getByCy(\"btn-register\").click();\n// Should show error toast or field error\ncy.getByCy(\"toast\").should(\"be.visible\").and(\"contain\", \"Passwords do not match\");",
              "err": {
                "message": "AssertionError: Timed out retrying after 10000ms: Expected to find element: `[data-cy=\"toast\"]`, but never found it.",
                "estack": "AssertionError: Timed out retrying after 10000ms: Expected to find element: `[data-cy=\"toast\"]`, but never found it.\n    at Context.eval (webpack://@primecare/cypress-test/./cypress/e2e/40_features/form-validation.cy.ts:36:0)",
                "diff": null
              },
              "uuid": "165c35b1-ce75-4024-a73c-e308c0a48288",
              "parentUUID": "da4540a8-b151-4667-89b7-375a360265ac",
              "isHook": false,
              "skipped": false
            }
          ],
          "suites": [],
          "passes": [],
          "failures": [
            "6fdcac8a-8723-4470-9776-8c7debc23c09",
            "165c35b1-ce75-4024-a73c-e308c0a48288"
          ],
          "pending": [],
          "skipped": [],
          "duration": 23879,
          "root": false,
          "rootEmpty": false,
          "_timeout": 2000
        }
      ],
      "passes": [],
      "failures": [],
      "pending": [],
      "skipped": [],
      "duration": 0,
      "root": true,
      "rootEmpty": true,
      "_timeout": 2000
    }
  ],
  "meta": {
    "mocha": {
      "version": "7.0.1"
    },
    "mochawesome": {
      "options": {
        "quiet": false,
        "reportFilename": "mochawesome",
        "saveHtml": false,
        "saveJson": true,
        "consoleReporter": "spec",
        "useInlineDiffs": false,
        "code": true
      },
      "version": "7.1.4"
    },
    "marge": {
      "options": {
        "id": "default",
        "reportDir": "cypress/reports/mochawesome",
        "overwrite": false,
        "html": false,
        "json": true,
        "embeddedScreenshots": true
      },
      "version": "6.3.2"
    }
  }
}