{
  "stats": {
    "suites": 1,
    "tests": 1,
    "passes": 0,
    "pending": 0,
    "failures": 1,
    "start": "2026-02-13T02:47:26.727Z",
    "end": "2026-02-13T02:47:29.712Z",
    "duration": 2985,
    "testsRegistered": 2,
    "passPercent": 0,
    "pendingPercent": 0,
    "other": 0,
    "hasOther": false,
    "skipped": 1,
    "hasSkipped": true
  },
  "results": [
    {
      "uuid": "c3e18601-c894-4086-a5fa-befa1aa945a8",
      "title": "",
      "fullFile": "cypress\\e2e\\admin\\regression\\tables.cy.ts",
      "file": "cypress\\e2e\\admin\\regression\\tables.cy.ts",
      "beforeHooks": [],
      "afterHooks": [],
      "tests": [],
      "suites": [
        {
          "uuid": "8230a875-8113-4393-9428-d054e1758c78",
          "title": "Admin Table Interactions",
          "fullFile": "",
          "file": "",
          "beforeHooks": [],
          "afterHooks": [],
          "tests": [
            {
              "title": "Leads Table: Status update transition",
              "fullTitle": "Admin Table Interactions Leads Table: Status update transition",
              "timedOut": null,
              "duration": 589,
              "state": "failed",
              "speed": null,
              "pass": false,
              "fail": true,
              "pending": false,
              "context": null,
              "code": "var LEADS_API = \"**/api/admin/leads\";\nvar LEAD_ID = \"lead-123\";\n// 1. Stub initial leads\ncy.intercept(\"GET\", LEADS_API, [\n    { id: LEAD_ID, fullName: \"John Lead\", email: \"john@lead.com\", status: \"new\", createdAt: new Date().toISOString() }\n]).as(\"getLeads\");\ncy.visitAppRoute(\"ADMIN_BASE_URL\", \"/leads\");\ncy.wait(\"@getLeads\");\n// 2. Intercept the patch request\ncy.intercept(\"PATCH\", \"**/api/admin/leads/\".concat(LEAD_ID), {\n    statusCode: 200,\n    body: { success: true }\n}).as(\"updateStatus\");\n// 3. Trigger transition to 'contacted'\ncy.getByCy(\"btn-lead-contacted\").click();\ncy.wait(\"@updateStatus\");\n// 4. Verify UI update\ncy.getByCy(\"lead-status\").should(\"contain\", \"contacted\");",
              "err": {
                "message": "Error: Browser Console Error: {}\n\nBecause this error occurred during a `before each` hook we are skipping the remaining tests in the current suite: `Admin Table Interactions`",
                "estack": "Error: Browser Console Error: {}\n\nBecause this error occurred during a `before each` hook we are skipping the remaining tests in the current suite: `Admin Table Interactions`\n    at console.eval (https://primecare-admin.pages.dev/__cypress/tests?p=cypress\\support\\e2e.ts:359:15)",
                "diff": null
              },
              "uuid": "53f08b2c-f2d0-43e3-ad9f-ff573170d905",
              "parentUUID": "8230a875-8113-4393-9428-d054e1758c78",
              "isHook": false,
              "skipped": false
            },
            {
              "title": "Users Table: ID Verification flow (PSW)",
              "fullTitle": "Admin Table Interactions Users Table: ID Verification flow (PSW)",
              "timedOut": null,
              "duration": 0,
              "state": "skipped",
              "speed": null,
              "pass": false,
              "fail": false,
              "pending": false,
              "context": null,
              "code": "var USERS_API = \"**/api/admin/users\";\nvar USER_ID = \"psw-456\";\ncy.intercept(\"GET\", USERS_API, [\n    {\n        id: USER_ID, email: \"walker@primecare.ca\", role: \"psw\", status: \"pending\",\n        PswProfile: { fullName: \"John Walker\" }\n    }\n]).as(\"getUsers\");\ncy.visitAppRoute(\"ADMIN_BASE_URL\", \"/users\");\ncy.wait(\"@getUsers\");\ncy.intercept(\"POST\", \"**/api/admin/users/verify/\".concat(USER_ID), {\n    statusCode: 200,\n    body: { success: true }\n}).as(\"verifyUser\");\n// Approved icon should change from ⏳ to ✅\ncy.getByCy(\"user-verification-icon\").should(\"contain\", \"⏳\");\ncy.getByCy(\"btn-verify-user\").click();\ncy.wait(\"@verifyUser\");\ncy.getByCy(\"user-verification-icon\").should(\"contain\", \"✅\");\ncy.getByCy(\"toast\").should(\"contain\", \"verified successfully\");",
              "err": {},
              "uuid": "f6a3866b-193a-4817-90e4-3061b0b82981",
              "parentUUID": "8230a875-8113-4393-9428-d054e1758c78",
              "isHook": false,
              "skipped": true
            }
          ],
          "suites": [],
          "passes": [],
          "failures": [
            "53f08b2c-f2d0-43e3-ad9f-ff573170d905"
          ],
          "pending": [],
          "skipped": [
            "f6a3866b-193a-4817-90e4-3061b0b82981"
          ],
          "duration": 589,
          "root": false,
          "rootEmpty": false,
          "_timeout": 2000
        }
      ],
      "passes": [],
      "failures": [],
      "pending": [],
      "skipped": [],
      "duration": 0,
      "root": true,
      "rootEmpty": true,
      "_timeout": 2000
    }
  ],
  "meta": {
    "mocha": {
      "version": "7.0.1"
    },
    "mochawesome": {
      "options": {
        "quiet": false,
        "reportFilename": "mochawesome",
        "saveHtml": false,
        "saveJson": true,
        "consoleReporter": "spec",
        "useInlineDiffs": false,
        "code": true
      },
      "version": "7.1.4"
    },
    "marge": {
      "options": {
        "id": "default",
        "reportDir": "cypress/reports/mochawesome",
        "overwrite": false,
        "html": false,
        "json": true,
        "embeddedScreenshots": true
      },
      "version": "6.3.2"
    }
  }
}