{
  "stats": {
    "suites": 1,
    "tests": 2,
    "passes": 1,
    "pending": 0,
    "failures": 1,
    "start": "2026-02-13T00:47:44.924Z",
    "end": "2026-02-13T00:48:22.989Z",
    "duration": 38065,
    "testsRegistered": 2,
    "passPercent": 50,
    "pendingPercent": 0,
    "other": 0,
    "hasOther": false,
    "skipped": 0,
    "hasSkipped": false
  },
  "results": [
    {
      "uuid": "68628ba8-7ee9-4ab1-82f3-8b91ffa0d7fd",
      "title": "",
      "fullFile": "cypress\\e2e\\admin\\smoke\\admin.routes.cy.ts",
      "file": "cypress\\e2e\\admin\\smoke\\admin.routes.cy.ts",
      "beforeHooks": [],
      "afterHooks": [],
      "tests": [],
      "suites": [
        {
          "uuid": "d7ad09c2-24f9-4198-8cfb-2777332f4da8",
          "title": "Admin/Portal Routes Smoke",
          "fullFile": "",
          "file": "",
          "beforeHooks": [],
          "afterHooks": [],
          "tests": [
            {
              "title": "loads core routes as guest",
              "fullTitle": "Admin/Portal Routes Smoke loads core routes as guest",
              "timedOut": null,
              "duration": 1242,
              "state": "passed",
              "speed": "fast",
              "pass": true,
              "fail": false,
              "pending": false,
              "context": null,
              "code": "cy.fixture(\"registry/routes.admin.json\").then(function (cfg) {\n    cy.loginAs(role);\n    // For smoke test, we only check a representative subset of routes per role\n    // to keep the suite fast. Full matrix is in 10_security.\n    var smokeRoutes = role === \"guest\"\n        ? cfg.routes.filter(function (r) { return r.auth === \"guest\"; })\n        : cfg.routes.filter(function (r) { return [\"staff\", \"any\"].includes(r.auth); });\n    smokeRoutes.forEach(function (r) {\n        cy.log(\"[\".concat(role, \"] Testing Route: \").concat(r.key, \" -> \").concat(r.path));\n        cy.visitAppRoute(cfg.baseUrlEnv, r.path);\n        cy.get(\"body\").should(\"be.visible\");\n        cy.get(\"body\").should(\"not.contain\", \"404\");\n        if (role !== \"guest\") {\n            cy.getByCy(\"sidebar\").should(\"be.visible\");\n        }\n    });\n});",
              "err": {},
              "uuid": "c418ef28-8be0-4231-b149-0b70b2d4e9c1",
              "parentUUID": "d7ad09c2-24f9-4198-8cfb-2777332f4da8",
              "isHook": false,
              "skipped": false
            },
            {
              "title": "loads core routes as staff",
              "fullTitle": "Admin/Portal Routes Smoke loads core routes as staff",
              "timedOut": null,
              "duration": 23088,
              "state": "failed",
              "speed": null,
              "pass": false,
              "fail": true,
              "pending": false,
              "context": null,
              "code": "cy.fixture(\"registry/routes.admin.json\").then(function (cfg) {\n    cy.loginAs(role);\n    // For smoke test, we only check a representative subset of routes per role\n    // to keep the suite fast. Full matrix is in 10_security.\n    var smokeRoutes = role === \"guest\"\n        ? cfg.routes.filter(function (r) { return r.auth === \"guest\"; })\n        : cfg.routes.filter(function (r) { return [\"staff\", \"any\"].includes(r.auth); });\n    smokeRoutes.forEach(function (r) {\n        cy.log(\"[\".concat(role, \"] Testing Route: \").concat(r.key, \" -> \").concat(r.path));\n        cy.visitAppRoute(cfg.baseUrlEnv, r.path);\n        cy.get(\"body\").should(\"be.visible\");\n        cy.get(\"body\").should(\"not.contain\", \"404\");\n        if (role !== \"guest\") {\n            cy.getByCy(\"sidebar\").should(\"be.visible\");\n        }\n    });\n});",
              "err": {
                "message": "AssertionError: Timed out retrying after 10000ms: Expected to find element: `[data-cy=\"sidebar\"]`, but never found it.",
                "estack": "AssertionError: Timed out retrying after 10000ms: Expected to find element: `[data-cy=\"sidebar\"]`, but never found it.\n    at eval (webpack://@primecare/cypress-test/./cypress/e2e/admin/smoke/admin.routes.cy.ts:19:0)\n    at Context.eval (webpack://@primecare/cypress-test/./cypress/e2e/admin/smoke/admin.routes.cy.ts:13:0)",
                "diff": null
              },
              "uuid": "d3586ce2-91ab-459d-9e2b-9df67ad4da93",
              "parentUUID": "d7ad09c2-24f9-4198-8cfb-2777332f4da8",
              "isHook": false,
              "skipped": false
            }
          ],
          "suites": [],
          "passes": [
            "c418ef28-8be0-4231-b149-0b70b2d4e9c1"
          ],
          "failures": [
            "d3586ce2-91ab-459d-9e2b-9df67ad4da93"
          ],
          "pending": [],
          "skipped": [],
          "duration": 24330,
          "root": false,
          "rootEmpty": false,
          "_timeout": 2000
        }
      ],
      "passes": [],
      "failures": [],
      "pending": [],
      "skipped": [],
      "duration": 0,
      "root": true,
      "rootEmpty": true,
      "_timeout": 2000
    }
  ],
  "meta": {
    "mocha": {
      "version": "7.0.1"
    },
    "mochawesome": {
      "options": {
        "quiet": false,
        "reportFilename": "mochawesome",
        "saveHtml": false,
        "saveJson": true,
        "consoleReporter": "spec",
        "useInlineDiffs": false,
        "code": true
      },
      "version": "7.1.4"
    },
    "marge": {
      "options": {
        "id": "default",
        "reportDir": "cypress/reports/mochawesome",
        "overwrite": false,
        "html": false,
        "json": true,
        "embeddedScreenshots": true
      },
      "version": "6.3.2"
    }
  }
}