{
  "stats": {
    "suites": 1,
    "tests": 7,
    "passes": 7,
    "pending": 0,
    "failures": 0,
    "start": "2026-02-14T00:53:21.570Z",
    "end": "2026-02-14T00:53:40.545Z",
    "duration": 18975,
    "testsRegistered": 74,
    "passPercent": 9.45945945945946,
    "pendingPercent": 0,
    "other": 0,
    "hasOther": false,
    "skipped": 67,
    "hasSkipped": true
  },
  "results": [
    {
      "uuid": "3fb47cbb-4bc6-452f-bc24-4266293fb21e",
      "title": "",
      "fullFile": "cypress\\e2e\\steps\\0100-psw-structured.cy.ts",
      "file": "cypress\\e2e\\steps\\0100-psw-structured.cy.ts",
      "beforeHooks": [],
      "afterHooks": [],
      "tests": [],
      "suites": [
        {
          "uuid": "92e20c28-2dea-49c1-85ec-ba402985488a",
          "title": "PSW Mathematical Micro-Steps (Full Suite)",
          "fullFile": "",
          "file": "",
          "beforeHooks": [],
          "afterHooks": [],
          "tests": [
            {
              "title": "01.01.01  PSW__Login__PageLoad__SUCCESS",
              "fullTitle": "PSW Mathematical Micro-Steps (Full Suite) 01.01.01  PSW__Login__PageLoad__SUCCESS",
              "timedOut": null,
              "duration": 9674,
              "state": "passed",
              "speed": "medium",
              "pass": true,
              "fail": false,
              "pending": false,
              "context": null,
              "code": "// Re-intercept in case of reloads\ncy.intercept('GET', '**/auth/whoami').as('whoami');\ns.run();",
              "err": {},
              "uuid": "f6ebeb93-93fe-4fa2-a3ec-6b873bb0e0e3",
              "parentUUID": "92e20c28-2dea-49c1-85ec-ba402985488a",
              "isHook": false,
              "skipped": false
            },
            {
              "title": "01.01.02  PSW__Login__Logo__VISIBLE",
              "fullTitle": "PSW Mathematical Micro-Steps (Full Suite) 01.01.02  PSW__Login__Logo__VISIBLE",
              "timedOut": null,
              "duration": 194,
              "state": "passed",
              "speed": "fast",
              "pass": true,
              "fail": false,
              "pending": false,
              "context": null,
              "code": "// Re-intercept in case of reloads\ncy.intercept('GET', '**/auth/whoami').as('whoami');\ns.run();",
              "err": {},
              "uuid": "0013c1a7-2947-400f-8955-e3bf55685ef0",
              "parentUUID": "92e20c28-2dea-49c1-85ec-ba402985488a",
              "isHook": false,
              "skipped": false
            },
            {
              "title": "01.01.03  PSW__Login__EmailInput__VISIBLE",
              "fullTitle": "PSW Mathematical Micro-Steps (Full Suite) 01.01.03  PSW__Login__EmailInput__VISIBLE",
              "timedOut": null,
              "duration": 88,
              "state": "passed",
              "speed": "fast",
              "pass": true,
              "fail": false,
              "pending": false,
              "context": null,
              "code": "// Re-intercept in case of reloads\ncy.intercept('GET', '**/auth/whoami').as('whoami');\ns.run();",
              "err": {},
              "uuid": "51e5c647-a94d-403e-bdc0-90414d94191a",
              "parentUUID": "92e20c28-2dea-49c1-85ec-ba402985488a",
              "isHook": false,
              "skipped": false
            },
            {
              "title": "01.01.04  PSW__Login__PasswordInput__VISIBLE",
              "fullTitle": "PSW Mathematical Micro-Steps (Full Suite) 01.01.04  PSW__Login__PasswordInput__VISIBLE",
              "timedOut": null,
              "duration": 456,
              "state": "passed",
              "speed": "fast",
              "pass": true,
              "fail": false,
              "pending": false,
              "context": null,
              "code": "// Re-intercept in case of reloads\ncy.intercept('GET', '**/auth/whoami').as('whoami');\ns.run();",
              "err": {},
              "uuid": "4ed9d188-a190-4113-8ed3-02046b722b09",
              "parentUUID": "92e20c28-2dea-49c1-85ec-ba402985488a",
              "isHook": false,
              "skipped": false
            },
            {
              "title": "01.01.06  PSW__Login__LoginButton__CLICKABLE",
              "fullTitle": "PSW Mathematical Micro-Steps (Full Suite) 01.01.06  PSW__Login__LoginButton__CLICKABLE",
              "timedOut": null,
              "duration": 85,
              "state": "passed",
              "speed": "fast",
              "pass": true,
              "fail": false,
              "pending": false,
              "context": null,
              "code": "// Re-intercept in case of reloads\ncy.intercept('GET', '**/auth/whoami').as('whoami');\ns.run();",
              "err": {},
              "uuid": "b12bb514-7a54-4262-bdcd-f210f61c07d3",
              "parentUUID": "92e20c28-2dea-49c1-85ec-ba402985488a",
              "isHook": false,
              "skipped": false
            },
            {
              "title": "01.01.07  PSW__Login__ForgotPassword__VISIBLE",
              "fullTitle": "PSW Mathematical Micro-Steps (Full Suite) 01.01.07  PSW__Login__ForgotPassword__VISIBLE",
              "timedOut": null,
              "duration": 80,
              "state": "passed",
              "speed": "fast",
              "pass": true,
              "fail": false,
              "pending": false,
              "context": null,
              "code": "// Re-intercept in case of reloads\ncy.intercept('GET', '**/auth/whoami').as('whoami');\ns.run();",
              "err": {},
              "uuid": "d2e0a965-17e2-40fe-8670-eb7f6679e14e",
              "parentUUID": "92e20c28-2dea-49c1-85ec-ba402985488a",
              "isHook": false,
              "skipped": false
            },
            {
              "title": "01.01.08  PSW__Login__EmptyForm__ERROR",
              "fullTitle": "PSW Mathematical Micro-Steps (Full Suite) 01.01.08  PSW__Login__EmptyForm__ERROR",
              "timedOut": null,
              "duration": 517,
              "state": "passed",
              "speed": "fast",
              "pass": true,
              "fail": false,
              "pending": false,
              "context": null,
              "code": "// Re-intercept in case of reloads\ncy.intercept('GET', '**/auth/whoami').as('whoami');\ns.run();",
              "err": {},
              "uuid": "5c3346b1-a2d8-4754-8bbe-acbc902ca7ac",
              "parentUUID": "92e20c28-2dea-49c1-85ec-ba402985488a",
              "isHook": false,
              "skipped": false
            },
            {
              "title": "01.01.09  PSW__Login__ValidLogin__REDIRECT",
              "fullTitle": "PSW Mathematical Micro-Steps (Full Suite) 01.01.09  PSW__Login__ValidLogin__REDIRECT",
              "timedOut": null,
              "duration": 0,
              "state": "skipped",
              "speed": null,
              "pass": false,
              "fail": false,
              "pending": false,
              "context": null,
              "code": "// Re-intercept in case of reloads\ncy.intercept('GET', '**/auth/whoami').as('whoami');\ns.run();",
              "err": {},
              "uuid": "d437dee1-2e6e-4e90-9f2f-aa82c182d7b5",
              "parentUUID": "92e20c28-2dea-49c1-85ec-ba402985488a",
              "isHook": false,
              "skipped": true
            },
            {
              "title": "01.01.10  PSW__Login__API_Login__200",
              "fullTitle": "PSW Mathematical Micro-Steps (Full Suite) 01.01.10  PSW__Login__API_Login__200",
              "timedOut": null,
              "duration": 0,
              "state": "skipped",
              "speed": null,
              "pass": false,
              "fail": false,
              "pending": false,
              "context": null,
              "code": "// Re-intercept in case of reloads\ncy.intercept('GET', '**/auth/whoami').as('whoami');\ns.run();",
              "err": {},
              "uuid": "8dda3234-2492-423b-98d8-347b4ea719ca",
              "parentUUID": "92e20c28-2dea-49c1-85ec-ba402985488a",
              "isHook": false,
              "skipped": true
            },
            {
              "title": "01.02.01  PSW__Dashboard__PageLoad__SUCCESS",
              "fullTitle": "PSW Mathematical Micro-Steps (Full Suite) 01.02.01  PSW__Dashboard__PageLoad__SUCCESS",
              "timedOut": null,
              "duration": 0,
              "state": "skipped",
              "speed": null,
              "pass": false,
              "fail": false,
              "pending": false,
              "context": null,
              "code": "// Re-intercept in case of reloads\ncy.intercept('GET', '**/auth/whoami').as('whoami');\ns.run();",
              "err": {},
              "uuid": "e5a18abe-0e8e-48eb-b802-3a50118c6ec6",
              "parentUUID": "92e20c28-2dea-49c1-85ec-ba402985488a",
              "isHook": false,
              "skipped": true
            },
            {
              "title": "01.02.02  PSW__Dashboard__WelcomeCard__VISIBLE",
              "fullTitle": "PSW Mathematical Micro-Steps (Full Suite) 01.02.02  PSW__Dashboard__WelcomeCard__VISIBLE",
              "timedOut": null,
              "duration": 0,
              "state": "skipped",
              "speed": null,
              "pass": false,
              "fail": false,
              "pending": false,
              "context": null,
              "code": "// Re-intercept in case of reloads\ncy.intercept('GET', '**/auth/whoami').as('whoami');\ns.run();",
              "err": {},
              "uuid": "195255cc-1f7f-494a-b744-181d9befb771",
              "parentUUID": "92e20c28-2dea-49c1-85ec-ba402985488a",
              "isHook": false,
              "skipped": true
            },
            {
              "title": "01.02.03  PSW__Dashboard__TodayShiftCard__LOAD",
              "fullTitle": "PSW Mathematical Micro-Steps (Full Suite) 01.02.03  PSW__Dashboard__TodayShiftCard__LOAD",
              "timedOut": null,
              "duration": 0,
              "state": "skipped",
              "speed": null,
              "pass": false,
              "fail": false,
              "pending": false,
              "context": null,
              "code": "// Re-intercept in case of reloads\ncy.intercept('GET', '**/auth/whoami').as('whoami');\ns.run();",
              "err": {},
              "uuid": "858f74ca-10f6-4e3c-b02c-85aa56de6007",
              "parentUUID": "92e20c28-2dea-49c1-85ec-ba402985488a",
              "isHook": false,
              "skipped": true
            },
            {
              "title": "01.02.04  PSW__Dashboard__StatsCard__DATA",
              "fullTitle": "PSW Mathematical Micro-Steps (Full Suite) 01.02.04  PSW__Dashboard__StatsCard__DATA",
              "timedOut": null,
              "duration": 0,
              "state": "skipped",
              "speed": null,
              "pass": false,
              "fail": false,
              "pending": false,
              "context": null,
              "code": "// Re-intercept in case of reloads\ncy.intercept('GET', '**/auth/whoami').as('whoami');\ns.run();",
              "err": {},
              "uuid": "0b49899a-f329-42f8-a0be-0f5ba52ada49",
              "parentUUID": "92e20c28-2dea-49c1-85ec-ba402985488a",
              "isHook": false,
              "skipped": true
            },
            {
              "title": "01.02.05  PSW__Dashboard__EarningsCard__VISIBLE",
              "fullTitle": "PSW Mathematical Micro-Steps (Full Suite) 01.02.05  PSW__Dashboard__EarningsCard__VISIBLE",
              "timedOut": null,
              "duration": 0,
              "state": "skipped",
              "speed": null,
              "pass": false,
              "fail": false,
              "pending": false,
              "context": null,
              "code": "// Re-intercept in case of reloads\ncy.intercept('GET', '**/auth/whoami').as('whoami');\ns.run();",
              "err": {},
              "uuid": "331ec77b-2d76-4d70-a409-999ac472636a",
              "parentUUID": "92e20c28-2dea-49c1-85ec-ba402985488a",
              "isHook": false,
              "skipped": true
            },
            {
              "title": "01.02.06  PSW__Dashboard__QuickAction__NAV_WORKS",
              "fullTitle": "PSW Mathematical Micro-Steps (Full Suite) 01.02.06  PSW__Dashboard__QuickAction__NAV_WORKS",
              "timedOut": null,
              "duration": 0,
              "state": "skipped",
              "speed": null,
              "pass": false,
              "fail": false,
              "pending": false,
              "context": null,
              "code": "// Re-intercept in case of reloads\ncy.intercept('GET', '**/auth/whoami').as('whoami');\ns.run();",
              "err": {},
              "uuid": "a1c47abc-6ec8-4dd2-bf89-46c9c7c6ea80",
              "parentUUID": "92e20c28-2dea-49c1-85ec-ba402985488a",
              "isHook": false,
              "skipped": true
            },
            {
              "title": "01.02.07  PSW__Dashboard__NotificationBell__OPEN",
              "fullTitle": "PSW Mathematical Micro-Steps (Full Suite) 01.02.07  PSW__Dashboard__NotificationBell__OPEN",
              "timedOut": null,
              "duration": 0,
              "state": "skipped",
              "speed": null,
              "pass": false,
              "fail": false,
              "pending": false,
              "context": null,
              "code": "// Re-intercept in case of reloads\ncy.intercept('GET', '**/auth/whoami').as('whoami');\ns.run();",
              "err": {},
              "uuid": "410fc36f-f10c-4c85-98d6-d0b694f1a902",
              "parentUUID": "92e20c28-2dea-49c1-85ec-ba402985488a",
              "isHook": false,
              "skipped": true
            },
            {
              "title": "01.02.08  PSW__Dashboard__SideMenu__TOGGLE",
              "fullTitle": "PSW Mathematical Micro-Steps (Full Suite) 01.02.08  PSW__Dashboard__SideMenu__TOGGLE",
              "timedOut": null,
              "duration": 0,
              "state": "skipped",
              "speed": null,
              "pass": false,
              "fail": false,
              "pending": false,
              "context": null,
              "code": "// Re-intercept in case of reloads\ncy.intercept('GET', '**/auth/whoami').as('whoami');\ns.run();",
              "err": {},
              "uuid": "93bf8a4c-0da9-4e57-9e64-e30fc3c6f06e",
              "parentUUID": "92e20c28-2dea-49c1-85ec-ba402985488a",
              "isHook": false,
              "skipped": true
            },
            {
              "title": "01.02.09  PSW__Dashboard__Logout__REDIRECT",
              "fullTitle": "PSW Mathematical Micro-Steps (Full Suite) 01.02.09  PSW__Dashboard__Logout__REDIRECT",
              "timedOut": null,
              "duration": 0,
              "state": "skipped",
              "speed": null,
              "pass": false,
              "fail": false,
              "pending": false,
              "context": null,
              "code": "// Re-intercept in case of reloads\ncy.intercept('GET', '**/auth/whoami').as('whoami');\ns.run();",
              "err": {},
              "uuid": "81bc56a4-78c6-4c7b-87e7-1134bffa1b25",
              "parentUUID": "92e20c28-2dea-49c1-85ec-ba402985488a",
              "isHook": false,
              "skipped": true
            },
            {
              "title": "01.03.01  PSW__Shifts__PageLoad__SUCCESS",
              "fullTitle": "PSW Mathematical Micro-Steps (Full Suite) 01.03.01  PSW__Shifts__PageLoad__SUCCESS",
              "timedOut": null,
              "duration": 0,
              "state": "skipped",
              "speed": null,
              "pass": false,
              "fail": false,
              "pending": false,
              "context": null,
              "code": "// Re-intercept in case of reloads\ncy.intercept('GET', '**/auth/whoami').as('whoami');\ns.run();",
              "err": {},
              "uuid": "f06cb7b6-8abe-4ba7-9acd-ba832d5b3253",
              "parentUUID": "92e20c28-2dea-49c1-85ec-ba402985488a",
              "isHook": false,
              "skipped": true
            },
            {
              "title": "01.03.02  PSW__Shifts__ShiftTable__VISIBLE",
              "fullTitle": "PSW Mathematical Micro-Steps (Full Suite) 01.03.02  PSW__Shifts__ShiftTable__VISIBLE",
              "timedOut": null,
              "duration": 0,
              "state": "skipped",
              "speed": null,
              "pass": false,
              "fail": false,
              "pending": false,
              "context": null,
              "code": "// Re-intercept in case of reloads\ncy.intercept('GET', '**/auth/whoami').as('whoami');\ns.run();",
              "err": {},
              "uuid": "231a373e-97f3-49fd-af68-a2e32a1d9a13",
              "parentUUID": "92e20c28-2dea-49c1-85ec-ba402985488a",
              "isHook": false,
              "skipped": true
            },
            {
              "title": "01.03.03  PSW__Shifts__ShiftRow__DATA_PRESENT",
              "fullTitle": "PSW Mathematical Micro-Steps (Full Suite) 01.03.03  PSW__Shifts__ShiftRow__DATA_PRESENT",
              "timedOut": null,
              "duration": 0,
              "state": "skipped",
              "speed": null,
              "pass": false,
              "fail": false,
              "pending": false,
              "context": null,
              "code": "// Re-intercept in case of reloads\ncy.intercept('GET', '**/auth/whoami').as('whoami');\ns.run();",
              "err": {},
              "uuid": "885d1bcf-d823-4658-bfb0-cd83ecb4380b",
              "parentUUID": "92e20c28-2dea-49c1-85ec-ba402985488a",
              "isHook": false,
              "skipped": true
            },
            {
              "title": "01.03.04  PSW__Shifts__AcceptButton__CLICK_SUCCESS",
              "fullTitle": "PSW Mathematical Micro-Steps (Full Suite) 01.03.04  PSW__Shifts__AcceptButton__CLICK_SUCCESS",
              "timedOut": null,
              "duration": 0,
              "state": "skipped",
              "speed": null,
              "pass": false,
              "fail": false,
              "pending": false,
              "context": null,
              "code": "// Re-intercept in case of reloads\ncy.intercept('GET', '**/auth/whoami').as('whoami');\ns.run();",
              "err": {},
              "uuid": "d4790a0e-4387-4810-8a23-8a1e80cac57d",
              "parentUUID": "92e20c28-2dea-49c1-85ec-ba402985488a",
              "isHook": false,
              "skipped": true
            },
            {
              "title": "01.03.05  PSW__Shifts__DeclineButton__CLICK_SUCCESS",
              "fullTitle": "PSW Mathematical Micro-Steps (Full Suite) 01.03.05  PSW__Shifts__DeclineButton__CLICK_SUCCESS",
              "timedOut": null,
              "duration": 0,
              "state": "skipped",
              "speed": null,
              "pass": false,
              "fail": false,
              "pending": false,
              "context": null,
              "code": "// Re-intercept in case of reloads\ncy.intercept('GET', '**/auth/whoami').as('whoami');\ns.run();",
              "err": {},
              "uuid": "745ee56b-81c7-459c-b45e-bd4a33455700",
              "parentUUID": "92e20c28-2dea-49c1-85ec-ba402985488a",
              "isHook": false,
              "skipped": true
            },
            {
              "title": "01.03.06  PSW__Shifts__DetailsModal__OPEN",
              "fullTitle": "PSW Mathematical Micro-Steps (Full Suite) 01.03.06  PSW__Shifts__DetailsModal__OPEN",
              "timedOut": null,
              "duration": 0,
              "state": "skipped",
              "speed": null,
              "pass": false,
              "fail": false,
              "pending": false,
              "context": null,
              "code": "// Re-intercept in case of reloads\ncy.intercept('GET', '**/auth/whoami').as('whoami');\ns.run();",
              "err": {},
              "uuid": "7c4cacca-7c2e-4853-ac2c-f4fc9974f32a",
              "parentUUID": "92e20c28-2dea-49c1-85ec-ba402985488a",
              "isHook": false,
              "skipped": true
            },
            {
              "title": "01.03.07  PSW__Shifts__Filter__WORKS",
              "fullTitle": "PSW Mathematical Micro-Steps (Full Suite) 01.03.07  PSW__Shifts__Filter__WORKS",
              "timedOut": null,
              "duration": 0,
              "state": "skipped",
              "speed": null,
              "pass": false,
              "fail": false,
              "pending": false,
              "context": null,
              "code": "// Re-intercept in case of reloads\ncy.intercept('GET', '**/auth/whoami').as('whoami');\ns.run();",
              "err": {},
              "uuid": "8b0f8da1-c587-4942-b141-25df59dcea38",
              "parentUUID": "92e20c28-2dea-49c1-85ec-ba402985488a",
              "isHook": false,
              "skipped": true
            },
            {
              "title": "01.03.08  PSW__Shifts__Search__WORKS",
              "fullTitle": "PSW Mathematical Micro-Steps (Full Suite) 01.03.08  PSW__Shifts__Search__WORKS",
              "timedOut": null,
              "duration": 0,
              "state": "skipped",
              "speed": null,
              "pass": false,
              "fail": false,
              "pending": false,
              "context": null,
              "code": "// Re-intercept in case of reloads\ncy.intercept('GET', '**/auth/whoami').as('whoami');\ns.run();",
              "err": {},
              "uuid": "ccd6a5b4-be6d-4cfe-8364-d50962af6a7c",
              "parentUUID": "92e20c28-2dea-49c1-85ec-ba402985488a",
              "isHook": false,
              "skipped": true
            },
            {
              "title": "01.03.09  PSW__Shifts__Pagination__WORKS",
              "fullTitle": "PSW Mathematical Micro-Steps (Full Suite) 01.03.09  PSW__Shifts__Pagination__WORKS",
              "timedOut": null,
              "duration": 0,
              "state": "skipped",
              "speed": null,
              "pass": false,
              "fail": false,
              "pending": false,
              "context": null,
              "code": "// Re-intercept in case of reloads\ncy.intercept('GET', '**/auth/whoami').as('whoami');\ns.run();",
              "err": {},
              "uuid": "4c68129f-0215-49ee-a921-ffb1e30f56a9",
              "parentUUID": "92e20c28-2dea-49c1-85ec-ba402985488a",
              "isHook": false,
              "skipped": true
            },
            {
              "title": "01.03.10  PSW__Shifts__API_Load__200",
              "fullTitle": "PSW Mathematical Micro-Steps (Full Suite) 01.03.10  PSW__Shifts__API_Load__200",
              "timedOut": null,
              "duration": 0,
              "state": "skipped",
              "speed": null,
              "pass": false,
              "fail": false,
              "pending": false,
              "context": null,
              "code": "// Re-intercept in case of reloads\ncy.intercept('GET', '**/auth/whoami').as('whoami');\ns.run();",
              "err": {},
              "uuid": "725954e8-e37d-4ba2-8441-ba60745c91bd",
              "parentUUID": "92e20c28-2dea-49c1-85ec-ba402985488a",
              "isHook": false,
              "skipped": true
            },
            {
              "title": "01.04.01  PSW__DailyEntry__PageLoad__SUCCESS",
              "fullTitle": "PSW Mathematical Micro-Steps (Full Suite) 01.04.01  PSW__DailyEntry__PageLoad__SUCCESS",
              "timedOut": null,
              "duration": 0,
              "state": "skipped",
              "speed": null,
              "pass": false,
              "fail": false,
              "pending": false,
              "context": null,
              "code": "// Re-intercept in case of reloads\ncy.intercept('GET', '**/auth/whoami').as('whoami');\ns.run();",
              "err": {},
              "uuid": "e0f9cf0b-7889-433b-9b8b-3aa926ff2943",
              "parentUUID": "92e20c28-2dea-49c1-85ec-ba402985488a",
              "isHook": false,
              "skipped": true
            },
            {
              "title": "01.04.02  PSW__DailyEntry__ClientSelector__LOAD",
              "fullTitle": "PSW Mathematical Micro-Steps (Full Suite) 01.04.02  PSW__DailyEntry__ClientSelector__LOAD",
              "timedOut": null,
              "duration": 0,
              "state": "skipped",
              "speed": null,
              "pass": false,
              "fail": false,
              "pending": false,
              "context": null,
              "code": "// Re-intercept in case of reloads\ncy.intercept('GET', '**/auth/whoami').as('whoami');\ns.run();",
              "err": {},
              "uuid": "c3cc2ffa-af41-4534-ad86-89d3eba75455",
              "parentUUID": "92e20c28-2dea-49c1-85ec-ba402985488a",
              "isHook": false,
              "skipped": true
            },
            {
              "title": "01.04.03  PSW__DailyEntry__ServiceChecklist__SELECT",
              "fullTitle": "PSW Mathematical Micro-Steps (Full Suite) 01.04.03  PSW__DailyEntry__ServiceChecklist__SELECT",
              "timedOut": null,
              "duration": 0,
              "state": "skipped",
              "speed": null,
              "pass": false,
              "fail": false,
              "pending": false,
              "context": null,
              "code": "// Re-intercept in case of reloads\ncy.intercept('GET', '**/auth/whoami').as('whoami');\ns.run();",
              "err": {},
              "uuid": "a6103350-c602-4da7-be66-3fb26a1a5d4a",
              "parentUUID": "92e20c28-2dea-49c1-85ec-ba402985488a",
              "isHook": false,
              "skipped": true
            },
            {
              "title": "01.04.04  PSW__DailyEntry__NotesField__INPUT",
              "fullTitle": "PSW Mathematical Micro-Steps (Full Suite) 01.04.04  PSW__DailyEntry__NotesField__INPUT",
              "timedOut": null,
              "duration": 0,
              "state": "skipped",
              "speed": null,
              "pass": false,
              "fail": false,
              "pending": false,
              "context": null,
              "code": "// Re-intercept in case of reloads\ncy.intercept('GET', '**/auth/whoami').as('whoami');\ns.run();",
              "err": {},
              "uuid": "3109109b-0d60-4e6d-8e35-e2118e911c74",
              "parentUUID": "92e20c28-2dea-49c1-85ec-ba402985488a",
              "isHook": false,
              "skipped": true
            },
            {
              "title": "01.04.05  PSW__DailyEntry__TimeIn__VALIDATION",
              "fullTitle": "PSW Mathematical Micro-Steps (Full Suite) 01.04.05  PSW__DailyEntry__TimeIn__VALIDATION",
              "timedOut": null,
              "duration": 0,
              "state": "skipped",
              "speed": null,
              "pass": false,
              "fail": false,
              "pending": false,
              "context": null,
              "code": "// Re-intercept in case of reloads\ncy.intercept('GET', '**/auth/whoami').as('whoami');\ns.run();",
              "err": {},
              "uuid": "d8bfe41e-7253-4afe-ad67-c3b34f487753",
              "parentUUID": "92e20c28-2dea-49c1-85ec-ba402985488a",
              "isHook": false,
              "skipped": true
            },
            {
              "title": "01.04.06  PSW__DailyEntry__TimeOut__VALIDATION",
              "fullTitle": "PSW Mathematical Micro-Steps (Full Suite) 01.04.06  PSW__DailyEntry__TimeOut__VALIDATION",
              "timedOut": null,
              "duration": 0,
              "state": "skipped",
              "speed": null,
              "pass": false,
              "fail": false,
              "pending": false,
              "context": null,
              "code": "// Re-intercept in case of reloads\ncy.intercept('GET', '**/auth/whoami').as('whoami');\ns.run();",
              "err": {},
              "uuid": "94f11c8a-1b8f-43cb-a1dc-4cb82234f3da",
              "parentUUID": "92e20c28-2dea-49c1-85ec-ba402985488a",
              "isHook": false,
              "skipped": true
            },
            {
              "title": "01.04.07  PSW__DailyEntry__SignaturePad__SAVE",
              "fullTitle": "PSW Mathematical Micro-Steps (Full Suite) 01.04.07  PSW__DailyEntry__SignaturePad__SAVE",
              "timedOut": null,
              "duration": 0,
              "state": "skipped",
              "speed": null,
              "pass": false,
              "fail": false,
              "pending": false,
              "context": null,
              "code": "// Re-intercept in case of reloads\ncy.intercept('GET', '**/auth/whoami').as('whoami');\ns.run();",
              "err": {},
              "uuid": "46daf6e9-56bb-4b52-ab85-0ac3574d3b7b",
              "parentUUID": "92e20c28-2dea-49c1-85ec-ba402985488a",
              "isHook": false,
              "skipped": true
            },
            {
              "title": "01.04.08  PSW__DailyEntry__SaveButton__SUCCESS",
              "fullTitle": "PSW Mathematical Micro-Steps (Full Suite) 01.04.08  PSW__DailyEntry__SaveButton__SUCCESS",
              "timedOut": null,
              "duration": 0,
              "state": "skipped",
              "speed": null,
              "pass": false,
              "fail": false,
              "pending": false,
              "context": null,
              "code": "// Re-intercept in case of reloads\ncy.intercept('GET', '**/auth/whoami').as('whoami');\ns.run();",
              "err": {},
              "uuid": "d79abb26-c23b-4978-8418-535b53d5a6d0",
              "parentUUID": "92e20c28-2dea-49c1-85ec-ba402985488a",
              "isHook": false,
              "skipped": true
            },
            {
              "title": "01.04.09  PSW__DailyEntry__SubmitButton__SUCCESS",
              "fullTitle": "PSW Mathematical Micro-Steps (Full Suite) 01.04.09  PSW__DailyEntry__SubmitButton__SUCCESS",
              "timedOut": null,
              "duration": 0,
              "state": "skipped",
              "speed": null,
              "pass": false,
              "fail": false,
              "pending": false,
              "context": null,
              "code": "// Re-intercept in case of reloads\ncy.intercept('GET', '**/auth/whoami').as('whoami');\ns.run();",
              "err": {},
              "uuid": "549101cd-cf2d-422b-91e3-340bc9d2a7d8",
              "parentUUID": "92e20c28-2dea-49c1-85ec-ba402985488a",
              "isHook": false,
              "skipped": true
            },
            {
              "title": "01.04.10  PSW__DailyEntry__API_Save__200",
              "fullTitle": "PSW Mathematical Micro-Steps (Full Suite) 01.04.10  PSW__DailyEntry__API_Save__200",
              "timedOut": null,
              "duration": 0,
              "state": "skipped",
              "speed": null,
              "pass": false,
              "fail": false,
              "pending": false,
              "context": null,
              "code": "// Re-intercept in case of reloads\ncy.intercept('GET', '**/auth/whoami').as('whoami');\ns.run();",
              "err": {},
              "uuid": "5c95f2b9-f2c2-4747-94b8-33218ddf8d4e",
              "parentUUID": "92e20c28-2dea-49c1-85ec-ba402985488a",
              "isHook": false,
              "skipped": true
            },
            {
              "title": "01.05.01  PSW__Earnings__PageLoad__SUCCESS",
              "fullTitle": "PSW Mathematical Micro-Steps (Full Suite) 01.05.01  PSW__Earnings__PageLoad__SUCCESS",
              "timedOut": null,
              "duration": 0,
              "state": "skipped",
              "speed": null,
              "pass": false,
              "fail": false,
              "pending": false,
              "context": null,
              "code": "// Re-intercept in case of reloads\ncy.intercept('GET', '**/auth/whoami').as('whoami');\ns.run();",
              "err": {},
              "uuid": "a344377d-b06f-44b1-ac3f-90058db6a8a8",
              "parentUUID": "92e20c28-2dea-49c1-85ec-ba402985488a",
              "isHook": false,
              "skipped": true
            },
            {
              "title": "01.05.02  PSW__Earnings__Table__VISIBLE",
              "fullTitle": "PSW Mathematical Micro-Steps (Full Suite) 01.05.02  PSW__Earnings__Table__VISIBLE",
              "timedOut": null,
              "duration": 0,
              "state": "skipped",
              "speed": null,
              "pass": false,
              "fail": false,
              "pending": false,
              "context": null,
              "code": "// Re-intercept in case of reloads\ncy.intercept('GET', '**/auth/whoami').as('whoami');\ns.run();",
              "err": {},
              "uuid": "95953471-6166-48a4-adb9-ff2688355fcc",
              "parentUUID": "92e20c28-2dea-49c1-85ec-ba402985488a",
              "isHook": false,
              "skipped": true
            },
            {
              "title": "01.05.03  PSW__Earnings__TotalCard__CORRECT",
              "fullTitle": "PSW Mathematical Micro-Steps (Full Suite) 01.05.03  PSW__Earnings__TotalCard__CORRECT",
              "timedOut": null,
              "duration": 0,
              "state": "skipped",
              "speed": null,
              "pass": false,
              "fail": false,
              "pending": false,
              "context": null,
              "code": "// Re-intercept in case of reloads\ncy.intercept('GET', '**/auth/whoami').as('whoami');\ns.run();",
              "err": {},
              "uuid": "22783a1c-c221-4f87-9360-14cf8a46f454",
              "parentUUID": "92e20c28-2dea-49c1-85ec-ba402985488a",
              "isHook": false,
              "skipped": true
            },
            {
              "title": "01.05.04  PSW__Earnings__DateFilter__WORKS",
              "fullTitle": "PSW Mathematical Micro-Steps (Full Suite) 01.05.04  PSW__Earnings__DateFilter__WORKS",
              "timedOut": null,
              "duration": 0,
              "state": "skipped",
              "speed": null,
              "pass": false,
              "fail": false,
              "pending": false,
              "context": null,
              "code": "// Re-intercept in case of reloads\ncy.intercept('GET', '**/auth/whoami').as('whoami');\ns.run();",
              "err": {},
              "uuid": "703d7fb8-3f72-409d-84de-4a6430d276d0",
              "parentUUID": "92e20c28-2dea-49c1-85ec-ba402985488a",
              "isHook": false,
              "skipped": true
            },
            {
              "title": "01.05.05  PSW__Earnings__Export__CSV",
              "fullTitle": "PSW Mathematical Micro-Steps (Full Suite) 01.05.05  PSW__Earnings__Export__CSV",
              "timedOut": null,
              "duration": 0,
              "state": "skipped",
              "speed": null,
              "pass": false,
              "fail": false,
              "pending": false,
              "context": null,
              "code": "// Re-intercept in case of reloads\ncy.intercept('GET', '**/auth/whoami').as('whoami');\ns.run();",
              "err": {},
              "uuid": "cd66254b-6033-476c-8618-faa12d9eb845",
              "parentUUID": "92e20c28-2dea-49c1-85ec-ba402985488a",
              "isHook": false,
              "skipped": true
            },
            {
              "title": "01.05.06  PSW__Earnings__DownloadPDF__SUCCESS",
              "fullTitle": "PSW Mathematical Micro-Steps (Full Suite) 01.05.06  PSW__Earnings__DownloadPDF__SUCCESS",
              "timedOut": null,
              "duration": 0,
              "state": "skipped",
              "speed": null,
              "pass": false,
              "fail": false,
              "pending": false,
              "context": null,
              "code": "// Re-intercept in case of reloads\ncy.intercept('GET', '**/auth/whoami').as('whoami');\ns.run();",
              "err": {},
              "uuid": "fe4882ce-62cc-46a9-8f06-099d073ea876",
              "parentUUID": "92e20c28-2dea-49c1-85ec-ba402985488a",
              "isHook": false,
              "skipped": true
            },
            {
              "title": "01.05.07  PSW__Earnings__Pagination__WORKS",
              "fullTitle": "PSW Mathematical Micro-Steps (Full Suite) 01.05.07  PSW__Earnings__Pagination__WORKS",
              "timedOut": null,
              "duration": 0,
              "state": "skipped",
              "speed": null,
              "pass": false,
              "fail": false,
              "pending": false,
              "context": null,
              "code": "// Re-intercept in case of reloads\ncy.intercept('GET', '**/auth/whoami').as('whoami');\ns.run();",
              "err": {},
              "uuid": "47770b6d-e73e-4764-be2d-63a4a6b44b7d",
              "parentUUID": "92e20c28-2dea-49c1-85ec-ba402985488a",
              "isHook": false,
              "skipped": true
            },
            {
              "title": "01.05.08  PSW__Earnings__API_Load__200",
              "fullTitle": "PSW Mathematical Micro-Steps (Full Suite) 01.05.08  PSW__Earnings__API_Load__200",
              "timedOut": null,
              "duration": 0,
              "state": "skipped",
              "speed": null,
              "pass": false,
              "fail": false,
              "pending": false,
              "context": null,
              "code": "// Re-intercept in case of reloads\ncy.intercept('GET', '**/auth/whoami').as('whoami');\ns.run();",
              "err": {},
              "uuid": "1ae21ef0-f790-4926-b1d6-f13037ffe844",
              "parentUUID": "92e20c28-2dea-49c1-85ec-ba402985488a",
              "isHook": false,
              "skipped": true
            },
            {
              "title": "01.06.01  PSW__Profile__PageLoad__SUCCESS",
              "fullTitle": "PSW Mathematical Micro-Steps (Full Suite) 01.06.01  PSW__Profile__PageLoad__SUCCESS",
              "timedOut": null,
              "duration": 0,
              "state": "skipped",
              "speed": null,
              "pass": false,
              "fail": false,
              "pending": false,
              "context": null,
              "code": "// Re-intercept in case of reloads\ncy.intercept('GET', '**/auth/whoami').as('whoami');\ns.run();",
              "err": {},
              "uuid": "d5825290-13f5-452b-b931-9f6fba1cc60c",
              "parentUUID": "92e20c28-2dea-49c1-85ec-ba402985488a",
              "isHook": false,
              "skipped": true
            },
            {
              "title": "01.06.02  PSW__Profile__ProfileCard__VISIBLE",
              "fullTitle": "PSW Mathematical Micro-Steps (Full Suite) 01.06.02  PSW__Profile__ProfileCard__VISIBLE",
              "timedOut": null,
              "duration": 0,
              "state": "skipped",
              "speed": null,
              "pass": false,
              "fail": false,
              "pending": false,
              "context": null,
              "code": "// Re-intercept in case of reloads\ncy.intercept('GET', '**/auth/whoami').as('whoami');\ns.run();",
              "err": {},
              "uuid": "fb144caf-d917-475b-97ca-dc029717cb86",
              "parentUUID": "92e20c28-2dea-49c1-85ec-ba402985488a",
              "isHook": false,
              "skipped": true
            },
            {
              "title": "01.06.03  PSW__Profile__EditButton__ENABLE",
              "fullTitle": "PSW Mathematical Micro-Steps (Full Suite) 01.06.03  PSW__Profile__EditButton__ENABLE",
              "timedOut": null,
              "duration": 0,
              "state": "skipped",
              "speed": null,
              "pass": false,
              "fail": false,
              "pending": false,
              "context": null,
              "code": "// Re-intercept in case of reloads\ncy.intercept('GET', '**/auth/whoami').as('whoami');\ns.run();",
              "err": {},
              "uuid": "c25225d2-1058-4547-b97a-5a0e66fdaa6b",
              "parentUUID": "92e20c28-2dea-49c1-85ec-ba402985488a",
              "isHook": false,
              "skipped": true
            },
            {
              "title": "01.06.04  PSW__Profile__NameField__UPDATE",
              "fullTitle": "PSW Mathematical Micro-Steps (Full Suite) 01.06.04  PSW__Profile__NameField__UPDATE",
              "timedOut": null,
              "duration": 0,
              "state": "skipped",
              "speed": null,
              "pass": false,
              "fail": false,
              "pending": false,
              "context": null,
              "code": "// Re-intercept in case of reloads\ncy.intercept('GET', '**/auth/whoami').as('whoami');\ns.run();",
              "err": {},
              "uuid": "136fa203-6942-49e1-906c-d3e91114df7d",
              "parentUUID": "92e20c28-2dea-49c1-85ec-ba402985488a",
              "isHook": false,
              "skipped": true
            },
            {
              "title": "01.06.05  PSW__Profile__PhoneField__VALIDATION",
              "fullTitle": "PSW Mathematical Micro-Steps (Full Suite) 01.06.05  PSW__Profile__PhoneField__VALIDATION",
              "timedOut": null,
              "duration": 0,
              "state": "skipped",
              "speed": null,
              "pass": false,
              "fail": false,
              "pending": false,
              "context": null,
              "code": "// Re-intercept in case of reloads\ncy.intercept('GET', '**/auth/whoami').as('whoami');\ns.run();",
              "err": {},
              "uuid": "37b8644e-d4e7-49c1-93af-074d37d2e7d6",
              "parentUUID": "92e20c28-2dea-49c1-85ec-ba402985488a",
              "isHook": false,
              "skipped": true
            },
            {
              "title": "01.06.06  PSW__Profile__UploadPhoto__SUCCESS",
              "fullTitle": "PSW Mathematical Micro-Steps (Full Suite) 01.06.06  PSW__Profile__UploadPhoto__SUCCESS",
              "timedOut": null,
              "duration": 0,
              "state": "skipped",
              "speed": null,
              "pass": false,
              "fail": false,
              "pending": false,
              "context": null,
              "code": "// Re-intercept in case of reloads\ncy.intercept('GET', '**/auth/whoami').as('whoami');\ns.run();",
              "err": {},
              "uuid": "8e0a91cb-b796-4c98-ab97-cd2870965811",
              "parentUUID": "92e20c28-2dea-49c1-85ec-ba402985488a",
              "isHook": false,
              "skipped": true
            },
            {
              "title": "01.06.07  PSW__Profile__ChangePassword__WORKS",
              "fullTitle": "PSW Mathematical Micro-Steps (Full Suite) 01.06.07  PSW__Profile__ChangePassword__WORKS",
              "timedOut": null,
              "duration": 0,
              "state": "skipped",
              "speed": null,
              "pass": false,
              "fail": false,
              "pending": false,
              "context": null,
              "code": "// Re-intercept in case of reloads\ncy.intercept('GET', '**/auth/whoami').as('whoami');\ns.run();",
              "err": {},
              "uuid": "2ae7a765-ee6a-4319-820a-51c9105020a2",
              "parentUUID": "92e20c28-2dea-49c1-85ec-ba402985488a",
              "isHook": false,
              "skipped": true
            },
            {
              "title": "01.06.08  PSW__Profile__SaveButton__SUCCESS",
              "fullTitle": "PSW Mathematical Micro-Steps (Full Suite) 01.06.08  PSW__Profile__SaveButton__SUCCESS",
              "timedOut": null,
              "duration": 0,
              "state": "skipped",
              "speed": null,
              "pass": false,
              "fail": false,
              "pending": false,
              "context": null,
              "code": "// Re-intercept in case of reloads\ncy.intercept('GET', '**/auth/whoami').as('whoami');\ns.run();",
              "err": {},
              "uuid": "f56b4d7b-04b8-4ae0-9c38-a7f2334e5f7b",
              "parentUUID": "92e20c28-2dea-49c1-85ec-ba402985488a",
              "isHook": false,
              "skipped": true
            },
            {
              "title": "01.06.09  PSW__Profile__API_Update__200",
              "fullTitle": "PSW Mathematical Micro-Steps (Full Suite) 01.06.09  PSW__Profile__API_Update__200",
              "timedOut": null,
              "duration": 0,
              "state": "skipped",
              "speed": null,
              "pass": false,
              "fail": false,
              "pending": false,
              "context": null,
              "code": "// Re-intercept in case of reloads\ncy.intercept('GET', '**/auth/whoami').as('whoami');\ns.run();",
              "err": {},
              "uuid": "d7f0c8f6-2b29-4864-8b2f-ddb39f1a02d3",
              "parentUUID": "92e20c28-2dea-49c1-85ec-ba402985488a",
              "isHook": false,
              "skipped": true
            },
            {
              "title": "01.07.01  PSW__Notifications__PageLoad__SUCCESS",
              "fullTitle": "PSW Mathematical Micro-Steps (Full Suite) 01.07.01  PSW__Notifications__PageLoad__SUCCESS",
              "timedOut": null,
              "duration": 0,
              "state": "skipped",
              "speed": null,
              "pass": false,
              "fail": false,
              "pending": false,
              "context": null,
              "code": "// Re-intercept in case of reloads\ncy.intercept('GET', '**/auth/whoami').as('whoami');\ns.run();",
              "err": {},
              "uuid": "2921b26c-8e43-49d2-b8b4-1f25a194809a",
              "parentUUID": "92e20c28-2dea-49c1-85ec-ba402985488a",
              "isHook": false,
              "skipped": true
            },
            {
              "title": "01.07.02  PSW__Notifications__List__LOAD",
              "fullTitle": "PSW Mathematical Micro-Steps (Full Suite) 01.07.02  PSW__Notifications__List__LOAD",
              "timedOut": null,
              "duration": 0,
              "state": "skipped",
              "speed": null,
              "pass": false,
              "fail": false,
              "pending": false,
              "context": null,
              "code": "// Re-intercept in case of reloads\ncy.intercept('GET', '**/auth/whoami').as('whoami');\ns.run();",
              "err": {},
              "uuid": "ceff4cc0-8e36-4968-8d2a-3929cf35a9da",
              "parentUUID": "92e20c28-2dea-49c1-85ec-ba402985488a",
              "isHook": false,
              "skipped": true
            },
            {
              "title": "01.07.03  PSW__Notifications__MarkRead__SUCCESS",
              "fullTitle": "PSW Mathematical Micro-Steps (Full Suite) 01.07.03  PSW__Notifications__MarkRead__SUCCESS",
              "timedOut": null,
              "duration": 0,
              "state": "skipped",
              "speed": null,
              "pass": false,
              "fail": false,
              "pending": false,
              "context": null,
              "code": "// Re-intercept in case of reloads\ncy.intercept('GET', '**/auth/whoami').as('whoami');\ns.run();",
              "err": {},
              "uuid": "11978c52-41d1-49c1-bb35-b24ab68f1f79",
              "parentUUID": "92e20c28-2dea-49c1-85ec-ba402985488a",
              "isHook": false,
              "skipped": true
            },
            {
              "title": "01.07.04  PSW__Notifications__Delete__SUCCESS",
              "fullTitle": "PSW Mathematical Micro-Steps (Full Suite) 01.07.04  PSW__Notifications__Delete__SUCCESS",
              "timedOut": null,
              "duration": 0,
              "state": "skipped",
              "speed": null,
              "pass": false,
              "fail": false,
              "pending": false,
              "context": null,
              "code": "// Re-intercept in case of reloads\ncy.intercept('GET', '**/auth/whoami').as('whoami');\ns.run();",
              "err": {},
              "uuid": "67a03b40-c155-446c-a882-715a93a22546",
              "parentUUID": "92e20c28-2dea-49c1-85ec-ba402985488a",
              "isHook": false,
              "skipped": true
            },
            {
              "title": "01.07.05  PSW__Notifications__API_Load__200",
              "fullTitle": "PSW Mathematical Micro-Steps (Full Suite) 01.07.05  PSW__Notifications__API_Load__200",
              "timedOut": null,
              "duration": 0,
              "state": "skipped",
              "speed": null,
              "pass": false,
              "fail": false,
              "pending": false,
              "context": null,
              "code": "// Re-intercept in case of reloads\ncy.intercept('GET', '**/auth/whoami').as('whoami');\ns.run();",
              "err": {},
              "uuid": "0da09137-846f-46fa-97f2-5b39b7e57115",
              "parentUUID": "92e20c28-2dea-49c1-85ec-ba402985488a",
              "isHook": false,
              "skipped": true
            },
            {
              "title": "01.08.01  PSW__Messages__PageLoad__SUCCESS",
              "fullTitle": "PSW Mathematical Micro-Steps (Full Suite) 01.08.01  PSW__Messages__PageLoad__SUCCESS",
              "timedOut": null,
              "duration": 0,
              "state": "skipped",
              "speed": null,
              "pass": false,
              "fail": false,
              "pending": false,
              "context": null,
              "code": "// Re-intercept in case of reloads\ncy.intercept('GET', '**/auth/whoami').as('whoami');\ns.run();",
              "err": {},
              "uuid": "b44de93a-201f-4cc6-b404-d78d53d839a6",
              "parentUUID": "92e20c28-2dea-49c1-85ec-ba402985488a",
              "isHook": false,
              "skipped": true
            },
            {
              "title": "01.08.02  PSW__Messages__ConversationList__LOAD",
              "fullTitle": "PSW Mathematical Micro-Steps (Full Suite) 01.08.02  PSW__Messages__ConversationList__LOAD",
              "timedOut": null,
              "duration": 0,
              "state": "skipped",
              "speed": null,
              "pass": false,
              "fail": false,
              "pending": false,
              "context": null,
              "code": "// Re-intercept in case of reloads\ncy.intercept('GET', '**/auth/whoami').as('whoami');\ns.run();",
              "err": {},
              "uuid": "807777ec-210e-4c2a-8a83-5350fb0eb5db",
              "parentUUID": "92e20c28-2dea-49c1-85ec-ba402985488a",
              "isHook": false,
              "skipped": true
            },
            {
              "title": "01.08.03  PSW__Messages__MessageInput__TYPE",
              "fullTitle": "PSW Mathematical Micro-Steps (Full Suite) 01.08.03  PSW__Messages__MessageInput__TYPE",
              "timedOut": null,
              "duration": 0,
              "state": "skipped",
              "speed": null,
              "pass": false,
              "fail": false,
              "pending": false,
              "context": null,
              "code": "// Re-intercept in case of reloads\ncy.intercept('GET', '**/auth/whoami').as('whoami');\ns.run();",
              "err": {},
              "uuid": "807a5e99-0e6b-438b-8ee2-f06b40033cb1",
              "parentUUID": "92e20c28-2dea-49c1-85ec-ba402985488a",
              "isHook": false,
              "skipped": true
            },
            {
              "title": "01.08.04  PSW__Messages__Send__SUCCESS",
              "fullTitle": "PSW Mathematical Micro-Steps (Full Suite) 01.08.04  PSW__Messages__Send__SUCCESS",
              "timedOut": null,
              "duration": 0,
              "state": "skipped",
              "speed": null,
              "pass": false,
              "fail": false,
              "pending": false,
              "context": null,
              "code": "// Re-intercept in case of reloads\ncy.intercept('GET', '**/auth/whoami').as('whoami');\ns.run();",
              "err": {},
              "uuid": "eddceaf8-83d8-4994-a21c-2103dc3a5e4c",
              "parentUUID": "92e20c28-2dea-49c1-85ec-ba402985488a",
              "isHook": false,
              "skipped": true
            },
            {
              "title": "01.08.05  PSW__Messages__API_Send__200",
              "fullTitle": "PSW Mathematical Micro-Steps (Full Suite) 01.08.05  PSW__Messages__API_Send__200",
              "timedOut": null,
              "duration": 0,
              "state": "skipped",
              "speed": null,
              "pass": false,
              "fail": false,
              "pending": false,
              "context": null,
              "code": "// Re-intercept in case of reloads\ncy.intercept('GET', '**/auth/whoami').as('whoami');\ns.run();",
              "err": {},
              "uuid": "9995301e-d520-499c-bf3a-90389bc80a16",
              "parentUUID": "92e20c28-2dea-49c1-85ec-ba402985488a",
              "isHook": false,
              "skipped": true
            },
            {
              "title": "01.09.01  PSW__Global__No500Errors__PASS",
              "fullTitle": "PSW Mathematical Micro-Steps (Full Suite) 01.09.01  PSW__Global__No500Errors__PASS",
              "timedOut": null,
              "duration": 0,
              "state": "skipped",
              "speed": null,
              "pass": false,
              "fail": false,
              "pending": false,
              "context": null,
              "code": "// Re-intercept in case of reloads\ncy.intercept('GET', '**/auth/whoami').as('whoami');\ns.run();",
              "err": {},
              "uuid": "b1904e15-ad81-42a8-8c2d-1aa02d6a1e24",
              "parentUUID": "92e20c28-2dea-49c1-85ec-ba402985488a",
              "isHook": false,
              "skipped": true
            },
            {
              "title": "01.09.02  PSW__Global__ConsoleErrors__NONE",
              "fullTitle": "PSW Mathematical Micro-Steps (Full Suite) 01.09.02  PSW__Global__ConsoleErrors__NONE",
              "timedOut": null,
              "duration": 0,
              "state": "skipped",
              "speed": null,
              "pass": false,
              "fail": false,
              "pending": false,
              "context": null,
              "code": "// Re-intercept in case of reloads\ncy.intercept('GET', '**/auth/whoami').as('whoami');\ns.run();",
              "err": {},
              "uuid": "2b3abf15-49dd-4e3a-949d-37f18781bd2c",
              "parentUUID": "92e20c28-2dea-49c1-85ec-ba402985488a",
              "isHook": false,
              "skipped": true
            },
            {
              "title": "01.09.03  PSW__Global__SessionExpire__LOGOUT",
              "fullTitle": "PSW Mathematical Micro-Steps (Full Suite) 01.09.03  PSW__Global__SessionExpire__LOGOUT",
              "timedOut": null,
              "duration": 0,
              "state": "skipped",
              "speed": null,
              "pass": false,
              "fail": false,
              "pending": false,
              "context": null,
              "code": "// Re-intercept in case of reloads\ncy.intercept('GET', '**/auth/whoami').as('whoami');\ns.run();",
              "err": {},
              "uuid": "b0b136d6-512c-4b67-880d-ce5d7494e748",
              "parentUUID": "92e20c28-2dea-49c1-85ec-ba402985488a",
              "isHook": false,
              "skipped": true
            },
            {
              "title": "01.09.04  PSW__Global__TokenRefresh__WORKS",
              "fullTitle": "PSW Mathematical Micro-Steps (Full Suite) 01.09.04  PSW__Global__TokenRefresh__WORKS",
              "timedOut": null,
              "duration": 0,
              "state": "skipped",
              "speed": null,
              "pass": false,
              "fail": false,
              "pending": false,
              "context": null,
              "code": "// Re-intercept in case of reloads\ncy.intercept('GET', '**/auth/whoami').as('whoami');\ns.run();",
              "err": {},
              "uuid": "150ce71a-1be9-4248-a6c0-b8ce5f565244",
              "parentUUID": "92e20c28-2dea-49c1-85ec-ba402985488a",
              "isHook": false,
              "skipped": true
            },
            {
              "title": "01.09.05  PSW__Global__Loader__DISAPPEAR",
              "fullTitle": "PSW Mathematical Micro-Steps (Full Suite) 01.09.05  PSW__Global__Loader__DISAPPEAR",
              "timedOut": null,
              "duration": 0,
              "state": "skipped",
              "speed": null,
              "pass": false,
              "fail": false,
              "pending": false,
              "context": null,
              "code": "// Re-intercept in case of reloads\ncy.intercept('GET', '**/auth/whoami').as('whoami');\ns.run();",
              "err": {},
              "uuid": "221da60b-8571-40e9-8241-9def5f01fbb5",
              "parentUUID": "92e20c28-2dea-49c1-85ec-ba402985488a",
              "isHook": false,
              "skipped": true
            },
            {
              "title": "01.10.01  PSW__RBAC__AdminRoute__DENIED",
              "fullTitle": "PSW Mathematical Micro-Steps (Full Suite) 01.10.01  PSW__RBAC__AdminRoute__DENIED",
              "timedOut": null,
              "duration": 0,
              "state": "skipped",
              "speed": null,
              "pass": false,
              "fail": false,
              "pending": false,
              "context": null,
              "code": "// Re-intercept in case of reloads\ncy.intercept('GET', '**/auth/whoami').as('whoami');\ns.run();",
              "err": {},
              "uuid": "f00a87df-65e3-4d2c-95f4-9d5b4d18f745",
              "parentUUID": "92e20c28-2dea-49c1-85ec-ba402985488a",
              "isHook": false,
              "skipped": true
            },
            {
              "title": "01.10.02  PSW__RBAC__RNEditPlan__DENIED",
              "fullTitle": "PSW Mathematical Micro-Steps (Full Suite) 01.10.02  PSW__RBAC__RNEditPlan__DENIED",
              "timedOut": null,
              "duration": 0,
              "state": "skipped",
              "speed": null,
              "pass": false,
              "fail": false,
              "pending": false,
              "context": null,
              "code": "// Re-intercept in case of reloads\ncy.intercept('GET', '**/auth/whoami').as('whoami');\ns.run();",
              "err": {},
              "uuid": "43cd92b7-d205-435f-8ac1-f48bcf419137",
              "parentUUID": "92e20c28-2dea-49c1-85ec-ba402985488a",
              "isHook": false,
              "skipped": true
            },
            {
              "title": "01.10.03  PSW__RBAC__CreateShift__DENIED",
              "fullTitle": "PSW Mathematical Micro-Steps (Full Suite) 01.10.03  PSW__RBAC__CreateShift__DENIED",
              "timedOut": null,
              "duration": 0,
              "state": "skipped",
              "speed": null,
              "pass": false,
              "fail": false,
              "pending": false,
              "context": null,
              "code": "// Re-intercept in case of reloads\ncy.intercept('GET', '**/auth/whoami').as('whoami');\ns.run();",
              "err": {},
              "uuid": "71c67e03-cdce-4fe8-a3b9-f79c0c5cd60c",
              "parentUUID": "92e20c28-2dea-49c1-85ec-ba402985488a",
              "isHook": false,
              "skipped": true
            },
            {
              "title": "01.10.04  PSW__RBAC__DeleteClient__DENIED",
              "fullTitle": "PSW Mathematical Micro-Steps (Full Suite) 01.10.04  PSW__RBAC__DeleteClient__DENIED",
              "timedOut": null,
              "duration": 0,
              "state": "skipped",
              "speed": null,
              "pass": false,
              "fail": false,
              "pending": false,
              "context": null,
              "code": "// Re-intercept in case of reloads\ncy.intercept('GET', '**/auth/whoami').as('whoami');\ns.run();",
              "err": {},
              "uuid": "aeb1ec50-0b06-4d6b-94ee-d79c6d7287b4",
              "parentUUID": "92e20c28-2dea-49c1-85ec-ba402985488a",
              "isHook": false,
              "skipped": true
            }
          ],
          "suites": [],
          "passes": [
            "f6ebeb93-93fe-4fa2-a3ec-6b873bb0e0e3",
            "0013c1a7-2947-400f-8955-e3bf55685ef0",
            "51e5c647-a94d-403e-bdc0-90414d94191a",
            "4ed9d188-a190-4113-8ed3-02046b722b09",
            "b12bb514-7a54-4262-bdcd-f210f61c07d3",
            "d2e0a965-17e2-40fe-8670-eb7f6679e14e",
            "5c3346b1-a2d8-4754-8bbe-acbc902ca7ac"
          ],
          "failures": [],
          "pending": [],
          "skipped": [
            "d437dee1-2e6e-4e90-9f2f-aa82c182d7b5",
            "8dda3234-2492-423b-98d8-347b4ea719ca",
            "e5a18abe-0e8e-48eb-b802-3a50118c6ec6",
            "195255cc-1f7f-494a-b744-181d9befb771",
            "858f74ca-10f6-4e3c-b02c-85aa56de6007",
            "0b49899a-f329-42f8-a0be-0f5ba52ada49",
            "331ec77b-2d76-4d70-a409-999ac472636a",
            "a1c47abc-6ec8-4dd2-bf89-46c9c7c6ea80",
            "410fc36f-f10c-4c85-98d6-d0b694f1a902",
            "93bf8a4c-0da9-4e57-9e64-e30fc3c6f06e",
            "81bc56a4-78c6-4c7b-87e7-1134bffa1b25",
            "f06cb7b6-8abe-4ba7-9acd-ba832d5b3253",
            "231a373e-97f3-49fd-af68-a2e32a1d9a13",
            "885d1bcf-d823-4658-bfb0-cd83ecb4380b",
            "d4790a0e-4387-4810-8a23-8a1e80cac57d",
            "745ee56b-81c7-459c-b45e-bd4a33455700",
            "7c4cacca-7c2e-4853-ac2c-f4fc9974f32a",
            "8b0f8da1-c587-4942-b141-25df59dcea38",
            "ccd6a5b4-be6d-4cfe-8364-d50962af6a7c",
            "4c68129f-0215-49ee-a921-ffb1e30f56a9",
            "725954e8-e37d-4ba2-8441-ba60745c91bd",
            "e0f9cf0b-7889-433b-9b8b-3aa926ff2943",
            "c3cc2ffa-af41-4534-ad86-89d3eba75455",
            "a6103350-c602-4da7-be66-3fb26a1a5d4a",
            "3109109b-0d60-4e6d-8e35-e2118e911c74",
            "d8bfe41e-7253-4afe-ad67-c3b34f487753",
            "94f11c8a-1b8f-43cb-a1dc-4cb82234f3da",
            "46daf6e9-56bb-4b52-ab85-0ac3574d3b7b",
            "d79abb26-c23b-4978-8418-535b53d5a6d0",
            "549101cd-cf2d-422b-91e3-340bc9d2a7d8",
            "5c95f2b9-f2c2-4747-94b8-33218ddf8d4e",
            "a344377d-b06f-44b1-ac3f-90058db6a8a8",
            "95953471-6166-48a4-adb9-ff2688355fcc",
            "22783a1c-c221-4f87-9360-14cf8a46f454",
            "703d7fb8-3f72-409d-84de-4a6430d276d0",
            "cd66254b-6033-476c-8618-faa12d9eb845",
            "fe4882ce-62cc-46a9-8f06-099d073ea876",
            "47770b6d-e73e-4764-be2d-63a4a6b44b7d",
            "1ae21ef0-f790-4926-b1d6-f13037ffe844",
            "d5825290-13f5-452b-b931-9f6fba1cc60c",
            "fb144caf-d917-475b-97ca-dc029717cb86",
            "c25225d2-1058-4547-b97a-5a0e66fdaa6b",
            "136fa203-6942-49e1-906c-d3e91114df7d",
            "37b8644e-d4e7-49c1-93af-074d37d2e7d6",
            "8e0a91cb-b796-4c98-ab97-cd2870965811",
            "2ae7a765-ee6a-4319-820a-51c9105020a2",
            "f56b4d7b-04b8-4ae0-9c38-a7f2334e5f7b",
            "d7f0c8f6-2b29-4864-8b2f-ddb39f1a02d3",
            "2921b26c-8e43-49d2-b8b4-1f25a194809a",
            "ceff4cc0-8e36-4968-8d2a-3929cf35a9da",
            "11978c52-41d1-49c1-bb35-b24ab68f1f79",
            "67a03b40-c155-446c-a882-715a93a22546",
            "0da09137-846f-46fa-97f2-5b39b7e57115",
            "b44de93a-201f-4cc6-b404-d78d53d839a6",
            "807777ec-210e-4c2a-8a83-5350fb0eb5db",
            "807a5e99-0e6b-438b-8ee2-f06b40033cb1",
            "eddceaf8-83d8-4994-a21c-2103dc3a5e4c",
            "9995301e-d520-499c-bf3a-90389bc80a16",
            "b1904e15-ad81-42a8-8c2d-1aa02d6a1e24",
            "2b3abf15-49dd-4e3a-949d-37f18781bd2c",
            "b0b136d6-512c-4b67-880d-ce5d7494e748",
            "150ce71a-1be9-4248-a6c0-b8ce5f565244",
            "221da60b-8571-40e9-8241-9def5f01fbb5",
            "f00a87df-65e3-4d2c-95f4-9d5b4d18f745",
            "43cd92b7-d205-435f-8ac1-f48bcf419137",
            "71c67e03-cdce-4fe8-a3b9-f79c0c5cd60c",
            "aeb1ec50-0b06-4d6b-94ee-d79c6d7287b4"
          ],
          "duration": 11094,
          "root": false,
          "rootEmpty": false,
          "_timeout": 2000
        }
      ],
      "passes": [],
      "failures": [],
      "pending": [],
      "skipped": [],
      "duration": 0,
      "root": true,
      "rootEmpty": true,
      "_timeout": 2000
    }
  ],
  "meta": {
    "mocha": {
      "version": "7.0.1"
    },
    "mochawesome": {
      "options": {
        "quiet": false,
        "reportFilename": "mochawesome",
        "saveHtml": false,
        "saveJson": true,
        "consoleReporter": "spec",
        "useInlineDiffs": false,
        "code": true
      },
      "version": "7.1.4"
    },
    "marge": {
      "options": {
        "id": "default",
        "reportDir": "cypress/reports/mochawesome",
        "overwrite": false,
        "html": false,
        "json": true,
        "embeddedScreenshots": true
      },
      "version": "6.3.2"
    }
  }
}