{
  "stats": {
    "suites": 1,
    "tests": 8,
    "passes": 8,
    "pending": 0,
    "failures": 0,
    "start": "2026-02-14T00:44:48.290Z",
    "end": "2026-02-14T00:45:12.818Z",
    "duration": 24528,
    "testsRegistered": 74,
    "passPercent": 10.81081081081081,
    "pendingPercent": 0,
    "other": 0,
    "hasOther": false,
    "skipped": 66,
    "hasSkipped": true
  },
  "results": [
    {
      "uuid": "d751a01e-fcd3-4473-8781-da85d8c957b8",
      "title": "",
      "fullFile": "cypress\\e2e\\steps\\0100-psw-structured.cy.ts",
      "file": "cypress\\e2e\\steps\\0100-psw-structured.cy.ts",
      "beforeHooks": [],
      "afterHooks": [],
      "tests": [],
      "suites": [
        {
          "uuid": "5a56e2b3-7289-4115-a26a-37f93be547b3",
          "title": "PSW Mathematical Micro-Steps (Full Suite)",
          "fullFile": "",
          "file": "",
          "beforeHooks": [],
          "afterHooks": [],
          "tests": [
            {
              "title": "01.01.01  PSW__Login__PageLoad__SUCCESS",
              "fullTitle": "PSW Mathematical Micro-Steps (Full Suite) 01.01.01  PSW__Login__PageLoad__SUCCESS",
              "timedOut": null,
              "duration": 3553,
              "state": "passed",
              "speed": "fast",
              "pass": true,
              "fail": false,
              "pending": false,
              "context": null,
              "code": "// Re-intercept in case of reloads\ncy.intercept('GET', '**/auth/whoami').as('whoami');\ns.run();",
              "err": {},
              "uuid": "a27e6727-bfb9-4c61-bb06-a0f2226aa72b",
              "parentUUID": "5a56e2b3-7289-4115-a26a-37f93be547b3",
              "isHook": false,
              "skipped": false
            },
            {
              "title": "01.01.02  PSW__Login__Logo__VISIBLE",
              "fullTitle": "PSW Mathematical Micro-Steps (Full Suite) 01.01.02  PSW__Login__Logo__VISIBLE",
              "timedOut": null,
              "duration": 60,
              "state": "passed",
              "speed": "fast",
              "pass": true,
              "fail": false,
              "pending": false,
              "context": null,
              "code": "// Re-intercept in case of reloads\ncy.intercept('GET', '**/auth/whoami').as('whoami');\ns.run();",
              "err": {},
              "uuid": "9bbb418b-6208-4b75-b2da-73aee300d9a0",
              "parentUUID": "5a56e2b3-7289-4115-a26a-37f93be547b3",
              "isHook": false,
              "skipped": false
            },
            {
              "title": "01.01.03  PSW__Login__EmailInput__VISIBLE",
              "fullTitle": "PSW Mathematical Micro-Steps (Full Suite) 01.01.03  PSW__Login__EmailInput__VISIBLE",
              "timedOut": null,
              "duration": 46,
              "state": "passed",
              "speed": "fast",
              "pass": true,
              "fail": false,
              "pending": false,
              "context": null,
              "code": "// Re-intercept in case of reloads\ncy.intercept('GET', '**/auth/whoami').as('whoami');\ns.run();",
              "err": {},
              "uuid": "9c95e12d-6428-41e7-a0fe-226cf5f27ecf",
              "parentUUID": "5a56e2b3-7289-4115-a26a-37f93be547b3",
              "isHook": false,
              "skipped": false
            },
            {
              "title": "01.01.04  PSW__Login__PasswordInput__VISIBLE",
              "fullTitle": "PSW Mathematical Micro-Steps (Full Suite) 01.01.04  PSW__Login__PasswordInput__VISIBLE",
              "timedOut": null,
              "duration": 34,
              "state": "passed",
              "speed": "fast",
              "pass": true,
              "fail": false,
              "pending": false,
              "context": null,
              "code": "// Re-intercept in case of reloads\ncy.intercept('GET', '**/auth/whoami').as('whoami');\ns.run();",
              "err": {},
              "uuid": "c96fb662-d694-4cef-862d-fd00589bfa41",
              "parentUUID": "5a56e2b3-7289-4115-a26a-37f93be547b3",
              "isHook": false,
              "skipped": false
            },
            {
              "title": "01.01.06  PSW__Login__LoginButton__CLICKABLE",
              "fullTitle": "PSW Mathematical Micro-Steps (Full Suite) 01.01.06  PSW__Login__LoginButton__CLICKABLE",
              "timedOut": null,
              "duration": 36,
              "state": "passed",
              "speed": "fast",
              "pass": true,
              "fail": false,
              "pending": false,
              "context": null,
              "code": "// Re-intercept in case of reloads\ncy.intercept('GET', '**/auth/whoami').as('whoami');\ns.run();",
              "err": {},
              "uuid": "577b8327-1e4a-4765-a5b6-84610e94b8ef",
              "parentUUID": "5a56e2b3-7289-4115-a26a-37f93be547b3",
              "isHook": false,
              "skipped": false
            },
            {
              "title": "01.01.07  PSW__Login__ForgotPassword__VISIBLE",
              "fullTitle": "PSW Mathematical Micro-Steps (Full Suite) 01.01.07  PSW__Login__ForgotPassword__VISIBLE",
              "timedOut": null,
              "duration": 35,
              "state": "passed",
              "speed": "fast",
              "pass": true,
              "fail": false,
              "pending": false,
              "context": null,
              "code": "// Re-intercept in case of reloads\ncy.intercept('GET', '**/auth/whoami').as('whoami');\ns.run();",
              "err": {},
              "uuid": "db79a572-e4c5-4d1a-bfb4-eda261cd33bd",
              "parentUUID": "5a56e2b3-7289-4115-a26a-37f93be547b3",
              "isHook": false,
              "skipped": false
            },
            {
              "title": "01.01.08  PSW__Login__EmptyForm__ERROR",
              "fullTitle": "PSW Mathematical Micro-Steps (Full Suite) 01.01.08  PSW__Login__EmptyForm__ERROR",
              "timedOut": null,
              "duration": 125,
              "state": "passed",
              "speed": "fast",
              "pass": true,
              "fail": false,
              "pending": false,
              "context": null,
              "code": "// Re-intercept in case of reloads\ncy.intercept('GET', '**/auth/whoami').as('whoami');\ns.run();",
              "err": {},
              "uuid": "6e3ff820-d485-441e-9afb-bbd41b552351",
              "parentUUID": "5a56e2b3-7289-4115-a26a-37f93be547b3",
              "isHook": false,
              "skipped": false
            },
            {
              "title": "01.01.09  PSW__Login__ValidLogin__REDIRECT",
              "fullTitle": "PSW Mathematical Micro-Steps (Full Suite) 01.01.09  PSW__Login__ValidLogin__REDIRECT",
              "timedOut": null,
              "duration": 1584,
              "state": "passed",
              "speed": "fast",
              "pass": true,
              "fail": false,
              "pending": false,
              "context": null,
              "code": "// Re-intercept in case of reloads\ncy.intercept('GET', '**/auth/whoami').as('whoami');\ns.run();",
              "err": {},
              "uuid": "2c0082bc-60cc-49c7-b3f9-fe6676c44190",
              "parentUUID": "5a56e2b3-7289-4115-a26a-37f93be547b3",
              "isHook": false,
              "skipped": false
            },
            {
              "title": "01.01.10  PSW__Login__API_Login__200",
              "fullTitle": "PSW Mathematical Micro-Steps (Full Suite) 01.01.10  PSW__Login__API_Login__200",
              "timedOut": null,
              "duration": 0,
              "state": "skipped",
              "speed": null,
              "pass": false,
              "fail": false,
              "pending": false,
              "context": null,
              "code": "// Re-intercept in case of reloads\ncy.intercept('GET', '**/auth/whoami').as('whoami');\ns.run();",
              "err": {},
              "uuid": "d85c3d93-7019-41ed-bc7a-b62af473af94",
              "parentUUID": "5a56e2b3-7289-4115-a26a-37f93be547b3",
              "isHook": false,
              "skipped": true
            },
            {
              "title": "01.02.01  PSW__Dashboard__PageLoad__SUCCESS",
              "fullTitle": "PSW Mathematical Micro-Steps (Full Suite) 01.02.01  PSW__Dashboard__PageLoad__SUCCESS",
              "timedOut": null,
              "duration": 0,
              "state": "skipped",
              "speed": null,
              "pass": false,
              "fail": false,
              "pending": false,
              "context": null,
              "code": "// Re-intercept in case of reloads\ncy.intercept('GET', '**/auth/whoami').as('whoami');\ns.run();",
              "err": {},
              "uuid": "6ee2f057-4938-4425-b4f3-7190a625d5ea",
              "parentUUID": "5a56e2b3-7289-4115-a26a-37f93be547b3",
              "isHook": false,
              "skipped": true
            },
            {
              "title": "01.02.02  PSW__Dashboard__WelcomeCard__VISIBLE",
              "fullTitle": "PSW Mathematical Micro-Steps (Full Suite) 01.02.02  PSW__Dashboard__WelcomeCard__VISIBLE",
              "timedOut": null,
              "duration": 0,
              "state": "skipped",
              "speed": null,
              "pass": false,
              "fail": false,
              "pending": false,
              "context": null,
              "code": "// Re-intercept in case of reloads\ncy.intercept('GET', '**/auth/whoami').as('whoami');\ns.run();",
              "err": {},
              "uuid": "aa9dfb64-6137-4c91-b41f-04faf97860c3",
              "parentUUID": "5a56e2b3-7289-4115-a26a-37f93be547b3",
              "isHook": false,
              "skipped": true
            },
            {
              "title": "01.02.03  PSW__Dashboard__TodayShiftCard__LOAD",
              "fullTitle": "PSW Mathematical Micro-Steps (Full Suite) 01.02.03  PSW__Dashboard__TodayShiftCard__LOAD",
              "timedOut": null,
              "duration": 0,
              "state": "skipped",
              "speed": null,
              "pass": false,
              "fail": false,
              "pending": false,
              "context": null,
              "code": "// Re-intercept in case of reloads\ncy.intercept('GET', '**/auth/whoami').as('whoami');\ns.run();",
              "err": {},
              "uuid": "61d38293-3354-4f9e-b61b-c563162644ac",
              "parentUUID": "5a56e2b3-7289-4115-a26a-37f93be547b3",
              "isHook": false,
              "skipped": true
            },
            {
              "title": "01.02.04  PSW__Dashboard__StatsCard__DATA",
              "fullTitle": "PSW Mathematical Micro-Steps (Full Suite) 01.02.04  PSW__Dashboard__StatsCard__DATA",
              "timedOut": null,
              "duration": 0,
              "state": "skipped",
              "speed": null,
              "pass": false,
              "fail": false,
              "pending": false,
              "context": null,
              "code": "// Re-intercept in case of reloads\ncy.intercept('GET', '**/auth/whoami').as('whoami');\ns.run();",
              "err": {},
              "uuid": "676bc002-7074-45f1-8815-7bdc35bb7258",
              "parentUUID": "5a56e2b3-7289-4115-a26a-37f93be547b3",
              "isHook": false,
              "skipped": true
            },
            {
              "title": "01.02.05  PSW__Dashboard__EarningsCard__VISIBLE",
              "fullTitle": "PSW Mathematical Micro-Steps (Full Suite) 01.02.05  PSW__Dashboard__EarningsCard__VISIBLE",
              "timedOut": null,
              "duration": 0,
              "state": "skipped",
              "speed": null,
              "pass": false,
              "fail": false,
              "pending": false,
              "context": null,
              "code": "// Re-intercept in case of reloads\ncy.intercept('GET', '**/auth/whoami').as('whoami');\ns.run();",
              "err": {},
              "uuid": "fd441c80-cdfd-4334-9ca6-f69e8164d1dd",
              "parentUUID": "5a56e2b3-7289-4115-a26a-37f93be547b3",
              "isHook": false,
              "skipped": true
            },
            {
              "title": "01.02.06  PSW__Dashboard__QuickAction__NAV_WORKS",
              "fullTitle": "PSW Mathematical Micro-Steps (Full Suite) 01.02.06  PSW__Dashboard__QuickAction__NAV_WORKS",
              "timedOut": null,
              "duration": 0,
              "state": "skipped",
              "speed": null,
              "pass": false,
              "fail": false,
              "pending": false,
              "context": null,
              "code": "// Re-intercept in case of reloads\ncy.intercept('GET', '**/auth/whoami').as('whoami');\ns.run();",
              "err": {},
              "uuid": "1c80c370-8d4d-4ea4-9ca1-52f34be6ccfb",
              "parentUUID": "5a56e2b3-7289-4115-a26a-37f93be547b3",
              "isHook": false,
              "skipped": true
            },
            {
              "title": "01.02.07  PSW__Dashboard__NotificationBell__OPEN",
              "fullTitle": "PSW Mathematical Micro-Steps (Full Suite) 01.02.07  PSW__Dashboard__NotificationBell__OPEN",
              "timedOut": null,
              "duration": 0,
              "state": "skipped",
              "speed": null,
              "pass": false,
              "fail": false,
              "pending": false,
              "context": null,
              "code": "// Re-intercept in case of reloads\ncy.intercept('GET', '**/auth/whoami').as('whoami');\ns.run();",
              "err": {},
              "uuid": "c0fd0233-62e6-4304-8d80-b34516d9995e",
              "parentUUID": "5a56e2b3-7289-4115-a26a-37f93be547b3",
              "isHook": false,
              "skipped": true
            },
            {
              "title": "01.02.08  PSW__Dashboard__SideMenu__TOGGLE",
              "fullTitle": "PSW Mathematical Micro-Steps (Full Suite) 01.02.08  PSW__Dashboard__SideMenu__TOGGLE",
              "timedOut": null,
              "duration": 0,
              "state": "skipped",
              "speed": null,
              "pass": false,
              "fail": false,
              "pending": false,
              "context": null,
              "code": "// Re-intercept in case of reloads\ncy.intercept('GET', '**/auth/whoami').as('whoami');\ns.run();",
              "err": {},
              "uuid": "ad31f4ed-cc9a-4821-b39e-21854c8778fc",
              "parentUUID": "5a56e2b3-7289-4115-a26a-37f93be547b3",
              "isHook": false,
              "skipped": true
            },
            {
              "title": "01.02.09  PSW__Dashboard__Logout__REDIRECT",
              "fullTitle": "PSW Mathematical Micro-Steps (Full Suite) 01.02.09  PSW__Dashboard__Logout__REDIRECT",
              "timedOut": null,
              "duration": 0,
              "state": "skipped",
              "speed": null,
              "pass": false,
              "fail": false,
              "pending": false,
              "context": null,
              "code": "// Re-intercept in case of reloads\ncy.intercept('GET', '**/auth/whoami').as('whoami');\ns.run();",
              "err": {},
              "uuid": "b4176700-d1d3-40dc-84c4-e087f8cb954d",
              "parentUUID": "5a56e2b3-7289-4115-a26a-37f93be547b3",
              "isHook": false,
              "skipped": true
            },
            {
              "title": "01.03.01  PSW__Shifts__PageLoad__SUCCESS",
              "fullTitle": "PSW Mathematical Micro-Steps (Full Suite) 01.03.01  PSW__Shifts__PageLoad__SUCCESS",
              "timedOut": null,
              "duration": 0,
              "state": "skipped",
              "speed": null,
              "pass": false,
              "fail": false,
              "pending": false,
              "context": null,
              "code": "// Re-intercept in case of reloads\ncy.intercept('GET', '**/auth/whoami').as('whoami');\ns.run();",
              "err": {},
              "uuid": "d907bcd8-c43d-48f1-bbca-ddef162e6bdb",
              "parentUUID": "5a56e2b3-7289-4115-a26a-37f93be547b3",
              "isHook": false,
              "skipped": true
            },
            {
              "title": "01.03.02  PSW__Shifts__ShiftTable__VISIBLE",
              "fullTitle": "PSW Mathematical Micro-Steps (Full Suite) 01.03.02  PSW__Shifts__ShiftTable__VISIBLE",
              "timedOut": null,
              "duration": 0,
              "state": "skipped",
              "speed": null,
              "pass": false,
              "fail": false,
              "pending": false,
              "context": null,
              "code": "// Re-intercept in case of reloads\ncy.intercept('GET', '**/auth/whoami').as('whoami');\ns.run();",
              "err": {},
              "uuid": "9e05780b-cb44-45f5-94fa-a642f95161f6",
              "parentUUID": "5a56e2b3-7289-4115-a26a-37f93be547b3",
              "isHook": false,
              "skipped": true
            },
            {
              "title": "01.03.03  PSW__Shifts__ShiftRow__DATA_PRESENT",
              "fullTitle": "PSW Mathematical Micro-Steps (Full Suite) 01.03.03  PSW__Shifts__ShiftRow__DATA_PRESENT",
              "timedOut": null,
              "duration": 0,
              "state": "skipped",
              "speed": null,
              "pass": false,
              "fail": false,
              "pending": false,
              "context": null,
              "code": "// Re-intercept in case of reloads\ncy.intercept('GET', '**/auth/whoami').as('whoami');\ns.run();",
              "err": {},
              "uuid": "ca7856c2-ad91-44fc-a2a1-43d6aac23071",
              "parentUUID": "5a56e2b3-7289-4115-a26a-37f93be547b3",
              "isHook": false,
              "skipped": true
            },
            {
              "title": "01.03.04  PSW__Shifts__AcceptButton__CLICK_SUCCESS",
              "fullTitle": "PSW Mathematical Micro-Steps (Full Suite) 01.03.04  PSW__Shifts__AcceptButton__CLICK_SUCCESS",
              "timedOut": null,
              "duration": 0,
              "state": "skipped",
              "speed": null,
              "pass": false,
              "fail": false,
              "pending": false,
              "context": null,
              "code": "// Re-intercept in case of reloads\ncy.intercept('GET', '**/auth/whoami').as('whoami');\ns.run();",
              "err": {},
              "uuid": "7e70b11e-0c9f-4919-b700-c3cb57a99bbe",
              "parentUUID": "5a56e2b3-7289-4115-a26a-37f93be547b3",
              "isHook": false,
              "skipped": true
            },
            {
              "title": "01.03.05  PSW__Shifts__DeclineButton__CLICK_SUCCESS",
              "fullTitle": "PSW Mathematical Micro-Steps (Full Suite) 01.03.05  PSW__Shifts__DeclineButton__CLICK_SUCCESS",
              "timedOut": null,
              "duration": 0,
              "state": "skipped",
              "speed": null,
              "pass": false,
              "fail": false,
              "pending": false,
              "context": null,
              "code": "// Re-intercept in case of reloads\ncy.intercept('GET', '**/auth/whoami').as('whoami');\ns.run();",
              "err": {},
              "uuid": "ce1951a7-66ae-402c-b450-70c72a7752bb",
              "parentUUID": "5a56e2b3-7289-4115-a26a-37f93be547b3",
              "isHook": false,
              "skipped": true
            },
            {
              "title": "01.03.06  PSW__Shifts__DetailsModal__OPEN",
              "fullTitle": "PSW Mathematical Micro-Steps (Full Suite) 01.03.06  PSW__Shifts__DetailsModal__OPEN",
              "timedOut": null,
              "duration": 0,
              "state": "skipped",
              "speed": null,
              "pass": false,
              "fail": false,
              "pending": false,
              "context": null,
              "code": "// Re-intercept in case of reloads\ncy.intercept('GET', '**/auth/whoami').as('whoami');\ns.run();",
              "err": {},
              "uuid": "1e75a70f-3ad3-4391-88a1-db7974932ce2",
              "parentUUID": "5a56e2b3-7289-4115-a26a-37f93be547b3",
              "isHook": false,
              "skipped": true
            },
            {
              "title": "01.03.07  PSW__Shifts__Filter__WORKS",
              "fullTitle": "PSW Mathematical Micro-Steps (Full Suite) 01.03.07  PSW__Shifts__Filter__WORKS",
              "timedOut": null,
              "duration": 0,
              "state": "skipped",
              "speed": null,
              "pass": false,
              "fail": false,
              "pending": false,
              "context": null,
              "code": "// Re-intercept in case of reloads\ncy.intercept('GET', '**/auth/whoami').as('whoami');\ns.run();",
              "err": {},
              "uuid": "5d351a38-c5b7-444c-80ef-5c38dc7804b0",
              "parentUUID": "5a56e2b3-7289-4115-a26a-37f93be547b3",
              "isHook": false,
              "skipped": true
            },
            {
              "title": "01.03.08  PSW__Shifts__Search__WORKS",
              "fullTitle": "PSW Mathematical Micro-Steps (Full Suite) 01.03.08  PSW__Shifts__Search__WORKS",
              "timedOut": null,
              "duration": 0,
              "state": "skipped",
              "speed": null,
              "pass": false,
              "fail": false,
              "pending": false,
              "context": null,
              "code": "// Re-intercept in case of reloads\ncy.intercept('GET', '**/auth/whoami').as('whoami');\ns.run();",
              "err": {},
              "uuid": "7b2820ee-e377-4d86-9bc3-056a7dd2de66",
              "parentUUID": "5a56e2b3-7289-4115-a26a-37f93be547b3",
              "isHook": false,
              "skipped": true
            },
            {
              "title": "01.03.09  PSW__Shifts__Pagination__WORKS",
              "fullTitle": "PSW Mathematical Micro-Steps (Full Suite) 01.03.09  PSW__Shifts__Pagination__WORKS",
              "timedOut": null,
              "duration": 0,
              "state": "skipped",
              "speed": null,
              "pass": false,
              "fail": false,
              "pending": false,
              "context": null,
              "code": "// Re-intercept in case of reloads\ncy.intercept('GET', '**/auth/whoami').as('whoami');\ns.run();",
              "err": {},
              "uuid": "ece8f2c8-2ba5-45dc-9b97-4553f58d0995",
              "parentUUID": "5a56e2b3-7289-4115-a26a-37f93be547b3",
              "isHook": false,
              "skipped": true
            },
            {
              "title": "01.03.10  PSW__Shifts__API_Load__200",
              "fullTitle": "PSW Mathematical Micro-Steps (Full Suite) 01.03.10  PSW__Shifts__API_Load__200",
              "timedOut": null,
              "duration": 0,
              "state": "skipped",
              "speed": null,
              "pass": false,
              "fail": false,
              "pending": false,
              "context": null,
              "code": "// Re-intercept in case of reloads\ncy.intercept('GET', '**/auth/whoami').as('whoami');\ns.run();",
              "err": {},
              "uuid": "e28b857c-35d3-4817-b76f-e9aff3d77c9b",
              "parentUUID": "5a56e2b3-7289-4115-a26a-37f93be547b3",
              "isHook": false,
              "skipped": true
            },
            {
              "title": "01.04.01  PSW__DailyEntry__PageLoad__SUCCESS",
              "fullTitle": "PSW Mathematical Micro-Steps (Full Suite) 01.04.01  PSW__DailyEntry__PageLoad__SUCCESS",
              "timedOut": null,
              "duration": 0,
              "state": "skipped",
              "speed": null,
              "pass": false,
              "fail": false,
              "pending": false,
              "context": null,
              "code": "// Re-intercept in case of reloads\ncy.intercept('GET', '**/auth/whoami').as('whoami');\ns.run();",
              "err": {},
              "uuid": "63eb8ac1-400c-4192-a837-4ce28973d3b9",
              "parentUUID": "5a56e2b3-7289-4115-a26a-37f93be547b3",
              "isHook": false,
              "skipped": true
            },
            {
              "title": "01.04.02  PSW__DailyEntry__ClientSelector__LOAD",
              "fullTitle": "PSW Mathematical Micro-Steps (Full Suite) 01.04.02  PSW__DailyEntry__ClientSelector__LOAD",
              "timedOut": null,
              "duration": 0,
              "state": "skipped",
              "speed": null,
              "pass": false,
              "fail": false,
              "pending": false,
              "context": null,
              "code": "// Re-intercept in case of reloads\ncy.intercept('GET', '**/auth/whoami').as('whoami');\ns.run();",
              "err": {},
              "uuid": "47f9b762-57d8-4e09-8a33-e9034e3d8347",
              "parentUUID": "5a56e2b3-7289-4115-a26a-37f93be547b3",
              "isHook": false,
              "skipped": true
            },
            {
              "title": "01.04.03  PSW__DailyEntry__ServiceChecklist__SELECT",
              "fullTitle": "PSW Mathematical Micro-Steps (Full Suite) 01.04.03  PSW__DailyEntry__ServiceChecklist__SELECT",
              "timedOut": null,
              "duration": 0,
              "state": "skipped",
              "speed": null,
              "pass": false,
              "fail": false,
              "pending": false,
              "context": null,
              "code": "// Re-intercept in case of reloads\ncy.intercept('GET', '**/auth/whoami').as('whoami');\ns.run();",
              "err": {},
              "uuid": "7a0a7f18-b3ec-40f1-9bd6-5055ca195039",
              "parentUUID": "5a56e2b3-7289-4115-a26a-37f93be547b3",
              "isHook": false,
              "skipped": true
            },
            {
              "title": "01.04.04  PSW__DailyEntry__NotesField__INPUT",
              "fullTitle": "PSW Mathematical Micro-Steps (Full Suite) 01.04.04  PSW__DailyEntry__NotesField__INPUT",
              "timedOut": null,
              "duration": 0,
              "state": "skipped",
              "speed": null,
              "pass": false,
              "fail": false,
              "pending": false,
              "context": null,
              "code": "// Re-intercept in case of reloads\ncy.intercept('GET', '**/auth/whoami').as('whoami');\ns.run();",
              "err": {},
              "uuid": "95d9a2c0-7460-44b1-bf3c-9e0c57530ad8",
              "parentUUID": "5a56e2b3-7289-4115-a26a-37f93be547b3",
              "isHook": false,
              "skipped": true
            },
            {
              "title": "01.04.05  PSW__DailyEntry__TimeIn__VALIDATION",
              "fullTitle": "PSW Mathematical Micro-Steps (Full Suite) 01.04.05  PSW__DailyEntry__TimeIn__VALIDATION",
              "timedOut": null,
              "duration": 0,
              "state": "skipped",
              "speed": null,
              "pass": false,
              "fail": false,
              "pending": false,
              "context": null,
              "code": "// Re-intercept in case of reloads\ncy.intercept('GET', '**/auth/whoami').as('whoami');\ns.run();",
              "err": {},
              "uuid": "abefdd3f-dfb0-4d99-a17d-268bc7e281b1",
              "parentUUID": "5a56e2b3-7289-4115-a26a-37f93be547b3",
              "isHook": false,
              "skipped": true
            },
            {
              "title": "01.04.06  PSW__DailyEntry__TimeOut__VALIDATION",
              "fullTitle": "PSW Mathematical Micro-Steps (Full Suite) 01.04.06  PSW__DailyEntry__TimeOut__VALIDATION",
              "timedOut": null,
              "duration": 0,
              "state": "skipped",
              "speed": null,
              "pass": false,
              "fail": false,
              "pending": false,
              "context": null,
              "code": "// Re-intercept in case of reloads\ncy.intercept('GET', '**/auth/whoami').as('whoami');\ns.run();",
              "err": {},
              "uuid": "6d710b98-8e77-49ae-9c15-43e8c170465b",
              "parentUUID": "5a56e2b3-7289-4115-a26a-37f93be547b3",
              "isHook": false,
              "skipped": true
            },
            {
              "title": "01.04.07  PSW__DailyEntry__SignaturePad__SAVE",
              "fullTitle": "PSW Mathematical Micro-Steps (Full Suite) 01.04.07  PSW__DailyEntry__SignaturePad__SAVE",
              "timedOut": null,
              "duration": 0,
              "state": "skipped",
              "speed": null,
              "pass": false,
              "fail": false,
              "pending": false,
              "context": null,
              "code": "// Re-intercept in case of reloads\ncy.intercept('GET', '**/auth/whoami').as('whoami');\ns.run();",
              "err": {},
              "uuid": "c3768a7c-e886-4204-8fb7-201057e2ca24",
              "parentUUID": "5a56e2b3-7289-4115-a26a-37f93be547b3",
              "isHook": false,
              "skipped": true
            },
            {
              "title": "01.04.08  PSW__DailyEntry__SaveButton__SUCCESS",
              "fullTitle": "PSW Mathematical Micro-Steps (Full Suite) 01.04.08  PSW__DailyEntry__SaveButton__SUCCESS",
              "timedOut": null,
              "duration": 0,
              "state": "skipped",
              "speed": null,
              "pass": false,
              "fail": false,
              "pending": false,
              "context": null,
              "code": "// Re-intercept in case of reloads\ncy.intercept('GET', '**/auth/whoami').as('whoami');\ns.run();",
              "err": {},
              "uuid": "7a0d4eb6-41fe-4944-be9c-f6b75afc26fd",
              "parentUUID": "5a56e2b3-7289-4115-a26a-37f93be547b3",
              "isHook": false,
              "skipped": true
            },
            {
              "title": "01.04.09  PSW__DailyEntry__SubmitButton__SUCCESS",
              "fullTitle": "PSW Mathematical Micro-Steps (Full Suite) 01.04.09  PSW__DailyEntry__SubmitButton__SUCCESS",
              "timedOut": null,
              "duration": 0,
              "state": "skipped",
              "speed": null,
              "pass": false,
              "fail": false,
              "pending": false,
              "context": null,
              "code": "// Re-intercept in case of reloads\ncy.intercept('GET', '**/auth/whoami').as('whoami');\ns.run();",
              "err": {},
              "uuid": "24fb123b-fa01-434f-a5e2-8e5ef072c5d3",
              "parentUUID": "5a56e2b3-7289-4115-a26a-37f93be547b3",
              "isHook": false,
              "skipped": true
            },
            {
              "title": "01.04.10  PSW__DailyEntry__API_Save__200",
              "fullTitle": "PSW Mathematical Micro-Steps (Full Suite) 01.04.10  PSW__DailyEntry__API_Save__200",
              "timedOut": null,
              "duration": 0,
              "state": "skipped",
              "speed": null,
              "pass": false,
              "fail": false,
              "pending": false,
              "context": null,
              "code": "// Re-intercept in case of reloads\ncy.intercept('GET', '**/auth/whoami').as('whoami');\ns.run();",
              "err": {},
              "uuid": "79a58ddf-a4be-4b4e-9b03-75ed3a5b62c8",
              "parentUUID": "5a56e2b3-7289-4115-a26a-37f93be547b3",
              "isHook": false,
              "skipped": true
            },
            {
              "title": "01.05.01  PSW__Earnings__PageLoad__SUCCESS",
              "fullTitle": "PSW Mathematical Micro-Steps (Full Suite) 01.05.01  PSW__Earnings__PageLoad__SUCCESS",
              "timedOut": null,
              "duration": 0,
              "state": "skipped",
              "speed": null,
              "pass": false,
              "fail": false,
              "pending": false,
              "context": null,
              "code": "// Re-intercept in case of reloads\ncy.intercept('GET', '**/auth/whoami').as('whoami');\ns.run();",
              "err": {},
              "uuid": "ae8f0baf-ce96-4962-b387-8f39337b0099",
              "parentUUID": "5a56e2b3-7289-4115-a26a-37f93be547b3",
              "isHook": false,
              "skipped": true
            },
            {
              "title": "01.05.02  PSW__Earnings__Table__VISIBLE",
              "fullTitle": "PSW Mathematical Micro-Steps (Full Suite) 01.05.02  PSW__Earnings__Table__VISIBLE",
              "timedOut": null,
              "duration": 0,
              "state": "skipped",
              "speed": null,
              "pass": false,
              "fail": false,
              "pending": false,
              "context": null,
              "code": "// Re-intercept in case of reloads\ncy.intercept('GET', '**/auth/whoami').as('whoami');\ns.run();",
              "err": {},
              "uuid": "d811f3dc-b4e3-4ae0-bb6d-d810bf44311f",
              "parentUUID": "5a56e2b3-7289-4115-a26a-37f93be547b3",
              "isHook": false,
              "skipped": true
            },
            {
              "title": "01.05.03  PSW__Earnings__TotalCard__CORRECT",
              "fullTitle": "PSW Mathematical Micro-Steps (Full Suite) 01.05.03  PSW__Earnings__TotalCard__CORRECT",
              "timedOut": null,
              "duration": 0,
              "state": "skipped",
              "speed": null,
              "pass": false,
              "fail": false,
              "pending": false,
              "context": null,
              "code": "// Re-intercept in case of reloads\ncy.intercept('GET', '**/auth/whoami').as('whoami');\ns.run();",
              "err": {},
              "uuid": "ef2b0ab0-7eb1-4886-a9da-a25a96642a8c",
              "parentUUID": "5a56e2b3-7289-4115-a26a-37f93be547b3",
              "isHook": false,
              "skipped": true
            },
            {
              "title": "01.05.04  PSW__Earnings__DateFilter__WORKS",
              "fullTitle": "PSW Mathematical Micro-Steps (Full Suite) 01.05.04  PSW__Earnings__DateFilter__WORKS",
              "timedOut": null,
              "duration": 0,
              "state": "skipped",
              "speed": null,
              "pass": false,
              "fail": false,
              "pending": false,
              "context": null,
              "code": "// Re-intercept in case of reloads\ncy.intercept('GET', '**/auth/whoami').as('whoami');\ns.run();",
              "err": {},
              "uuid": "ce7d862a-e134-4c76-ae93-c8345cd200fc",
              "parentUUID": "5a56e2b3-7289-4115-a26a-37f93be547b3",
              "isHook": false,
              "skipped": true
            },
            {
              "title": "01.05.05  PSW__Earnings__Export__CSV",
              "fullTitle": "PSW Mathematical Micro-Steps (Full Suite) 01.05.05  PSW__Earnings__Export__CSV",
              "timedOut": null,
              "duration": 0,
              "state": "skipped",
              "speed": null,
              "pass": false,
              "fail": false,
              "pending": false,
              "context": null,
              "code": "// Re-intercept in case of reloads\ncy.intercept('GET', '**/auth/whoami').as('whoami');\ns.run();",
              "err": {},
              "uuid": "707d363a-4dc3-4d25-be86-62c995bfc32a",
              "parentUUID": "5a56e2b3-7289-4115-a26a-37f93be547b3",
              "isHook": false,
              "skipped": true
            },
            {
              "title": "01.05.06  PSW__Earnings__DownloadPDF__SUCCESS",
              "fullTitle": "PSW Mathematical Micro-Steps (Full Suite) 01.05.06  PSW__Earnings__DownloadPDF__SUCCESS",
              "timedOut": null,
              "duration": 0,
              "state": "skipped",
              "speed": null,
              "pass": false,
              "fail": false,
              "pending": false,
              "context": null,
              "code": "// Re-intercept in case of reloads\ncy.intercept('GET', '**/auth/whoami').as('whoami');\ns.run();",
              "err": {},
              "uuid": "41ddf2f2-d0da-4743-bfd0-491cc27857d7",
              "parentUUID": "5a56e2b3-7289-4115-a26a-37f93be547b3",
              "isHook": false,
              "skipped": true
            },
            {
              "title": "01.05.07  PSW__Earnings__Pagination__WORKS",
              "fullTitle": "PSW Mathematical Micro-Steps (Full Suite) 01.05.07  PSW__Earnings__Pagination__WORKS",
              "timedOut": null,
              "duration": 0,
              "state": "skipped",
              "speed": null,
              "pass": false,
              "fail": false,
              "pending": false,
              "context": null,
              "code": "// Re-intercept in case of reloads\ncy.intercept('GET', '**/auth/whoami').as('whoami');\ns.run();",
              "err": {},
              "uuid": "674fc310-2dae-4d2f-a41a-7e1439f2f5c2",
              "parentUUID": "5a56e2b3-7289-4115-a26a-37f93be547b3",
              "isHook": false,
              "skipped": true
            },
            {
              "title": "01.05.08  PSW__Earnings__API_Load__200",
              "fullTitle": "PSW Mathematical Micro-Steps (Full Suite) 01.05.08  PSW__Earnings__API_Load__200",
              "timedOut": null,
              "duration": 0,
              "state": "skipped",
              "speed": null,
              "pass": false,
              "fail": false,
              "pending": false,
              "context": null,
              "code": "// Re-intercept in case of reloads\ncy.intercept('GET', '**/auth/whoami').as('whoami');\ns.run();",
              "err": {},
              "uuid": "ee49f4b8-0caf-4cc9-ac22-9679def5e5cd",
              "parentUUID": "5a56e2b3-7289-4115-a26a-37f93be547b3",
              "isHook": false,
              "skipped": true
            },
            {
              "title": "01.06.01  PSW__Profile__PageLoad__SUCCESS",
              "fullTitle": "PSW Mathematical Micro-Steps (Full Suite) 01.06.01  PSW__Profile__PageLoad__SUCCESS",
              "timedOut": null,
              "duration": 0,
              "state": "skipped",
              "speed": null,
              "pass": false,
              "fail": false,
              "pending": false,
              "context": null,
              "code": "// Re-intercept in case of reloads\ncy.intercept('GET', '**/auth/whoami').as('whoami');\ns.run();",
              "err": {},
              "uuid": "019ba1e2-469a-4478-bc27-166b585399c8",
              "parentUUID": "5a56e2b3-7289-4115-a26a-37f93be547b3",
              "isHook": false,
              "skipped": true
            },
            {
              "title": "01.06.02  PSW__Profile__ProfileCard__VISIBLE",
              "fullTitle": "PSW Mathematical Micro-Steps (Full Suite) 01.06.02  PSW__Profile__ProfileCard__VISIBLE",
              "timedOut": null,
              "duration": 0,
              "state": "skipped",
              "speed": null,
              "pass": false,
              "fail": false,
              "pending": false,
              "context": null,
              "code": "// Re-intercept in case of reloads\ncy.intercept('GET', '**/auth/whoami').as('whoami');\ns.run();",
              "err": {},
              "uuid": "e5b4e3d9-2197-4fd6-8ede-12c21e0e003a",
              "parentUUID": "5a56e2b3-7289-4115-a26a-37f93be547b3",
              "isHook": false,
              "skipped": true
            },
            {
              "title": "01.06.03  PSW__Profile__EditButton__ENABLE",
              "fullTitle": "PSW Mathematical Micro-Steps (Full Suite) 01.06.03  PSW__Profile__EditButton__ENABLE",
              "timedOut": null,
              "duration": 0,
              "state": "skipped",
              "speed": null,
              "pass": false,
              "fail": false,
              "pending": false,
              "context": null,
              "code": "// Re-intercept in case of reloads\ncy.intercept('GET', '**/auth/whoami').as('whoami');\ns.run();",
              "err": {},
              "uuid": "2f994ae6-5de4-4b5e-a8db-10543b319fa4",
              "parentUUID": "5a56e2b3-7289-4115-a26a-37f93be547b3",
              "isHook": false,
              "skipped": true
            },
            {
              "title": "01.06.04  PSW__Profile__NameField__UPDATE",
              "fullTitle": "PSW Mathematical Micro-Steps (Full Suite) 01.06.04  PSW__Profile__NameField__UPDATE",
              "timedOut": null,
              "duration": 0,
              "state": "skipped",
              "speed": null,
              "pass": false,
              "fail": false,
              "pending": false,
              "context": null,
              "code": "// Re-intercept in case of reloads\ncy.intercept('GET', '**/auth/whoami').as('whoami');\ns.run();",
              "err": {},
              "uuid": "99b39790-9181-41a8-a7a0-8e257ba6f095",
              "parentUUID": "5a56e2b3-7289-4115-a26a-37f93be547b3",
              "isHook": false,
              "skipped": true
            },
            {
              "title": "01.06.05  PSW__Profile__PhoneField__VALIDATION",
              "fullTitle": "PSW Mathematical Micro-Steps (Full Suite) 01.06.05  PSW__Profile__PhoneField__VALIDATION",
              "timedOut": null,
              "duration": 0,
              "state": "skipped",
              "speed": null,
              "pass": false,
              "fail": false,
              "pending": false,
              "context": null,
              "code": "// Re-intercept in case of reloads\ncy.intercept('GET', '**/auth/whoami').as('whoami');\ns.run();",
              "err": {},
              "uuid": "2c9d1b55-6f60-49d9-9ed7-2ff5de97311c",
              "parentUUID": "5a56e2b3-7289-4115-a26a-37f93be547b3",
              "isHook": false,
              "skipped": true
            },
            {
              "title": "01.06.06  PSW__Profile__UploadPhoto__SUCCESS",
              "fullTitle": "PSW Mathematical Micro-Steps (Full Suite) 01.06.06  PSW__Profile__UploadPhoto__SUCCESS",
              "timedOut": null,
              "duration": 0,
              "state": "skipped",
              "speed": null,
              "pass": false,
              "fail": false,
              "pending": false,
              "context": null,
              "code": "// Re-intercept in case of reloads\ncy.intercept('GET', '**/auth/whoami').as('whoami');\ns.run();",
              "err": {},
              "uuid": "a2fd649a-6d5c-4389-9e51-e2b262c2c9f4",
              "parentUUID": "5a56e2b3-7289-4115-a26a-37f93be547b3",
              "isHook": false,
              "skipped": true
            },
            {
              "title": "01.06.07  PSW__Profile__ChangePassword__WORKS",
              "fullTitle": "PSW Mathematical Micro-Steps (Full Suite) 01.06.07  PSW__Profile__ChangePassword__WORKS",
              "timedOut": null,
              "duration": 0,
              "state": "skipped",
              "speed": null,
              "pass": false,
              "fail": false,
              "pending": false,
              "context": null,
              "code": "// Re-intercept in case of reloads\ncy.intercept('GET', '**/auth/whoami').as('whoami');\ns.run();",
              "err": {},
              "uuid": "5a1e0cde-6a92-4dad-b4e1-e41ebab80e69",
              "parentUUID": "5a56e2b3-7289-4115-a26a-37f93be547b3",
              "isHook": false,
              "skipped": true
            },
            {
              "title": "01.06.08  PSW__Profile__SaveButton__SUCCESS",
              "fullTitle": "PSW Mathematical Micro-Steps (Full Suite) 01.06.08  PSW__Profile__SaveButton__SUCCESS",
              "timedOut": null,
              "duration": 0,
              "state": "skipped",
              "speed": null,
              "pass": false,
              "fail": false,
              "pending": false,
              "context": null,
              "code": "// Re-intercept in case of reloads\ncy.intercept('GET', '**/auth/whoami').as('whoami');\ns.run();",
              "err": {},
              "uuid": "199afc8e-fc45-4791-961f-93bccd948243",
              "parentUUID": "5a56e2b3-7289-4115-a26a-37f93be547b3",
              "isHook": false,
              "skipped": true
            },
            {
              "title": "01.06.09  PSW__Profile__API_Update__200",
              "fullTitle": "PSW Mathematical Micro-Steps (Full Suite) 01.06.09  PSW__Profile__API_Update__200",
              "timedOut": null,
              "duration": 0,
              "state": "skipped",
              "speed": null,
              "pass": false,
              "fail": false,
              "pending": false,
              "context": null,
              "code": "// Re-intercept in case of reloads\ncy.intercept('GET', '**/auth/whoami').as('whoami');\ns.run();",
              "err": {},
              "uuid": "4f9f9a57-85c3-44b7-a93c-80131204a17e",
              "parentUUID": "5a56e2b3-7289-4115-a26a-37f93be547b3",
              "isHook": false,
              "skipped": true
            },
            {
              "title": "01.07.01  PSW__Notifications__PageLoad__SUCCESS",
              "fullTitle": "PSW Mathematical Micro-Steps (Full Suite) 01.07.01  PSW__Notifications__PageLoad__SUCCESS",
              "timedOut": null,
              "duration": 0,
              "state": "skipped",
              "speed": null,
              "pass": false,
              "fail": false,
              "pending": false,
              "context": null,
              "code": "// Re-intercept in case of reloads\ncy.intercept('GET', '**/auth/whoami').as('whoami');\ns.run();",
              "err": {},
              "uuid": "5f5cdcc4-484e-4591-b71a-a9bfc65bdacc",
              "parentUUID": "5a56e2b3-7289-4115-a26a-37f93be547b3",
              "isHook": false,
              "skipped": true
            },
            {
              "title": "01.07.02  PSW__Notifications__List__LOAD",
              "fullTitle": "PSW Mathematical Micro-Steps (Full Suite) 01.07.02  PSW__Notifications__List__LOAD",
              "timedOut": null,
              "duration": 0,
              "state": "skipped",
              "speed": null,
              "pass": false,
              "fail": false,
              "pending": false,
              "context": null,
              "code": "// Re-intercept in case of reloads\ncy.intercept('GET', '**/auth/whoami').as('whoami');\ns.run();",
              "err": {},
              "uuid": "f432de8f-b756-4cc9-a127-d6007bc70a9b",
              "parentUUID": "5a56e2b3-7289-4115-a26a-37f93be547b3",
              "isHook": false,
              "skipped": true
            },
            {
              "title": "01.07.03  PSW__Notifications__MarkRead__SUCCESS",
              "fullTitle": "PSW Mathematical Micro-Steps (Full Suite) 01.07.03  PSW__Notifications__MarkRead__SUCCESS",
              "timedOut": null,
              "duration": 0,
              "state": "skipped",
              "speed": null,
              "pass": false,
              "fail": false,
              "pending": false,
              "context": null,
              "code": "// Re-intercept in case of reloads\ncy.intercept('GET', '**/auth/whoami').as('whoami');\ns.run();",
              "err": {},
              "uuid": "5187c7d5-3174-4e1e-ad4e-1d11681266ec",
              "parentUUID": "5a56e2b3-7289-4115-a26a-37f93be547b3",
              "isHook": false,
              "skipped": true
            },
            {
              "title": "01.07.04  PSW__Notifications__Delete__SUCCESS",
              "fullTitle": "PSW Mathematical Micro-Steps (Full Suite) 01.07.04  PSW__Notifications__Delete__SUCCESS",
              "timedOut": null,
              "duration": 0,
              "state": "skipped",
              "speed": null,
              "pass": false,
              "fail": false,
              "pending": false,
              "context": null,
              "code": "// Re-intercept in case of reloads\ncy.intercept('GET', '**/auth/whoami').as('whoami');\ns.run();",
              "err": {},
              "uuid": "476c7594-d17a-41c6-91f4-78b86f3922f0",
              "parentUUID": "5a56e2b3-7289-4115-a26a-37f93be547b3",
              "isHook": false,
              "skipped": true
            },
            {
              "title": "01.07.05  PSW__Notifications__API_Load__200",
              "fullTitle": "PSW Mathematical Micro-Steps (Full Suite) 01.07.05  PSW__Notifications__API_Load__200",
              "timedOut": null,
              "duration": 0,
              "state": "skipped",
              "speed": null,
              "pass": false,
              "fail": false,
              "pending": false,
              "context": null,
              "code": "// Re-intercept in case of reloads\ncy.intercept('GET', '**/auth/whoami').as('whoami');\ns.run();",
              "err": {},
              "uuid": "9519e04c-9cb7-46fe-9e0c-f3b268e87484",
              "parentUUID": "5a56e2b3-7289-4115-a26a-37f93be547b3",
              "isHook": false,
              "skipped": true
            },
            {
              "title": "01.08.01  PSW__Messages__PageLoad__SUCCESS",
              "fullTitle": "PSW Mathematical Micro-Steps (Full Suite) 01.08.01  PSW__Messages__PageLoad__SUCCESS",
              "timedOut": null,
              "duration": 0,
              "state": "skipped",
              "speed": null,
              "pass": false,
              "fail": false,
              "pending": false,
              "context": null,
              "code": "// Re-intercept in case of reloads\ncy.intercept('GET', '**/auth/whoami').as('whoami');\ns.run();",
              "err": {},
              "uuid": "89cc9b16-fc37-4d1a-8c04-136edf688223",
              "parentUUID": "5a56e2b3-7289-4115-a26a-37f93be547b3",
              "isHook": false,
              "skipped": true
            },
            {
              "title": "01.08.02  PSW__Messages__ConversationList__LOAD",
              "fullTitle": "PSW Mathematical Micro-Steps (Full Suite) 01.08.02  PSW__Messages__ConversationList__LOAD",
              "timedOut": null,
              "duration": 0,
              "state": "skipped",
              "speed": null,
              "pass": false,
              "fail": false,
              "pending": false,
              "context": null,
              "code": "// Re-intercept in case of reloads\ncy.intercept('GET', '**/auth/whoami').as('whoami');\ns.run();",
              "err": {},
              "uuid": "41177b1b-be3d-4bc9-9a96-9f9fdcf8e548",
              "parentUUID": "5a56e2b3-7289-4115-a26a-37f93be547b3",
              "isHook": false,
              "skipped": true
            },
            {
              "title": "01.08.03  PSW__Messages__MessageInput__TYPE",
              "fullTitle": "PSW Mathematical Micro-Steps (Full Suite) 01.08.03  PSW__Messages__MessageInput__TYPE",
              "timedOut": null,
              "duration": 0,
              "state": "skipped",
              "speed": null,
              "pass": false,
              "fail": false,
              "pending": false,
              "context": null,
              "code": "// Re-intercept in case of reloads\ncy.intercept('GET', '**/auth/whoami').as('whoami');\ns.run();",
              "err": {},
              "uuid": "3af1004d-55aa-4d84-8ef8-caf9a94a2b41",
              "parentUUID": "5a56e2b3-7289-4115-a26a-37f93be547b3",
              "isHook": false,
              "skipped": true
            },
            {
              "title": "01.08.04  PSW__Messages__Send__SUCCESS",
              "fullTitle": "PSW Mathematical Micro-Steps (Full Suite) 01.08.04  PSW__Messages__Send__SUCCESS",
              "timedOut": null,
              "duration": 0,
              "state": "skipped",
              "speed": null,
              "pass": false,
              "fail": false,
              "pending": false,
              "context": null,
              "code": "// Re-intercept in case of reloads\ncy.intercept('GET', '**/auth/whoami').as('whoami');\ns.run();",
              "err": {},
              "uuid": "56e9c080-e118-4279-ae1e-a2e1957d33b9",
              "parentUUID": "5a56e2b3-7289-4115-a26a-37f93be547b3",
              "isHook": false,
              "skipped": true
            },
            {
              "title": "01.08.05  PSW__Messages__API_Send__200",
              "fullTitle": "PSW Mathematical Micro-Steps (Full Suite) 01.08.05  PSW__Messages__API_Send__200",
              "timedOut": null,
              "duration": 0,
              "state": "skipped",
              "speed": null,
              "pass": false,
              "fail": false,
              "pending": false,
              "context": null,
              "code": "// Re-intercept in case of reloads\ncy.intercept('GET', '**/auth/whoami').as('whoami');\ns.run();",
              "err": {},
              "uuid": "d5a51e83-3b71-4d8a-aed4-b96f9f820d1c",
              "parentUUID": "5a56e2b3-7289-4115-a26a-37f93be547b3",
              "isHook": false,
              "skipped": true
            },
            {
              "title": "01.09.01  PSW__Global__No500Errors__PASS",
              "fullTitle": "PSW Mathematical Micro-Steps (Full Suite) 01.09.01  PSW__Global__No500Errors__PASS",
              "timedOut": null,
              "duration": 0,
              "state": "skipped",
              "speed": null,
              "pass": false,
              "fail": false,
              "pending": false,
              "context": null,
              "code": "// Re-intercept in case of reloads\ncy.intercept('GET', '**/auth/whoami').as('whoami');\ns.run();",
              "err": {},
              "uuid": "85d12888-9aaf-4631-99e8-f81b192138b2",
              "parentUUID": "5a56e2b3-7289-4115-a26a-37f93be547b3",
              "isHook": false,
              "skipped": true
            },
            {
              "title": "01.09.02  PSW__Global__ConsoleErrors__NONE",
              "fullTitle": "PSW Mathematical Micro-Steps (Full Suite) 01.09.02  PSW__Global__ConsoleErrors__NONE",
              "timedOut": null,
              "duration": 0,
              "state": "skipped",
              "speed": null,
              "pass": false,
              "fail": false,
              "pending": false,
              "context": null,
              "code": "// Re-intercept in case of reloads\ncy.intercept('GET', '**/auth/whoami').as('whoami');\ns.run();",
              "err": {},
              "uuid": "c78100fa-3455-4b1f-9f3b-41dbf81fc0e6",
              "parentUUID": "5a56e2b3-7289-4115-a26a-37f93be547b3",
              "isHook": false,
              "skipped": true
            },
            {
              "title": "01.09.03  PSW__Global__SessionExpire__LOGOUT",
              "fullTitle": "PSW Mathematical Micro-Steps (Full Suite) 01.09.03  PSW__Global__SessionExpire__LOGOUT",
              "timedOut": null,
              "duration": 0,
              "state": "skipped",
              "speed": null,
              "pass": false,
              "fail": false,
              "pending": false,
              "context": null,
              "code": "// Re-intercept in case of reloads\ncy.intercept('GET', '**/auth/whoami').as('whoami');\ns.run();",
              "err": {},
              "uuid": "3c3310b1-e09c-4fc4-8741-a54d5d4b77c4",
              "parentUUID": "5a56e2b3-7289-4115-a26a-37f93be547b3",
              "isHook": false,
              "skipped": true
            },
            {
              "title": "01.09.04  PSW__Global__TokenRefresh__WORKS",
              "fullTitle": "PSW Mathematical Micro-Steps (Full Suite) 01.09.04  PSW__Global__TokenRefresh__WORKS",
              "timedOut": null,
              "duration": 0,
              "state": "skipped",
              "speed": null,
              "pass": false,
              "fail": false,
              "pending": false,
              "context": null,
              "code": "// Re-intercept in case of reloads\ncy.intercept('GET', '**/auth/whoami').as('whoami');\ns.run();",
              "err": {},
              "uuid": "b670b591-5b6a-4119-9501-f62505debd94",
              "parentUUID": "5a56e2b3-7289-4115-a26a-37f93be547b3",
              "isHook": false,
              "skipped": true
            },
            {
              "title": "01.09.05  PSW__Global__Loader__DISAPPEAR",
              "fullTitle": "PSW Mathematical Micro-Steps (Full Suite) 01.09.05  PSW__Global__Loader__DISAPPEAR",
              "timedOut": null,
              "duration": 0,
              "state": "skipped",
              "speed": null,
              "pass": false,
              "fail": false,
              "pending": false,
              "context": null,
              "code": "// Re-intercept in case of reloads\ncy.intercept('GET', '**/auth/whoami').as('whoami');\ns.run();",
              "err": {},
              "uuid": "e390d2a5-62b0-4ea2-acbb-d073a927ab90",
              "parentUUID": "5a56e2b3-7289-4115-a26a-37f93be547b3",
              "isHook": false,
              "skipped": true
            },
            {
              "title": "01.10.01  PSW__RBAC__AdminRoute__DENIED",
              "fullTitle": "PSW Mathematical Micro-Steps (Full Suite) 01.10.01  PSW__RBAC__AdminRoute__DENIED",
              "timedOut": null,
              "duration": 0,
              "state": "skipped",
              "speed": null,
              "pass": false,
              "fail": false,
              "pending": false,
              "context": null,
              "code": "// Re-intercept in case of reloads\ncy.intercept('GET', '**/auth/whoami').as('whoami');\ns.run();",
              "err": {},
              "uuid": "baba6856-5677-491e-883b-1a80d809ff83",
              "parentUUID": "5a56e2b3-7289-4115-a26a-37f93be547b3",
              "isHook": false,
              "skipped": true
            },
            {
              "title": "01.10.02  PSW__RBAC__RNEditPlan__DENIED",
              "fullTitle": "PSW Mathematical Micro-Steps (Full Suite) 01.10.02  PSW__RBAC__RNEditPlan__DENIED",
              "timedOut": null,
              "duration": 0,
              "state": "skipped",
              "speed": null,
              "pass": false,
              "fail": false,
              "pending": false,
              "context": null,
              "code": "// Re-intercept in case of reloads\ncy.intercept('GET', '**/auth/whoami').as('whoami');\ns.run();",
              "err": {},
              "uuid": "e4bb5a49-f760-4ee1-8cb4-edb89d6423e0",
              "parentUUID": "5a56e2b3-7289-4115-a26a-37f93be547b3",
              "isHook": false,
              "skipped": true
            },
            {
              "title": "01.10.03  PSW__RBAC__CreateShift__DENIED",
              "fullTitle": "PSW Mathematical Micro-Steps (Full Suite) 01.10.03  PSW__RBAC__CreateShift__DENIED",
              "timedOut": null,
              "duration": 0,
              "state": "skipped",
              "speed": null,
              "pass": false,
              "fail": false,
              "pending": false,
              "context": null,
              "code": "// Re-intercept in case of reloads\ncy.intercept('GET', '**/auth/whoami').as('whoami');\ns.run();",
              "err": {},
              "uuid": "b85c31c1-da57-4108-8ccb-a4dc9216528d",
              "parentUUID": "5a56e2b3-7289-4115-a26a-37f93be547b3",
              "isHook": false,
              "skipped": true
            },
            {
              "title": "01.10.04  PSW__RBAC__DeleteClient__DENIED",
              "fullTitle": "PSW Mathematical Micro-Steps (Full Suite) 01.10.04  PSW__RBAC__DeleteClient__DENIED",
              "timedOut": null,
              "duration": 0,
              "state": "skipped",
              "speed": null,
              "pass": false,
              "fail": false,
              "pending": false,
              "context": null,
              "code": "// Re-intercept in case of reloads\ncy.intercept('GET', '**/auth/whoami').as('whoami');\ns.run();",
              "err": {},
              "uuid": "05091794-20f8-4963-9215-a1b9a2b2e3e1",
              "parentUUID": "5a56e2b3-7289-4115-a26a-37f93be547b3",
              "isHook": false,
              "skipped": true
            }
          ],
          "suites": [],
          "passes": [
            "a27e6727-bfb9-4c61-bb06-a0f2226aa72b",
            "9bbb418b-6208-4b75-b2da-73aee300d9a0",
            "9c95e12d-6428-41e7-a0fe-226cf5f27ecf",
            "c96fb662-d694-4cef-862d-fd00589bfa41",
            "577b8327-1e4a-4765-a5b6-84610e94b8ef",
            "db79a572-e4c5-4d1a-bfb4-eda261cd33bd",
            "6e3ff820-d485-441e-9afb-bbd41b552351",
            "2c0082bc-60cc-49c7-b3f9-fe6676c44190"
          ],
          "failures": [],
          "pending": [],
          "skipped": [
            "d85c3d93-7019-41ed-bc7a-b62af473af94",
            "6ee2f057-4938-4425-b4f3-7190a625d5ea",
            "aa9dfb64-6137-4c91-b41f-04faf97860c3",
            "61d38293-3354-4f9e-b61b-c563162644ac",
            "676bc002-7074-45f1-8815-7bdc35bb7258",
            "fd441c80-cdfd-4334-9ca6-f69e8164d1dd",
            "1c80c370-8d4d-4ea4-9ca1-52f34be6ccfb",
            "c0fd0233-62e6-4304-8d80-b34516d9995e",
            "ad31f4ed-cc9a-4821-b39e-21854c8778fc",
            "b4176700-d1d3-40dc-84c4-e087f8cb954d",
            "d907bcd8-c43d-48f1-bbca-ddef162e6bdb",
            "9e05780b-cb44-45f5-94fa-a642f95161f6",
            "ca7856c2-ad91-44fc-a2a1-43d6aac23071",
            "7e70b11e-0c9f-4919-b700-c3cb57a99bbe",
            "ce1951a7-66ae-402c-b450-70c72a7752bb",
            "1e75a70f-3ad3-4391-88a1-db7974932ce2",
            "5d351a38-c5b7-444c-80ef-5c38dc7804b0",
            "7b2820ee-e377-4d86-9bc3-056a7dd2de66",
            "ece8f2c8-2ba5-45dc-9b97-4553f58d0995",
            "e28b857c-35d3-4817-b76f-e9aff3d77c9b",
            "63eb8ac1-400c-4192-a837-4ce28973d3b9",
            "47f9b762-57d8-4e09-8a33-e9034e3d8347",
            "7a0a7f18-b3ec-40f1-9bd6-5055ca195039",
            "95d9a2c0-7460-44b1-bf3c-9e0c57530ad8",
            "abefdd3f-dfb0-4d99-a17d-268bc7e281b1",
            "6d710b98-8e77-49ae-9c15-43e8c170465b",
            "c3768a7c-e886-4204-8fb7-201057e2ca24",
            "7a0d4eb6-41fe-4944-be9c-f6b75afc26fd",
            "24fb123b-fa01-434f-a5e2-8e5ef072c5d3",
            "79a58ddf-a4be-4b4e-9b03-75ed3a5b62c8",
            "ae8f0baf-ce96-4962-b387-8f39337b0099",
            "d811f3dc-b4e3-4ae0-bb6d-d810bf44311f",
            "ef2b0ab0-7eb1-4886-a9da-a25a96642a8c",
            "ce7d862a-e134-4c76-ae93-c8345cd200fc",
            "707d363a-4dc3-4d25-be86-62c995bfc32a",
            "41ddf2f2-d0da-4743-bfd0-491cc27857d7",
            "674fc310-2dae-4d2f-a41a-7e1439f2f5c2",
            "ee49f4b8-0caf-4cc9-ac22-9679def5e5cd",
            "019ba1e2-469a-4478-bc27-166b585399c8",
            "e5b4e3d9-2197-4fd6-8ede-12c21e0e003a",
            "2f994ae6-5de4-4b5e-a8db-10543b319fa4",
            "99b39790-9181-41a8-a7a0-8e257ba6f095",
            "2c9d1b55-6f60-49d9-9ed7-2ff5de97311c",
            "a2fd649a-6d5c-4389-9e51-e2b262c2c9f4",
            "5a1e0cde-6a92-4dad-b4e1-e41ebab80e69",
            "199afc8e-fc45-4791-961f-93bccd948243",
            "4f9f9a57-85c3-44b7-a93c-80131204a17e",
            "5f5cdcc4-484e-4591-b71a-a9bfc65bdacc",
            "f432de8f-b756-4cc9-a127-d6007bc70a9b",
            "5187c7d5-3174-4e1e-ad4e-1d11681266ec",
            "476c7594-d17a-41c6-91f4-78b86f3922f0",
            "9519e04c-9cb7-46fe-9e0c-f3b268e87484",
            "89cc9b16-fc37-4d1a-8c04-136edf688223",
            "41177b1b-be3d-4bc9-9a96-9f9fdcf8e548",
            "3af1004d-55aa-4d84-8ef8-caf9a94a2b41",
            "56e9c080-e118-4279-ae1e-a2e1957d33b9",
            "d5a51e83-3b71-4d8a-aed4-b96f9f820d1c",
            "85d12888-9aaf-4631-99e8-f81b192138b2",
            "c78100fa-3455-4b1f-9f3b-41dbf81fc0e6",
            "3c3310b1-e09c-4fc4-8741-a54d5d4b77c4",
            "b670b591-5b6a-4119-9501-f62505debd94",
            "e390d2a5-62b0-4ea2-acbb-d073a927ab90",
            "baba6856-5677-491e-883b-1a80d809ff83",
            "e4bb5a49-f760-4ee1-8cb4-edb89d6423e0",
            "b85c31c1-da57-4108-8ccb-a4dc9216528d",
            "05091794-20f8-4963-9215-a1b9a2b2e3e1"
          ],
          "duration": 5473,
          "root": false,
          "rootEmpty": false,
          "_timeout": 2000
        }
      ],
      "passes": [],
      "failures": [],
      "pending": [],
      "skipped": [],
      "duration": 0,
      "root": true,
      "rootEmpty": true,
      "_timeout": 2000
    }
  ],
  "meta": {
    "mocha": {
      "version": "7.0.1"
    },
    "mochawesome": {
      "options": {
        "quiet": false,
        "reportFilename": "mochawesome",
        "saveHtml": false,
        "saveJson": true,
        "consoleReporter": "spec",
        "useInlineDiffs": false,
        "code": true
      },
      "version": "7.1.4"
    },
    "marge": {
      "options": {
        "id": "default",
        "reportDir": "cypress/reports/mochawesome",
        "overwrite": false,
        "html": false,
        "json": true,
        "embeddedScreenshots": true
      },
      "version": "6.3.2"
    }
  }
}