{
  "stats": {
    "suites": 1,
    "tests": 1,
    "passes": 1,
    "pending": 0,
    "failures": 0,
    "start": "2026-02-12T21:17:40.373Z",
    "end": "2026-02-12T21:17:49.687Z",
    "duration": 9314,
    "testsRegistered": 1,
    "passPercent": 100,
    "pendingPercent": 0,
    "other": 0,
    "hasOther": false,
    "skipped": 0,
    "hasSkipped": false
  },
  "results": [
    {
      "uuid": "c4d23712-0b6a-4286-9168-86b29abbd980",
      "title": "",
      "fullFile": "cypress\\e2e\\admin\\smoke\\marketing.cy.ts",
      "file": "cypress\\e2e\\admin\\smoke\\marketing.cy.ts",
      "beforeHooks": [],
      "afterHooks": [],
      "tests": [],
      "suites": [
        {
          "uuid": "896794bb-53b0-4818-89d8-a883ae8d2f30",
          "title": "Marketing Routes Smoke",
          "fullFile": "",
          "file": "",
          "beforeHooks": [],
          "afterHooks": [],
          "tests": [
            {
              "title": "loads every marketing page without blank screen",
              "fullTitle": "Marketing Routes Smoke loads every marketing page without blank screen",
              "timedOut": null,
              "duration": 5186,
              "state": "passed",
              "speed": "medium",
              "pass": true,
              "fail": false,
              "pending": false,
              "context": null,
              "code": "cy.fixture(\"registry/routes.marketing.json\").then(function (cfg) {\n    cfg.routes.forEach(function (r) {\n        cy.log(\"Testing Route: \".concat(r.key, \" -> \").concat(r.path));\n        cy.visitRoute(\"MARKETING_BASE_URL\", r.path);\n        // Professional health check\n        cy.get(\"body\").should(\"be.visible\");\n        cy.get(\"body\").should(\"not.contain\", \"Application error\");\n        cy.get(\"body\").should(\"not.contain\", \"404\");\n    });\n});",
              "err": {},
              "uuid": "c66ccdb9-82b6-487e-afcb-b36db0b80c55",
              "parentUUID": "896794bb-53b0-4818-89d8-a883ae8d2f30",
              "isHook": false,
              "skipped": false
            }
          ],
          "suites": [],
          "passes": [
            "c66ccdb9-82b6-487e-afcb-b36db0b80c55"
          ],
          "failures": [],
          "pending": [],
          "skipped": [],
          "duration": 5186,
          "root": false,
          "rootEmpty": false,
          "_timeout": 2000
        }
      ],
      "passes": [],
      "failures": [],
      "pending": [],
      "skipped": [],
      "duration": 0,
      "root": true,
      "rootEmpty": true,
      "_timeout": 2000
    }
  ],
  "meta": {
    "mocha": {
      "version": "7.0.1"
    },
    "mochawesome": {
      "options": {
        "quiet": false,
        "reportFilename": "mochawesome",
        "saveHtml": false,
        "saveJson": true,
        "consoleReporter": "spec",
        "useInlineDiffs": false,
        "code": true
      },
      "version": "7.1.4"
    },
    "marge": {
      "options": {
        "id": "default",
        "reportDir": "cypress/reports/mochawesome",
        "overwrite": false,
        "html": false,
        "json": true,
        "embeddedScreenshots": true
      },
      "version": "6.3.2"
    }
  }
}