{
  "stats": {
    "suites": 1,
    "tests": 1,
    "passes": 0,
    "pending": 0,
    "failures": 1,
    "start": "2026-02-14T01:05:05.044Z",
    "end": "2026-02-14T01:05:19.172Z",
    "duration": 14128,
    "testsRegistered": 74,
    "passPercent": 0,
    "pendingPercent": 0,
    "other": 0,
    "hasOther": false,
    "skipped": 73,
    "hasSkipped": true
  },
  "results": [
    {
      "uuid": "84817b80-9db2-4cb4-b5d4-3418b2390020",
      "title": "",
      "fullFile": "cypress\\e2e\\steps\\0100-psw-structured.cy.ts",
      "file": "cypress\\e2e\\steps\\0100-psw-structured.cy.ts",
      "beforeHooks": [],
      "afterHooks": [],
      "tests": [],
      "suites": [
        {
          "uuid": "524188b2-03a1-4269-b655-5868760fbe3d",
          "title": "PSW Mathematical Micro-Steps (Full Suite)",
          "fullFile": "",
          "file": "",
          "beforeHooks": [],
          "afterHooks": [],
          "tests": [
            {
              "title": "01.01.01  PSW__Login__PageLoad__SUCCESS",
              "fullTitle": "PSW Mathematical Micro-Steps (Full Suite) 01.01.01  PSW__Login__PageLoad__SUCCESS",
              "timedOut": null,
              "duration": 13781,
              "state": "failed",
              "speed": null,
              "pass": false,
              "fail": true,
              "pending": false,
              "context": null,
              "code": "// Re-intercept in case of reloads\ncy.intercept('GET', '**/auth/whoami').as('whoami');\ns.run();",
              "err": {
                "message": "CypressError: The application redirected to `https://primecare-admin.pages.dev/login` more than 20 times. Please check if it's an intended behavior.\n\nIf so, increase `redirectionLimit` value in configuration.\n\nBecause this error occurred during a `before all` hook we are skipping the remaining tests in the current suite: `PSW Mathematical Micro-Step...`\n\nAlthough you have test retries enabled, we do not retry tests when `before all` or `after all` hooks fail",
                "estack": "CypressError: The application redirected to `https://primecare-admin.pages.dev/login` more than 20 times. Please check if it's an intended behavior.\n\nIf so, increase `redirectionLimit` value in configuration.\n\nBecause this error occurred during a `before all` hook we are skipping the remaining tests in the current suite: `PSW Mathematical Micro-Step...`\n\nAlthough you have test retries enabled, we do not retry tests when `before all` or `after all` hooks fail\n    at onWindowLoad (https://primecare-admin.pages.dev/__cypress/runner/cypress_runner.js:130888:72)\n    at $Cy.onInternalWindowLoad (https://primecare-admin.pages.dev/__cypress/runner/cypress_runner.js:130923:20)\n    at $Cy.listener (https://primecare-admin.pages.dev/__cypress/runner/cypress_runner.js:141112:17)\n    at EventEmitter.emit (https://primecare-admin.pages.dev/__cypress/runner/cypress_runner.js:141192:19)\n    at parent.<computed> [as emit] (https://primecare-admin.pages.dev/__cypress/runner/cypress_runner.js:140105:32)\n    at $Cypress.action (https://primecare-admin.pages.dev/__cypress/runner/cypress_runner.js:41611:14)\n    at HTMLIFrameElement.<anonymous> (https://primecare-admin.pages.dev/__cypress/runner/cypress_runner.js:137975:24)\nFrom Your Spec Code:\n    at Context.eval (webpack://@primecare/cypress-test/./cypress/e2e/steps/0100-psw-structured.cy.ts:142:0)",
                "diff": null
              },
              "uuid": "f67d9483-6e3a-47b9-affc-55b1b29803b4",
              "parentUUID": "524188b2-03a1-4269-b655-5868760fbe3d",
              "isHook": false,
              "skipped": false
            },
            {
              "title": "01.01.02  PSW__Login__Logo__VISIBLE",
              "fullTitle": "PSW Mathematical Micro-Steps (Full Suite) 01.01.02  PSW__Login__Logo__VISIBLE",
              "timedOut": null,
              "duration": 0,
              "state": "skipped",
              "speed": null,
              "pass": false,
              "fail": false,
              "pending": false,
              "context": null,
              "code": "// Re-intercept in case of reloads\ncy.intercept('GET', '**/auth/whoami').as('whoami');\ns.run();",
              "err": {},
              "uuid": "ba7e36e3-e1ac-4eea-8091-b3f917596bed",
              "parentUUID": "524188b2-03a1-4269-b655-5868760fbe3d",
              "isHook": false,
              "skipped": true
            },
            {
              "title": "01.01.03  PSW__Login__EmailInput__VISIBLE",
              "fullTitle": "PSW Mathematical Micro-Steps (Full Suite) 01.01.03  PSW__Login__EmailInput__VISIBLE",
              "timedOut": null,
              "duration": 0,
              "state": "skipped",
              "speed": null,
              "pass": false,
              "fail": false,
              "pending": false,
              "context": null,
              "code": "// Re-intercept in case of reloads\ncy.intercept('GET', '**/auth/whoami').as('whoami');\ns.run();",
              "err": {},
              "uuid": "9512c1fe-4b1e-4fb4-b0c4-d5192857baeb",
              "parentUUID": "524188b2-03a1-4269-b655-5868760fbe3d",
              "isHook": false,
              "skipped": true
            },
            {
              "title": "01.01.04  PSW__Login__PasswordInput__VISIBLE",
              "fullTitle": "PSW Mathematical Micro-Steps (Full Suite) 01.01.04  PSW__Login__PasswordInput__VISIBLE",
              "timedOut": null,
              "duration": 0,
              "state": "skipped",
              "speed": null,
              "pass": false,
              "fail": false,
              "pending": false,
              "context": null,
              "code": "// Re-intercept in case of reloads\ncy.intercept('GET', '**/auth/whoami').as('whoami');\ns.run();",
              "err": {},
              "uuid": "2432380d-c656-43d0-91d2-5cd69b8a7e73",
              "parentUUID": "524188b2-03a1-4269-b655-5868760fbe3d",
              "isHook": false,
              "skipped": true
            },
            {
              "title": "01.01.06  PSW__Login__LoginButton__CLICKABLE",
              "fullTitle": "PSW Mathematical Micro-Steps (Full Suite) 01.01.06  PSW__Login__LoginButton__CLICKABLE",
              "timedOut": null,
              "duration": 0,
              "state": "skipped",
              "speed": null,
              "pass": false,
              "fail": false,
              "pending": false,
              "context": null,
              "code": "// Re-intercept in case of reloads\ncy.intercept('GET', '**/auth/whoami').as('whoami');\ns.run();",
              "err": {},
              "uuid": "7e5567b3-53fd-4caa-9ba3-3306c1f19661",
              "parentUUID": "524188b2-03a1-4269-b655-5868760fbe3d",
              "isHook": false,
              "skipped": true
            },
            {
              "title": "01.01.07  PSW__Login__ForgotPassword__VISIBLE",
              "fullTitle": "PSW Mathematical Micro-Steps (Full Suite) 01.01.07  PSW__Login__ForgotPassword__VISIBLE",
              "timedOut": null,
              "duration": 0,
              "state": "skipped",
              "speed": null,
              "pass": false,
              "fail": false,
              "pending": false,
              "context": null,
              "code": "// Re-intercept in case of reloads\ncy.intercept('GET', '**/auth/whoami').as('whoami');\ns.run();",
              "err": {},
              "uuid": "2f595dd3-fa7d-4cdc-ad15-951570c96468",
              "parentUUID": "524188b2-03a1-4269-b655-5868760fbe3d",
              "isHook": false,
              "skipped": true
            },
            {
              "title": "01.01.08  PSW__Login__EmptyForm__ERROR",
              "fullTitle": "PSW Mathematical Micro-Steps (Full Suite) 01.01.08  PSW__Login__EmptyForm__ERROR",
              "timedOut": null,
              "duration": 0,
              "state": "skipped",
              "speed": null,
              "pass": false,
              "fail": false,
              "pending": false,
              "context": null,
              "code": "// Re-intercept in case of reloads\ncy.intercept('GET', '**/auth/whoami').as('whoami');\ns.run();",
              "err": {},
              "uuid": "cce98e36-1a49-4506-8b2e-f9e8f54e5e48",
              "parentUUID": "524188b2-03a1-4269-b655-5868760fbe3d",
              "isHook": false,
              "skipped": true
            },
            {
              "title": "01.01.09  PSW__Login__ValidLogin__REDIRECT",
              "fullTitle": "PSW Mathematical Micro-Steps (Full Suite) 01.01.09  PSW__Login__ValidLogin__REDIRECT",
              "timedOut": null,
              "duration": 0,
              "state": "skipped",
              "speed": null,
              "pass": false,
              "fail": false,
              "pending": false,
              "context": null,
              "code": "// Re-intercept in case of reloads\ncy.intercept('GET', '**/auth/whoami').as('whoami');\ns.run();",
              "err": {},
              "uuid": "6018c820-4e21-4c2c-804a-753935647f36",
              "parentUUID": "524188b2-03a1-4269-b655-5868760fbe3d",
              "isHook": false,
              "skipped": true
            },
            {
              "title": "01.01.10  PSW__Login__API_Login__200",
              "fullTitle": "PSW Mathematical Micro-Steps (Full Suite) 01.01.10  PSW__Login__API_Login__200",
              "timedOut": null,
              "duration": 0,
              "state": "skipped",
              "speed": null,
              "pass": false,
              "fail": false,
              "pending": false,
              "context": null,
              "code": "// Re-intercept in case of reloads\ncy.intercept('GET', '**/auth/whoami').as('whoami');\ns.run();",
              "err": {},
              "uuid": "98650def-b5a2-435d-9b9d-2b16d21442be",
              "parentUUID": "524188b2-03a1-4269-b655-5868760fbe3d",
              "isHook": false,
              "skipped": true
            },
            {
              "title": "01.02.01  PSW__Dashboard__PageLoad__SUCCESS",
              "fullTitle": "PSW Mathematical Micro-Steps (Full Suite) 01.02.01  PSW__Dashboard__PageLoad__SUCCESS",
              "timedOut": null,
              "duration": 0,
              "state": "skipped",
              "speed": null,
              "pass": false,
              "fail": false,
              "pending": false,
              "context": null,
              "code": "// Re-intercept in case of reloads\ncy.intercept('GET', '**/auth/whoami').as('whoami');\ns.run();",
              "err": {},
              "uuid": "198c49cb-7353-45d5-a885-27a4d0cfbeed",
              "parentUUID": "524188b2-03a1-4269-b655-5868760fbe3d",
              "isHook": false,
              "skipped": true
            },
            {
              "title": "01.02.02  PSW__Dashboard__WelcomeCard__VISIBLE",
              "fullTitle": "PSW Mathematical Micro-Steps (Full Suite) 01.02.02  PSW__Dashboard__WelcomeCard__VISIBLE",
              "timedOut": null,
              "duration": 0,
              "state": "skipped",
              "speed": null,
              "pass": false,
              "fail": false,
              "pending": false,
              "context": null,
              "code": "// Re-intercept in case of reloads\ncy.intercept('GET', '**/auth/whoami').as('whoami');\ns.run();",
              "err": {},
              "uuid": "2d01ec1b-c349-4a0a-a42b-7c75d5f2250a",
              "parentUUID": "524188b2-03a1-4269-b655-5868760fbe3d",
              "isHook": false,
              "skipped": true
            },
            {
              "title": "01.02.03  PSW__Dashboard__TodayShiftCard__LOAD",
              "fullTitle": "PSW Mathematical Micro-Steps (Full Suite) 01.02.03  PSW__Dashboard__TodayShiftCard__LOAD",
              "timedOut": null,
              "duration": 0,
              "state": "skipped",
              "speed": null,
              "pass": false,
              "fail": false,
              "pending": false,
              "context": null,
              "code": "// Re-intercept in case of reloads\ncy.intercept('GET', '**/auth/whoami').as('whoami');\ns.run();",
              "err": {},
              "uuid": "2706cf43-8abd-43b1-8299-ea83b9c09724",
              "parentUUID": "524188b2-03a1-4269-b655-5868760fbe3d",
              "isHook": false,
              "skipped": true
            },
            {
              "title": "01.02.04  PSW__Dashboard__StatsCard__DATA",
              "fullTitle": "PSW Mathematical Micro-Steps (Full Suite) 01.02.04  PSW__Dashboard__StatsCard__DATA",
              "timedOut": null,
              "duration": 0,
              "state": "skipped",
              "speed": null,
              "pass": false,
              "fail": false,
              "pending": false,
              "context": null,
              "code": "// Re-intercept in case of reloads\ncy.intercept('GET', '**/auth/whoami').as('whoami');\ns.run();",
              "err": {},
              "uuid": "1d23a4e4-0c29-4016-83f1-eb8c2c380a3a",
              "parentUUID": "524188b2-03a1-4269-b655-5868760fbe3d",
              "isHook": false,
              "skipped": true
            },
            {
              "title": "01.02.05  PSW__Dashboard__EarningsCard__VISIBLE",
              "fullTitle": "PSW Mathematical Micro-Steps (Full Suite) 01.02.05  PSW__Dashboard__EarningsCard__VISIBLE",
              "timedOut": null,
              "duration": 0,
              "state": "skipped",
              "speed": null,
              "pass": false,
              "fail": false,
              "pending": false,
              "context": null,
              "code": "// Re-intercept in case of reloads\ncy.intercept('GET', '**/auth/whoami').as('whoami');\ns.run();",
              "err": {},
              "uuid": "81eb48d1-9ffc-4aee-84f6-e68b72c45105",
              "parentUUID": "524188b2-03a1-4269-b655-5868760fbe3d",
              "isHook": false,
              "skipped": true
            },
            {
              "title": "01.02.06  PSW__Dashboard__QuickAction__NAV_WORKS",
              "fullTitle": "PSW Mathematical Micro-Steps (Full Suite) 01.02.06  PSW__Dashboard__QuickAction__NAV_WORKS",
              "timedOut": null,
              "duration": 0,
              "state": "skipped",
              "speed": null,
              "pass": false,
              "fail": false,
              "pending": false,
              "context": null,
              "code": "// Re-intercept in case of reloads\ncy.intercept('GET', '**/auth/whoami').as('whoami');\ns.run();",
              "err": {},
              "uuid": "6231464e-3dc7-447c-9479-fe57acfdc167",
              "parentUUID": "524188b2-03a1-4269-b655-5868760fbe3d",
              "isHook": false,
              "skipped": true
            },
            {
              "title": "01.02.07  PSW__Dashboard__NotificationBell__OPEN",
              "fullTitle": "PSW Mathematical Micro-Steps (Full Suite) 01.02.07  PSW__Dashboard__NotificationBell__OPEN",
              "timedOut": null,
              "duration": 0,
              "state": "skipped",
              "speed": null,
              "pass": false,
              "fail": false,
              "pending": false,
              "context": null,
              "code": "// Re-intercept in case of reloads\ncy.intercept('GET', '**/auth/whoami').as('whoami');\ns.run();",
              "err": {},
              "uuid": "27a167cd-57e0-4508-bf15-6a8117936045",
              "parentUUID": "524188b2-03a1-4269-b655-5868760fbe3d",
              "isHook": false,
              "skipped": true
            },
            {
              "title": "01.02.08  PSW__Dashboard__SideMenu__TOGGLE",
              "fullTitle": "PSW Mathematical Micro-Steps (Full Suite) 01.02.08  PSW__Dashboard__SideMenu__TOGGLE",
              "timedOut": null,
              "duration": 0,
              "state": "skipped",
              "speed": null,
              "pass": false,
              "fail": false,
              "pending": false,
              "context": null,
              "code": "// Re-intercept in case of reloads\ncy.intercept('GET', '**/auth/whoami').as('whoami');\ns.run();",
              "err": {},
              "uuid": "40bd6f5e-4761-4ad0-92d6-0451ad62b366",
              "parentUUID": "524188b2-03a1-4269-b655-5868760fbe3d",
              "isHook": false,
              "skipped": true
            },
            {
              "title": "01.02.09  PSW__Dashboard__Logout__REDIRECT",
              "fullTitle": "PSW Mathematical Micro-Steps (Full Suite) 01.02.09  PSW__Dashboard__Logout__REDIRECT",
              "timedOut": null,
              "duration": 0,
              "state": "skipped",
              "speed": null,
              "pass": false,
              "fail": false,
              "pending": false,
              "context": null,
              "code": "// Re-intercept in case of reloads\ncy.intercept('GET', '**/auth/whoami').as('whoami');\ns.run();",
              "err": {},
              "uuid": "5406c058-6bd9-45d3-8f2e-05ccd759ceb0",
              "parentUUID": "524188b2-03a1-4269-b655-5868760fbe3d",
              "isHook": false,
              "skipped": true
            },
            {
              "title": "01.03.01  PSW__Shifts__PageLoad__SUCCESS",
              "fullTitle": "PSW Mathematical Micro-Steps (Full Suite) 01.03.01  PSW__Shifts__PageLoad__SUCCESS",
              "timedOut": null,
              "duration": 0,
              "state": "skipped",
              "speed": null,
              "pass": false,
              "fail": false,
              "pending": false,
              "context": null,
              "code": "// Re-intercept in case of reloads\ncy.intercept('GET', '**/auth/whoami').as('whoami');\ns.run();",
              "err": {},
              "uuid": "ca6f6e42-7a12-498e-813a-f90b0e8e817d",
              "parentUUID": "524188b2-03a1-4269-b655-5868760fbe3d",
              "isHook": false,
              "skipped": true
            },
            {
              "title": "01.03.02  PSW__Shifts__ShiftTable__VISIBLE",
              "fullTitle": "PSW Mathematical Micro-Steps (Full Suite) 01.03.02  PSW__Shifts__ShiftTable__VISIBLE",
              "timedOut": null,
              "duration": 0,
              "state": "skipped",
              "speed": null,
              "pass": false,
              "fail": false,
              "pending": false,
              "context": null,
              "code": "// Re-intercept in case of reloads\ncy.intercept('GET', '**/auth/whoami').as('whoami');\ns.run();",
              "err": {},
              "uuid": "36299a36-6002-4ccb-830c-a8ae9a84f661",
              "parentUUID": "524188b2-03a1-4269-b655-5868760fbe3d",
              "isHook": false,
              "skipped": true
            },
            {
              "title": "01.03.03  PSW__Shifts__ShiftRow__DATA_PRESENT",
              "fullTitle": "PSW Mathematical Micro-Steps (Full Suite) 01.03.03  PSW__Shifts__ShiftRow__DATA_PRESENT",
              "timedOut": null,
              "duration": 0,
              "state": "skipped",
              "speed": null,
              "pass": false,
              "fail": false,
              "pending": false,
              "context": null,
              "code": "// Re-intercept in case of reloads\ncy.intercept('GET', '**/auth/whoami').as('whoami');\ns.run();",
              "err": {},
              "uuid": "451359a2-53e0-4d6f-8c43-70b39b84267d",
              "parentUUID": "524188b2-03a1-4269-b655-5868760fbe3d",
              "isHook": false,
              "skipped": true
            },
            {
              "title": "01.03.04  PSW__Shifts__AcceptButton__CLICK_SUCCESS",
              "fullTitle": "PSW Mathematical Micro-Steps (Full Suite) 01.03.04  PSW__Shifts__AcceptButton__CLICK_SUCCESS",
              "timedOut": null,
              "duration": 0,
              "state": "skipped",
              "speed": null,
              "pass": false,
              "fail": false,
              "pending": false,
              "context": null,
              "code": "// Re-intercept in case of reloads\ncy.intercept('GET', '**/auth/whoami').as('whoami');\ns.run();",
              "err": {},
              "uuid": "716db23a-fe3f-4669-802f-4ed19cb1c28d",
              "parentUUID": "524188b2-03a1-4269-b655-5868760fbe3d",
              "isHook": false,
              "skipped": true
            },
            {
              "title": "01.03.05  PSW__Shifts__DeclineButton__CLICK_SUCCESS",
              "fullTitle": "PSW Mathematical Micro-Steps (Full Suite) 01.03.05  PSW__Shifts__DeclineButton__CLICK_SUCCESS",
              "timedOut": null,
              "duration": 0,
              "state": "skipped",
              "speed": null,
              "pass": false,
              "fail": false,
              "pending": false,
              "context": null,
              "code": "// Re-intercept in case of reloads\ncy.intercept('GET', '**/auth/whoami').as('whoami');\ns.run();",
              "err": {},
              "uuid": "5df4416e-ed49-4ac6-a830-a7ce039bb33d",
              "parentUUID": "524188b2-03a1-4269-b655-5868760fbe3d",
              "isHook": false,
              "skipped": true
            },
            {
              "title": "01.03.06  PSW__Shifts__DetailsModal__OPEN",
              "fullTitle": "PSW Mathematical Micro-Steps (Full Suite) 01.03.06  PSW__Shifts__DetailsModal__OPEN",
              "timedOut": null,
              "duration": 0,
              "state": "skipped",
              "speed": null,
              "pass": false,
              "fail": false,
              "pending": false,
              "context": null,
              "code": "// Re-intercept in case of reloads\ncy.intercept('GET', '**/auth/whoami').as('whoami');\ns.run();",
              "err": {},
              "uuid": "c67315a8-80c8-4ce0-8a3b-e9dc80e13986",
              "parentUUID": "524188b2-03a1-4269-b655-5868760fbe3d",
              "isHook": false,
              "skipped": true
            },
            {
              "title": "01.03.07  PSW__Shifts__Filter__WORKS",
              "fullTitle": "PSW Mathematical Micro-Steps (Full Suite) 01.03.07  PSW__Shifts__Filter__WORKS",
              "timedOut": null,
              "duration": 0,
              "state": "skipped",
              "speed": null,
              "pass": false,
              "fail": false,
              "pending": false,
              "context": null,
              "code": "// Re-intercept in case of reloads\ncy.intercept('GET', '**/auth/whoami').as('whoami');\ns.run();",
              "err": {},
              "uuid": "256d5161-2baa-4d56-8d54-67507a55e8ac",
              "parentUUID": "524188b2-03a1-4269-b655-5868760fbe3d",
              "isHook": false,
              "skipped": true
            },
            {
              "title": "01.03.08  PSW__Shifts__Search__WORKS",
              "fullTitle": "PSW Mathematical Micro-Steps (Full Suite) 01.03.08  PSW__Shifts__Search__WORKS",
              "timedOut": null,
              "duration": 0,
              "state": "skipped",
              "speed": null,
              "pass": false,
              "fail": false,
              "pending": false,
              "context": null,
              "code": "// Re-intercept in case of reloads\ncy.intercept('GET', '**/auth/whoami').as('whoami');\ns.run();",
              "err": {},
              "uuid": "3d5f58df-d1f6-49d2-9f55-240ad0805c07",
              "parentUUID": "524188b2-03a1-4269-b655-5868760fbe3d",
              "isHook": false,
              "skipped": true
            },
            {
              "title": "01.03.09  PSW__Shifts__Pagination__WORKS",
              "fullTitle": "PSW Mathematical Micro-Steps (Full Suite) 01.03.09  PSW__Shifts__Pagination__WORKS",
              "timedOut": null,
              "duration": 0,
              "state": "skipped",
              "speed": null,
              "pass": false,
              "fail": false,
              "pending": false,
              "context": null,
              "code": "// Re-intercept in case of reloads\ncy.intercept('GET', '**/auth/whoami').as('whoami');\ns.run();",
              "err": {},
              "uuid": "1bacf98c-b70c-4f59-af34-b6444fb2d2bf",
              "parentUUID": "524188b2-03a1-4269-b655-5868760fbe3d",
              "isHook": false,
              "skipped": true
            },
            {
              "title": "01.03.10  PSW__Shifts__API_Load__200",
              "fullTitle": "PSW Mathematical Micro-Steps (Full Suite) 01.03.10  PSW__Shifts__API_Load__200",
              "timedOut": null,
              "duration": 0,
              "state": "skipped",
              "speed": null,
              "pass": false,
              "fail": false,
              "pending": false,
              "context": null,
              "code": "// Re-intercept in case of reloads\ncy.intercept('GET', '**/auth/whoami').as('whoami');\ns.run();",
              "err": {},
              "uuid": "49242b7b-210f-4aa4-8e45-9db44fe4c5d5",
              "parentUUID": "524188b2-03a1-4269-b655-5868760fbe3d",
              "isHook": false,
              "skipped": true
            },
            {
              "title": "01.04.01  PSW__DailyEntry__PageLoad__SUCCESS",
              "fullTitle": "PSW Mathematical Micro-Steps (Full Suite) 01.04.01  PSW__DailyEntry__PageLoad__SUCCESS",
              "timedOut": null,
              "duration": 0,
              "state": "skipped",
              "speed": null,
              "pass": false,
              "fail": false,
              "pending": false,
              "context": null,
              "code": "// Re-intercept in case of reloads\ncy.intercept('GET', '**/auth/whoami').as('whoami');\ns.run();",
              "err": {},
              "uuid": "dcff80e7-ad0c-4f5b-a5ec-9fdca8a43b98",
              "parentUUID": "524188b2-03a1-4269-b655-5868760fbe3d",
              "isHook": false,
              "skipped": true
            },
            {
              "title": "01.04.02  PSW__DailyEntry__ClientSelector__LOAD",
              "fullTitle": "PSW Mathematical Micro-Steps (Full Suite) 01.04.02  PSW__DailyEntry__ClientSelector__LOAD",
              "timedOut": null,
              "duration": 0,
              "state": "skipped",
              "speed": null,
              "pass": false,
              "fail": false,
              "pending": false,
              "context": null,
              "code": "// Re-intercept in case of reloads\ncy.intercept('GET', '**/auth/whoami').as('whoami');\ns.run();",
              "err": {},
              "uuid": "448ffc92-f46b-49f5-83e8-09f19749f4c5",
              "parentUUID": "524188b2-03a1-4269-b655-5868760fbe3d",
              "isHook": false,
              "skipped": true
            },
            {
              "title": "01.04.03  PSW__DailyEntry__ServiceChecklist__SELECT",
              "fullTitle": "PSW Mathematical Micro-Steps (Full Suite) 01.04.03  PSW__DailyEntry__ServiceChecklist__SELECT",
              "timedOut": null,
              "duration": 0,
              "state": "skipped",
              "speed": null,
              "pass": false,
              "fail": false,
              "pending": false,
              "context": null,
              "code": "// Re-intercept in case of reloads\ncy.intercept('GET', '**/auth/whoami').as('whoami');\ns.run();",
              "err": {},
              "uuid": "20424e72-c57a-4568-bb6b-87190c5c9897",
              "parentUUID": "524188b2-03a1-4269-b655-5868760fbe3d",
              "isHook": false,
              "skipped": true
            },
            {
              "title": "01.04.04  PSW__DailyEntry__NotesField__INPUT",
              "fullTitle": "PSW Mathematical Micro-Steps (Full Suite) 01.04.04  PSW__DailyEntry__NotesField__INPUT",
              "timedOut": null,
              "duration": 0,
              "state": "skipped",
              "speed": null,
              "pass": false,
              "fail": false,
              "pending": false,
              "context": null,
              "code": "// Re-intercept in case of reloads\ncy.intercept('GET', '**/auth/whoami').as('whoami');\ns.run();",
              "err": {},
              "uuid": "68c61d83-8421-407f-98fb-519c6ce0316c",
              "parentUUID": "524188b2-03a1-4269-b655-5868760fbe3d",
              "isHook": false,
              "skipped": true
            },
            {
              "title": "01.04.05  PSW__DailyEntry__TimeIn__VALIDATION",
              "fullTitle": "PSW Mathematical Micro-Steps (Full Suite) 01.04.05  PSW__DailyEntry__TimeIn__VALIDATION",
              "timedOut": null,
              "duration": 0,
              "state": "skipped",
              "speed": null,
              "pass": false,
              "fail": false,
              "pending": false,
              "context": null,
              "code": "// Re-intercept in case of reloads\ncy.intercept('GET', '**/auth/whoami').as('whoami');\ns.run();",
              "err": {},
              "uuid": "bb393469-573b-4955-b956-90aa7f0cbc4f",
              "parentUUID": "524188b2-03a1-4269-b655-5868760fbe3d",
              "isHook": false,
              "skipped": true
            },
            {
              "title": "01.04.06  PSW__DailyEntry__TimeOut__VALIDATION",
              "fullTitle": "PSW Mathematical Micro-Steps (Full Suite) 01.04.06  PSW__DailyEntry__TimeOut__VALIDATION",
              "timedOut": null,
              "duration": 0,
              "state": "skipped",
              "speed": null,
              "pass": false,
              "fail": false,
              "pending": false,
              "context": null,
              "code": "// Re-intercept in case of reloads\ncy.intercept('GET', '**/auth/whoami').as('whoami');\ns.run();",
              "err": {},
              "uuid": "131af649-fb17-4ad6-9a1b-a14804af04ff",
              "parentUUID": "524188b2-03a1-4269-b655-5868760fbe3d",
              "isHook": false,
              "skipped": true
            },
            {
              "title": "01.04.07  PSW__DailyEntry__SignaturePad__SAVE",
              "fullTitle": "PSW Mathematical Micro-Steps (Full Suite) 01.04.07  PSW__DailyEntry__SignaturePad__SAVE",
              "timedOut": null,
              "duration": 0,
              "state": "skipped",
              "speed": null,
              "pass": false,
              "fail": false,
              "pending": false,
              "context": null,
              "code": "// Re-intercept in case of reloads\ncy.intercept('GET', '**/auth/whoami').as('whoami');\ns.run();",
              "err": {},
              "uuid": "352f09cc-509d-43c8-ba13-23c34baf8f8f",
              "parentUUID": "524188b2-03a1-4269-b655-5868760fbe3d",
              "isHook": false,
              "skipped": true
            },
            {
              "title": "01.04.08  PSW__DailyEntry__SaveButton__SUCCESS",
              "fullTitle": "PSW Mathematical Micro-Steps (Full Suite) 01.04.08  PSW__DailyEntry__SaveButton__SUCCESS",
              "timedOut": null,
              "duration": 0,
              "state": "skipped",
              "speed": null,
              "pass": false,
              "fail": false,
              "pending": false,
              "context": null,
              "code": "// Re-intercept in case of reloads\ncy.intercept('GET', '**/auth/whoami').as('whoami');\ns.run();",
              "err": {},
              "uuid": "69f5b449-697b-414f-b4dc-02b88917355c",
              "parentUUID": "524188b2-03a1-4269-b655-5868760fbe3d",
              "isHook": false,
              "skipped": true
            },
            {
              "title": "01.04.09  PSW__DailyEntry__SubmitButton__SUCCESS",
              "fullTitle": "PSW Mathematical Micro-Steps (Full Suite) 01.04.09  PSW__DailyEntry__SubmitButton__SUCCESS",
              "timedOut": null,
              "duration": 0,
              "state": "skipped",
              "speed": null,
              "pass": false,
              "fail": false,
              "pending": false,
              "context": null,
              "code": "// Re-intercept in case of reloads\ncy.intercept('GET', '**/auth/whoami').as('whoami');\ns.run();",
              "err": {},
              "uuid": "84ba1866-6690-437a-bb8f-99bafd822961",
              "parentUUID": "524188b2-03a1-4269-b655-5868760fbe3d",
              "isHook": false,
              "skipped": true
            },
            {
              "title": "01.04.10  PSW__DailyEntry__API_Save__200",
              "fullTitle": "PSW Mathematical Micro-Steps (Full Suite) 01.04.10  PSW__DailyEntry__API_Save__200",
              "timedOut": null,
              "duration": 0,
              "state": "skipped",
              "speed": null,
              "pass": false,
              "fail": false,
              "pending": false,
              "context": null,
              "code": "// Re-intercept in case of reloads\ncy.intercept('GET', '**/auth/whoami').as('whoami');\ns.run();",
              "err": {},
              "uuid": "95f30423-b9db-4f01-acb2-677f50f004bd",
              "parentUUID": "524188b2-03a1-4269-b655-5868760fbe3d",
              "isHook": false,
              "skipped": true
            },
            {
              "title": "01.05.01  PSW__Earnings__PageLoad__SUCCESS",
              "fullTitle": "PSW Mathematical Micro-Steps (Full Suite) 01.05.01  PSW__Earnings__PageLoad__SUCCESS",
              "timedOut": null,
              "duration": 0,
              "state": "skipped",
              "speed": null,
              "pass": false,
              "fail": false,
              "pending": false,
              "context": null,
              "code": "// Re-intercept in case of reloads\ncy.intercept('GET', '**/auth/whoami').as('whoami');\ns.run();",
              "err": {},
              "uuid": "5dff69af-d49a-4dbb-af97-252f7504427a",
              "parentUUID": "524188b2-03a1-4269-b655-5868760fbe3d",
              "isHook": false,
              "skipped": true
            },
            {
              "title": "01.05.02  PSW__Earnings__Table__VISIBLE",
              "fullTitle": "PSW Mathematical Micro-Steps (Full Suite) 01.05.02  PSW__Earnings__Table__VISIBLE",
              "timedOut": null,
              "duration": 0,
              "state": "skipped",
              "speed": null,
              "pass": false,
              "fail": false,
              "pending": false,
              "context": null,
              "code": "// Re-intercept in case of reloads\ncy.intercept('GET', '**/auth/whoami').as('whoami');\ns.run();",
              "err": {},
              "uuid": "ff321618-a3bc-49dc-9781-76e1de0bb957",
              "parentUUID": "524188b2-03a1-4269-b655-5868760fbe3d",
              "isHook": false,
              "skipped": true
            },
            {
              "title": "01.05.03  PSW__Earnings__TotalCard__CORRECT",
              "fullTitle": "PSW Mathematical Micro-Steps (Full Suite) 01.05.03  PSW__Earnings__TotalCard__CORRECT",
              "timedOut": null,
              "duration": 0,
              "state": "skipped",
              "speed": null,
              "pass": false,
              "fail": false,
              "pending": false,
              "context": null,
              "code": "// Re-intercept in case of reloads\ncy.intercept('GET', '**/auth/whoami').as('whoami');\ns.run();",
              "err": {},
              "uuid": "3f002a89-5a16-4c88-b93a-bf40bd0d9c08",
              "parentUUID": "524188b2-03a1-4269-b655-5868760fbe3d",
              "isHook": false,
              "skipped": true
            },
            {
              "title": "01.05.04  PSW__Earnings__DateFilter__WORKS",
              "fullTitle": "PSW Mathematical Micro-Steps (Full Suite) 01.05.04  PSW__Earnings__DateFilter__WORKS",
              "timedOut": null,
              "duration": 0,
              "state": "skipped",
              "speed": null,
              "pass": false,
              "fail": false,
              "pending": false,
              "context": null,
              "code": "// Re-intercept in case of reloads\ncy.intercept('GET', '**/auth/whoami').as('whoami');\ns.run();",
              "err": {},
              "uuid": "7e15eda1-de7b-4565-a627-65777e387750",
              "parentUUID": "524188b2-03a1-4269-b655-5868760fbe3d",
              "isHook": false,
              "skipped": true
            },
            {
              "title": "01.05.05  PSW__Earnings__Export__CSV",
              "fullTitle": "PSW Mathematical Micro-Steps (Full Suite) 01.05.05  PSW__Earnings__Export__CSV",
              "timedOut": null,
              "duration": 0,
              "state": "skipped",
              "speed": null,
              "pass": false,
              "fail": false,
              "pending": false,
              "context": null,
              "code": "// Re-intercept in case of reloads\ncy.intercept('GET', '**/auth/whoami').as('whoami');\ns.run();",
              "err": {},
              "uuid": "d56c7ce8-2550-40e1-b321-32a956540727",
              "parentUUID": "524188b2-03a1-4269-b655-5868760fbe3d",
              "isHook": false,
              "skipped": true
            },
            {
              "title": "01.05.06  PSW__Earnings__DownloadPDF__SUCCESS",
              "fullTitle": "PSW Mathematical Micro-Steps (Full Suite) 01.05.06  PSW__Earnings__DownloadPDF__SUCCESS",
              "timedOut": null,
              "duration": 0,
              "state": "skipped",
              "speed": null,
              "pass": false,
              "fail": false,
              "pending": false,
              "context": null,
              "code": "// Re-intercept in case of reloads\ncy.intercept('GET', '**/auth/whoami').as('whoami');\ns.run();",
              "err": {},
              "uuid": "21ad845b-8b6b-4d16-8b58-16056215d196",
              "parentUUID": "524188b2-03a1-4269-b655-5868760fbe3d",
              "isHook": false,
              "skipped": true
            },
            {
              "title": "01.05.07  PSW__Earnings__Pagination__WORKS",
              "fullTitle": "PSW Mathematical Micro-Steps (Full Suite) 01.05.07  PSW__Earnings__Pagination__WORKS",
              "timedOut": null,
              "duration": 0,
              "state": "skipped",
              "speed": null,
              "pass": false,
              "fail": false,
              "pending": false,
              "context": null,
              "code": "// Re-intercept in case of reloads\ncy.intercept('GET', '**/auth/whoami').as('whoami');\ns.run();",
              "err": {},
              "uuid": "7ac79320-ace9-4a01-b64f-19a6e76954ce",
              "parentUUID": "524188b2-03a1-4269-b655-5868760fbe3d",
              "isHook": false,
              "skipped": true
            },
            {
              "title": "01.05.08  PSW__Earnings__API_Load__200",
              "fullTitle": "PSW Mathematical Micro-Steps (Full Suite) 01.05.08  PSW__Earnings__API_Load__200",
              "timedOut": null,
              "duration": 0,
              "state": "skipped",
              "speed": null,
              "pass": false,
              "fail": false,
              "pending": false,
              "context": null,
              "code": "// Re-intercept in case of reloads\ncy.intercept('GET', '**/auth/whoami').as('whoami');\ns.run();",
              "err": {},
              "uuid": "f600abcd-65f8-4e51-b5eb-c5bfa096e8c2",
              "parentUUID": "524188b2-03a1-4269-b655-5868760fbe3d",
              "isHook": false,
              "skipped": true
            },
            {
              "title": "01.06.01  PSW__Profile__PageLoad__SUCCESS",
              "fullTitle": "PSW Mathematical Micro-Steps (Full Suite) 01.06.01  PSW__Profile__PageLoad__SUCCESS",
              "timedOut": null,
              "duration": 0,
              "state": "skipped",
              "speed": null,
              "pass": false,
              "fail": false,
              "pending": false,
              "context": null,
              "code": "// Re-intercept in case of reloads\ncy.intercept('GET', '**/auth/whoami').as('whoami');\ns.run();",
              "err": {},
              "uuid": "c38d2ce2-4f80-43bc-afbf-62878237248d",
              "parentUUID": "524188b2-03a1-4269-b655-5868760fbe3d",
              "isHook": false,
              "skipped": true
            },
            {
              "title": "01.06.02  PSW__Profile__ProfileCard__VISIBLE",
              "fullTitle": "PSW Mathematical Micro-Steps (Full Suite) 01.06.02  PSW__Profile__ProfileCard__VISIBLE",
              "timedOut": null,
              "duration": 0,
              "state": "skipped",
              "speed": null,
              "pass": false,
              "fail": false,
              "pending": false,
              "context": null,
              "code": "// Re-intercept in case of reloads\ncy.intercept('GET', '**/auth/whoami').as('whoami');\ns.run();",
              "err": {},
              "uuid": "405b5bbb-e347-4e0b-805d-cc376680e37b",
              "parentUUID": "524188b2-03a1-4269-b655-5868760fbe3d",
              "isHook": false,
              "skipped": true
            },
            {
              "title": "01.06.03  PSW__Profile__EditButton__ENABLE",
              "fullTitle": "PSW Mathematical Micro-Steps (Full Suite) 01.06.03  PSW__Profile__EditButton__ENABLE",
              "timedOut": null,
              "duration": 0,
              "state": "skipped",
              "speed": null,
              "pass": false,
              "fail": false,
              "pending": false,
              "context": null,
              "code": "// Re-intercept in case of reloads\ncy.intercept('GET', '**/auth/whoami').as('whoami');\ns.run();",
              "err": {},
              "uuid": "e997c3cf-797a-4f7b-a7f4-72fc5b424891",
              "parentUUID": "524188b2-03a1-4269-b655-5868760fbe3d",
              "isHook": false,
              "skipped": true
            },
            {
              "title": "01.06.04  PSW__Profile__NameField__UPDATE",
              "fullTitle": "PSW Mathematical Micro-Steps (Full Suite) 01.06.04  PSW__Profile__NameField__UPDATE",
              "timedOut": null,
              "duration": 0,
              "state": "skipped",
              "speed": null,
              "pass": false,
              "fail": false,
              "pending": false,
              "context": null,
              "code": "// Re-intercept in case of reloads\ncy.intercept('GET', '**/auth/whoami').as('whoami');\ns.run();",
              "err": {},
              "uuid": "f7a440a9-8f9a-41a2-8c58-6333b6fa4f6f",
              "parentUUID": "524188b2-03a1-4269-b655-5868760fbe3d",
              "isHook": false,
              "skipped": true
            },
            {
              "title": "01.06.05  PSW__Profile__PhoneField__VALIDATION",
              "fullTitle": "PSW Mathematical Micro-Steps (Full Suite) 01.06.05  PSW__Profile__PhoneField__VALIDATION",
              "timedOut": null,
              "duration": 0,
              "state": "skipped",
              "speed": null,
              "pass": false,
              "fail": false,
              "pending": false,
              "context": null,
              "code": "// Re-intercept in case of reloads\ncy.intercept('GET', '**/auth/whoami').as('whoami');\ns.run();",
              "err": {},
              "uuid": "ad7f3c25-f580-42f2-abcc-0df41198776c",
              "parentUUID": "524188b2-03a1-4269-b655-5868760fbe3d",
              "isHook": false,
              "skipped": true
            },
            {
              "title": "01.06.06  PSW__Profile__UploadPhoto__SUCCESS",
              "fullTitle": "PSW Mathematical Micro-Steps (Full Suite) 01.06.06  PSW__Profile__UploadPhoto__SUCCESS",
              "timedOut": null,
              "duration": 0,
              "state": "skipped",
              "speed": null,
              "pass": false,
              "fail": false,
              "pending": false,
              "context": null,
              "code": "// Re-intercept in case of reloads\ncy.intercept('GET', '**/auth/whoami').as('whoami');\ns.run();",
              "err": {},
              "uuid": "452a48b2-ef11-4e92-8042-df3c86d5d604",
              "parentUUID": "524188b2-03a1-4269-b655-5868760fbe3d",
              "isHook": false,
              "skipped": true
            },
            {
              "title": "01.06.07  PSW__Profile__ChangePassword__WORKS",
              "fullTitle": "PSW Mathematical Micro-Steps (Full Suite) 01.06.07  PSW__Profile__ChangePassword__WORKS",
              "timedOut": null,
              "duration": 0,
              "state": "skipped",
              "speed": null,
              "pass": false,
              "fail": false,
              "pending": false,
              "context": null,
              "code": "// Re-intercept in case of reloads\ncy.intercept('GET', '**/auth/whoami').as('whoami');\ns.run();",
              "err": {},
              "uuid": "3ad2bc8e-32ea-4446-9bb2-d47aed238b02",
              "parentUUID": "524188b2-03a1-4269-b655-5868760fbe3d",
              "isHook": false,
              "skipped": true
            },
            {
              "title": "01.06.08  PSW__Profile__SaveButton__SUCCESS",
              "fullTitle": "PSW Mathematical Micro-Steps (Full Suite) 01.06.08  PSW__Profile__SaveButton__SUCCESS",
              "timedOut": null,
              "duration": 0,
              "state": "skipped",
              "speed": null,
              "pass": false,
              "fail": false,
              "pending": false,
              "context": null,
              "code": "// Re-intercept in case of reloads\ncy.intercept('GET', '**/auth/whoami').as('whoami');\ns.run();",
              "err": {},
              "uuid": "ba665c97-bd29-4f0c-b413-e4cb303630c3",
              "parentUUID": "524188b2-03a1-4269-b655-5868760fbe3d",
              "isHook": false,
              "skipped": true
            },
            {
              "title": "01.06.09  PSW__Profile__API_Update__200",
              "fullTitle": "PSW Mathematical Micro-Steps (Full Suite) 01.06.09  PSW__Profile__API_Update__200",
              "timedOut": null,
              "duration": 0,
              "state": "skipped",
              "speed": null,
              "pass": false,
              "fail": false,
              "pending": false,
              "context": null,
              "code": "// Re-intercept in case of reloads\ncy.intercept('GET', '**/auth/whoami').as('whoami');\ns.run();",
              "err": {},
              "uuid": "0b982ec3-9cd2-4844-bdc6-f0a94656cb85",
              "parentUUID": "524188b2-03a1-4269-b655-5868760fbe3d",
              "isHook": false,
              "skipped": true
            },
            {
              "title": "01.07.01  PSW__Notifications__PageLoad__SUCCESS",
              "fullTitle": "PSW Mathematical Micro-Steps (Full Suite) 01.07.01  PSW__Notifications__PageLoad__SUCCESS",
              "timedOut": null,
              "duration": 0,
              "state": "skipped",
              "speed": null,
              "pass": false,
              "fail": false,
              "pending": false,
              "context": null,
              "code": "// Re-intercept in case of reloads\ncy.intercept('GET', '**/auth/whoami').as('whoami');\ns.run();",
              "err": {},
              "uuid": "bf431a48-631b-4d2f-9220-3267df207994",
              "parentUUID": "524188b2-03a1-4269-b655-5868760fbe3d",
              "isHook": false,
              "skipped": true
            },
            {
              "title": "01.07.02  PSW__Notifications__List__LOAD",
              "fullTitle": "PSW Mathematical Micro-Steps (Full Suite) 01.07.02  PSW__Notifications__List__LOAD",
              "timedOut": null,
              "duration": 0,
              "state": "skipped",
              "speed": null,
              "pass": false,
              "fail": false,
              "pending": false,
              "context": null,
              "code": "// Re-intercept in case of reloads\ncy.intercept('GET', '**/auth/whoami').as('whoami');\ns.run();",
              "err": {},
              "uuid": "529827ae-39ae-4c38-b827-e2caaa88829e",
              "parentUUID": "524188b2-03a1-4269-b655-5868760fbe3d",
              "isHook": false,
              "skipped": true
            },
            {
              "title": "01.07.03  PSW__Notifications__MarkRead__SUCCESS",
              "fullTitle": "PSW Mathematical Micro-Steps (Full Suite) 01.07.03  PSW__Notifications__MarkRead__SUCCESS",
              "timedOut": null,
              "duration": 0,
              "state": "skipped",
              "speed": null,
              "pass": false,
              "fail": false,
              "pending": false,
              "context": null,
              "code": "// Re-intercept in case of reloads\ncy.intercept('GET', '**/auth/whoami').as('whoami');\ns.run();",
              "err": {},
              "uuid": "7056ccc9-e254-4c19-85b4-af080e1655cb",
              "parentUUID": "524188b2-03a1-4269-b655-5868760fbe3d",
              "isHook": false,
              "skipped": true
            },
            {
              "title": "01.07.04  PSW__Notifications__Delete__SUCCESS",
              "fullTitle": "PSW Mathematical Micro-Steps (Full Suite) 01.07.04  PSW__Notifications__Delete__SUCCESS",
              "timedOut": null,
              "duration": 0,
              "state": "skipped",
              "speed": null,
              "pass": false,
              "fail": false,
              "pending": false,
              "context": null,
              "code": "// Re-intercept in case of reloads\ncy.intercept('GET', '**/auth/whoami').as('whoami');\ns.run();",
              "err": {},
              "uuid": "580fe695-c737-4a73-a4af-ce1225297624",
              "parentUUID": "524188b2-03a1-4269-b655-5868760fbe3d",
              "isHook": false,
              "skipped": true
            },
            {
              "title": "01.07.05  PSW__Notifications__API_Load__200",
              "fullTitle": "PSW Mathematical Micro-Steps (Full Suite) 01.07.05  PSW__Notifications__API_Load__200",
              "timedOut": null,
              "duration": 0,
              "state": "skipped",
              "speed": null,
              "pass": false,
              "fail": false,
              "pending": false,
              "context": null,
              "code": "// Re-intercept in case of reloads\ncy.intercept('GET', '**/auth/whoami').as('whoami');\ns.run();",
              "err": {},
              "uuid": "51cad295-db98-456c-a0cb-6e389c9c2cca",
              "parentUUID": "524188b2-03a1-4269-b655-5868760fbe3d",
              "isHook": false,
              "skipped": true
            },
            {
              "title": "01.08.01  PSW__Messages__PageLoad__SUCCESS",
              "fullTitle": "PSW Mathematical Micro-Steps (Full Suite) 01.08.01  PSW__Messages__PageLoad__SUCCESS",
              "timedOut": null,
              "duration": 0,
              "state": "skipped",
              "speed": null,
              "pass": false,
              "fail": false,
              "pending": false,
              "context": null,
              "code": "// Re-intercept in case of reloads\ncy.intercept('GET', '**/auth/whoami').as('whoami');\ns.run();",
              "err": {},
              "uuid": "994f95ac-45e4-4078-a04d-383199412a2b",
              "parentUUID": "524188b2-03a1-4269-b655-5868760fbe3d",
              "isHook": false,
              "skipped": true
            },
            {
              "title": "01.08.02  PSW__Messages__ConversationList__LOAD",
              "fullTitle": "PSW Mathematical Micro-Steps (Full Suite) 01.08.02  PSW__Messages__ConversationList__LOAD",
              "timedOut": null,
              "duration": 0,
              "state": "skipped",
              "speed": null,
              "pass": false,
              "fail": false,
              "pending": false,
              "context": null,
              "code": "// Re-intercept in case of reloads\ncy.intercept('GET', '**/auth/whoami').as('whoami');\ns.run();",
              "err": {},
              "uuid": "514679a4-b5b1-499b-9441-852739c83e54",
              "parentUUID": "524188b2-03a1-4269-b655-5868760fbe3d",
              "isHook": false,
              "skipped": true
            },
            {
              "title": "01.08.03  PSW__Messages__MessageInput__TYPE",
              "fullTitle": "PSW Mathematical Micro-Steps (Full Suite) 01.08.03  PSW__Messages__MessageInput__TYPE",
              "timedOut": null,
              "duration": 0,
              "state": "skipped",
              "speed": null,
              "pass": false,
              "fail": false,
              "pending": false,
              "context": null,
              "code": "// Re-intercept in case of reloads\ncy.intercept('GET', '**/auth/whoami').as('whoami');\ns.run();",
              "err": {},
              "uuid": "b2d34768-6c29-400a-9d6c-3e69324770da",
              "parentUUID": "524188b2-03a1-4269-b655-5868760fbe3d",
              "isHook": false,
              "skipped": true
            },
            {
              "title": "01.08.04  PSW__Messages__Send__SUCCESS",
              "fullTitle": "PSW Mathematical Micro-Steps (Full Suite) 01.08.04  PSW__Messages__Send__SUCCESS",
              "timedOut": null,
              "duration": 0,
              "state": "skipped",
              "speed": null,
              "pass": false,
              "fail": false,
              "pending": false,
              "context": null,
              "code": "// Re-intercept in case of reloads\ncy.intercept('GET', '**/auth/whoami').as('whoami');\ns.run();",
              "err": {},
              "uuid": "7188f47f-25c4-4381-b9ca-766d64cf39be",
              "parentUUID": "524188b2-03a1-4269-b655-5868760fbe3d",
              "isHook": false,
              "skipped": true
            },
            {
              "title": "01.08.05  PSW__Messages__API_Send__200",
              "fullTitle": "PSW Mathematical Micro-Steps (Full Suite) 01.08.05  PSW__Messages__API_Send__200",
              "timedOut": null,
              "duration": 0,
              "state": "skipped",
              "speed": null,
              "pass": false,
              "fail": false,
              "pending": false,
              "context": null,
              "code": "// Re-intercept in case of reloads\ncy.intercept('GET', '**/auth/whoami').as('whoami');\ns.run();",
              "err": {},
              "uuid": "fa24e23d-3386-4c2f-8001-99d60994fd92",
              "parentUUID": "524188b2-03a1-4269-b655-5868760fbe3d",
              "isHook": false,
              "skipped": true
            },
            {
              "title": "01.09.01  PSW__Global__No500Errors__PASS",
              "fullTitle": "PSW Mathematical Micro-Steps (Full Suite) 01.09.01  PSW__Global__No500Errors__PASS",
              "timedOut": null,
              "duration": 0,
              "state": "skipped",
              "speed": null,
              "pass": false,
              "fail": false,
              "pending": false,
              "context": null,
              "code": "// Re-intercept in case of reloads\ncy.intercept('GET', '**/auth/whoami').as('whoami');\ns.run();",
              "err": {},
              "uuid": "7e32f3a0-3693-44a0-87e7-d208f9653595",
              "parentUUID": "524188b2-03a1-4269-b655-5868760fbe3d",
              "isHook": false,
              "skipped": true
            },
            {
              "title": "01.09.02  PSW__Global__ConsoleErrors__NONE",
              "fullTitle": "PSW Mathematical Micro-Steps (Full Suite) 01.09.02  PSW__Global__ConsoleErrors__NONE",
              "timedOut": null,
              "duration": 0,
              "state": "skipped",
              "speed": null,
              "pass": false,
              "fail": false,
              "pending": false,
              "context": null,
              "code": "// Re-intercept in case of reloads\ncy.intercept('GET', '**/auth/whoami').as('whoami');\ns.run();",
              "err": {},
              "uuid": "39b0448f-6da0-4a1a-81a1-fc8765c3c7f5",
              "parentUUID": "524188b2-03a1-4269-b655-5868760fbe3d",
              "isHook": false,
              "skipped": true
            },
            {
              "title": "01.09.03  PSW__Global__SessionExpire__LOGOUT",
              "fullTitle": "PSW Mathematical Micro-Steps (Full Suite) 01.09.03  PSW__Global__SessionExpire__LOGOUT",
              "timedOut": null,
              "duration": 0,
              "state": "skipped",
              "speed": null,
              "pass": false,
              "fail": false,
              "pending": false,
              "context": null,
              "code": "// Re-intercept in case of reloads\ncy.intercept('GET', '**/auth/whoami').as('whoami');\ns.run();",
              "err": {},
              "uuid": "565c39ed-8f3a-4433-9473-ee32e531201f",
              "parentUUID": "524188b2-03a1-4269-b655-5868760fbe3d",
              "isHook": false,
              "skipped": true
            },
            {
              "title": "01.09.04  PSW__Global__TokenRefresh__WORKS",
              "fullTitle": "PSW Mathematical Micro-Steps (Full Suite) 01.09.04  PSW__Global__TokenRefresh__WORKS",
              "timedOut": null,
              "duration": 0,
              "state": "skipped",
              "speed": null,
              "pass": false,
              "fail": false,
              "pending": false,
              "context": null,
              "code": "// Re-intercept in case of reloads\ncy.intercept('GET', '**/auth/whoami').as('whoami');\ns.run();",
              "err": {},
              "uuid": "0a912c9e-b641-4061-b44c-806725eba215",
              "parentUUID": "524188b2-03a1-4269-b655-5868760fbe3d",
              "isHook": false,
              "skipped": true
            },
            {
              "title": "01.09.05  PSW__Global__Loader__DISAPPEAR",
              "fullTitle": "PSW Mathematical Micro-Steps (Full Suite) 01.09.05  PSW__Global__Loader__DISAPPEAR",
              "timedOut": null,
              "duration": 0,
              "state": "skipped",
              "speed": null,
              "pass": false,
              "fail": false,
              "pending": false,
              "context": null,
              "code": "// Re-intercept in case of reloads\ncy.intercept('GET', '**/auth/whoami').as('whoami');\ns.run();",
              "err": {},
              "uuid": "3603bcb4-1a5d-4924-a5df-d1a8a6cb003e",
              "parentUUID": "524188b2-03a1-4269-b655-5868760fbe3d",
              "isHook": false,
              "skipped": true
            },
            {
              "title": "01.10.01  PSW__RBAC__AdminRoute__DENIED",
              "fullTitle": "PSW Mathematical Micro-Steps (Full Suite) 01.10.01  PSW__RBAC__AdminRoute__DENIED",
              "timedOut": null,
              "duration": 0,
              "state": "skipped",
              "speed": null,
              "pass": false,
              "fail": false,
              "pending": false,
              "context": null,
              "code": "// Re-intercept in case of reloads\ncy.intercept('GET', '**/auth/whoami').as('whoami');\ns.run();",
              "err": {},
              "uuid": "fec0ecd4-c4f7-4bd0-a204-e9080579ca5f",
              "parentUUID": "524188b2-03a1-4269-b655-5868760fbe3d",
              "isHook": false,
              "skipped": true
            },
            {
              "title": "01.10.02  PSW__RBAC__RNEditPlan__DENIED",
              "fullTitle": "PSW Mathematical Micro-Steps (Full Suite) 01.10.02  PSW__RBAC__RNEditPlan__DENIED",
              "timedOut": null,
              "duration": 0,
              "state": "skipped",
              "speed": null,
              "pass": false,
              "fail": false,
              "pending": false,
              "context": null,
              "code": "// Re-intercept in case of reloads\ncy.intercept('GET', '**/auth/whoami').as('whoami');\ns.run();",
              "err": {},
              "uuid": "3922f611-4243-4be6-aaaa-20c0c2335804",
              "parentUUID": "524188b2-03a1-4269-b655-5868760fbe3d",
              "isHook": false,
              "skipped": true
            },
            {
              "title": "01.10.03  PSW__RBAC__CreateShift__DENIED",
              "fullTitle": "PSW Mathematical Micro-Steps (Full Suite) 01.10.03  PSW__RBAC__CreateShift__DENIED",
              "timedOut": null,
              "duration": 0,
              "state": "skipped",
              "speed": null,
              "pass": false,
              "fail": false,
              "pending": false,
              "context": null,
              "code": "// Re-intercept in case of reloads\ncy.intercept('GET', '**/auth/whoami').as('whoami');\ns.run();",
              "err": {},
              "uuid": "6b162533-ec05-42ae-b28a-c78e348ef3c7",
              "parentUUID": "524188b2-03a1-4269-b655-5868760fbe3d",
              "isHook": false,
              "skipped": true
            },
            {
              "title": "01.10.04  PSW__RBAC__DeleteClient__DENIED",
              "fullTitle": "PSW Mathematical Micro-Steps (Full Suite) 01.10.04  PSW__RBAC__DeleteClient__DENIED",
              "timedOut": null,
              "duration": 0,
              "state": "skipped",
              "speed": null,
              "pass": false,
              "fail": false,
              "pending": false,
              "context": null,
              "code": "// Re-intercept in case of reloads\ncy.intercept('GET', '**/auth/whoami').as('whoami');\ns.run();",
              "err": {},
              "uuid": "13460a25-49b6-4a5c-8f6f-9b1d3c7f06ad",
              "parentUUID": "524188b2-03a1-4269-b655-5868760fbe3d",
              "isHook": false,
              "skipped": true
            }
          ],
          "suites": [],
          "passes": [],
          "failures": [
            "f67d9483-6e3a-47b9-affc-55b1b29803b4"
          ],
          "pending": [],
          "skipped": [
            "ba7e36e3-e1ac-4eea-8091-b3f917596bed",
            "9512c1fe-4b1e-4fb4-b0c4-d5192857baeb",
            "2432380d-c656-43d0-91d2-5cd69b8a7e73",
            "7e5567b3-53fd-4caa-9ba3-3306c1f19661",
            "2f595dd3-fa7d-4cdc-ad15-951570c96468",
            "cce98e36-1a49-4506-8b2e-f9e8f54e5e48",
            "6018c820-4e21-4c2c-804a-753935647f36",
            "98650def-b5a2-435d-9b9d-2b16d21442be",
            "198c49cb-7353-45d5-a885-27a4d0cfbeed",
            "2d01ec1b-c349-4a0a-a42b-7c75d5f2250a",
            "2706cf43-8abd-43b1-8299-ea83b9c09724",
            "1d23a4e4-0c29-4016-83f1-eb8c2c380a3a",
            "81eb48d1-9ffc-4aee-84f6-e68b72c45105",
            "6231464e-3dc7-447c-9479-fe57acfdc167",
            "27a167cd-57e0-4508-bf15-6a8117936045",
            "40bd6f5e-4761-4ad0-92d6-0451ad62b366",
            "5406c058-6bd9-45d3-8f2e-05ccd759ceb0",
            "ca6f6e42-7a12-498e-813a-f90b0e8e817d",
            "36299a36-6002-4ccb-830c-a8ae9a84f661",
            "451359a2-53e0-4d6f-8c43-70b39b84267d",
            "716db23a-fe3f-4669-802f-4ed19cb1c28d",
            "5df4416e-ed49-4ac6-a830-a7ce039bb33d",
            "c67315a8-80c8-4ce0-8a3b-e9dc80e13986",
            "256d5161-2baa-4d56-8d54-67507a55e8ac",
            "3d5f58df-d1f6-49d2-9f55-240ad0805c07",
            "1bacf98c-b70c-4f59-af34-b6444fb2d2bf",
            "49242b7b-210f-4aa4-8e45-9db44fe4c5d5",
            "dcff80e7-ad0c-4f5b-a5ec-9fdca8a43b98",
            "448ffc92-f46b-49f5-83e8-09f19749f4c5",
            "20424e72-c57a-4568-bb6b-87190c5c9897",
            "68c61d83-8421-407f-98fb-519c6ce0316c",
            "bb393469-573b-4955-b956-90aa7f0cbc4f",
            "131af649-fb17-4ad6-9a1b-a14804af04ff",
            "352f09cc-509d-43c8-ba13-23c34baf8f8f",
            "69f5b449-697b-414f-b4dc-02b88917355c",
            "84ba1866-6690-437a-bb8f-99bafd822961",
            "95f30423-b9db-4f01-acb2-677f50f004bd",
            "5dff69af-d49a-4dbb-af97-252f7504427a",
            "ff321618-a3bc-49dc-9781-76e1de0bb957",
            "3f002a89-5a16-4c88-b93a-bf40bd0d9c08",
            "7e15eda1-de7b-4565-a627-65777e387750",
            "d56c7ce8-2550-40e1-b321-32a956540727",
            "21ad845b-8b6b-4d16-8b58-16056215d196",
            "7ac79320-ace9-4a01-b64f-19a6e76954ce",
            "f600abcd-65f8-4e51-b5eb-c5bfa096e8c2",
            "c38d2ce2-4f80-43bc-afbf-62878237248d",
            "405b5bbb-e347-4e0b-805d-cc376680e37b",
            "e997c3cf-797a-4f7b-a7f4-72fc5b424891",
            "f7a440a9-8f9a-41a2-8c58-6333b6fa4f6f",
            "ad7f3c25-f580-42f2-abcc-0df41198776c",
            "452a48b2-ef11-4e92-8042-df3c86d5d604",
            "3ad2bc8e-32ea-4446-9bb2-d47aed238b02",
            "ba665c97-bd29-4f0c-b413-e4cb303630c3",
            "0b982ec3-9cd2-4844-bdc6-f0a94656cb85",
            "bf431a48-631b-4d2f-9220-3267df207994",
            "529827ae-39ae-4c38-b827-e2caaa88829e",
            "7056ccc9-e254-4c19-85b4-af080e1655cb",
            "580fe695-c737-4a73-a4af-ce1225297624",
            "51cad295-db98-456c-a0cb-6e389c9c2cca",
            "994f95ac-45e4-4078-a04d-383199412a2b",
            "514679a4-b5b1-499b-9441-852739c83e54",
            "b2d34768-6c29-400a-9d6c-3e69324770da",
            "7188f47f-25c4-4381-b9ca-766d64cf39be",
            "fa24e23d-3386-4c2f-8001-99d60994fd92",
            "7e32f3a0-3693-44a0-87e7-d208f9653595",
            "39b0448f-6da0-4a1a-81a1-fc8765c3c7f5",
            "565c39ed-8f3a-4433-9473-ee32e531201f",
            "0a912c9e-b641-4061-b44c-806725eba215",
            "3603bcb4-1a5d-4924-a5df-d1a8a6cb003e",
            "fec0ecd4-c4f7-4bd0-a204-e9080579ca5f",
            "3922f611-4243-4be6-aaaa-20c0c2335804",
            "6b162533-ec05-42ae-b28a-c78e348ef3c7",
            "13460a25-49b6-4a5c-8f6f-9b1d3c7f06ad"
          ],
          "duration": 13781,
          "root": false,
          "rootEmpty": false,
          "_timeout": 2000
        }
      ],
      "passes": [],
      "failures": [],
      "pending": [],
      "skipped": [],
      "duration": 0,
      "root": true,
      "rootEmpty": true,
      "_timeout": 2000
    }
  ],
  "meta": {
    "mocha": {
      "version": "7.0.1"
    },
    "mochawesome": {
      "options": {
        "quiet": false,
        "reportFilename": "mochawesome",
        "saveHtml": false,
        "saveJson": true,
        "consoleReporter": "spec",
        "useInlineDiffs": false,
        "code": true
      },
      "version": "7.1.4"
    },
    "marge": {
      "options": {
        "id": "default",
        "reportDir": "cypress/reports/mochawesome",
        "overwrite": false,
        "html": false,
        "json": true,
        "embeddedScreenshots": true
      },
      "version": "6.3.2"
    }
  }
}