{
  "stats": {
    "suites": 1,
    "tests": 1,
    "passes": 0,
    "pending": 0,
    "failures": 1,
    "start": "2026-02-10T22:07:13.193Z",
    "end": "2026-02-10T22:08:54.638Z",
    "duration": 101445,
    "testsRegistered": 1,
    "passPercent": 0,
    "pendingPercent": 0,
    "other": 0,
    "hasOther": false,
    "skipped": 0,
    "hasSkipped": false
  },
  "results": [
    {
      "uuid": "cf5ac36c-852e-41b6-9dcd-eb417ad90cd2",
      "title": "",
      "fullFile": "cypress\\e2e\\generated\\10_access.matrix.cy.ts",
      "file": "cypress\\e2e\\generated\\10_access.matrix.cy.ts",
      "beforeHooks": [],
      "afterHooks": [],
      "tests": [],
      "suites": [
        {
          "uuid": "ddc7d865-db7c-4ad5-8eef-3763585dad30",
          "title": "Generated: Access Matrix",
          "fullFile": "",
          "file": "",
          "beforeHooks": [],
          "afterHooks": [],
          "tests": [
            {
              "title": "enforces route permissions",
              "fullTitle": "Generated: Access Matrix enforces route permissions",
              "timedOut": null,
              "duration": 43011,
              "state": "failed",
              "speed": null,
              "pass": false,
              "fail": true,
              "pending": false,
              "context": null,
              "code": "cy.fixture(\"registry/routes.admin.json\").then(function (routesCfg) {\n    cy.fixture(\"registry/access.matrix.json\").then(function (m) {\n        var baseUrl = Cypress.env(routesCfg.baseUrlEnv);\n        var redirect = m.redirectWhenDenied || \"/login\";\n        var routeByKey = new Map();\n        routesCfg.routes.forEach(function (r) { return routeByKey.set(r.key, r); });\n        m.roles.forEach(function (role) {\n            cy.log(\"Testing as role: \".concat(role));\n            m.rules.forEach(function (rule) {\n                var route = routeByKey.get(rule.routeKey);\n                if (!route)\n                    return;\n                var allowed = rule.allowed.includes(role);\n                cy.log(\"Testing access to \".concat(route.key, \" (\").concat(route.path, \") - Expected Allowed: \").concat(allowed));\n                // Clean state before each check\n                cy.logout();\n                if (role !== \"guest\")\n                    cy.loginAs(role);\n                cy.visitRoute(routesCfg.baseUrlEnv, route.path);\n                if (!allowed) {\n                    cy.url().should(\"include\", redirect);\n                }\n                else {\n                    cy.url().should(\"not.include\", redirect);\n                    cy.assertNoAppCrash();\n                }\n            });\n        });\n    });\n});",
              "err": {
                "message": "AssertionError: Timed out retrying after 10000ms: expected 'http://localhost:5173/dashboard' to include '/login'",
                "estack": "AssertionError: Timed out retrying after 10000ms: expected 'http://localhost:5173/dashboard' to include '/login'\n    at eval (webpack://@primecare/cypress-test/./cypress/e2e/generated/10_access.matrix.cy.ts:27:0)\n    at eval (webpack://@primecare/cypress-test/./cypress/e2e/generated/10_access.matrix.cy.ts:15:0)\n    at Context.eval (webpack://@primecare/cypress-test/./cypress/e2e/generated/10_access.matrix.cy.ts:13:0)",
                "diff": null
              },
              "uuid": "f373944d-33df-45d8-9d78-676559c67a45",
              "parentUUID": "ddc7d865-db7c-4ad5-8eef-3763585dad30",
              "isHook": false,
              "skipped": false
            }
          ],
          "suites": [],
          "passes": [],
          "failures": [
            "f373944d-33df-45d8-9d78-676559c67a45"
          ],
          "pending": [],
          "skipped": [],
          "duration": 43011,
          "root": false,
          "rootEmpty": false,
          "_timeout": 2000
        }
      ],
      "passes": [],
      "failures": [],
      "pending": [],
      "skipped": [],
      "duration": 0,
      "root": true,
      "rootEmpty": true,
      "_timeout": 2000
    }
  ],
  "meta": {
    "mocha": {
      "version": "7.0.1"
    },
    "mochawesome": {
      "options": {
        "quiet": false,
        "reportFilename": "mochawesome",
        "saveHtml": false,
        "saveJson": true,
        "consoleReporter": "spec",
        "useInlineDiffs": false,
        "code": true
      },
      "version": "7.1.4"
    },
    "marge": {
      "options": {
        "id": "default",
        "reportDir": "cypress/reports/mochawesome",
        "overwrite": false,
        "html": false,
        "json": true,
        "embeddedScreenshots": true
      },
      "version": "6.3.2"
    }
  }
}