{
  "stats": {
    "suites": 1,
    "tests": 6,
    "passes": 6,
    "pending": 0,
    "failures": 0,
    "start": "2026-02-14T00:31:02.123Z",
    "end": "2026-02-14T00:31:16.214Z",
    "duration": 14091,
    "testsRegistered": 74,
    "passPercent": 8.108108108108109,
    "pendingPercent": 0,
    "other": 0,
    "hasOther": false,
    "skipped": 68,
    "hasSkipped": true
  },
  "results": [
    {
      "uuid": "e0b77eb2-12d4-4aa1-a647-4235b375618b",
      "title": "",
      "fullFile": "cypress\\e2e\\steps\\0100-psw-structured.cy.ts",
      "file": "cypress\\e2e\\steps\\0100-psw-structured.cy.ts",
      "beforeHooks": [],
      "afterHooks": [],
      "tests": [],
      "suites": [
        {
          "uuid": "1171d45d-7163-4f83-a8c9-9613c9b5b84d",
          "title": "PSW Mathematical Micro-Steps (Full Suite)",
          "fullFile": "",
          "file": "",
          "beforeHooks": [],
          "afterHooks": [],
          "tests": [
            {
              "title": "01.01.01  PSW__Login__PageLoad__SUCCESS",
              "fullTitle": "PSW Mathematical Micro-Steps (Full Suite) 01.01.01  PSW__Login__PageLoad__SUCCESS",
              "timedOut": null,
              "duration": 968,
              "state": "passed",
              "speed": "fast",
              "pass": true,
              "fail": false,
              "pending": false,
              "context": null,
              "code": "s.run();",
              "err": {},
              "uuid": "a4edad27-21bb-483e-abb9-4e46a9b8a124",
              "parentUUID": "1171d45d-7163-4f83-a8c9-9613c9b5b84d",
              "isHook": false,
              "skipped": false
            },
            {
              "title": "01.01.02  PSW__Login__Logo__VISIBLE",
              "fullTitle": "PSW Mathematical Micro-Steps (Full Suite) 01.01.02  PSW__Login__Logo__VISIBLE",
              "timedOut": null,
              "duration": 381,
              "state": "passed",
              "speed": "fast",
              "pass": true,
              "fail": false,
              "pending": false,
              "context": null,
              "code": "s.run();",
              "err": {},
              "uuid": "a2314bd5-363d-461f-87ff-1a4b396cdd78",
              "parentUUID": "1171d45d-7163-4f83-a8c9-9613c9b5b84d",
              "isHook": false,
              "skipped": false
            },
            {
              "title": "01.01.03  PSW__Login__EmailInput__VISIBLE",
              "fullTitle": "PSW Mathematical Micro-Steps (Full Suite) 01.01.03  PSW__Login__EmailInput__VISIBLE",
              "timedOut": null,
              "duration": 40,
              "state": "passed",
              "speed": "fast",
              "pass": true,
              "fail": false,
              "pending": false,
              "context": null,
              "code": "s.run();",
              "err": {},
              "uuid": "bedf3107-9331-4f6d-9e86-50cc3e5598c8",
              "parentUUID": "1171d45d-7163-4f83-a8c9-9613c9b5b84d",
              "isHook": false,
              "skipped": false
            },
            {
              "title": "01.01.04  PSW__Login__PasswordInput__VISIBLE",
              "fullTitle": "PSW Mathematical Micro-Steps (Full Suite) 01.01.04  PSW__Login__PasswordInput__VISIBLE",
              "timedOut": null,
              "duration": 34,
              "state": "passed",
              "speed": "fast",
              "pass": true,
              "fail": false,
              "pending": false,
              "context": null,
              "code": "s.run();",
              "err": {},
              "uuid": "23bbeb6c-43a1-44da-bbfb-cb33d0c506fd",
              "parentUUID": "1171d45d-7163-4f83-a8c9-9613c9b5b84d",
              "isHook": false,
              "skipped": false
            },
            {
              "title": "01.01.06  PSW__Login__LoginButton__CLICKABLE",
              "fullTitle": "PSW Mathematical Micro-Steps (Full Suite) 01.01.06  PSW__Login__LoginButton__CLICKABLE",
              "timedOut": null,
              "duration": 32,
              "state": "passed",
              "speed": "fast",
              "pass": true,
              "fail": false,
              "pending": false,
              "context": null,
              "code": "s.run();",
              "err": {},
              "uuid": "77ce0f88-c63e-4d05-ac39-ae0c22950fa7",
              "parentUUID": "1171d45d-7163-4f83-a8c9-9613c9b5b84d",
              "isHook": false,
              "skipped": false
            },
            {
              "title": "01.01.07  PSW__Login__ForgotPassword__VISIBLE",
              "fullTitle": "PSW Mathematical Micro-Steps (Full Suite) 01.01.07  PSW__Login__ForgotPassword__VISIBLE",
              "timedOut": null,
              "duration": 35,
              "state": "passed",
              "speed": "fast",
              "pass": true,
              "fail": false,
              "pending": false,
              "context": null,
              "code": "s.run();",
              "err": {},
              "uuid": "588bf1e1-a111-4d15-a26d-53d414f7472b",
              "parentUUID": "1171d45d-7163-4f83-a8c9-9613c9b5b84d",
              "isHook": false,
              "skipped": false
            },
            {
              "title": "01.01.08  PSW__Login__EmptyForm__ERROR",
              "fullTitle": "PSW Mathematical Micro-Steps (Full Suite) 01.01.08  PSW__Login__EmptyForm__ERROR",
              "timedOut": null,
              "duration": 0,
              "state": "skipped",
              "speed": null,
              "pass": false,
              "fail": false,
              "pending": false,
              "context": null,
              "code": "s.run();",
              "err": {},
              "uuid": "7515fbfc-d158-42be-90c5-339ba60c5bd8",
              "parentUUID": "1171d45d-7163-4f83-a8c9-9613c9b5b84d",
              "isHook": false,
              "skipped": true
            },
            {
              "title": "01.01.09  PSW__Login__ValidLogin__REDIRECT",
              "fullTitle": "PSW Mathematical Micro-Steps (Full Suite) 01.01.09  PSW__Login__ValidLogin__REDIRECT",
              "timedOut": null,
              "duration": 0,
              "state": "skipped",
              "speed": null,
              "pass": false,
              "fail": false,
              "pending": false,
              "context": null,
              "code": "s.run();",
              "err": {},
              "uuid": "11e8d7e1-f6b5-4a30-81a1-d343e59c8312",
              "parentUUID": "1171d45d-7163-4f83-a8c9-9613c9b5b84d",
              "isHook": false,
              "skipped": true
            },
            {
              "title": "01.01.10  PSW__Login__API_Login__200",
              "fullTitle": "PSW Mathematical Micro-Steps (Full Suite) 01.01.10  PSW__Login__API_Login__200",
              "timedOut": null,
              "duration": 0,
              "state": "skipped",
              "speed": null,
              "pass": false,
              "fail": false,
              "pending": false,
              "context": null,
              "code": "s.run();",
              "err": {},
              "uuid": "eca1cf40-c084-443e-978b-470a0bcc8879",
              "parentUUID": "1171d45d-7163-4f83-a8c9-9613c9b5b84d",
              "isHook": false,
              "skipped": true
            },
            {
              "title": "01.02.01  PSW__Dashboard__PageLoad__SUCCESS",
              "fullTitle": "PSW Mathematical Micro-Steps (Full Suite) 01.02.01  PSW__Dashboard__PageLoad__SUCCESS",
              "timedOut": null,
              "duration": 0,
              "state": "skipped",
              "speed": null,
              "pass": false,
              "fail": false,
              "pending": false,
              "context": null,
              "code": "s.run();",
              "err": {},
              "uuid": "6c23d761-7463-4bf8-bad2-d5c7f112be0b",
              "parentUUID": "1171d45d-7163-4f83-a8c9-9613c9b5b84d",
              "isHook": false,
              "skipped": true
            },
            {
              "title": "01.02.02  PSW__Dashboard__WelcomeCard__VISIBLE",
              "fullTitle": "PSW Mathematical Micro-Steps (Full Suite) 01.02.02  PSW__Dashboard__WelcomeCard__VISIBLE",
              "timedOut": null,
              "duration": 0,
              "state": "skipped",
              "speed": null,
              "pass": false,
              "fail": false,
              "pending": false,
              "context": null,
              "code": "s.run();",
              "err": {},
              "uuid": "641870dd-a067-431f-9c33-4d1d0531231d",
              "parentUUID": "1171d45d-7163-4f83-a8c9-9613c9b5b84d",
              "isHook": false,
              "skipped": true
            },
            {
              "title": "01.02.03  PSW__Dashboard__TodayShiftCard__LOAD",
              "fullTitle": "PSW Mathematical Micro-Steps (Full Suite) 01.02.03  PSW__Dashboard__TodayShiftCard__LOAD",
              "timedOut": null,
              "duration": 0,
              "state": "skipped",
              "speed": null,
              "pass": false,
              "fail": false,
              "pending": false,
              "context": null,
              "code": "s.run();",
              "err": {},
              "uuid": "9cf385ec-65e9-4e6d-9284-13e2d4dcede6",
              "parentUUID": "1171d45d-7163-4f83-a8c9-9613c9b5b84d",
              "isHook": false,
              "skipped": true
            },
            {
              "title": "01.02.04  PSW__Dashboard__StatsCard__DATA",
              "fullTitle": "PSW Mathematical Micro-Steps (Full Suite) 01.02.04  PSW__Dashboard__StatsCard__DATA",
              "timedOut": null,
              "duration": 0,
              "state": "skipped",
              "speed": null,
              "pass": false,
              "fail": false,
              "pending": false,
              "context": null,
              "code": "s.run();",
              "err": {},
              "uuid": "5f367cf9-d6ef-46de-8860-04765fa47a58",
              "parentUUID": "1171d45d-7163-4f83-a8c9-9613c9b5b84d",
              "isHook": false,
              "skipped": true
            },
            {
              "title": "01.02.05  PSW__Dashboard__EarningsCard__VISIBLE",
              "fullTitle": "PSW Mathematical Micro-Steps (Full Suite) 01.02.05  PSW__Dashboard__EarningsCard__VISIBLE",
              "timedOut": null,
              "duration": 0,
              "state": "skipped",
              "speed": null,
              "pass": false,
              "fail": false,
              "pending": false,
              "context": null,
              "code": "s.run();",
              "err": {},
              "uuid": "6fb908dd-2cd1-438e-a3b0-69acaf15ce91",
              "parentUUID": "1171d45d-7163-4f83-a8c9-9613c9b5b84d",
              "isHook": false,
              "skipped": true
            },
            {
              "title": "01.02.06  PSW__Dashboard__QuickAction__NAV_WORKS",
              "fullTitle": "PSW Mathematical Micro-Steps (Full Suite) 01.02.06  PSW__Dashboard__QuickAction__NAV_WORKS",
              "timedOut": null,
              "duration": 0,
              "state": "skipped",
              "speed": null,
              "pass": false,
              "fail": false,
              "pending": false,
              "context": null,
              "code": "s.run();",
              "err": {},
              "uuid": "ced31215-485d-4779-823a-cb19bd98fd99",
              "parentUUID": "1171d45d-7163-4f83-a8c9-9613c9b5b84d",
              "isHook": false,
              "skipped": true
            },
            {
              "title": "01.02.07  PSW__Dashboard__NotificationBell__OPEN",
              "fullTitle": "PSW Mathematical Micro-Steps (Full Suite) 01.02.07  PSW__Dashboard__NotificationBell__OPEN",
              "timedOut": null,
              "duration": 0,
              "state": "skipped",
              "speed": null,
              "pass": false,
              "fail": false,
              "pending": false,
              "context": null,
              "code": "s.run();",
              "err": {},
              "uuid": "a2804fea-734d-445e-a447-a9be87c5e351",
              "parentUUID": "1171d45d-7163-4f83-a8c9-9613c9b5b84d",
              "isHook": false,
              "skipped": true
            },
            {
              "title": "01.02.08  PSW__Dashboard__SideMenu__TOGGLE",
              "fullTitle": "PSW Mathematical Micro-Steps (Full Suite) 01.02.08  PSW__Dashboard__SideMenu__TOGGLE",
              "timedOut": null,
              "duration": 0,
              "state": "skipped",
              "speed": null,
              "pass": false,
              "fail": false,
              "pending": false,
              "context": null,
              "code": "s.run();",
              "err": {},
              "uuid": "d9a2ef23-8d46-476b-900b-f1d5efe71c23",
              "parentUUID": "1171d45d-7163-4f83-a8c9-9613c9b5b84d",
              "isHook": false,
              "skipped": true
            },
            {
              "title": "01.02.09  PSW__Dashboard__Logout__REDIRECT",
              "fullTitle": "PSW Mathematical Micro-Steps (Full Suite) 01.02.09  PSW__Dashboard__Logout__REDIRECT",
              "timedOut": null,
              "duration": 0,
              "state": "skipped",
              "speed": null,
              "pass": false,
              "fail": false,
              "pending": false,
              "context": null,
              "code": "s.run();",
              "err": {},
              "uuid": "cd704f17-c73d-4ff7-9b17-df773918cccf",
              "parentUUID": "1171d45d-7163-4f83-a8c9-9613c9b5b84d",
              "isHook": false,
              "skipped": true
            },
            {
              "title": "01.03.01  PSW__Shifts__PageLoad__SUCCESS",
              "fullTitle": "PSW Mathematical Micro-Steps (Full Suite) 01.03.01  PSW__Shifts__PageLoad__SUCCESS",
              "timedOut": null,
              "duration": 0,
              "state": "skipped",
              "speed": null,
              "pass": false,
              "fail": false,
              "pending": false,
              "context": null,
              "code": "s.run();",
              "err": {},
              "uuid": "bcbc96be-fe7f-4c53-9ea9-55fba769eb0f",
              "parentUUID": "1171d45d-7163-4f83-a8c9-9613c9b5b84d",
              "isHook": false,
              "skipped": true
            },
            {
              "title": "01.03.02  PSW__Shifts__ShiftTable__VISIBLE",
              "fullTitle": "PSW Mathematical Micro-Steps (Full Suite) 01.03.02  PSW__Shifts__ShiftTable__VISIBLE",
              "timedOut": null,
              "duration": 0,
              "state": "skipped",
              "speed": null,
              "pass": false,
              "fail": false,
              "pending": false,
              "context": null,
              "code": "s.run();",
              "err": {},
              "uuid": "ba9b0130-bf69-4882-ad44-33fc3e25c870",
              "parentUUID": "1171d45d-7163-4f83-a8c9-9613c9b5b84d",
              "isHook": false,
              "skipped": true
            },
            {
              "title": "01.03.03  PSW__Shifts__ShiftRow__DATA_PRESENT",
              "fullTitle": "PSW Mathematical Micro-Steps (Full Suite) 01.03.03  PSW__Shifts__ShiftRow__DATA_PRESENT",
              "timedOut": null,
              "duration": 0,
              "state": "skipped",
              "speed": null,
              "pass": false,
              "fail": false,
              "pending": false,
              "context": null,
              "code": "s.run();",
              "err": {},
              "uuid": "de2bf942-782d-4021-aa92-83b35d1223fb",
              "parentUUID": "1171d45d-7163-4f83-a8c9-9613c9b5b84d",
              "isHook": false,
              "skipped": true
            },
            {
              "title": "01.03.04  PSW__Shifts__AcceptButton__CLICK_SUCCESS",
              "fullTitle": "PSW Mathematical Micro-Steps (Full Suite) 01.03.04  PSW__Shifts__AcceptButton__CLICK_SUCCESS",
              "timedOut": null,
              "duration": 0,
              "state": "skipped",
              "speed": null,
              "pass": false,
              "fail": false,
              "pending": false,
              "context": null,
              "code": "s.run();",
              "err": {},
              "uuid": "052a3efa-d398-4944-b1da-7e9cfff697a6",
              "parentUUID": "1171d45d-7163-4f83-a8c9-9613c9b5b84d",
              "isHook": false,
              "skipped": true
            },
            {
              "title": "01.03.05  PSW__Shifts__DeclineButton__CLICK_SUCCESS",
              "fullTitle": "PSW Mathematical Micro-Steps (Full Suite) 01.03.05  PSW__Shifts__DeclineButton__CLICK_SUCCESS",
              "timedOut": null,
              "duration": 0,
              "state": "skipped",
              "speed": null,
              "pass": false,
              "fail": false,
              "pending": false,
              "context": null,
              "code": "s.run();",
              "err": {},
              "uuid": "b5ccfa68-9691-4563-8f49-5c7ad90e2ab9",
              "parentUUID": "1171d45d-7163-4f83-a8c9-9613c9b5b84d",
              "isHook": false,
              "skipped": true
            },
            {
              "title": "01.03.06  PSW__Shifts__DetailsModal__OPEN",
              "fullTitle": "PSW Mathematical Micro-Steps (Full Suite) 01.03.06  PSW__Shifts__DetailsModal__OPEN",
              "timedOut": null,
              "duration": 0,
              "state": "skipped",
              "speed": null,
              "pass": false,
              "fail": false,
              "pending": false,
              "context": null,
              "code": "s.run();",
              "err": {},
              "uuid": "06ee1160-2eb3-4f28-8657-9c16ead99065",
              "parentUUID": "1171d45d-7163-4f83-a8c9-9613c9b5b84d",
              "isHook": false,
              "skipped": true
            },
            {
              "title": "01.03.07  PSW__Shifts__Filter__WORKS",
              "fullTitle": "PSW Mathematical Micro-Steps (Full Suite) 01.03.07  PSW__Shifts__Filter__WORKS",
              "timedOut": null,
              "duration": 0,
              "state": "skipped",
              "speed": null,
              "pass": false,
              "fail": false,
              "pending": false,
              "context": null,
              "code": "s.run();",
              "err": {},
              "uuid": "d972e7e1-fdbb-491e-be9c-db9a9f78be7c",
              "parentUUID": "1171d45d-7163-4f83-a8c9-9613c9b5b84d",
              "isHook": false,
              "skipped": true
            },
            {
              "title": "01.03.08  PSW__Shifts__Search__WORKS",
              "fullTitle": "PSW Mathematical Micro-Steps (Full Suite) 01.03.08  PSW__Shifts__Search__WORKS",
              "timedOut": null,
              "duration": 0,
              "state": "skipped",
              "speed": null,
              "pass": false,
              "fail": false,
              "pending": false,
              "context": null,
              "code": "s.run();",
              "err": {},
              "uuid": "9f9e6b43-40b4-4977-b7a9-2e8db714f4de",
              "parentUUID": "1171d45d-7163-4f83-a8c9-9613c9b5b84d",
              "isHook": false,
              "skipped": true
            },
            {
              "title": "01.03.09  PSW__Shifts__Pagination__WORKS",
              "fullTitle": "PSW Mathematical Micro-Steps (Full Suite) 01.03.09  PSW__Shifts__Pagination__WORKS",
              "timedOut": null,
              "duration": 0,
              "state": "skipped",
              "speed": null,
              "pass": false,
              "fail": false,
              "pending": false,
              "context": null,
              "code": "s.run();",
              "err": {},
              "uuid": "98642040-1c98-4923-8286-dc2f13cf4291",
              "parentUUID": "1171d45d-7163-4f83-a8c9-9613c9b5b84d",
              "isHook": false,
              "skipped": true
            },
            {
              "title": "01.03.10  PSW__Shifts__API_Load__200",
              "fullTitle": "PSW Mathematical Micro-Steps (Full Suite) 01.03.10  PSW__Shifts__API_Load__200",
              "timedOut": null,
              "duration": 0,
              "state": "skipped",
              "speed": null,
              "pass": false,
              "fail": false,
              "pending": false,
              "context": null,
              "code": "s.run();",
              "err": {},
              "uuid": "c45be2fd-7228-43bb-973d-0d1fafa301fe",
              "parentUUID": "1171d45d-7163-4f83-a8c9-9613c9b5b84d",
              "isHook": false,
              "skipped": true
            },
            {
              "title": "01.04.01  PSW__DailyEntry__PageLoad__SUCCESS",
              "fullTitle": "PSW Mathematical Micro-Steps (Full Suite) 01.04.01  PSW__DailyEntry__PageLoad__SUCCESS",
              "timedOut": null,
              "duration": 0,
              "state": "skipped",
              "speed": null,
              "pass": false,
              "fail": false,
              "pending": false,
              "context": null,
              "code": "s.run();",
              "err": {},
              "uuid": "d579b71a-01a5-4c3f-a8b4-9b2993fb1111",
              "parentUUID": "1171d45d-7163-4f83-a8c9-9613c9b5b84d",
              "isHook": false,
              "skipped": true
            },
            {
              "title": "01.04.02  PSW__DailyEntry__ClientSelector__LOAD",
              "fullTitle": "PSW Mathematical Micro-Steps (Full Suite) 01.04.02  PSW__DailyEntry__ClientSelector__LOAD",
              "timedOut": null,
              "duration": 0,
              "state": "skipped",
              "speed": null,
              "pass": false,
              "fail": false,
              "pending": false,
              "context": null,
              "code": "s.run();",
              "err": {},
              "uuid": "709f229b-148e-42dc-b370-4f94f8a3afb4",
              "parentUUID": "1171d45d-7163-4f83-a8c9-9613c9b5b84d",
              "isHook": false,
              "skipped": true
            },
            {
              "title": "01.04.03  PSW__DailyEntry__ServiceChecklist__SELECT",
              "fullTitle": "PSW Mathematical Micro-Steps (Full Suite) 01.04.03  PSW__DailyEntry__ServiceChecklist__SELECT",
              "timedOut": null,
              "duration": 0,
              "state": "skipped",
              "speed": null,
              "pass": false,
              "fail": false,
              "pending": false,
              "context": null,
              "code": "s.run();",
              "err": {},
              "uuid": "b0c64bc7-f855-464d-80ca-27a94c3504f6",
              "parentUUID": "1171d45d-7163-4f83-a8c9-9613c9b5b84d",
              "isHook": false,
              "skipped": true
            },
            {
              "title": "01.04.04  PSW__DailyEntry__NotesField__INPUT",
              "fullTitle": "PSW Mathematical Micro-Steps (Full Suite) 01.04.04  PSW__DailyEntry__NotesField__INPUT",
              "timedOut": null,
              "duration": 0,
              "state": "skipped",
              "speed": null,
              "pass": false,
              "fail": false,
              "pending": false,
              "context": null,
              "code": "s.run();",
              "err": {},
              "uuid": "355f4cbb-b031-47d6-85d3-54f29b2cd9c0",
              "parentUUID": "1171d45d-7163-4f83-a8c9-9613c9b5b84d",
              "isHook": false,
              "skipped": true
            },
            {
              "title": "01.04.05  PSW__DailyEntry__TimeIn__VALIDATION",
              "fullTitle": "PSW Mathematical Micro-Steps (Full Suite) 01.04.05  PSW__DailyEntry__TimeIn__VALIDATION",
              "timedOut": null,
              "duration": 0,
              "state": "skipped",
              "speed": null,
              "pass": false,
              "fail": false,
              "pending": false,
              "context": null,
              "code": "s.run();",
              "err": {},
              "uuid": "b70af9a9-ea4a-450d-8021-69c387f9dbf4",
              "parentUUID": "1171d45d-7163-4f83-a8c9-9613c9b5b84d",
              "isHook": false,
              "skipped": true
            },
            {
              "title": "01.04.06  PSW__DailyEntry__TimeOut__VALIDATION",
              "fullTitle": "PSW Mathematical Micro-Steps (Full Suite) 01.04.06  PSW__DailyEntry__TimeOut__VALIDATION",
              "timedOut": null,
              "duration": 0,
              "state": "skipped",
              "speed": null,
              "pass": false,
              "fail": false,
              "pending": false,
              "context": null,
              "code": "s.run();",
              "err": {},
              "uuid": "a1d70f19-f565-42d8-9887-f03c874c79b5",
              "parentUUID": "1171d45d-7163-4f83-a8c9-9613c9b5b84d",
              "isHook": false,
              "skipped": true
            },
            {
              "title": "01.04.07  PSW__DailyEntry__SignaturePad__SAVE",
              "fullTitle": "PSW Mathematical Micro-Steps (Full Suite) 01.04.07  PSW__DailyEntry__SignaturePad__SAVE",
              "timedOut": null,
              "duration": 0,
              "state": "skipped",
              "speed": null,
              "pass": false,
              "fail": false,
              "pending": false,
              "context": null,
              "code": "s.run();",
              "err": {},
              "uuid": "86f18fbd-4ed0-43a6-a9bd-408541c7def3",
              "parentUUID": "1171d45d-7163-4f83-a8c9-9613c9b5b84d",
              "isHook": false,
              "skipped": true
            },
            {
              "title": "01.04.08  PSW__DailyEntry__SaveButton__SUCCESS",
              "fullTitle": "PSW Mathematical Micro-Steps (Full Suite) 01.04.08  PSW__DailyEntry__SaveButton__SUCCESS",
              "timedOut": null,
              "duration": 0,
              "state": "skipped",
              "speed": null,
              "pass": false,
              "fail": false,
              "pending": false,
              "context": null,
              "code": "s.run();",
              "err": {},
              "uuid": "4cdd231a-e8a8-4457-be26-9a842e7244d5",
              "parentUUID": "1171d45d-7163-4f83-a8c9-9613c9b5b84d",
              "isHook": false,
              "skipped": true
            },
            {
              "title": "01.04.09  PSW__DailyEntry__SubmitButton__SUCCESS",
              "fullTitle": "PSW Mathematical Micro-Steps (Full Suite) 01.04.09  PSW__DailyEntry__SubmitButton__SUCCESS",
              "timedOut": null,
              "duration": 0,
              "state": "skipped",
              "speed": null,
              "pass": false,
              "fail": false,
              "pending": false,
              "context": null,
              "code": "s.run();",
              "err": {},
              "uuid": "7e17ab0d-1659-4813-ac49-93888251db09",
              "parentUUID": "1171d45d-7163-4f83-a8c9-9613c9b5b84d",
              "isHook": false,
              "skipped": true
            },
            {
              "title": "01.04.10  PSW__DailyEntry__API_Save__200",
              "fullTitle": "PSW Mathematical Micro-Steps (Full Suite) 01.04.10  PSW__DailyEntry__API_Save__200",
              "timedOut": null,
              "duration": 0,
              "state": "skipped",
              "speed": null,
              "pass": false,
              "fail": false,
              "pending": false,
              "context": null,
              "code": "s.run();",
              "err": {},
              "uuid": "345d98e2-b2af-4911-84e7-8de32f7e771e",
              "parentUUID": "1171d45d-7163-4f83-a8c9-9613c9b5b84d",
              "isHook": false,
              "skipped": true
            },
            {
              "title": "01.05.01  PSW__Earnings__PageLoad__SUCCESS",
              "fullTitle": "PSW Mathematical Micro-Steps (Full Suite) 01.05.01  PSW__Earnings__PageLoad__SUCCESS",
              "timedOut": null,
              "duration": 0,
              "state": "skipped",
              "speed": null,
              "pass": false,
              "fail": false,
              "pending": false,
              "context": null,
              "code": "s.run();",
              "err": {},
              "uuid": "b01beee9-095e-40f9-ad80-157e2f05d1f7",
              "parentUUID": "1171d45d-7163-4f83-a8c9-9613c9b5b84d",
              "isHook": false,
              "skipped": true
            },
            {
              "title": "01.05.02  PSW__Earnings__Table__VISIBLE",
              "fullTitle": "PSW Mathematical Micro-Steps (Full Suite) 01.05.02  PSW__Earnings__Table__VISIBLE",
              "timedOut": null,
              "duration": 0,
              "state": "skipped",
              "speed": null,
              "pass": false,
              "fail": false,
              "pending": false,
              "context": null,
              "code": "s.run();",
              "err": {},
              "uuid": "cc44a2d2-c1f7-4277-9f7f-38e0637b171a",
              "parentUUID": "1171d45d-7163-4f83-a8c9-9613c9b5b84d",
              "isHook": false,
              "skipped": true
            },
            {
              "title": "01.05.03  PSW__Earnings__TotalCard__CORRECT",
              "fullTitle": "PSW Mathematical Micro-Steps (Full Suite) 01.05.03  PSW__Earnings__TotalCard__CORRECT",
              "timedOut": null,
              "duration": 0,
              "state": "skipped",
              "speed": null,
              "pass": false,
              "fail": false,
              "pending": false,
              "context": null,
              "code": "s.run();",
              "err": {},
              "uuid": "02144c8e-2ea4-4301-83d6-ded7ba32fa24",
              "parentUUID": "1171d45d-7163-4f83-a8c9-9613c9b5b84d",
              "isHook": false,
              "skipped": true
            },
            {
              "title": "01.05.04  PSW__Earnings__DateFilter__WORKS",
              "fullTitle": "PSW Mathematical Micro-Steps (Full Suite) 01.05.04  PSW__Earnings__DateFilter__WORKS",
              "timedOut": null,
              "duration": 0,
              "state": "skipped",
              "speed": null,
              "pass": false,
              "fail": false,
              "pending": false,
              "context": null,
              "code": "s.run();",
              "err": {},
              "uuid": "84578108-278e-4b1e-9976-e52e47f2a5d5",
              "parentUUID": "1171d45d-7163-4f83-a8c9-9613c9b5b84d",
              "isHook": false,
              "skipped": true
            },
            {
              "title": "01.05.05  PSW__Earnings__Export__CSV",
              "fullTitle": "PSW Mathematical Micro-Steps (Full Suite) 01.05.05  PSW__Earnings__Export__CSV",
              "timedOut": null,
              "duration": 0,
              "state": "skipped",
              "speed": null,
              "pass": false,
              "fail": false,
              "pending": false,
              "context": null,
              "code": "s.run();",
              "err": {},
              "uuid": "2ab455ec-e4b1-4702-80c7-5dfd2cf9147a",
              "parentUUID": "1171d45d-7163-4f83-a8c9-9613c9b5b84d",
              "isHook": false,
              "skipped": true
            },
            {
              "title": "01.05.06  PSW__Earnings__DownloadPDF__SUCCESS",
              "fullTitle": "PSW Mathematical Micro-Steps (Full Suite) 01.05.06  PSW__Earnings__DownloadPDF__SUCCESS",
              "timedOut": null,
              "duration": 0,
              "state": "skipped",
              "speed": null,
              "pass": false,
              "fail": false,
              "pending": false,
              "context": null,
              "code": "s.run();",
              "err": {},
              "uuid": "bbef9640-1e4c-4eb0-81e1-eb1bea0d126f",
              "parentUUID": "1171d45d-7163-4f83-a8c9-9613c9b5b84d",
              "isHook": false,
              "skipped": true
            },
            {
              "title": "01.05.07  PSW__Earnings__Pagination__WORKS",
              "fullTitle": "PSW Mathematical Micro-Steps (Full Suite) 01.05.07  PSW__Earnings__Pagination__WORKS",
              "timedOut": null,
              "duration": 0,
              "state": "skipped",
              "speed": null,
              "pass": false,
              "fail": false,
              "pending": false,
              "context": null,
              "code": "s.run();",
              "err": {},
              "uuid": "07399004-8955-43db-b2b4-935b410fbf72",
              "parentUUID": "1171d45d-7163-4f83-a8c9-9613c9b5b84d",
              "isHook": false,
              "skipped": true
            },
            {
              "title": "01.05.08  PSW__Earnings__API_Load__200",
              "fullTitle": "PSW Mathematical Micro-Steps (Full Suite) 01.05.08  PSW__Earnings__API_Load__200",
              "timedOut": null,
              "duration": 0,
              "state": "skipped",
              "speed": null,
              "pass": false,
              "fail": false,
              "pending": false,
              "context": null,
              "code": "s.run();",
              "err": {},
              "uuid": "32efd45e-a2d5-46f6-a29e-d3cbd310a17a",
              "parentUUID": "1171d45d-7163-4f83-a8c9-9613c9b5b84d",
              "isHook": false,
              "skipped": true
            },
            {
              "title": "01.06.01  PSW__Profile__PageLoad__SUCCESS",
              "fullTitle": "PSW Mathematical Micro-Steps (Full Suite) 01.06.01  PSW__Profile__PageLoad__SUCCESS",
              "timedOut": null,
              "duration": 0,
              "state": "skipped",
              "speed": null,
              "pass": false,
              "fail": false,
              "pending": false,
              "context": null,
              "code": "s.run();",
              "err": {},
              "uuid": "4ed581e8-9b9b-4123-96c9-cfc0b17a4a51",
              "parentUUID": "1171d45d-7163-4f83-a8c9-9613c9b5b84d",
              "isHook": false,
              "skipped": true
            },
            {
              "title": "01.06.02  PSW__Profile__ProfileCard__VISIBLE",
              "fullTitle": "PSW Mathematical Micro-Steps (Full Suite) 01.06.02  PSW__Profile__ProfileCard__VISIBLE",
              "timedOut": null,
              "duration": 0,
              "state": "skipped",
              "speed": null,
              "pass": false,
              "fail": false,
              "pending": false,
              "context": null,
              "code": "s.run();",
              "err": {},
              "uuid": "cfe3e241-6bfc-44eb-9b4a-1336600cda3c",
              "parentUUID": "1171d45d-7163-4f83-a8c9-9613c9b5b84d",
              "isHook": false,
              "skipped": true
            },
            {
              "title": "01.06.03  PSW__Profile__EditButton__ENABLE",
              "fullTitle": "PSW Mathematical Micro-Steps (Full Suite) 01.06.03  PSW__Profile__EditButton__ENABLE",
              "timedOut": null,
              "duration": 0,
              "state": "skipped",
              "speed": null,
              "pass": false,
              "fail": false,
              "pending": false,
              "context": null,
              "code": "s.run();",
              "err": {},
              "uuid": "0eecf293-c585-4b5d-899e-c6649ac1dfc1",
              "parentUUID": "1171d45d-7163-4f83-a8c9-9613c9b5b84d",
              "isHook": false,
              "skipped": true
            },
            {
              "title": "01.06.04  PSW__Profile__NameField__UPDATE",
              "fullTitle": "PSW Mathematical Micro-Steps (Full Suite) 01.06.04  PSW__Profile__NameField__UPDATE",
              "timedOut": null,
              "duration": 0,
              "state": "skipped",
              "speed": null,
              "pass": false,
              "fail": false,
              "pending": false,
              "context": null,
              "code": "s.run();",
              "err": {},
              "uuid": "e10cd9af-5891-494e-8dee-cf2d8a71637d",
              "parentUUID": "1171d45d-7163-4f83-a8c9-9613c9b5b84d",
              "isHook": false,
              "skipped": true
            },
            {
              "title": "01.06.05  PSW__Profile__PhoneField__VALIDATION",
              "fullTitle": "PSW Mathematical Micro-Steps (Full Suite) 01.06.05  PSW__Profile__PhoneField__VALIDATION",
              "timedOut": null,
              "duration": 0,
              "state": "skipped",
              "speed": null,
              "pass": false,
              "fail": false,
              "pending": false,
              "context": null,
              "code": "s.run();",
              "err": {},
              "uuid": "3ded46af-83e9-4b2f-97ac-3fe0592eb230",
              "parentUUID": "1171d45d-7163-4f83-a8c9-9613c9b5b84d",
              "isHook": false,
              "skipped": true
            },
            {
              "title": "01.06.06  PSW__Profile__UploadPhoto__SUCCESS",
              "fullTitle": "PSW Mathematical Micro-Steps (Full Suite) 01.06.06  PSW__Profile__UploadPhoto__SUCCESS",
              "timedOut": null,
              "duration": 0,
              "state": "skipped",
              "speed": null,
              "pass": false,
              "fail": false,
              "pending": false,
              "context": null,
              "code": "s.run();",
              "err": {},
              "uuid": "f4ee7879-2a79-407a-97b1-735d38b96f16",
              "parentUUID": "1171d45d-7163-4f83-a8c9-9613c9b5b84d",
              "isHook": false,
              "skipped": true
            },
            {
              "title": "01.06.07  PSW__Profile__ChangePassword__WORKS",
              "fullTitle": "PSW Mathematical Micro-Steps (Full Suite) 01.06.07  PSW__Profile__ChangePassword__WORKS",
              "timedOut": null,
              "duration": 0,
              "state": "skipped",
              "speed": null,
              "pass": false,
              "fail": false,
              "pending": false,
              "context": null,
              "code": "s.run();",
              "err": {},
              "uuid": "c1c932fa-ca21-446e-8649-5b1f9624ccf1",
              "parentUUID": "1171d45d-7163-4f83-a8c9-9613c9b5b84d",
              "isHook": false,
              "skipped": true
            },
            {
              "title": "01.06.08  PSW__Profile__SaveButton__SUCCESS",
              "fullTitle": "PSW Mathematical Micro-Steps (Full Suite) 01.06.08  PSW__Profile__SaveButton__SUCCESS",
              "timedOut": null,
              "duration": 0,
              "state": "skipped",
              "speed": null,
              "pass": false,
              "fail": false,
              "pending": false,
              "context": null,
              "code": "s.run();",
              "err": {},
              "uuid": "f9be5b63-66c9-457a-b602-30d01420be9e",
              "parentUUID": "1171d45d-7163-4f83-a8c9-9613c9b5b84d",
              "isHook": false,
              "skipped": true
            },
            {
              "title": "01.06.09  PSW__Profile__API_Update__200",
              "fullTitle": "PSW Mathematical Micro-Steps (Full Suite) 01.06.09  PSW__Profile__API_Update__200",
              "timedOut": null,
              "duration": 0,
              "state": "skipped",
              "speed": null,
              "pass": false,
              "fail": false,
              "pending": false,
              "context": null,
              "code": "s.run();",
              "err": {},
              "uuid": "27c4f4cb-cfb0-4c7e-8b67-7362c9037a96",
              "parentUUID": "1171d45d-7163-4f83-a8c9-9613c9b5b84d",
              "isHook": false,
              "skipped": true
            },
            {
              "title": "01.07.01  PSW__Notifications__PageLoad__SUCCESS",
              "fullTitle": "PSW Mathematical Micro-Steps (Full Suite) 01.07.01  PSW__Notifications__PageLoad__SUCCESS",
              "timedOut": null,
              "duration": 0,
              "state": "skipped",
              "speed": null,
              "pass": false,
              "fail": false,
              "pending": false,
              "context": null,
              "code": "s.run();",
              "err": {},
              "uuid": "8c62e45d-9428-43a0-98a2-1c1530d8e79f",
              "parentUUID": "1171d45d-7163-4f83-a8c9-9613c9b5b84d",
              "isHook": false,
              "skipped": true
            },
            {
              "title": "01.07.02  PSW__Notifications__List__LOAD",
              "fullTitle": "PSW Mathematical Micro-Steps (Full Suite) 01.07.02  PSW__Notifications__List__LOAD",
              "timedOut": null,
              "duration": 0,
              "state": "skipped",
              "speed": null,
              "pass": false,
              "fail": false,
              "pending": false,
              "context": null,
              "code": "s.run();",
              "err": {},
              "uuid": "d17347bd-2067-4c43-887b-3107e8a7f387",
              "parentUUID": "1171d45d-7163-4f83-a8c9-9613c9b5b84d",
              "isHook": false,
              "skipped": true
            },
            {
              "title": "01.07.03  PSW__Notifications__MarkRead__SUCCESS",
              "fullTitle": "PSW Mathematical Micro-Steps (Full Suite) 01.07.03  PSW__Notifications__MarkRead__SUCCESS",
              "timedOut": null,
              "duration": 0,
              "state": "skipped",
              "speed": null,
              "pass": false,
              "fail": false,
              "pending": false,
              "context": null,
              "code": "s.run();",
              "err": {},
              "uuid": "40db5395-0c87-464c-bea0-ec1f9c165ad8",
              "parentUUID": "1171d45d-7163-4f83-a8c9-9613c9b5b84d",
              "isHook": false,
              "skipped": true
            },
            {
              "title": "01.07.04  PSW__Notifications__Delete__SUCCESS",
              "fullTitle": "PSW Mathematical Micro-Steps (Full Suite) 01.07.04  PSW__Notifications__Delete__SUCCESS",
              "timedOut": null,
              "duration": 0,
              "state": "skipped",
              "speed": null,
              "pass": false,
              "fail": false,
              "pending": false,
              "context": null,
              "code": "s.run();",
              "err": {},
              "uuid": "a397c66a-ef50-4038-aeb2-b0d2c20414ee",
              "parentUUID": "1171d45d-7163-4f83-a8c9-9613c9b5b84d",
              "isHook": false,
              "skipped": true
            },
            {
              "title": "01.07.05  PSW__Notifications__API_Load__200",
              "fullTitle": "PSW Mathematical Micro-Steps (Full Suite) 01.07.05  PSW__Notifications__API_Load__200",
              "timedOut": null,
              "duration": 0,
              "state": "skipped",
              "speed": null,
              "pass": false,
              "fail": false,
              "pending": false,
              "context": null,
              "code": "s.run();",
              "err": {},
              "uuid": "dd7eddf1-40a8-4b12-804c-6b516a7a4c32",
              "parentUUID": "1171d45d-7163-4f83-a8c9-9613c9b5b84d",
              "isHook": false,
              "skipped": true
            },
            {
              "title": "01.08.01  PSW__Messages__PageLoad__SUCCESS",
              "fullTitle": "PSW Mathematical Micro-Steps (Full Suite) 01.08.01  PSW__Messages__PageLoad__SUCCESS",
              "timedOut": null,
              "duration": 0,
              "state": "skipped",
              "speed": null,
              "pass": false,
              "fail": false,
              "pending": false,
              "context": null,
              "code": "s.run();",
              "err": {},
              "uuid": "4a55873e-d50e-49a0-8546-8d90de4d8a51",
              "parentUUID": "1171d45d-7163-4f83-a8c9-9613c9b5b84d",
              "isHook": false,
              "skipped": true
            },
            {
              "title": "01.08.02  PSW__Messages__ConversationList__LOAD",
              "fullTitle": "PSW Mathematical Micro-Steps (Full Suite) 01.08.02  PSW__Messages__ConversationList__LOAD",
              "timedOut": null,
              "duration": 0,
              "state": "skipped",
              "speed": null,
              "pass": false,
              "fail": false,
              "pending": false,
              "context": null,
              "code": "s.run();",
              "err": {},
              "uuid": "50b9cacf-b6c1-4042-abb4-b9dce6d9eaa6",
              "parentUUID": "1171d45d-7163-4f83-a8c9-9613c9b5b84d",
              "isHook": false,
              "skipped": true
            },
            {
              "title": "01.08.03  PSW__Messages__MessageInput__TYPE",
              "fullTitle": "PSW Mathematical Micro-Steps (Full Suite) 01.08.03  PSW__Messages__MessageInput__TYPE",
              "timedOut": null,
              "duration": 0,
              "state": "skipped",
              "speed": null,
              "pass": false,
              "fail": false,
              "pending": false,
              "context": null,
              "code": "s.run();",
              "err": {},
              "uuid": "8c8e7052-12cd-48e8-8b70-16ed342a04dd",
              "parentUUID": "1171d45d-7163-4f83-a8c9-9613c9b5b84d",
              "isHook": false,
              "skipped": true
            },
            {
              "title": "01.08.04  PSW__Messages__Send__SUCCESS",
              "fullTitle": "PSW Mathematical Micro-Steps (Full Suite) 01.08.04  PSW__Messages__Send__SUCCESS",
              "timedOut": null,
              "duration": 0,
              "state": "skipped",
              "speed": null,
              "pass": false,
              "fail": false,
              "pending": false,
              "context": null,
              "code": "s.run();",
              "err": {},
              "uuid": "afc362a6-4e67-4219-b17b-4af15b5898bc",
              "parentUUID": "1171d45d-7163-4f83-a8c9-9613c9b5b84d",
              "isHook": false,
              "skipped": true
            },
            {
              "title": "01.08.05  PSW__Messages__API_Send__200",
              "fullTitle": "PSW Mathematical Micro-Steps (Full Suite) 01.08.05  PSW__Messages__API_Send__200",
              "timedOut": null,
              "duration": 0,
              "state": "skipped",
              "speed": null,
              "pass": false,
              "fail": false,
              "pending": false,
              "context": null,
              "code": "s.run();",
              "err": {},
              "uuid": "266f8b18-364a-4dca-bd67-ae7da9daa5ed",
              "parentUUID": "1171d45d-7163-4f83-a8c9-9613c9b5b84d",
              "isHook": false,
              "skipped": true
            },
            {
              "title": "01.09.01  PSW__Global__No500Errors__PASS",
              "fullTitle": "PSW Mathematical Micro-Steps (Full Suite) 01.09.01  PSW__Global__No500Errors__PASS",
              "timedOut": null,
              "duration": 0,
              "state": "skipped",
              "speed": null,
              "pass": false,
              "fail": false,
              "pending": false,
              "context": null,
              "code": "s.run();",
              "err": {},
              "uuid": "f2bd310c-d41c-4830-a912-7304ed9c8972",
              "parentUUID": "1171d45d-7163-4f83-a8c9-9613c9b5b84d",
              "isHook": false,
              "skipped": true
            },
            {
              "title": "01.09.02  PSW__Global__ConsoleErrors__NONE",
              "fullTitle": "PSW Mathematical Micro-Steps (Full Suite) 01.09.02  PSW__Global__ConsoleErrors__NONE",
              "timedOut": null,
              "duration": 0,
              "state": "skipped",
              "speed": null,
              "pass": false,
              "fail": false,
              "pending": false,
              "context": null,
              "code": "s.run();",
              "err": {},
              "uuid": "04606993-3918-4be3-9321-17daab6fbc05",
              "parentUUID": "1171d45d-7163-4f83-a8c9-9613c9b5b84d",
              "isHook": false,
              "skipped": true
            },
            {
              "title": "01.09.03  PSW__Global__SessionExpire__LOGOUT",
              "fullTitle": "PSW Mathematical Micro-Steps (Full Suite) 01.09.03  PSW__Global__SessionExpire__LOGOUT",
              "timedOut": null,
              "duration": 0,
              "state": "skipped",
              "speed": null,
              "pass": false,
              "fail": false,
              "pending": false,
              "context": null,
              "code": "s.run();",
              "err": {},
              "uuid": "6551270b-e4bc-439a-be4b-fe73451c045d",
              "parentUUID": "1171d45d-7163-4f83-a8c9-9613c9b5b84d",
              "isHook": false,
              "skipped": true
            },
            {
              "title": "01.09.04  PSW__Global__TokenRefresh__WORKS",
              "fullTitle": "PSW Mathematical Micro-Steps (Full Suite) 01.09.04  PSW__Global__TokenRefresh__WORKS",
              "timedOut": null,
              "duration": 0,
              "state": "skipped",
              "speed": null,
              "pass": false,
              "fail": false,
              "pending": false,
              "context": null,
              "code": "s.run();",
              "err": {},
              "uuid": "45c7c0e7-b070-4a46-bdce-301e418fefcc",
              "parentUUID": "1171d45d-7163-4f83-a8c9-9613c9b5b84d",
              "isHook": false,
              "skipped": true
            },
            {
              "title": "01.09.05  PSW__Global__Loader__DISAPPEAR",
              "fullTitle": "PSW Mathematical Micro-Steps (Full Suite) 01.09.05  PSW__Global__Loader__DISAPPEAR",
              "timedOut": null,
              "duration": 0,
              "state": "skipped",
              "speed": null,
              "pass": false,
              "fail": false,
              "pending": false,
              "context": null,
              "code": "s.run();",
              "err": {},
              "uuid": "bb28cbc6-58ce-44ab-8436-f7a4bc00515f",
              "parentUUID": "1171d45d-7163-4f83-a8c9-9613c9b5b84d",
              "isHook": false,
              "skipped": true
            },
            {
              "title": "01.10.01  PSW__RBAC__AdminRoute__DENIED",
              "fullTitle": "PSW Mathematical Micro-Steps (Full Suite) 01.10.01  PSW__RBAC__AdminRoute__DENIED",
              "timedOut": null,
              "duration": 0,
              "state": "skipped",
              "speed": null,
              "pass": false,
              "fail": false,
              "pending": false,
              "context": null,
              "code": "s.run();",
              "err": {},
              "uuid": "2b65c211-6489-4c3d-95ae-a6d1d8c15394",
              "parentUUID": "1171d45d-7163-4f83-a8c9-9613c9b5b84d",
              "isHook": false,
              "skipped": true
            },
            {
              "title": "01.10.02  PSW__RBAC__RNEditPlan__DENIED",
              "fullTitle": "PSW Mathematical Micro-Steps (Full Suite) 01.10.02  PSW__RBAC__RNEditPlan__DENIED",
              "timedOut": null,
              "duration": 0,
              "state": "skipped",
              "speed": null,
              "pass": false,
              "fail": false,
              "pending": false,
              "context": null,
              "code": "s.run();",
              "err": {},
              "uuid": "d0be56b2-0755-4073-8eec-ce75db24fe60",
              "parentUUID": "1171d45d-7163-4f83-a8c9-9613c9b5b84d",
              "isHook": false,
              "skipped": true
            },
            {
              "title": "01.10.03  PSW__RBAC__CreateShift__DENIED",
              "fullTitle": "PSW Mathematical Micro-Steps (Full Suite) 01.10.03  PSW__RBAC__CreateShift__DENIED",
              "timedOut": null,
              "duration": 0,
              "state": "skipped",
              "speed": null,
              "pass": false,
              "fail": false,
              "pending": false,
              "context": null,
              "code": "s.run();",
              "err": {},
              "uuid": "5b41de30-9092-483e-af87-b7f49b0cd43c",
              "parentUUID": "1171d45d-7163-4f83-a8c9-9613c9b5b84d",
              "isHook": false,
              "skipped": true
            },
            {
              "title": "01.10.04  PSW__RBAC__DeleteClient__DENIED",
              "fullTitle": "PSW Mathematical Micro-Steps (Full Suite) 01.10.04  PSW__RBAC__DeleteClient__DENIED",
              "timedOut": null,
              "duration": 0,
              "state": "skipped",
              "speed": null,
              "pass": false,
              "fail": false,
              "pending": false,
              "context": null,
              "code": "s.run();",
              "err": {},
              "uuid": "6ca4660f-f597-469b-a12e-738f9a3564b3",
              "parentUUID": "1171d45d-7163-4f83-a8c9-9613c9b5b84d",
              "isHook": false,
              "skipped": true
            }
          ],
          "suites": [],
          "passes": [
            "a4edad27-21bb-483e-abb9-4e46a9b8a124",
            "a2314bd5-363d-461f-87ff-1a4b396cdd78",
            "bedf3107-9331-4f6d-9e86-50cc3e5598c8",
            "23bbeb6c-43a1-44da-bbfb-cb33d0c506fd",
            "77ce0f88-c63e-4d05-ac39-ae0c22950fa7",
            "588bf1e1-a111-4d15-a26d-53d414f7472b"
          ],
          "failures": [],
          "pending": [],
          "skipped": [
            "7515fbfc-d158-42be-90c5-339ba60c5bd8",
            "11e8d7e1-f6b5-4a30-81a1-d343e59c8312",
            "eca1cf40-c084-443e-978b-470a0bcc8879",
            "6c23d761-7463-4bf8-bad2-d5c7f112be0b",
            "641870dd-a067-431f-9c33-4d1d0531231d",
            "9cf385ec-65e9-4e6d-9284-13e2d4dcede6",
            "5f367cf9-d6ef-46de-8860-04765fa47a58",
            "6fb908dd-2cd1-438e-a3b0-69acaf15ce91",
            "ced31215-485d-4779-823a-cb19bd98fd99",
            "a2804fea-734d-445e-a447-a9be87c5e351",
            "d9a2ef23-8d46-476b-900b-f1d5efe71c23",
            "cd704f17-c73d-4ff7-9b17-df773918cccf",
            "bcbc96be-fe7f-4c53-9ea9-55fba769eb0f",
            "ba9b0130-bf69-4882-ad44-33fc3e25c870",
            "de2bf942-782d-4021-aa92-83b35d1223fb",
            "052a3efa-d398-4944-b1da-7e9cfff697a6",
            "b5ccfa68-9691-4563-8f49-5c7ad90e2ab9",
            "06ee1160-2eb3-4f28-8657-9c16ead99065",
            "d972e7e1-fdbb-491e-be9c-db9a9f78be7c",
            "9f9e6b43-40b4-4977-b7a9-2e8db714f4de",
            "98642040-1c98-4923-8286-dc2f13cf4291",
            "c45be2fd-7228-43bb-973d-0d1fafa301fe",
            "d579b71a-01a5-4c3f-a8b4-9b2993fb1111",
            "709f229b-148e-42dc-b370-4f94f8a3afb4",
            "b0c64bc7-f855-464d-80ca-27a94c3504f6",
            "355f4cbb-b031-47d6-85d3-54f29b2cd9c0",
            "b70af9a9-ea4a-450d-8021-69c387f9dbf4",
            "a1d70f19-f565-42d8-9887-f03c874c79b5",
            "86f18fbd-4ed0-43a6-a9bd-408541c7def3",
            "4cdd231a-e8a8-4457-be26-9a842e7244d5",
            "7e17ab0d-1659-4813-ac49-93888251db09",
            "345d98e2-b2af-4911-84e7-8de32f7e771e",
            "b01beee9-095e-40f9-ad80-157e2f05d1f7",
            "cc44a2d2-c1f7-4277-9f7f-38e0637b171a",
            "02144c8e-2ea4-4301-83d6-ded7ba32fa24",
            "84578108-278e-4b1e-9976-e52e47f2a5d5",
            "2ab455ec-e4b1-4702-80c7-5dfd2cf9147a",
            "bbef9640-1e4c-4eb0-81e1-eb1bea0d126f",
            "07399004-8955-43db-b2b4-935b410fbf72",
            "32efd45e-a2d5-46f6-a29e-d3cbd310a17a",
            "4ed581e8-9b9b-4123-96c9-cfc0b17a4a51",
            "cfe3e241-6bfc-44eb-9b4a-1336600cda3c",
            "0eecf293-c585-4b5d-899e-c6649ac1dfc1",
            "e10cd9af-5891-494e-8dee-cf2d8a71637d",
            "3ded46af-83e9-4b2f-97ac-3fe0592eb230",
            "f4ee7879-2a79-407a-97b1-735d38b96f16",
            "c1c932fa-ca21-446e-8649-5b1f9624ccf1",
            "f9be5b63-66c9-457a-b602-30d01420be9e",
            "27c4f4cb-cfb0-4c7e-8b67-7362c9037a96",
            "8c62e45d-9428-43a0-98a2-1c1530d8e79f",
            "d17347bd-2067-4c43-887b-3107e8a7f387",
            "40db5395-0c87-464c-bea0-ec1f9c165ad8",
            "a397c66a-ef50-4038-aeb2-b0d2c20414ee",
            "dd7eddf1-40a8-4b12-804c-6b516a7a4c32",
            "4a55873e-d50e-49a0-8546-8d90de4d8a51",
            "50b9cacf-b6c1-4042-abb4-b9dce6d9eaa6",
            "8c8e7052-12cd-48e8-8b70-16ed342a04dd",
            "afc362a6-4e67-4219-b17b-4af15b5898bc",
            "266f8b18-364a-4dca-bd67-ae7da9daa5ed",
            "f2bd310c-d41c-4830-a912-7304ed9c8972",
            "04606993-3918-4be3-9321-17daab6fbc05",
            "6551270b-e4bc-439a-be4b-fe73451c045d",
            "45c7c0e7-b070-4a46-bdce-301e418fefcc",
            "bb28cbc6-58ce-44ab-8436-f7a4bc00515f",
            "2b65c211-6489-4c3d-95ae-a6d1d8c15394",
            "d0be56b2-0755-4073-8eec-ce75db24fe60",
            "5b41de30-9092-483e-af87-b7f49b0cd43c",
            "6ca4660f-f597-469b-a12e-738f9a3564b3"
          ],
          "duration": 1490,
          "root": false,
          "rootEmpty": false,
          "_timeout": 2000
        }
      ],
      "passes": [],
      "failures": [],
      "pending": [],
      "skipped": [],
      "duration": 0,
      "root": true,
      "rootEmpty": true,
      "_timeout": 2000
    }
  ],
  "meta": {
    "mocha": {
      "version": "7.0.1"
    },
    "mochawesome": {
      "options": {
        "quiet": false,
        "reportFilename": "mochawesome",
        "saveHtml": false,
        "saveJson": true,
        "consoleReporter": "spec",
        "useInlineDiffs": false,
        "code": true
      },
      "version": "7.1.4"
    },
    "marge": {
      "options": {
        "id": "default",
        "reportDir": "cypress/reports/mochawesome",
        "overwrite": false,
        "html": false,
        "json": true,
        "embeddedScreenshots": true
      },
      "version": "6.3.2"
    }
  }
}